#
# There is insufficient memory for the Java Runtime Environment to continue.
# Native memory allocation (malloc) failed to allocate 1905296 bytes for Chunk::new
# Possible reasons:
#   The system is out of physical RAM or swap space
#   The process is running with CompressedOops enabled, and the Java Heap may be blocking the growth of the native heap
# Possible solutions:
#   Reduce memory load on the system
#   Increase physical memory or swap space
#   Check if swap backing store is full
#   Decrease Java heap size (-Xmx/-Xms)
#   Decrease number of Java threads
#   Decrease Java thread stack sizes (-Xss)
#   Set larger code cache with -XX:ReservedCodeCacheSize=
#   JVM is running with Unscaled Compressed Oops mode in which the Java heap is
#     placed in the first 4GB address space. The Java Heap base address is the
#     maximum limit for the native heap growth. Please use -XX:HeapBaseMinAddress
#     to set the Java Heap base and to place the Java Heap above 4GB virtual address.
# This output file may be truncated or incomplete.
#
#  Out of Memory Error (arena.cpp:191), pid=16752, tid=11836
#
# JRE version: OpenJDK Runtime Environment (17.0.10) (build 17.0.10+0--11572160)
# Java VM: OpenJDK 64-Bit Server VM (17.0.10+0--11572160, mixed mode, tiered, compressed oops, compressed class ptrs, g1 gc, windows-amd64)
# No core dump will be written. Minidumps are not enabled by default on client versions of Windows
#

---------------  S U M M A R Y ------------

Command Line: --add-opens=java.base/java.util=ALL-UNNAMED --add-opens=java.base/java.lang=ALL-UNNAMED --add-opens=java.base/java.lang.invoke=ALL-UNNAMED --add-opens=java.prefs/java.util.prefs=ALL-UNNAMED --add-opens=java.base/java.nio.charset=ALL-UNNAMED --add-opens=java.base/java.net=ALL-UNNAMED --add-opens=java.base/java.util.concurrent.atomic=ALL-UNNAMED -Xmx2048m -Dfile.encoding=UTF-8 -Duser.country=US -Duser.language=en -Duser.variant -javaagent:C:\Users\Pubudu\.gradle\wrapper\dists\gradle-8.6-bin\afr5mpiioh2wthjmwnkmdsd5w\gradle-8.6\lib\agents\gradle-instrumentation-agent-8.6.jar org.gradle.launcher.daemon.bootstrap.GradleDaemon 8.6

Host: Intel(R) Core(TM) i5-6200U CPU @ 2.30GHz, 4 cores, 7G,  Windows 10 , 64 bit Build 19041 (10.0.19041.3636)
Time: Wed Jun  5 19:15:06 2024 Sri Lanka Standard Time elapsed time: 9.023840 seconds (0d 0h 0m 9s)

---------------  T H R E A D  ---------------

Current thread (0x0000017835029130):  JavaThread "C2 CompilerThread0" daemon [_thread_in_native, id=11836, stack(0x00000045da200000,0x00000045da300000)]


Current CompileTask:
C2:   9023 3878       4       org.objectweb.asm.Frame::execute (2318 bytes)

Stack: [0x00000045da200000,0x00000045da300000]
Native frames: (J=compiled Java code, j=interpreted, Vv=VM code, C=native code)
V  [jvm.dll+0x688e89]
V  [jvm.dll+0x84247a]
V  [jvm.dll+0x8440be]
V  [jvm.dll+0x844723]
V  [jvm.dll+0x24be0f]
V  [jvm.dll+0xac524]
V  [jvm.dll+0xacb6c]
V  [jvm.dll+0x36bd12]
V  [jvm.dll+0x33615a]
V  [jvm.dll+0x3355fa]
V  [jvm.dll+0x21daa1]
V  [jvm.dll+0x21cec1]
V  [jvm.dll+0x1a60ad]
V  [jvm.dll+0x22cd78]
V  [jvm.dll+0x22aeb0]
V  [jvm.dll+0x7f6917]
V  [jvm.dll+0x7f0d1a]
V  [jvm.dll+0x687d05]
C  [ucrtbase.dll+0x21bb2]
C  [KERNEL32.DLL+0x17344]
C  [ntdll.dll+0x526b1]


---------------  P R O C E S S  ---------------

Threads class SMR info:
_java_thread_list=0x000001783943c560, length=35, elements={
0x00000178157160d0, 0x0000017830ca8620, 0x0000017835000080, 0x0000017830c950b0,
0x0000017830cab1c0, 0x0000017830cac520, 0x00000178350247a0, 0x0000017835029130,
0x000001783502a2d0, 0x000001783502dc60, 0x00000178350da030, 0x0000017835303340,
0x0000017836ecbca0, 0x0000017836dc8020, 0x00000178360752d0, 0x0000017836e5a0b0,
0x0000017836e32e60, 0x0000017836a10c20, 0x0000017836a139b0, 0x0000017836a12570,
0x0000017836a12f90, 0x0000017836a10200, 0x0000017836a12060, 0x0000017836a134a0,
0x0000017836a11130, 0x0000017836a11640, 0x0000017836a12a80, 0x0000017836a11b50,
0x00000178375c9fc0, 0x00000178375ccd50, 0x00000178375cd770, 0x00000178375cdc80,
0x0000017837fd3070, 0x00000178375ca9e0, 0x00000178375cc330
}

Java Threads: ( => current thread )
  0x00000178157160d0 JavaThread "main" [_thread_blocked, id=5008, stack(0x00000045d9500000,0x00000045d9600000)]
  0x0000017830ca8620 JavaThread "Reference Handler" daemon [_thread_blocked, id=11556, stack(0x00000045d9c00000,0x00000045d9d00000)]
  0x0000017835000080 JavaThread "Finalizer" daemon [_thread_blocked, id=8136, stack(0x00000045d9d00000,0x00000045d9e00000)]
  0x0000017830c950b0 JavaThread "Signal Dispatcher" daemon [_thread_blocked, id=10876, stack(0x00000045d9e00000,0x00000045d9f00000)]
  0x0000017830cab1c0 JavaThread "Attach Listener" daemon [_thread_blocked, id=15108, stack(0x00000045d9f00000,0x00000045da000000)]
  0x0000017830cac520 JavaThread "Service Thread" daemon [_thread_blocked, id=8324, stack(0x00000045da000000,0x00000045da100000)]
  0x00000178350247a0 JavaThread "Monitor Deflation Thread" daemon [_thread_blocked, id=15356, stack(0x00000045da100000,0x00000045da200000)]
=>0x0000017835029130 JavaThread "C2 CompilerThread0" daemon [_thread_in_native, id=11836, stack(0x00000045da200000,0x00000045da300000)]
  0x000001783502a2d0 JavaThread "C1 CompilerThread0" daemon [_thread_blocked, id=13004, stack(0x00000045da300000,0x00000045da400000)]
  0x000001783502dc60 JavaThread "Sweeper thread" daemon [_thread_blocked, id=3012, stack(0x00000045da400000,0x00000045da500000)]
  0x00000178350da030 JavaThread "Common-Cleaner" daemon [_thread_blocked, id=4784, stack(0x00000045da500000,0x00000045da600000)]
  0x0000017835303340 JavaThread "Notification Thread" daemon [_thread_blocked, id=2680, stack(0x00000045da600000,0x00000045da700000)]
  0x0000017836ecbca0 JavaThread "Daemon health stats" [_thread_blocked, id=16800, stack(0x00000045da800000,0x00000045da900000)]
  0x0000017836dc8020 JavaThread "Incoming local TCP Connector on port 54085" [_thread_in_native, id=11608, stack(0x00000045dac00000,0x00000045dad00000)]
  0x00000178360752d0 JavaThread "Daemon periodic checks" [_thread_blocked, id=5784, stack(0x00000045dae00000,0x00000045daf00000)]
  0x0000017836e5a0b0 JavaThread "Daemon" [_thread_blocked, id=15132, stack(0x00000045daf00000,0x00000045db000000)]
  0x0000017836e32e60 JavaThread "Handler for socket connection from /127.0.0.1:54085 to /127.0.0.1:54086" [_thread_in_native, id=16968, stack(0x00000045db000000,0x00000045db100000)]
  0x0000017836a10c20 JavaThread "Cancel handler" [_thread_blocked, id=16820, stack(0x00000045db100000,0x00000045db200000)]
  0x0000017836a139b0 JavaThread "Daemon worker" [_thread_in_vm, id=14428, stack(0x00000045db200000,0x00000045db300000)]
  0x0000017836a12570 JavaThread "Asynchronous log dispatcher for DefaultDaemonConnection: socket connection from /127.0.0.1:54085 to /127.0.0.1:54086" [_thread_blocked, id=11028, stack(0x00000045db300000,0x00000045db400000)]
  0x0000017836a12f90 JavaThread "Stdin handler" [_thread_blocked, id=17004, stack(0x00000045db400000,0x00000045db500000)]
  0x0000017836a10200 JavaThread "Daemon client event forwarder" [_thread_blocked, id=10616, stack(0x00000045db500000,0x00000045db600000)]
  0x0000017836a12060 JavaThread "Cache worker for journal cache (C:\Users\Pubudu\.gradle\caches\journal-1)" [_thread_blocked, id=4192, stack(0x00000045dad00000,0x00000045dae00000)]
  0x0000017836a134a0 JavaThread "File lock request listener" [_thread_in_native, id=7088, stack(0x00000045db600000,0x00000045db700000)]
  0x0000017836a11130 JavaThread "Cache worker for file hash cache (C:\Users\Pubudu\.gradle\caches\8.6\fileHashes)" [_thread_blocked, id=16916, stack(0x00000045db700000,0x00000045db800000)]
  0x0000017836a11640 JavaThread "File watcher server" daemon [_thread_in_native, id=4408, stack(0x00000045db900000,0x00000045dba00000)]
  0x0000017836a12a80 JavaThread "File watcher consumer" daemon [_thread_blocked, id=9808, stack(0x00000045dba00000,0x00000045dbb00000)]
  0x0000017836a11b50 JavaThread "Cache worker for checksums cache (C:\Users\Pubudu\AndroidStudioProjects\WeatherApp\.gradle\8.6\checksums)" [_thread_blocked, id=8836, stack(0x00000045db800000,0x00000045db900000)]
  0x00000178375c9fc0 JavaThread "Cache worker for file hash cache (C:\Users\Pubudu\AndroidStudioProjects\WeatherApp\.gradle\8.6\fileHashes)" [_thread_blocked, id=17992, stack(0x00000045dbb00000,0x00000045dbc00000)]
  0x00000178375ccd50 JavaThread "Cache worker for cache directory md-supplier (C:\Users\Pubudu\.gradle\caches\8.6\md-supplier)" [_thread_blocked, id=13304, stack(0x00000045dbc00000,0x00000045dbd00000)]
  0x00000178375cd770 JavaThread "Cache worker for cache directory md-rule (C:\Users\Pubudu\.gradle\caches\8.6\md-rule)" [_thread_blocked, id=5076, stack(0x00000045dbd00000,0x00000045dbe00000)]
  0x00000178375cdc80 JavaThread "Cache worker for file content cache (C:\Users\Pubudu\.gradle\caches\8.6\fileContent)" [_thread_blocked, id=16964, stack(0x00000045dbe00000,0x00000045dbf00000)]
  0x0000017837fd3070 JavaThread "C2 CompilerThread1" daemon [_thread_in_native, id=11276, stack(0x00000045dc000000,0x00000045dc100000)]
  0x00000178375ca9e0 JavaThread "jar transforms" [_thread_blocked, id=16544, stack(0x00000045dc100000,0x00000045dc200000)]
  0x00000178375cc330 JavaThread "jar transforms Thread 2" [_thread_blocked, id=3240, stack(0x00000045dc200000,0x00000045dc300000)]

Other Threads:
  0x0000017830c857f0 VMThread "VM Thread" [stack: 0x00000045d9b00000,0x00000045d9c00000] [id=10044]
  0x0000017815717090 WatcherThread [stack: 0x00000045da700000,0x00000045da800000] [id=10032]
  0x0000017815771100 GCTaskThread "GC Thread#0" [stack: 0x00000045d9600000,0x00000045d9700000] [id=11184]
  0x00000178358f2420 GCTaskThread "GC Thread#1" [stack: 0x00000045da900000,0x00000045daa00000] [id=11560]
  0x00000178359bacb0 GCTaskThread "GC Thread#2" [stack: 0x00000045daa00000,0x00000045dab00000] [id=16756]
  0x00000178363c7530 GCTaskThread "GC Thread#3" [stack: 0x00000045dab00000,0x00000045dac00000] [id=16912]
  0x0000017815782050 ConcurrentGCThread "G1 Main Marker" [stack: 0x00000045d9700000,0x00000045d9800000] [id=18300]
  0x0000017815782a70 ConcurrentGCThread "G1 Conc#0" [stack: 0x00000045d9800000,0x00000045d9900000] [id=7944]
  0x0000017830ae30d0 ConcurrentGCThread "G1 Refine#0" [stack: 0x00000045d9900000,0x00000045d9a00000] [id=13296]
  0x0000017837a6bb50 ConcurrentGCThread "G1 Refine#1" [stack: 0x00000045dbf00000,0x00000045dc000000] [id=12148]
  0x0000017830ae3b00 ConcurrentGCThread "G1 Service" [stack: 0x00000045d9a00000,0x00000045d9b00000] [id=15764]

Threads with active compile tasks:
C2 CompilerThread0     9094 3878       4       org.objectweb.asm.Frame::execute (2318 bytes)
C2 CompilerThread1     9094 3847       4       jdk.internal.org.objectweb.asm.Frame::execute (2305 bytes)

VM state: not at safepoint (normal execution)

VM Mutex/Monitor currently owned by a thread: None

Heap address: 0x0000000080000000, size: 2048 MB, Compressed Oops mode: 32-bit

CDS archive(s) not mapped
Compressed class space mapped at: 0x0000000100000000-0x0000000140000000, reserved size: 1073741824
Narrow klass base: 0x0000000000000000, Narrow klass shift: 3, Narrow klass range: 0x140000000

GC Precious Log:
 CPUs: 4 total, 4 available
 Memory: 8083M
 Large Page Support: Disabled
 NUMA Support: Disabled
 Compressed Oops: Enabled (32-bit)
 Heap Region Size: 1M
 Heap Min Capacity: 8M
 Heap Initial Capacity: 128M
 Heap Max Capacity: 2G
 Pre-touch: Disabled
 Parallel Workers: 4
 Concurrent Workers: 1
 Concurrent Refinement Workers: 4
 Periodic GC: Disabled

Heap:
 garbage-first heap   total 82944K, used 38483K [0x0000000080000000, 0x0000000100000000)
  region size 1024K, 12 young (12288K), 3 survivors (3072K)
 Metaspace       used 45731K, committed 46208K, reserved 1114112K
  class space    used 6228K, committed 6464K, reserved 1048576K

Heap Regions: E=young(eden), S=young(survivor), O=old, HS=humongous(starts), HC=humongous(continues), CS=collection set, F=free, OA=open archive, CA=closed archive, TAMS=top-at-mark-start (previous, next)
|   0|0x0000000080000000, 0x0000000080100000, 0x0000000080100000|100%| O|  |TAMS 0x0000000080100000, 0x0000000080000000| Untracked 
|   1|0x0000000080100000, 0x0000000080200000, 0x0000000080200000|100%| O|  |TAMS 0x0000000080200000, 0x0000000080100000| Untracked 
|   2|0x0000000080200000, 0x0000000080300000, 0x0000000080300000|100%|HS|  |TAMS 0x0000000080300000, 0x0000000080200000| Complete 
|   3|0x0000000080300000, 0x0000000080400000, 0x0000000080400000|100%|HC|  |TAMS 0x0000000080400000, 0x0000000080300000| Complete 
|   4|0x0000000080400000, 0x0000000080500000, 0x0000000080500000|100%|HC|  |TAMS 0x0000000080500000, 0x0000000080400000| Complete 
|   5|0x0000000080500000, 0x0000000080600000, 0x0000000080600000|100%|HC|  |TAMS 0x0000000080600000, 0x0000000080500000| Complete 
|   6|0x0000000080600000, 0x0000000080700000, 0x0000000080700000|100%| O|  |TAMS 0x0000000080700000, 0x0000000080600000| Untracked 
|   7|0x0000000080700000, 0x0000000080800000, 0x0000000080800000|100%| O|  |TAMS 0x0000000080800000, 0x0000000080700000| Untracked 
|   8|0x0000000080800000, 0x0000000080900000, 0x0000000080900000|100%| O|  |TAMS 0x0000000080900000, 0x0000000080800000| Untracked 
|   9|0x0000000080900000, 0x0000000080a00000, 0x0000000080a00000|100%| O|  |TAMS 0x0000000080a00000, 0x0000000080900000| Untracked 
|  10|0x0000000080a00000, 0x0000000080a87c00, 0x0000000080b00000| 53%| O|  |TAMS 0x0000000080a87c00, 0x0000000080a00000| Untracked 
|  11|0x0000000080b00000, 0x0000000080c00000, 0x0000000080c00000|100%| O|  |TAMS 0x0000000080c00000, 0x0000000080b00000| Untracked 
|  12|0x0000000080c00000, 0x0000000080d00000, 0x0000000080d00000|100%| O|  |TAMS 0x0000000080d00000, 0x0000000080c00000| Untracked 
|  13|0x0000000080d00000, 0x0000000080e00000, 0x0000000080e00000|100%| O|  |TAMS 0x0000000080e00000, 0x0000000080d00000| Untracked 
|  14|0x0000000080e00000, 0x0000000080f00000, 0x0000000080f00000|100%| O|  |TAMS 0x0000000080f00000, 0x0000000080e00000| Untracked 
|  15|0x0000000080f00000, 0x0000000081000000, 0x0000000081000000|100%| O|  |TAMS 0x0000000081000000, 0x0000000080f00000| Untracked 
|  16|0x0000000081000000, 0x0000000081100000, 0x0000000081100000|100%| O|  |TAMS 0x0000000081100000, 0x0000000081000000| Untracked 
|  17|0x0000000081100000, 0x0000000081200000, 0x0000000081200000|100%| O|  |TAMS 0x0000000081200000, 0x0000000081100000| Untracked 
|  18|0x0000000081200000, 0x0000000081300000, 0x0000000081300000|100%| O|  |TAMS 0x0000000081300000, 0x0000000081200000| Untracked 
|  19|0x0000000081300000, 0x0000000081400000, 0x0000000081400000|100%| O|  |TAMS 0x0000000081400000, 0x0000000081300000| Untracked 
|  20|0x0000000081400000, 0x0000000081500000, 0x0000000081500000|100%| O|  |TAMS 0x0000000081454c00, 0x0000000081400000| Untracked 
|  21|0x0000000081500000, 0x0000000081600000, 0x0000000081600000|100%| O|  |TAMS 0x0000000081500000, 0x0000000081500000| Untracked 
|  22|0x0000000081600000, 0x0000000081700000, 0x0000000081700000|100%| O|  |TAMS 0x0000000081600000, 0x0000000081600000| Untracked 
|  23|0x0000000081700000, 0x0000000081800000, 0x0000000081800000|100%| O|  |TAMS 0x0000000081700000, 0x0000000081700000| Untracked 
|  24|0x0000000081800000, 0x0000000081900000, 0x0000000081900000|100%| O|  |TAMS 0x0000000081800000, 0x0000000081800000| Untracked 
|  25|0x0000000081900000, 0x0000000081a00000, 0x0000000081a00000|100%| O|  |TAMS 0x0000000081900000, 0x0000000081900000| Untracked 
|  26|0x0000000081a00000, 0x0000000081b00000, 0x0000000081b00000|100%| O|  |TAMS 0x0000000081a00000, 0x0000000081a00000| Untracked 
|  27|0x0000000081b00000, 0x0000000081b0d200, 0x0000000081c00000|  5%| O|  |TAMS 0x0000000081b00000, 0x0000000081b00000| Untracked 
|  28|0x0000000081c00000, 0x0000000081c00000, 0x0000000081d00000|  0%| F|  |TAMS 0x0000000081c00000, 0x0000000081c00000| Untracked 
|  29|0x0000000081d00000, 0x0000000081d00000, 0x0000000081e00000|  0%| F|  |TAMS 0x0000000081d00000, 0x0000000081d00000| Untracked 
|  30|0x0000000081e00000, 0x0000000081e00000, 0x0000000081f00000|  0%| F|  |TAMS 0x0000000081e00000, 0x0000000081e00000| Untracked 
|  31|0x0000000081f00000, 0x0000000081f00000, 0x0000000082000000|  0%| F|  |TAMS 0x0000000081f00000, 0x0000000081f00000| Untracked 
|  32|0x0000000082000000, 0x0000000082000000, 0x0000000082100000|  0%| F|  |TAMS 0x0000000082000000, 0x0000000082000000| Untracked 
|  33|0x0000000082100000, 0x0000000082100000, 0x0000000082200000|  0%| F|  |TAMS 0x0000000082100000, 0x0000000082100000| Untracked 
|  34|0x0000000082200000, 0x0000000082200000, 0x0000000082300000|  0%| F|  |TAMS 0x0000000082200000, 0x0000000082200000| Untracked 
|  35|0x0000000082300000, 0x0000000082300000, 0x0000000082400000|  0%| F|  |TAMS 0x0000000082300000, 0x0000000082300000| Untracked 
|  36|0x0000000082400000, 0x0000000082400000, 0x0000000082500000|  0%| F|  |TAMS 0x0000000082400000, 0x0000000082400000| Untracked 
|  37|0x0000000082500000, 0x0000000082500000, 0x0000000082600000|  0%| F|  |TAMS 0x0000000082500000, 0x0000000082500000| Untracked 
|  38|0x0000000082600000, 0x0000000082700000, 0x0000000082700000|100%| S|CS|TAMS 0x0000000082600000, 0x0000000082600000| Complete 
|  39|0x0000000082700000, 0x0000000082800000, 0x0000000082800000|100%| S|CS|TAMS 0x0000000082700000, 0x0000000082700000| Complete 
|  40|0x0000000082800000, 0x0000000082900000, 0x0000000082900000|100%| S|CS|TAMS 0x0000000082800000, 0x0000000082800000| Complete 
|  41|0x0000000082900000, 0x0000000082900000, 0x0000000082a00000|  0%| F|  |TAMS 0x0000000082900000, 0x0000000082900000| Untracked 
|  42|0x0000000082a00000, 0x0000000082a00000, 0x0000000082b00000|  0%| F|  |TAMS 0x0000000082a00000, 0x0000000082a00000| Untracked 
|  43|0x0000000082b00000, 0x0000000082b00000, 0x0000000082c00000|  0%| F|  |TAMS 0x0000000082b00000, 0x0000000082b00000| Untracked 
|  44|0x0000000082c00000, 0x0000000082c00000, 0x0000000082d00000|  0%| F|  |TAMS 0x0000000082c00000, 0x0000000082c00000| Untracked 
|  45|0x0000000082d00000, 0x0000000082d00000, 0x0000000082e00000|  0%| F|  |TAMS 0x0000000082d00000, 0x0000000082d00000| Untracked 
|  46|0x0000000082e00000, 0x0000000082e00000, 0x0000000082f00000|  0%| F|  |TAMS 0x0000000082e00000, 0x0000000082e00000| Untracked 
|  47|0x0000000082f00000, 0x0000000082f00000, 0x0000000083000000|  0%| F|  |TAMS 0x0000000082f00000, 0x0000000082f00000| Untracked 
|  48|0x0000000083000000, 0x0000000083000000, 0x0000000083100000|  0%| F|  |TAMS 0x0000000083000000, 0x0000000083000000| Untracked 
|  49|0x0000000083100000, 0x0000000083100000, 0x0000000083200000|  0%| F|  |TAMS 0x0000000083100000, 0x0000000083100000| Untracked 
|  50|0x0000000083200000, 0x0000000083200000, 0x0000000083300000|  0%| F|  |TAMS 0x0000000083200000, 0x0000000083200000| Untracked 
|  51|0x0000000083300000, 0x0000000083300000, 0x0000000083400000|  0%| F|  |TAMS 0x0000000083300000, 0x0000000083300000| Untracked 
|  52|0x0000000083400000, 0x0000000083400000, 0x0000000083500000|  0%| F|  |TAMS 0x0000000083400000, 0x0000000083400000| Untracked 
|  53|0x0000000083500000, 0x0000000083500000, 0x0000000083600000|  0%| F|  |TAMS 0x0000000083500000, 0x0000000083500000| Untracked 
|  54|0x0000000083600000, 0x0000000083600000, 0x0000000083700000|  0%| F|  |TAMS 0x0000000083600000, 0x0000000083600000| Untracked 
|  55|0x0000000083700000, 0x0000000083700000, 0x0000000083800000|  0%| F|  |TAMS 0x0000000083700000, 0x0000000083700000| Untracked 
|  56|0x0000000083800000, 0x0000000083800000, 0x0000000083900000|  0%| F|  |TAMS 0x0000000083800000, 0x0000000083800000| Untracked 
|  57|0x0000000083900000, 0x0000000083900000, 0x0000000083a00000|  0%| F|  |TAMS 0x0000000083900000, 0x0000000083900000| Untracked 
|  58|0x0000000083a00000, 0x0000000083a00000, 0x0000000083b00000|  0%| F|  |TAMS 0x0000000083a00000, 0x0000000083a00000| Untracked 
|  59|0x0000000083b00000, 0x0000000083b00000, 0x0000000083c00000|  0%| F|  |TAMS 0x0000000083b00000, 0x0000000083b00000| Untracked 
|  60|0x0000000083c00000, 0x0000000083c00000, 0x0000000083d00000|  0%| F|  |TAMS 0x0000000083c00000, 0x0000000083c00000| Untracked 
|  61|0x0000000083d00000, 0x0000000083d00000, 0x0000000083e00000|  0%| F|  |TAMS 0x0000000083d00000, 0x0000000083d00000| Untracked 
|  62|0x0000000083e00000, 0x0000000083e00000, 0x0000000083f00000|  0%| F|  |TAMS 0x0000000083e00000, 0x0000000083e00000| Untracked 
|  63|0x0000000083f00000, 0x0000000083f00000, 0x0000000084000000|  0%| F|  |TAMS 0x0000000083f00000, 0x0000000083f00000| Untracked 
|  64|0x0000000084000000, 0x0000000084000000, 0x0000000084100000|  0%| F|  |TAMS 0x0000000084000000, 0x0000000084000000| Untracked 
|  65|0x0000000084100000, 0x0000000084100000, 0x0000000084200000|  0%| F|  |TAMS 0x0000000084100000, 0x0000000084100000| Untracked 
|  66|0x0000000084200000, 0x0000000084200000, 0x0000000084300000|  0%| F|  |TAMS 0x0000000084200000, 0x0000000084200000| Untracked 
|  67|0x0000000084300000, 0x0000000084300000, 0x0000000084400000|  0%| F|  |TAMS 0x0000000084300000, 0x0000000084300000| Untracked 
|  68|0x0000000084400000, 0x0000000084400000, 0x0000000084500000|  0%| F|  |TAMS 0x0000000084400000, 0x0000000084400000| Untracked 
|  69|0x0000000084500000, 0x0000000084500000, 0x0000000084600000|  0%| F|  |TAMS 0x0000000084500000, 0x0000000084500000| Untracked 
|  70|0x0000000084600000, 0x0000000084600000, 0x0000000084700000|  0%| F|  |TAMS 0x0000000084600000, 0x0000000084600000| Untracked 
|  71|0x0000000084700000, 0x0000000084700000, 0x0000000084800000|  0%| F|  |TAMS 0x0000000084700000, 0x0000000084700000| Untracked 
|  72|0x0000000084800000, 0x0000000084880800, 0x0000000084900000| 50%| E|  |TAMS 0x0000000084800000, 0x0000000084800000| Complete 
|  73|0x0000000084900000, 0x0000000084a00000, 0x0000000084a00000|100%| E|CS|TAMS 0x0000000084900000, 0x0000000084900000| Complete 
|  74|0x0000000084a00000, 0x0000000084b00000, 0x0000000084b00000|100%| E|CS|TAMS 0x0000000084a00000, 0x0000000084a00000| Complete 
|  75|0x0000000084b00000, 0x0000000084c00000, 0x0000000084c00000|100%| E|CS|TAMS 0x0000000084b00000, 0x0000000084b00000| Complete 
|  76|0x0000000084c00000, 0x0000000084d00000, 0x0000000084d00000|100%| E|CS|TAMS 0x0000000084c00000, 0x0000000084c00000| Complete 
|  77|0x0000000084d00000, 0x0000000084e00000, 0x0000000084e00000|100%| E|CS|TAMS 0x0000000084d00000, 0x0000000084d00000| Complete 
|  78|0x0000000084e00000, 0x0000000084f00000, 0x0000000084f00000|100%| E|CS|TAMS 0x0000000084e00000, 0x0000000084e00000| Complete 
|  79|0x0000000084f00000, 0x0000000085000000, 0x0000000085000000|100%| E|CS|TAMS 0x0000000084f00000, 0x0000000084f00000| Complete 
| 127|0x0000000087f00000, 0x0000000088000000, 0x0000000088000000|100%| E|CS|TAMS 0x0000000087f00000, 0x0000000087f00000| Complete 

Card table byte_map: [0x0000017829e20000,0x000001782a220000] _byte_map_base: 0x0000017829a20000

Marking Bits (Prev, Next): (CMBitMap*) 0x0000017815771720, (CMBitMap*) 0x0000017815771760
 Prev Bits: [0x000001782a620000, 0x000001782c620000)
 Next Bits: [0x000001782c620000, 0x000001782e620000)

Polling page: 0x00000178154f0000

Metaspace:

Usage:
  Non-class:     38.60 MB used.
      Class:      6.09 MB used.
       Both:     44.69 MB used.

Virtual space:
  Non-class space:       64.00 MB reserved,      38.88 MB ( 61%) committed,  1 nodes.
      Class space:        1.00 GB reserved,       6.31 MB ( <1%) committed,  1 nodes.
             Both:        1.06 GB reserved,      45.19 MB (  4%) committed. 

Chunk freelists:
   Non-Class:  8.98 MB
       Class:  9.72 MB
        Both:  18.71 MB

MaxMetaspaceSize: unlimited
CompressedClassSpaceSize: 1.00 GB
Initial GC threshold: 21.00 MB
Current GC threshold: 58.75 MB
CDS: off
MetaspaceReclaimPolicy: balanced
 - commit_granule_bytes: 65536.
 - commit_granule_words: 8192.
 - virtual_space_node_default_size: 8388608.
 - enlarge_chunks_in_place: 1.
 - new_chunks_are_fully_committed: 0.
 - uncommit_free_chunks: 1.
 - use_allocation_guard: 0.
 - handle_deallocations: 1.


Internal statistics:

num_allocs_failed_limit: 6.
num_arena_births: 460.
num_arena_deaths: 0.
num_vsnodes_births: 2.
num_vsnodes_deaths: 0.
num_space_committed: 723.
num_space_uncommitted: 0.
num_chunks_returned_to_freelist: 6.
num_chunks_taken_from_freelist: 1861.
num_chunk_merges: 6.
num_chunk_splits: 1214.
num_chunks_enlarged: 822.
num_inconsistent_stats: 0.

CodeHeap 'non-profiled nmethods': size=120000Kb used=2199Kb max_used=2199Kb free=117800Kb
 bounds [0x0000017821ed0000, 0x0000017822140000, 0x0000017829400000]
CodeHeap 'profiled nmethods': size=120000Kb used=8162Kb max_used=8162Kb free=111837Kb
 bounds [0x000001781a400000, 0x000001781ac00000, 0x0000017821930000]
CodeHeap 'non-nmethods': size=5760Kb used=1598Kb max_used=1663Kb free=4162Kb
 bounds [0x0000017821930000, 0x0000017821ba0000, 0x0000017821ed0000]
 total_blobs=4624 nmethods=3961 adapters=575
 compilation: enabled
              stopped_count=0, restarted_count=0
 full_count=0

Compilation events (20 events):
Event: 8.980 Thread 0x000001783502a2d0 nmethod 3943 0x00000178220f4b10 code [0x00000178220f4ca0, 0x00000178220f4db8]
Event: 8.985 Thread 0x000001783502a2d0 3947   !   2       java.net.URLClassLoader::findClass (47 bytes)
Event: 8.986 Thread 0x000001783502a2d0 nmethod 3947 0x000001781abe1b10 code [0x000001781abe1ce0, 0x000001781abe2178]
Event: 9.006 Thread 0x000001783502a2d0 3948       3       org.gradle.internal.reflect.JavaPropertyReflectionUtil::doesNotHaveTypeVariable (107 bytes)
Event: 9.007 Thread 0x000001783502a2d0 nmethod 3948 0x000001781abe2390 code [0x000001781abe25c0, 0x000001781abe3018]
Event: 9.009 Thread 0x000001783502a2d0 3949       3       org.gradle.internal.instantiation.generator.AbstractClassGenerator$MethodMetadata::shouldImplement (16 bytes)
Event: 9.009 Thread 0x000001783502a2d0 nmethod 3949 0x000001781abe3210 code [0x000001781abe33c0, 0x000001781abe3618]
Event: 9.009 Thread 0x000001783502a2d0 3951       3       java.util.regex.Matcher::appendExpandedReplacement (510 bytes)
Event: 9.016 Thread 0x000001783502a2d0 nmethod 3951 0x000001781abe3710 code [0x000001781abe3f00, 0x000001781abe8538]
Event: 9.016 Thread 0x000001783502a2d0 3952       3       org.gradle.internal.instantiation.generator.AbstractClassGenerator::access$1500 (5 bytes)
Event: 9.016 Thread 0x000001783502a2d0 nmethod 3952 0x000001781abe9e90 code [0x000001781abea020, 0x000001781abea128]
Event: 9.016 Thread 0x000001783502a2d0 3953       3       org.gradle.internal.instantiation.generator.AbstractClassGenerator::isLazyAttachProperty (46 bytes)
Event: 9.019 Thread 0x000001783502a2d0 nmethod 3953 0x000001781abea210 code [0x000001781abea5a0, 0x000001781abebe88]
Event: 9.019 Thread 0x000001783502a2d0 3955       3       org.gradle.model.internal.asm.MethodVisitorScope::_CHECKCAST (9 bytes)
Event: 9.019 Thread 0x000001783502a2d0 nmethod 3955 0x000001781abec610 code [0x000001781abec7c0, 0x000001781abeca28]
Event: 9.019 Thread 0x000001783502a2d0 3954       3       org.gradle.model.internal.asm.ClassVisitorScope::addField (11 bytes)
Event: 9.019 Thread 0x000001783502a2d0 nmethod 3954 0x000001781abecb10 code [0x000001781abeccc0, 0x000001781abeced8]
Event: 9.019 Thread 0x000001783502a2d0 3956       3       org.objectweb.asm.MethodWriter::visitLdcInsn (215 bytes)
Event: 9.020 Thread 0x000001783502a2d0 nmethod 3956 0x000001781abed010 code [0x000001781abed280, 0x000001781abedda8]
Event: 9.021 Thread 0x000001783502a2d0 3950       3       java.util.regex.Matcher::appendReplacement (75 bytes)

GC Heap History (20 events):
Event: 1.435 GC heap before
{Heap before GC invocations=1 (full 0):
 garbage-first heap   total 131072K, used 22746K [0x0000000080000000, 0x0000000100000000)
  region size 1024K, 18 young (18432K), 2 survivors (2048K)
 Metaspace       used 11358K, committed 11584K, reserved 1114112K
  class space    used 1195K, committed 1280K, reserved 1048576K
}
Event: 1.441 GC heap after
{Heap after GC invocations=2 (full 0):
 garbage-first heap   total 131072K, used 10716K [0x0000000080000000, 0x0000000100000000)
  region size 1024K, 3 young (3072K), 3 survivors (3072K)
 Metaspace       used 11358K, committed 11584K, reserved 1114112K
  class space    used 1195K, committed 1280K, reserved 1048576K
}
Event: 1.986 GC heap before
{Heap before GC invocations=2 (full 0):
 garbage-first heap   total 131072K, used 34268K [0x0000000080000000, 0x0000000100000000)
  region size 1024K, 26 young (26624K), 3 survivors (3072K)
 Metaspace       used 11455K, committed 11648K, reserved 1114112K
  class space    used 1197K, committed 1280K, reserved 1048576K
}
Event: 1.990 GC heap after
{Heap after GC invocations=3 (full 0):
 garbage-first heap   total 131072K, used 11297K [0x0000000080000000, 0x0000000100000000)
  region size 1024K, 1 young (1024K), 1 survivors (1024K)
 Metaspace       used 11455K, committed 11648K, reserved 1114112K
  class space    used 1197K, committed 1280K, reserved 1048576K
}
Event: 3.958 GC heap before
{Heap before GC invocations=3 (full 0):
 garbage-first heap   total 131072K, used 58401K [0x0000000080000000, 0x0000000100000000)
  region size 1024K, 48 young (49152K), 1 survivors (1024K)
 Metaspace       used 21307K, committed 21504K, reserved 1114112K
  class space    used 2507K, committed 2624K, reserved 1048576K
}
Event: 3.968 GC heap after
{Heap after GC invocations=4 (full 0):
 garbage-first heap   total 131072K, used 18866K [0x0000000080000000, 0x0000000100000000)
  region size 1024K, 8 young (8192K), 8 survivors (8192K)
 Metaspace       used 21307K, committed 21504K, reserved 1114112K
  class space    used 2507K, committed 2624K, reserved 1048576K
}
Event: 4.914 GC heap before
{Heap before GC invocations=5 (full 0):
 garbage-first heap   total 68608K, used 51634K [0x0000000080000000, 0x0000000100000000)
  region size 1024K, 40 young (40960K), 8 survivors (8192K)
 Metaspace       used 26271K, committed 26496K, reserved 1114112K
  class space    used 3378K, committed 3456K, reserved 1048576K
}
Event: 4.924 GC heap after
{Heap after GC invocations=6 (full 0):
 garbage-first heap   total 68608K, used 20887K [0x0000000080000000, 0x0000000100000000)
  region size 1024K, 3 young (3072K), 3 survivors (3072K)
 Metaspace       used 26271K, committed 26496K, reserved 1114112K
  class space    used 3378K, committed 3456K, reserved 1048576K
}
Event: 5.872 GC heap before
{Heap before GC invocations=6 (full 0):
 garbage-first heap   total 68608K, used 48535K [0x0000000080000000, 0x0000000100000000)
  region size 1024K, 30 young (30720K), 3 survivors (3072K)
 Metaspace       used 30056K, committed 30272K, reserved 1114112K
  class space    used 4021K, committed 4096K, reserved 1048576K
}
Event: 5.879 GC heap after
{Heap after GC invocations=7 (full 0):
 garbage-first heap   total 68608K, used 22048K [0x0000000080000000, 0x0000000100000000)
  region size 1024K, 4 young (4096K), 4 survivors (4096K)
 Metaspace       used 30056K, committed 30272K, reserved 1114112K
  class space    used 4021K, committed 4096K, reserved 1048576K
}
Event: 6.567 GC heap before
{Heap before GC invocations=7 (full 0):
 garbage-first heap   total 68608K, used 49696K [0x0000000080000000, 0x0000000100000000)
  region size 1024K, 31 young (31744K), 4 survivors (4096K)
 Metaspace       used 33494K, committed 33856K, reserved 1114112K
  class space    used 4573K, committed 4736K, reserved 1048576K
}
Event: 6.575 GC heap after
{Heap after GC invocations=8 (full 0):
 garbage-first heap   total 68608K, used 23410K [0x0000000080000000, 0x0000000100000000)
  region size 1024K, 3 young (3072K), 3 survivors (3072K)
 Metaspace       used 33494K, committed 33856K, reserved 1114112K
  class space    used 4573K, committed 4736K, reserved 1048576K
}
Event: 6.921 GC heap before
{Heap before GC invocations=8 (full 0):
 garbage-first heap   total 68608K, used 34674K [0x0000000080000000, 0x0000000100000000)
  region size 1024K, 16 young (16384K), 3 survivors (3072K)
 Metaspace       used 35637K, committed 35968K, reserved 1114112K
  class space    used 4882K, committed 5056K, reserved 1048576K
}
Event: 6.929 GC heap after
{Heap after GC invocations=9 (full 0):
 garbage-first heap   total 68608K, used 24061K [0x0000000080000000, 0x0000000100000000)
  region size 1024K, 2 young (2048K), 2 survivors (2048K)
 Metaspace       used 35637K, committed 35968K, reserved 1114112K
  class space    used 4882K, committed 5056K, reserved 1048576K
}
Event: 7.691 GC heap before
{Heap before GC invocations=10 (full 0):
 garbage-first heap   total 68608K, used 52733K [0x0000000080000000, 0x0000000100000000)
  region size 1024K, 31 young (31744K), 2 survivors (2048K)
 Metaspace       used 40794K, committed 41088K, reserved 1114112K
  class space    used 5415K, committed 5568K, reserved 1048576K
}
Event: 7.699 GC heap after
{Heap after GC invocations=11 (full 0):
 garbage-first heap   total 68608K, used 27643K [0x0000000080000000, 0x0000000100000000)
  region size 1024K, 4 young (4096K), 4 survivors (4096K)
 Metaspace       used 40794K, committed 41088K, reserved 1114112K
  class space    used 5415K, committed 5568K, reserved 1048576K
}
Event: 8.022 GC heap before
{Heap before GC invocations=11 (full 0):
 garbage-first heap   total 68608K, used 52219K [0x0000000080000000, 0x0000000100000000)
  region size 1024K, 28 young (28672K), 4 survivors (4096K)
 Metaspace       used 41904K, committed 42240K, reserved 1114112K
  class space    used 5593K, committed 5760K, reserved 1048576K
}
Event: 8.029 GC heap after
{Heap after GC invocations=12 (full 0):
 garbage-first heap   total 68608K, used 28601K [0x0000000080000000, 0x0000000100000000)
  region size 1024K, 2 young (2048K), 2 survivors (2048K)
 Metaspace       used 41904K, committed 42240K, reserved 1114112K
  class space    used 5593K, committed 5760K, reserved 1048576K
}
Event: 8.883 GC heap before
{Heap before GC invocations=12 (full 0):
 garbage-first heap   total 68608K, used 52153K [0x0000000080000000, 0x0000000100000000)
  region size 1024K, 26 young (26624K), 2 survivors (2048K)
 Metaspace       used 44815K, committed 45248K, reserved 1114112K
  class space    used 6063K, committed 6272K, reserved 1048576K
}
Event: 8.890 GC heap after
{Heap after GC invocations=13 (full 0):
 garbage-first heap   total 82944K, used 30291K [0x0000000080000000, 0x0000000100000000)
  region size 1024K, 3 young (3072K), 3 survivors (3072K)
 Metaspace       used 44815K, committed 45248K, reserved 1114112K
  class space    used 6063K, committed 6272K, reserved 1048576K
}

Dll operation events (3 events):
Event: 0.014 Loaded shared library C:\Program Files\Android\Android Studio\jbr\bin\java.dll
Event: 0.200 Loaded shared library C:\Program Files\Android\Android Studio\jbr\bin\zip.dll
Event: 0.710 Loaded shared library C:\Program Files\Android\Android Studio\jbr\bin\verify.dll

Deoptimization events (20 events):
Event: 8.942 Thread 0x0000017836a139b0 Uncommon trap: trap_request=0xffffffde fr.pc=0x000001782207c4f4 relative=0x00000000000054b4
Event: 8.942 Thread 0x0000017836a139b0 Uncommon trap: reason=class_check action=maybe_recompile pc=0x000001782207c4f4 method=jdk.internal.loader.URLClassPath.getLoader(I)Ljdk/internal/loader/URLClassPath$Loader; @ 190 c2
Event: 8.942 Thread 0x0000017836a139b0 DEOPT PACKING pc=0x000001782207c4f4 sp=0x00000045db2f93f0
Event: 8.942 Thread 0x0000017836a139b0 DEOPT UNPACKING pc=0x00000178219869a3 sp=0x00000045db2f9400 mode 2
Event: 8.942 Thread 0x0000017836a139b0 Uncommon trap: trap_request=0xffffffde fr.pc=0x00000178220ce5a8 relative=0x0000000000005908
Event: 8.942 Thread 0x0000017836a139b0 Uncommon trap: reason=class_check action=maybe_recompile pc=0x00000178220ce5a8 method=jdk.internal.loader.URLClassPath.getResource(Ljava/lang/String;Z)Ljdk/internal/loader/Resource; @ 53 c2
Event: 8.942 Thread 0x0000017836a139b0 DEOPT PACKING pc=0x00000178220ce5a8 sp=0x00000045db2f94d0
Event: 8.942 Thread 0x0000017836a139b0 DEOPT UNPACKING pc=0x00000178219869a3 sp=0x00000045db2f92e0 mode 2
Event: 8.951 Thread 0x0000017836a139b0 Uncommon trap: trap_request=0xffffffde fr.pc=0x000001782207c4f4 relative=0x00000000000054b4
Event: 8.951 Thread 0x0000017836a139b0 Uncommon trap: reason=class_check action=maybe_recompile pc=0x000001782207c4f4 method=jdk.internal.loader.URLClassPath.getLoader(I)Ljdk/internal/loader/URLClassPath$Loader; @ 190 c2
Event: 8.951 Thread 0x0000017836a139b0 DEOPT PACKING pc=0x000001782207c4f4 sp=0x00000045db2f92c0
Event: 8.951 Thread 0x0000017836a139b0 DEOPT UNPACKING pc=0x00000178219869a3 sp=0x00000045db2f92d0 mode 2
Event: 8.951 Thread 0x0000017836a139b0 Uncommon trap: trap_request=0xffffffde fr.pc=0x00000178220ce5a8 relative=0x0000000000005908
Event: 8.951 Thread 0x0000017836a139b0 Uncommon trap: reason=class_check action=maybe_recompile pc=0x00000178220ce5a8 method=jdk.internal.loader.URLClassPath.getResource(Ljava/lang/String;Z)Ljdk/internal/loader/Resource; @ 53 c2
Event: 8.951 Thread 0x0000017836a139b0 DEOPT PACKING pc=0x00000178220ce5a8 sp=0x00000045db2f93a0
Event: 8.951 Thread 0x0000017836a139b0 DEOPT UNPACKING pc=0x00000178219869a3 sp=0x00000045db2f91b0 mode 2
Event: 8.953 Thread 0x0000017836a139b0 Uncommon trap: trap_request=0xffffffde fr.pc=0x00000178220bbc48 relative=0x0000000000000528
Event: 8.953 Thread 0x0000017836a139b0 Uncommon trap: reason=class_check action=maybe_recompile pc=0x00000178220bbc48 method=jdk.internal.loader.URLClassPath.getResource(Ljava/lang/String;Z)Ljdk/internal/loader/Resource; @ 53 c2
Event: 8.953 Thread 0x0000017836a139b0 DEOPT PACKING pc=0x00000178220bbc48 sp=0x00000045db2f9150
Event: 8.953 Thread 0x0000017836a139b0 DEOPT UNPACKING pc=0x00000178219869a3 sp=0x00000045db2f9128 mode 2

Classes unloaded (0 events):
No events

Classes redefined (0 events):
No events

Internal exceptions (20 events):
Event: 7.877 Thread 0x0000017836a139b0 Exception <a 'java/lang/NoSuchMethodError'{0x000000008377e8c0}: 'java.lang.Object java.lang.invoke.DirectMethodHandle$Holder.invokeStatic(java.lang.Object, java.lang.Object, java.lang.Object, java.lang.Object, java.lang.Object, java.lang.Object, java.lang.Object, java.lang.Object, java.lang.Object, java.lang.Object, java.lang.Object, java.lang.Object, java.lang.Object, java.lang.Object, java.lang.Object, java.lang.Object, java.lang.Object, java.lang.Object, java.lang.Object, java.lang.Object)'> (0x00000000
Event: 7.881 Thread 0x0000017836a139b0 Exception <a 'java/lang/NoSuchMethodError'{0x00000000837aa9f8}: 'java.lang.Object java.lang.invoke.DirectMethodHandle$Holder.invokeStatic(java.lang.Object, java.lang.Object, java.lang.Object, java.lang.Object, java.lang.Object, java.lang.Object, java.lang.Object, java.lang.Object, java.lang.Object, java.lang.Object, java.lang.Object, java.lang.Object, java.lang.Object, java.lang.Object, java.lang.Object, java.lang.Object, java.lang.Object, java.lang.Object, java.lang.Object, java.lang.Object, java.lang.Obj
Event: 7.884 Thread 0x0000017836a139b0 Exception <a 'java/lang/NoSuchMethodError'{0x00000000837daf40}: 'java.lang.Object java.lang.invoke.DirectMethodHandle$Holder.invokeStatic(java.lang.Object, java.lang.Object, java.lang.Object, java.lang.Object, java.lang.Object, java.lang.Object, java.lang.Object, java.lang.Object, java.lang.Object, java.lang.Object, java.lang.Object, java.lang.Object, java.lang.Object, java.lang.Object, java.lang.Object, java.lang.Object, java.lang.Object, java.lang.Object, java.lang.Object, java.lang.Object, java.lang.Obj
Event: 7.887 Thread 0x0000017836a139b0 Exception <a 'java/lang/NoSuchMethodError'{0x0000000083609478}: 'java.lang.Object java.lang.invoke.DirectMethodHandle$Holder.invokeStatic(java.lang.Object, java.lang.Object, java.lang.Object, java.lang.Object, java.lang.Object, java.lang.Object, java.lang.Object, java.lang.Object, java.lang.Object, java.lang.Object, java.lang.Object, java.lang.Object, java.lang.Object, java.lang.Object, java.lang.Object, java.lang.Object, java.lang.Object, java.lang.Object, java.lang.Object, java.lang.Object, java.lang.Obj
Event: 7.893 Thread 0x0000017836a139b0 Exception <a 'java/lang/NoSuchMethodError'{0x0000000083638d50}: 'java.lang.Object java.lang.invoke.DirectMethodHandle$Holder.invokeStatic(java.lang.Object, java.lang.Object, java.lang.Object, java.lang.Object, java.lang.Object, java.lang.Object, java.lang.Object, java.lang.Object, java.lang.Object, java.lang.Object, java.lang.Object, java.lang.Object, java.lang.Object, java.lang.Object, java.lang.Object, java.lang.Object, java.lang.Object, java.lang.Object, java.lang.Object, java.lang.Object, java.lang.Obj
Event: 7.898 Thread 0x0000017836a139b0 Exception <a 'java/lang/NoSuchMethodError'{0x000000008366a0d0}: 'java.lang.Object java.lang.invoke.DirectMethodHandle$Holder.invokeStatic(java.lang.Object, java.lang.Object, java.lang.Object, java.lang.Object, java.lang.Object, java.lang.Object, java.lang.Object, java.lang.Object, java.lang.Object, java.lang.Object, java.lang.Object, java.lang.Object, java.lang.Object, java.lang.Object, java.lang.Object, java.lang.Object, java.lang.Object, java.lang.Object, java.lang.Object, java.lang.Object, java.lang.Obj
Event: 8.131 Thread 0x0000017836a139b0 Exception <a 'java/lang/IncompatibleClassChangeError'{0x0000000084c343e8}: Found class java.lang.Object, but interface was expected> (0x0000000084c343e8) 
thrown [s\src\hotspot\share\interpreter\linkResolver.cpp, line 838]
Event: 8.152 Thread 0x0000017836a139b0 Exception <a 'java/lang/NoSuchMethodError'{0x0000000084cef648}: 'java.lang.Object java.lang.invoke.DirectMethodHandle$Holder.newInvokeSpecial(java.lang.Object, java.lang.Object, long)'> (0x0000000084cef648) 
thrown [s\src\hotspot\share\interpreter\linkResolver.cpp, line 771]
Event: 8.153 Thread 0x0000017836a139b0 Exception <a 'java/lang/NoSuchMethodError'{0x0000000084cf3f00}: 'java.lang.Object java.lang.invoke.Invokers$Holder.linkToTargetMethod(java.lang.Object, long, java.lang.Object)'> (0x0000000084cf3f00) 
thrown [s\src\hotspot\share\interpreter\linkResolver.cpp, line 771]
Event: 8.220 Thread 0x0000017836a139b0 Exception <a 'java/lang/NoSuchMethodError'{0x0000000084a8f820}: 'int java.lang.invoke.DirectMethodHandle$Holder.invokeInterface(java.lang.Object, java.lang.Object)'> (0x0000000084a8f820) 
thrown [s\src\hotspot\share\interpreter\linkResolver.cpp, line 771]
Event: 8.438 Thread 0x0000017836a139b0 Exception <a 'java/lang/NoSuchMethodError'{0x0000000083840c50}: 'java.lang.Object java.lang.invoke.DirectMethodHandle$Holder.invokeVirtual(java.lang.Object, java.lang.Object, int)'> (0x0000000083840c50) 
thrown [s\src\hotspot\share\interpreter\linkResolver.cpp, line 771]
Event: 8.478 Thread 0x0000017836a139b0 Exception <a 'java/lang/NoSuchMethodError'{0x0000000083738b70}: 'java.lang.Object java.lang.invoke.DirectMethodHandle$Holder.invokeStatic(java.lang.Object, java.lang.Object, int, java.lang.Object)'> (0x0000000083738b70) 
thrown [s\src\hotspot\share\interpreter\linkResolver.cpp, line 771]
Event: 8.479 Thread 0x0000017836a139b0 Exception <a 'java/lang/NoSuchMethodError'{0x0000000083740910}: 'java.lang.Object java.lang.invoke.DirectMethodHandle$Holder.newInvokeSpecial(java.lang.Object, java.lang.Object, int, java.lang.Object)'> (0x0000000083740910) 
thrown [s\src\hotspot\share\interpreter\linkResolver.cpp, line 771]
Event: 8.479 Thread 0x0000017836a139b0 Exception <a 'java/lang/NoSuchMethodError'{0x00000000837454a0}: 'java.lang.Object java.lang.invoke.DirectMethodHandle$Holder.invokeSpecial(java.lang.Object, java.lang.Object, java.lang.Object, int, java.lang.Object)'> (0x00000000837454a0) 
thrown [s\src\hotspot\share\interpreter\linkResolver.cpp, line 771]
Event: 8.504 Thread 0x0000017836a139b0 Exception <a 'java/lang/NoSuchMethodError'{0x000000008363b3a0}: 'void java.lang.invoke.DirectMethodHandle$Holder.invokeStatic(java.lang.Object, java.lang.Object, java.lang.Object, java.lang.Object, java.lang.Object, java.lang.Object)'> (0x000000008363b3a0) 
thrown [s\src\hotspot\share\interpreter\linkResolver.cpp, line 771]
Event: 8.578 Thread 0x0000017836a139b0 Exception <a 'java/lang/NoSuchMethodError'{0x00000000834793a0}: 'java.lang.Object java.lang.invoke.DirectMethodHandle$Holder.newInvokeSpecial(java.lang.Object, java.lang.Object, java.lang.Object, java.lang.Object, int)'> (0x00000000834793a0) 
thrown [s\src\hotspot\share\interpreter\linkResolver.cpp, line 771]
Event: 8.579 Thread 0x0000017836a139b0 Exception <a 'java/lang/NoSuchMethodError'{0x000000008347e420}: 'java.lang.Object java.lang.invoke.DirectMethodHandle$Holder.invokeSpecial(java.lang.Object, java.lang.Object, java.lang.Object, java.lang.Object, java.lang.Object, int)'> (0x000000008347e420) 
thrown [s\src\hotspot\share\interpreter\linkResolver.cpp, line 771]
Event: 8.580 Thread 0x0000017836a139b0 Exception <a 'java/lang/NoSuchMethodError'{0x0000000083482e50}: 'java.lang.Object java.lang.invoke.Invokers$Holder.linkToTargetMethod(java.lang.Object, java.lang.Object, java.lang.Object, int, java.lang.Object)'> (0x0000000083482e50) 
thrown [s\src\hotspot\share\interpreter\linkResolver.cpp, line 771]
Event: 8.645 Thread 0x0000017836a139b0 Exception <a 'java/lang/NoSuchMethodError'{0x00000000832575e0}: 'int java.lang.invoke.DirectMethodHandle$Holder.invokeInterface(java.lang.Object, java.lang.Object, java.lang.Object, java.lang.Object)'> (0x00000000832575e0) 
thrown [s\src\hotspot\share\interpreter\linkResolver.cpp, line 771]
Event: 8.827 Thread 0x0000017836a139b0 Implicit null exception at 0x000001782209406c to 0x0000017822094120

VM Operations (20 events):
Event: 7.620 Executing VM operation: HandshakeAllThreads
Event: 7.620 Executing VM operation: HandshakeAllThreads done
Event: 7.691 Executing VM operation: G1CollectForAllocation
Event: 7.700 Executing VM operation: G1CollectForAllocation done
Event: 8.022 Executing VM operation: G1CollectForAllocation
Event: 8.029 Executing VM operation: G1CollectForAllocation done
Event: 8.134 Executing VM operation: HandshakeAllThreads
Event: 8.134 Executing VM operation: HandshakeAllThreads done
Event: 8.180 Executing VM operation: HandshakeAllThreads
Event: 8.181 Executing VM operation: HandshakeAllThreads done
Event: 8.624 Executing VM operation: HandshakeAllThreads
Event: 8.624 Executing VM operation: HandshakeAllThreads done
Event: 8.632 Executing VM operation: HandshakeAllThreads
Event: 8.632 Executing VM operation: HandshakeAllThreads done
Event: 8.643 Executing VM operation: HandshakeAllThreads
Event: 8.643 Executing VM operation: HandshakeAllThreads done
Event: 8.776 Executing VM operation: HandshakeAllThreads
Event: 8.776 Executing VM operation: HandshakeAllThreads done
Event: 8.883 Executing VM operation: G1CollectForAllocation
Event: 8.890 Executing VM operation: G1CollectForAllocation done

Events (20 events):
Event: 8.197 loading class java/nio/charset/CharacterCodingException
Event: 8.197 loading class java/nio/charset/CharacterCodingException done
Event: 8.441 loading class java/util/stream/Streams$RangeIntSpliterator
Event: 8.441 loading class java/util/stream/Streams$RangeIntSpliterator done
Event: 8.481 Thread 0x00000178375ca9e0 Thread added: 0x00000178375ca9e0
Event: 8.489 loading class java/lang/ProcessBuilder
Event: 8.489 loading class java/lang/ProcessBuilder done
Event: 8.512 Thread 0x00000178375cc330 Thread added: 0x00000178375cc330
Event: 8.540 loading class jdk/internal/loader/URLClassPath$FileLoader
Event: 8.540 loading class jdk/internal/loader/URLClassPath$FileLoader done
Event: 8.542 loading class jdk/internal/loader/URLClassPath$FileLoader$1
Event: 8.542 loading class jdk/internal/loader/URLClassPath$FileLoader$1 done
Event: 8.631 loading class java/util/ArrayList$ListItr
Event: 8.631 loading class java/util/ArrayList$ListItr done
Event: 8.918 loading class java/util/concurrent/atomic/AtomicReferenceFieldUpdater
Event: 8.918 loading class java/util/concurrent/atomic/AtomicReferenceFieldUpdater done
Event: 8.918 loading class java/util/concurrent/atomic/AtomicReferenceFieldUpdater$AtomicReferenceFieldUpdaterImpl
Event: 8.919 loading class java/util/concurrent/atomic/AtomicReferenceFieldUpdater$AtomicReferenceFieldUpdaterImpl done
Event: 8.919 loading class java/util/concurrent/atomic/AtomicReferenceFieldUpdater$AtomicReferenceFieldUpdaterImpl$1
Event: 8.919 loading class java/util/concurrent/atomic/AtomicReferenceFieldUpdater$AtomicReferenceFieldUpdaterImpl$1 done


Dynamic libraries:
0x00007ff664a20000 - 0x00007ff664a2a000 	C:\Program Files\Android\Android Studio\jbr\bin\java.exe
0x00007ffbdd590000 - 0x00007ffbdd788000 	C:\WINDOWS\SYSTEM32\ntdll.dll
0x00007ffba0920000 - 0x00007ffba0939000 	C:\Program Files\Avast Software\Avast\aswhook.dll
0x00007ffbdb920000 - 0x00007ffbdb9dd000 	C:\WINDOWS\System32\KERNEL32.DLL
0x00007ffbdae80000 - 0x00007ffbdb176000 	C:\WINDOWS\System32\KERNELBASE.dll
0x00007ffbdb420000 - 0x00007ffbdb520000 	C:\WINDOWS\System32\ucrtbase.dll
0x00007ffbd0e90000 - 0x00007ffbd0ea7000 	C:\Program Files\Android\Android Studio\jbr\bin\jli.dll
0x00007ffbc5250000 - 0x00007ffbc526b000 	C:\Program Files\Android\Android Studio\jbr\bin\VCRUNTIME140.dll
0x00007ffbdc3f0000 - 0x00007ffbdc58f000 	C:\WINDOWS\System32\USER32.dll
0x00007ffbdace0000 - 0x00007ffbdad02000 	C:\WINDOWS\System32\win32u.dll
0x00007ffbdbda0000 - 0x00007ffbdbdcb000 	C:\WINDOWS\System32\GDI32.dll
0x00007ffbbef00000 - 0x00007ffbbf19a000 	C:\WINDOWS\WinSxS\amd64_microsoft.windows.common-controls_6595b64144ccf1df_6.0.19041.4355_none_60b8b9eb71f62e16\COMCTL32.dll
0x00007ffbdad10000 - 0x00007ffbdae27000 	C:\WINDOWS\System32\gdi32full.dll
0x00007ffbdb520000 - 0x00007ffbdb5bd000 	C:\WINDOWS\System32\msvcp_win.dll
0x00007ffbdc010000 - 0x00007ffbdc0ae000 	C:\WINDOWS\System32\msvcrt.dll
0x00007ffbdbe80000 - 0x00007ffbdbeb2000 	C:\WINDOWS\System32\IMM32.DLL
0x00007ffbd6ac0000 - 0x00007ffbd6acc000 	C:\Program Files\Android\Android Studio\jbr\bin\vcruntime140_1.dll
0x00007ffbc1e70000 - 0x00007ffbc1efd000 	C:\Program Files\Android\Android Studio\jbr\bin\msvcp140.dll
0x00007ffb92d20000 - 0x00007ffb939a3000 	C:\Program Files\Android\Android Studio\jbr\bin\server\jvm.dll
0x00007ffbdbdd0000 - 0x00007ffbdbe80000 	C:\WINDOWS\System32\ADVAPI32.dll
0x00007ffbdc0b0000 - 0x00007ffbdc150000 	C:\WINDOWS\System32\sechost.dll
0x00007ffbdd3c0000 - 0x00007ffbdd4e3000 	C:\WINDOWS\System32\RPCRT4.dll
0x00007ffbdac40000 - 0x00007ffbdac67000 	C:\WINDOWS\System32\bcrypt.dll
0x00007ffbda1d0000 - 0x00007ffbda21b000 	C:\WINDOWS\SYSTEM32\POWRPROF.dll
0x00007ffbc8860000 - 0x00007ffbc8869000 	C:\WINDOWS\SYSTEM32\WSOCK32.dll
0x00007ffbdc200000 - 0x00007ffbdc26b000 	C:\WINDOWS\System32\WS2_32.dll
0x00007ffbb8c70000 - 0x00007ffbb8c97000 	C:\WINDOWS\SYSTEM32\WINMM.dll
0x00007ffbd3cf0000 - 0x00007ffbd3cfa000 	C:\WINDOWS\SYSTEM32\VERSION.dll
0x00007ffbda030000 - 0x00007ffbda042000 	C:\WINDOWS\SYSTEM32\UMPDC.dll
0x00007ffbd8ac0000 - 0x00007ffbd8ad2000 	C:\WINDOWS\SYSTEM32\kernel.appcore.dll
0x00007ffbd6ad0000 - 0x00007ffbd6ada000 	C:\Program Files\Android\Android Studio\jbr\bin\jimage.dll
0x00007ffbd1b80000 - 0x00007ffbd1d64000 	C:\WINDOWS\SYSTEM32\DBGHELP.DLL
0x00007ffbd19c0000 - 0x00007ffbd19f4000 	C:\WINDOWS\SYSTEM32\dbgcore.DLL
0x00007ffbdb390000 - 0x00007ffbdb412000 	C:\WINDOWS\System32\bcryptPrimitives.dll
0x00007ffbd3d10000 - 0x00007ffbd3d1e000 	C:\Program Files\Android\Android Studio\jbr\bin\instrument.dll
0x00007ffbd69f0000 - 0x00007ffbd6a15000 	C:\Program Files\Android\Android Studio\jbr\bin\java.dll
0x00007ffbd5c40000 - 0x00007ffbd5c58000 	C:\Program Files\Android\Android Studio\jbr\bin\zip.dll
0x00007ffbdc5a0000 - 0x00007ffbdcd0b000 	C:\WINDOWS\System32\SHELL32.dll
0x00007ffbd8cc0000 - 0x00007ffbd945d000 	C:\WINDOWS\SYSTEM32\windows.storage.dll
0x00007ffbdb5c0000 - 0x00007ffbdb913000 	C:\WINDOWS\System32\combase.dll
0x00007ffbda660000 - 0x00007ffbda68e000 	C:\WINDOWS\SYSTEM32\Wldp.dll
0x00007ffbdbc20000 - 0x00007ffbdbced000 	C:\WINDOWS\System32\OLEAUT32.dll
0x00007ffbdbcf0000 - 0x00007ffbdbd9d000 	C:\WINDOWS\System32\SHCORE.dll
0x00007ffbdd4f0000 - 0x00007ffbdd545000 	C:\WINDOWS\System32\shlwapi.dll
0x00007ffbdab70000 - 0x00007ffbdab94000 	C:\WINDOWS\SYSTEM32\profapi.dll
0x00007ffbd44e0000 - 0x00007ffbd44f9000 	C:\Program Files\Android\Android Studio\jbr\bin\net.dll
0x00007ffbcfd80000 - 0x00007ffbcfe8a000 	C:\WINDOWS\SYSTEM32\WINHTTP.dll
0x00007ffbda3c0000 - 0x00007ffbda42a000 	C:\WINDOWS\system32\mswsock.dll
0x00007ffbd44c0000 - 0x00007ffbd44d6000 	C:\Program Files\Android\Android Studio\jbr\bin\nio.dll
0x00007ffbd5c30000 - 0x00007ffbd5c40000 	C:\Program Files\Android\Android Studio\jbr\bin\verify.dll
0x00007ffbc8600000 - 0x00007ffbc8627000 	C:\Users\Pubudu\.gradle\native\c067742578af261105cb4f569cf0c3c89f3d7b1fecec35dd04571415982c5e48\windows-amd64\native-platform.dll
0x00007ffbc0d00000 - 0x00007ffbc0e44000 	C:\Users\Pubudu\.gradle\native\38dada09dfb8b06ba9b0570ebf7e218e3eb74d4ef43ca46872605cf95ebc2f47\windows-amd64\native-platform-file-events.dll
0x00007ffbd4490000 - 0x00007ffbd4499000 	C:\Program Files\Android\Android Studio\jbr\bin\management.dll
0x00007ffbd4480000 - 0x00007ffbd448b000 	C:\Program Files\Android\Android Studio\jbr\bin\management_ext.dll
0x00007ffbdc000000 - 0x00007ffbdc008000 	C:\WINDOWS\System32\PSAPI.DLL
0x00007ffbda5c0000 - 0x00007ffbda5d8000 	C:\WINDOWS\SYSTEM32\CRYPTSP.dll
0x00007ffbd9c70000 - 0x00007ffbd9ca4000 	C:\WINDOWS\system32\rsaenh.dll
0x00007ffbdaae0000 - 0x00007ffbdab0e000 	C:\WINDOWS\SYSTEM32\USERENV.dll
0x00007ffbda5b0000 - 0x00007ffbda5bc000 	C:\WINDOWS\SYSTEM32\CRYPTBASE.dll
0x00007ffbda050000 - 0x00007ffbda08b000 	C:\WINDOWS\SYSTEM32\IPHLPAPI.DLL
0x00007ffbdc590000 - 0x00007ffbdc598000 	C:\WINDOWS\System32\NSI.dll
0x00007ffbd10a0000 - 0x00007ffbd10b7000 	C:\WINDOWS\SYSTEM32\dhcpcsvc6.DLL
0x00007ffbd1d70000 - 0x00007ffbd1d8d000 	C:\WINDOWS\SYSTEM32\dhcpcsvc.DLL
0x00007ffbda090000 - 0x00007ffbda15b000 	C:\WINDOWS\SYSTEM32\DNSAPI.dll
0x00007ffbd44a0000 - 0x00007ffbd44a9000 	C:\Program Files\Android\Android Studio\jbr\bin\extnet.dll
0x00007ffbd44b0000 - 0x00007ffbd44b7000 	C:\WINDOWS\system32\wshunix.dll

dbghelp: loaded successfully - version: 4.0.5 - missing functions: none
symbol engine: initialized successfully - sym options: 0x614 - pdb path: .;C:\Program Files\Android\Android Studio\jbr\bin;C:\WINDOWS\SYSTEM32;C:\Program Files\Avast Software\Avast;C:\WINDOWS\WinSxS\amd64_microsoft.windows.common-controls_6595b64144ccf1df_6.0.19041.4355_none_60b8b9eb71f62e16;C:\Program Files\Android\Android Studio\jbr\bin\server;C:\Users\Pubudu\.gradle\native\c067742578af261105cb4f569cf0c3c89f3d7b1fecec35dd04571415982c5e48\windows-amd64;C:\Users\Pubudu\.gradle\native\38dada09dfb8b06ba9b0570ebf7e218e3eb74d4ef43ca46872605cf95ebc2f47\windows-amd64

VM Arguments:
jvm_args: --add-opens=java.base/java.util=ALL-UNNAMED --add-opens=java.base/java.lang=ALL-UNNAMED --add-opens=java.base/java.lang.invoke=ALL-UNNAMED --add-opens=java.prefs/java.util.prefs=ALL-UNNAMED --add-opens=java.base/java.nio.charset=ALL-UNNAMED --add-opens=java.base/java.net=ALL-UNNAMED --add-opens=java.base/java.util.concurrent.atomic=ALL-UNNAMED -Xmx2048m -Dfile.encoding=UTF-8 -Duser.country=US -Duser.language=en -Duser.variant -javaagent:C:\Users\Pubudu\.gradle\wrapper\dists\gradle-8.6-bin\afr5mpiioh2wthjmwnkmdsd5w\gradle-8.6\lib\agents\gradle-instrumentation-agent-8.6.jar 
java_command: org.gradle.launcher.daemon.bootstrap.GradleDaemon 8.6
java_class_path (initial): C:\Users\Pubudu\.gradle\wrapper\dists\gradle-8.6-bin\afr5mpiioh2wthjmwnkmdsd5w\gradle-8.6\lib\gradle-launcher-8.6.jar
Launcher Type: SUN_STANDARD

[Global flags]
     intx CICompilerCount                          = 3                                         {product} {ergonomic}
     uint ConcGCThreads                            = 1                                         {product} {ergonomic}
     uint G1ConcRefinementThreads                  = 4                                         {product} {ergonomic}
   size_t G1HeapRegionSize                         = 1048576                                   {product} {ergonomic}
    uintx GCDrainStackTargetSize                   = 64                                        {product} {ergonomic}
   size_t InitialHeapSize                          = 134217728                                 {product} {ergonomic}
   size_t MarkStackSize                            = 4194304                                   {product} {ergonomic}
   size_t MaxHeapSize                              = 2147483648                                {product} {command line}
   size_t MaxNewSize                               = 1287651328                                {product} {ergonomic}
   size_t MinHeapDeltaBytes                        = 1048576                                   {product} {ergonomic}
   size_t MinHeapSize                              = 8388608                                   {product} {ergonomic}
    uintx NonNMethodCodeHeapSize                   = 5832780                                {pd product} {ergonomic}
    uintx NonProfiledCodeHeapSize                  = 122912730                              {pd product} {ergonomic}
    uintx ProfiledCodeHeapSize                     = 122912730                              {pd product} {ergonomic}
    uintx ReservedCodeCacheSize                    = 251658240                              {pd product} {ergonomic}
     bool SegmentedCodeCache                       = true                                      {product} {ergonomic}
   size_t SoftMaxHeapSize                          = 2147483648                             {manageable} {ergonomic}
     bool UseCompressedClassPointers               = true                           {product lp64_product} {ergonomic}
     bool UseCompressedOops                        = true                           {product lp64_product} {ergonomic}
     bool UseG1GC                                  = true                                      {product} {ergonomic}
     bool UseLargePagesIndividualAllocation        = false                                  {pd product} {ergonomic}

Logging:
Log output configuration:
 #0: stdout all=warning uptime,level,tags
 #1: stderr all=off uptime,level,tags

Environment Variables:
JAVA_HOME=C:\Program Files\Java\jdk-20
PATH=C:\Program Files\Common Files\Oracle\Java\javapath;C:\Program Files (x86)\Common Files\Oracle\Java\java8path;C:\Program Files (x86)\Common Files\Oracle\Java\javapath;C:\xampp\php:C:\Program Files\Common Files\Oracle\Java\javapath;C:\WINDOWS\system32;C:\WINDOWS;C:\WINDOWS\System32\Wbem;C:\WINDOWS\System32\WindowsPowerShell\v1.0\;C:\WINDOWS\System32\OpenSSH\;C:\Program Files\Microsoft SQL Server\150\Tools\Binn\;C:\Program Files\Microsoft SQL Server\Client SDK\ODBC\170\Tools\Binn\;C:\Program Files\Common Files\Autodesk Shared\;C:\Program Files\Java\jdk-20\bin;C:\Program Files\dotnet\;C:\Program Files\nodejs\;C:\ProgramData\Microsoft\Windows\Start Menu\Programs\Node.js;C:\Users\Pubudu\AppData\Roaming;C:\Program Files\nodejs\node_modules\npm;C:\Program Files\Git\cmd;C:\Program Files (x86)\Microsoft SQL Server\160\DTS\Binn\;C:\Program Files (x86)\Microsoft SQL Server\160\Tools\Binn\;C:\Program Files\Microsoft SQL Server\160\Tools\Binn\;C:\Program Files\Microsoft SQL Server\160\DTS\Binn\;C:\Users\Pubudu\AppData\Local\Microsoft\WindowsApps;C:\Users\Pubudu\.dotnet\tools;C:\Users\Pubudu\AppData\Roaming\npm;C:\Program Files\nodejs;;C:\Program Files\Azure Data Studio\bin;C:\Users\Pubudu\AppData\Local\Programs\Vs Code\Microsoft VS Code\bin
USERNAME=Pubudu
OS=Windows_NT
PROCESSOR_IDENTIFIER=Intel64 Family 6 Model 78 Stepping 3, GenuineIntel
TMP=C:\Users\Pubudu\AppData\Local\Temp
TEMP=C:\Users\Pubudu\AppData\Local\Temp



Periodic native trim disabled

JNI global refs:
JNI global refs: 33, weak refs: 0

JNI global refs memory usage: 843, weak refs: 841

OOME stack traces (most recent first):
Classloader memory used:
Loader org.gradle.internal.classloader.VisitableURLClassLoader                         : 2742K
Loader bootstrap                                                                       : 2324K
Loader org.gradle.initialization.MixInLegacyTypesClassLoader                           : 572K
Loader jdk.internal.loader.ClassLoaders$PlatformClassLoader                            : 65623B
Loader jdk.internal.loader.ClassLoaders$AppClassLoader                                 : 28726B
Loader jdk.internal.reflect.DelegatingClassLoader                                      : 4428B
Loader org.gradle.internal.classloader.VisitableURLClassLoader$InstrumentingVisitableURLClassLoader: 2346B

Classes loaded by more than one classloader:
Class org.gradle.internal.installation.GradleInstallation                             : loaded 2 times (x 73B)
Class org.gradle.internal.classpath.ClassPath                                         : loaded 2 times (x 68B)
Class org.gradle.api.internal.classpath.DefaultModuleRegistry                         : loaded 2 times (x 84B)
Class org.gradle.api.Action                                                           : loaded 2 times (x 68B)
Class org.gradle.api.internal.DefaultClassPathProvider                                : loaded 2 times (x 74B)
Class org.gradle.internal.installation.GradleInstallation$1                           : loaded 2 times (x 73B)
Class org.gradle.internal.classloader.FilteringClassLoader                            : loaded 2 times (x 103B)
Class org.gradle.internal.classpath.DefaultClassPath$ImmutableUniqueList$Builder      : loaded 2 times (x 73B)
Class org.gradle.internal.classloader.ClassLoaderVisitor                              : loaded 2 times (x 74B)
Class org.gradle.internal.service.DefaultServiceLocator                               : loaded 2 times (x 81B)
Class org.gradle.internal.service.UnknownServiceException                             : loaded 2 times (x 81B)
Class org.gradle.internal.classloader.DefaultClassLoaderFactory                       : loaded 2 times (x 80B)
Class org.gradle.internal.classloader.VisitableURLClassLoader$Spec                    : loaded 2 times (x 72B)
Class org.gradle.api.GradleException                                                  : loaded 2 times (x 80B)
Class org.gradle.api.internal.classpath.ModuleRegistry                                : loaded 2 times (x 68B)
Class org.gradle.api.internal.ClassPathProvider                                       : loaded 2 times (x 68B)
Class org.gradle.internal.classloader.ClasspathUtil$1                                 : loaded 2 times (x 74B)
Class org.gradle.internal.classloader.ClassLoaderFactory                              : loaded 2 times (x 68B)
Class org.gradle.api.internal.classpath.ManifestUtil                                  : loaded 2 times (x 69B)
Class org.gradle.api.specs.Spec                                                       : loaded 2 times (x 68B)
Class org.gradle.internal.IoActions                                                   : loaded 2 times (x 69B)
Class org.gradle.api.internal.classpath.EffectiveClassPath                            : loaded 2 times (x 88B)
Class org.gradle.internal.installation.CurrentGradleInstallation                      : loaded 2 times (x 71B)
Class org.gradle.internal.agents.InstrumentingClassLoader                             : loaded 2 times (x 68B)
Class org.gradle.internal.installation.CurrentGradleInstallationLocator               : loaded 2 times (x 69B)
Class org.gradle.api.internal.classpath.Module                                        : loaded 2 times (x 68B)
Class org.gradle.internal.service.CachingServiceLocator                               : loaded 2 times (x 80B)
Class org.gradle.internal.classpath.DefaultClassPath                                  : loaded 2 times (x 88B)
Class org.gradle.internal.classloader.SystemClassLoaderSpec                           : loaded 2 times (x 69B)
Class org.gradle.api.UncheckedIOException                                             : loaded 2 times (x 80B)
Class org.gradle.internal.classloader.ClasspathUtil                                   : loaded 2 times (x 69B)
Class org.gradle.api.internal.DefaultClassPathRegistry                                : loaded 2 times (x 74B)
Class org.gradle.api.internal.classpath.DefaultModuleRegistry$DefaultModule           : loaded 2 times (x 84B)
Class org.gradle.api.internal.classpath.UnknownModuleException                        : loaded 2 times (x 80B)
Class org.gradle.internal.service.ServiceLookupException                              : loaded 2 times (x 80B)
Class org.gradle.cache.GlobalCache                                                    : loaded 2 times (x 68B)
Class [Lorg.gradle.api.internal.ClassPathProvider;                                    : loaded 2 times (x 67B)
Class org.gradle.util.internal.GUtil                                                  : loaded 2 times (x 69B)
Class org.gradle.internal.classloader.ClassLoaderSpec                                 : loaded 2 times (x 69B)
Class org.gradle.internal.classloader.VisitableURLClassLoader                         : loaded 2 times (x 115B)
Class org.gradle.internal.Cast                                                        : loaded 2 times (x 69B)
Class org.gradle.api.internal.ClassPathRegistry                                       : loaded 2 times (x 68B)
Class org.gradle.internal.classloader.VisitableURLClassLoader$InstrumentingVisitableURLClassLoader: loaded 2 times (x 121B)
Class org.gradle.internal.classloader.ClassLoaderHierarchy                            : loaded 2 times (x 68B)
Class org.gradle.internal.InternalTransformer                                         : loaded 2 times (x 68B)
Class org.gradle.internal.service.ServiceLocator                                      : loaded 2 times (x 68B)
Class org.gradle.internal.classpath.DefaultClassPath$ImmutableUniqueList              : loaded 2 times (x 159B)
Class org.gradle.internal.classpath.TransformedClassPath                              : loaded 2 times (x 94B)


---------------  S Y S T E M  ---------------

OS:
 Windows 10 , 64 bit Build 19041 (10.0.19041.3636)
OS uptime: 0 days 1:09 hours

CPU: total 4 (initial active 4) (2 cores per cpu, 2 threads per core) family 6 model 78 stepping 3 microcode 0xf0, cx8, cmov, fxsr, ht, mmx, 3dnowpref, sse, sse2, sse3, ssse3, sse4.1, sse4.2, popcnt, lzcnt, tsc, tscinvbit, avx, avx2, aes, erms, clmul, bmi1, bmi2, adx, fma, vzeroupper, clflush, clflushopt
Processor Information for all 4 processors :
  Max Mhz: 2400, Current Mhz: 2300, Mhz Limit: 2280

Memory: 4k page, system-wide physical 8083M (841M free)
TotalPageFile size 8083M (AvailPageFile size 7M)
current process WorkingSet (physical memory assigned to process): 229M, peak: 230M
current process commit charge ("private bytes"): 270M, peak: 274M

vm_info: OpenJDK 64-Bit Server VM (17.0.10+0--11572160) for windows-amd64 JRE (17.0.10+0--11572160), built on Mar 13 2024 23:56:38 by "androidbuild" with MS VC++ 16.10 / 16.11 (VS2019)

END.
