#
# There is insufficient memory for the Java Runtime Environment to continue.
# Native memory allocation (mmap) failed to map 65536 bytes for Failed to commit metaspace.
# Possible reasons:
#   The system is out of physical RAM or swap space
#   The process is running with CompressedOops enabled, and the Java Heap may be blocking the growth of the native heap
# Possible solutions:
#   Reduce memory load on the system
#   Increase physical memory or swap space
#   Check if swap backing store is full
#   Decrease Java heap size (-Xmx/-Xms)
#   Decrease number of Java threads
#   Decrease Java thread stack sizes (-Xss)
#   Set larger code cache with -XX:ReservedCodeCacheSize=
#   JVM is running with Unscaled Compressed Oops mode in which the Java heap is
#     placed in the first 4GB address space. The Java Heap base address is the
#     maximum limit for the native heap growth. Please use -XX:HeapBaseMinAddress
#     to set the Java Heap base and to place the Java Heap above 4GB virtual address.
# This output file may be truncated or incomplete.
#
#  Out of Memory Error (virtualSpaceNode.cpp:110), pid=16584, tid=10796
#
# JRE version: OpenJDK Runtime Environment (17.0.10) (build 17.0.10+0--11572160)
# Java VM: OpenJDK 64-Bit Server VM (17.0.10+0--11572160, mixed mode, tiered, compressed oops, compressed class ptrs, g1 gc, windows-amd64)
# No core dump will be written. Minidumps are not enabled by default on client versions of Windows
#

---------------  S U M M A R Y ------------

Command Line: git4idea.http.GitAskPassApp Username for 'https://github.com': 

Host: Intel(R) Core(TM) i5-6200U CPU @ 2.30GHz, 4 cores, 7G,  Windows 10 , 64 bit Build 19041 (10.0.19041.3636)
Time: Wed Jun  5 21:37:14 2024 Sri Lanka Standard Time elapsed time: 0.885287 seconds (0d 0h 0m 0s)

---------------  T H R E A D  ---------------

Current thread (0x0000026e6e655bb0):  JavaThread "HttpClient-1-Worker-0" daemon [_thread_in_vm, id=10796, stack(0x000000e7c2100000,0x000000e7c2200000)]

Stack: [0x000000e7c2100000,0x000000e7c2200000]
Native frames: (J=compiled Java code, j=interpreted, Vv=VM code, C=native code)
V  [jvm.dll+0x688e89]
V  [jvm.dll+0x84247a]
V  [jvm.dll+0x8440be]
V  [jvm.dll+0x844723]
V  [jvm.dll+0x24be0f]
V  [jvm.dll+0x83d45b]
V  [jvm.dll+0x62d4a6]
V  [jvm.dll+0x62d50a]
V  [jvm.dll+0x62fd3a]
V  [jvm.dll+0x62de46]
V  [jvm.dll+0x23facf]
V  [jvm.dll+0x637cf5]
V  [jvm.dll+0x1eeaab]
V  [jvm.dll+0x1eefe5]
V  [jvm.dll+0x1ef985]
V  [jvm.dll+0x1e4e1c]
V  [jvm.dll+0x54dd1c]
V  [jvm.dll+0x1f59bb]
V  [jvm.dll+0x7bac1b]
V  [jvm.dll+0x7bc08c]
V  [jvm.dll+0x7bc3d8]
V  [jvm.dll+0x24386e]
V  [jvm.dll+0x243abf]
V  [jvm.dll+0x56bff8]
V  [jvm.dll+0x56ef77]
V  [jvm.dll+0x38bef2]
V  [jvm.dll+0x38b55f]
C  0x0000026e5afda459

The last pc belongs to invokestatic (printed below).
Java frames: (J=compiled Java code, j=interpreted, Vv=VM code)
j  sun.security.ssl.KeyShareExtension$CHKeyShareProducer.getShare(Lsun/security/ssl/ClientHandshakeContext;Lsun/security/ssl/NamedGroup;)[B+1 java.base@17.0.10
j  sun.security.ssl.KeyShareExtension$CHKeyShareProducer.produce(Lsun/security/ssl/ConnectionContext;Lsun/security/ssl/SSLHandshake$HandshakeMessage;)[B+171 java.base@17.0.10
j  sun.security.ssl.SSLExtension.produce(Lsun/security/ssl/ConnectionContext;Lsun/security/ssl/SSLHandshake$HandshakeMessage;)[B+13 java.base@17.0.10
j  sun.security.ssl.SSLExtensions.produce(Lsun/security/ssl/HandshakeContext;[Lsun/security/ssl/SSLExtension;)V+145 java.base@17.0.10
j  sun.security.ssl.ClientHello$ClientHelloKickstartProducer.produce(Lsun/security/ssl/ConnectionContext;)[B+962 java.base@17.0.10
j  sun.security.ssl.SSLHandshake.kickstart(Lsun/security/ssl/HandshakeContext;)V+47 java.base@17.0.10
j  sun.security.ssl.ClientHandshakeContext.kickstart()V+9 java.base@17.0.10
j  sun.security.ssl.TransportContext.kickstart()V+234 java.base@17.0.10
j  sun.security.ssl.SSLEngineImpl.writeRecord([Ljava/nio/ByteBuffer;II[Ljava/nio/ByteBuffer;II)Ljavax/net/ssl/SSLEngineResult;+117 java.base@17.0.10
j  sun.security.ssl.SSLEngineImpl.wrap([Ljava/nio/ByteBuffer;II[Ljava/nio/ByteBuffer;II)Ljavax/net/ssl/SSLEngineResult;+53 java.base@17.0.10
j  sun.security.ssl.SSLEngineImpl.wrap([Ljava/nio/ByteBuffer;IILjava/nio/ByteBuffer;)Ljavax/net/ssl/SSLEngineResult;+15 java.base@17.0.10
j  javax.net.ssl.SSLEngine.wrap([Ljava/nio/ByteBuffer;Ljava/nio/ByteBuffer;)Ljavax/net/ssl/SSLEngineResult;+20 java.base@17.0.10
j  jdk.internal.net.http.common.SSLFlowDelegate$Writer.wrapBuffers([Ljava/nio/ByteBuffer;)Ljdk/internal/net/http/common/SSLFlowDelegate$EngineResult;+131 java.net.http@17.0.10
j  jdk.internal.net.http.common.SSLFlowDelegate$Writer.processData()V+90 java.net.http@17.0.10
j  jdk.internal.net.http.common.SSLFlowDelegate$Writer$WriterDownstreamPusher.run()V+4 java.net.http@17.0.10
j  jdk.internal.net.http.common.SequentialScheduler$CompleteRestartableTask.run(Ljdk/internal/net/http/common/SequentialScheduler$DeferredCompleter;)V+1 java.net.http@17.0.10
j  jdk.internal.net.http.common.SequentialScheduler$SchedulableTask.run()V+14 java.net.http@17.0.10
j  jdk.internal.net.http.common.SequentialScheduler.runOrSchedule(Ljdk/internal/net/http/common/SequentialScheduler$SchedulableTask;Ljava/util/concurrent/Executor;)V+86 java.net.http@17.0.10
j  jdk.internal.net.http.common.SequentialScheduler.runOrSchedule()V+6 java.net.http@17.0.10
j  jdk.internal.net.http.common.SSLFlowDelegate$Writer.incoming(Ljava/util/List;Z)V+155 java.net.http@17.0.10
j  jdk.internal.net.http.common.SubscriberWrapper.incomingCaller(Ljava/util/List;Z)V+3 java.net.http@17.0.10
j  jdk.internal.net.http.common.SubscriberWrapper.addData(Ljava/nio/ByteBuffer;)V+24 java.net.http@17.0.10
j  jdk.internal.net.http.common.SSLFlowDelegate$Writer.onSubscribe()V+27 java.net.http@17.0.10
j  jdk.internal.net.http.common.SubscriberWrapper.onSubscribe(Ljava/util/concurrent/Flow$Subscription;)V+78 java.net.http@17.0.10
j  jdk.internal.net.http.common.SSLTube$SSLTubeFlowDelegate.connect(Ljava/util/concurrent/Flow$Subscriber;Ljava/util/concurrent/Flow$Subscriber;)V+95 java.net.http@17.0.10
j  jdk.internal.net.http.common.SSLFlowDelegate.<init>(Ljavax/net/ssl/SSLEngine;Ljava/util/concurrent/Executor;Ljava/util/function/Consumer;Ljava/util/concurrent/Flow$Subscriber;Ljava/util/concurrent/Flow$Subscriber;)V+243 java.net.http@17.0.10
j  jdk.internal.net.http.common.SSLTube$SSLTubeFlowDelegate.<init>(Ljdk/internal/net/http/common/SSLTube;Ljavax/net/ssl/SSLEngine;Ljava/util/concurrent/Executor;Ljava/util/function/Consumer;Ljdk/internal/net/http/common/SSLTube$SSLSubscriberWrapper;Ljdk/internal/net/http/common/FlowTube;)V+14 java.net.http@17.0.10
j  jdk.internal.net.http.common.SSLTube.<init>(Ljavax/net/ssl/SSLEngine;Ljava/util/concurrent/Executor;Ljava/util/function/Consumer;Ljdk/internal/net/http/common/FlowTube;)V+97 java.net.http@17.0.10
j  jdk.internal.net.http.AsyncSSLConnection.lambda$connectAsync$0(Ljava/lang/Void;)Ljava/lang/Void;+40 java.net.http@17.0.10
j  jdk.internal.net.http.AsyncSSLConnection$$Lambda$103+0x0000000100164000.apply(Ljava/lang/Object;)Ljava/lang/Object;+8 java.net.http@17.0.10
j  java.util.concurrent.CompletableFuture$UniApply.tryFire(I)Ljava/util/concurrent/CompletableFuture;+106 java.base@17.0.10
j  java.util.concurrent.CompletableFuture.postComplete()V+76 java.base@17.0.10
j  java.util.concurrent.CompletableFuture$AsyncSupply.run()V+57 java.base@17.0.10
j  java.util.concurrent.ThreadPoolExecutor.runWorker(Ljava/util/concurrent/ThreadPoolExecutor$Worker;)V+92 java.base@17.0.10
j  java.util.concurrent.ThreadPoolExecutor$Worker.run()V+5 java.base@17.0.10
j  java.lang.Thread.run()V+11 java.base@17.0.10
v  ~StubRoutines::call_stub
invokestatic  184 invokestatic  [0x0000026e5afda3a0, 0x0000026e5afda660]  704 bytes
[MachCode]
  0x0000026e5afda3a0: 4883 ec08 | c5fa 1104 | 24eb 1f48 | 83ec 10c5 | fb11 0424 | eb14 4883 | ec10 4889 | 0424 48c7 
  0x0000026e5afda3c0: 4424 0800 | 0000 00eb | 0150 4c89 | 6dc0 410f | b755 0148 | 8b4d d0c1 | e202 8b5c | d120 c1eb 
  0x0000026e5afda3e0: 1081 e3ff | 0000 0081 | fbb8 0000 | 000f 84b6 | 0000 00bb | b800 0000 | e805 0000 | 00e9 9b00 
  0x0000026e5afda400: 0000 488b | d348 8d44 | 2408 4c89 | 6dc0 498b | cfc5 f877 | 4989 afa8 | 0200 0049 | 8987 9802 
  0x0000026e5afda420: 0000 4883 | ec20 f7c4 | 0f00 0000 | 0f84 1a00 | 0000 4883 | ec08 49ba | f0b4 027e | fd7f 0000 
  0x0000026e5afda440: 41ff d248 | 83c4 08e9 | 0d00 0000 | 49ba f0b4 | 027e fd7f | 0000 41ff | d248 83c4 | 2049 c787 
  0x0000026e5afda460: 9802 0000 | 0000 0000 | 49c7 87a8 | 0200 0000 | 0000 0049 | c787 a002 | 0000 0000 | 0000 c5f8 
  0x0000026e5afda480: 7749 817f | 0800 0000 | 000f 8405 | 0000 00e9 | 6c6a feff | 4c8b 6dc0 | 4c8b 75c8 | c341 0fb7 
  0x0000026e5afda4a0: 5501 488b | 4dd0 c1e2 | 0248 8b5c | d128 488b | 5b08 488b | 5b08 488b | 5b18 80bb | 5b01 0000 
  0x0000026e5afda4c0: 040f 840d | 0000 004c | 3bbb 6001 | 0000 0f85 | 1fff ffff | 488b 5cd1 | 288b 54d1 | 38c1 ea1c 
  0x0000026e5afda4e0: 49ba 9065 | 857e fd7f | 0000 498b | 14d2 5248 | 8b45 d848 | 85c0 0f84 | 1200 0000 | 4883 4008 
  0x0000026e5afda500: 0148 8358 | 0800 4883 | c010 4889 | 45d8 488b | 45d8 4885 | c00f 8423 | 0100 0080 | 78f0 0a0f 
  0x0000026e5afda520: 8519 0100 | 0048 83c0 | 084c 8b68 | f841 83ed | 0041 83fd | 020f 8cf8 | 0000 004c | 8b6b 0845 
  0x0000026e5afda540: 0fb7 6d2c | 4c2b 2841 | 83ed 014e | 8b6c ec08 | 4d85 ed75 | 0748 8348 | 0801 eb4a | 458b 6d08 
  0x0000026e5afda560: 49c1 e503 | 4c33 6808 | 49f7 c5fc | ffff ff74 | 3549 f7c5 | 0200 0000 | 752c 4881 | 7808 0000 
  0x0000026e5afda580: 0000 741e | 4881 7808 | 0100 0000 | 7414 4c33 | 6808 49f7 | c5fc ffff | ff74 0b48 | 8348 0802 
  0x0000026e5afda5a0: eb04 4c89 | 6808 4883 | c010 4c8b | 68e8 4183 | ed02 4183 | fd02 0f8c | 7700 0000 | 4c8b 6b08 
  0x0000026e5afda5c0: 450f b76d | 2c4c 2b28 | 4183 ed01 | 4e8b 6cec | 084d 85ed | 7507 4883 | 4808 01eb | 4a45 8b6d 
  0x0000026e5afda5e0: 0849 c1e5 | 034c 3368 | 0849 f7c5 | fcff ffff | 7435 49f7 | c502 0000 | 0075 2c48 | 8178 0800 
  0x0000026e5afda600: 0000 0074 | 1e48 8178 | 0801 0000 | 0074 144c | 3368 0849 | f7c5 fcff | ffff 740b | 4883 4808 
  0x0000026e5afda620: 02eb 044c | 8968 0848 | 83c0 104c | 8b68 d841 | 83ed 0441 | c1e5 0349 | 03c5 4889 | 45d8 4c8d 
  0x0000026e5afda640: 6c24 084c | 896d f0ff | 6360 660f | 1f44 0000 | 0000 0000 | 0000 0000 | 0000 0000 | 0000 0000 
[/MachCode]

---------------  P R O C E S S  ---------------

Threads class SMR info:
_java_thread_list=0x0000026e69adabc0, length=15, elements={
0x0000026e505b8390, 0x0000026e6e012250, 0x0000026e6e0130d0, 0x0000026e6e04ac80,
0x0000026e6e040bd0, 0x0000026e6e0436a0, 0x0000026e6e050360, 0x0000026e6e051070,
0x0000026e6e059a80, 0x0000026e6e05d7c0, 0x0000026e6e1bbc10, 0x0000026e6e1cdc10,
0x0000026e6e504c30, 0x0000026e6e655bb0, 0x0000026e6e6572c0
}

Java Threads: ( => current thread )
  0x0000026e505b8390 JavaThread "main" [_thread_blocked, id=2284, stack(0x000000e7c0c00000,0x000000e7c0d00000)]
  0x0000026e6e012250 JavaThread "Reference Handler" daemon [_thread_blocked, id=13128, stack(0x000000e7c1300000,0x000000e7c1400000)]
  0x0000026e6e0130d0 JavaThread "Finalizer" daemon [_thread_blocked, id=4768, stack(0x000000e7c1400000,0x000000e7c1500000)]
  0x0000026e6e04ac80 JavaThread "Signal Dispatcher" daemon [_thread_blocked, id=13928, stack(0x000000e7c1500000,0x000000e7c1600000)]
  0x0000026e6e040bd0 JavaThread "Attach Listener" daemon [_thread_blocked, id=3556, stack(0x000000e7c1600000,0x000000e7c1700000)]
  0x0000026e6e0436a0 JavaThread "Service Thread" daemon [_thread_blocked, id=14176, stack(0x000000e7c1700000,0x000000e7c1800000)]
  0x0000026e6e050360 JavaThread "Monitor Deflation Thread" daemon [_thread_blocked, id=8072, stack(0x000000e7c1800000,0x000000e7c1900000)]
  0x0000026e6e051070 JavaThread "C2 CompilerThread0" daemon [_thread_in_native, id=12484, stack(0x000000e7c1900000,0x000000e7c1a00000)]
  0x0000026e6e059a80 JavaThread "C1 CompilerThread0" daemon [_thread_blocked, id=2704, stack(0x000000e7c1a00000,0x000000e7c1b00000)]
  0x0000026e6e05d7c0 JavaThread "Sweeper thread" daemon [_thread_blocked, id=4388, stack(0x000000e7c1b00000,0x000000e7c1c00000)]
  0x0000026e6e1bbc10 JavaThread "Notification Thread" daemon [_thread_blocked, id=5260, stack(0x000000e7c1c00000,0x000000e7c1d00000)]
  0x0000026e6e1cdc10 JavaThread "Common-Cleaner" daemon [_thread_blocked, id=4980, stack(0x000000e7c1e00000,0x000000e7c1f00000)]
  0x0000026e6e504c30 JavaThread "HttpClient-1-SelectorManager" daemon [_thread_in_native, id=8712, stack(0x000000e7c1f00000,0x000000e7c2000000)]
=>0x0000026e6e655bb0 JavaThread "HttpClient-1-Worker-0" daemon [_thread_in_vm, id=10796, stack(0x000000e7c2100000,0x000000e7c2200000)]
  0x0000026e6e6572c0 JavaThread "HttpClient-1-Worker-1" daemon [_thread_blocked, id=14560, stack(0x000000e7c2200000,0x000000e7c2300000)]

Other Threads:
  0x0000026e69adb650 VMThread "VM Thread" [stack: 0x000000e7c1200000,0x000000e7c1300000] [id=12472]
  0x0000026e6e1bc500 WatcherThread [stack: 0x000000e7c1d00000,0x000000e7c1e00000] [id=2940]
  0x0000026e5060ecd0 GCTaskThread "GC Thread#0" [stack: 0x000000e7c0d00000,0x000000e7c0e00000] [id=8364]
  0x0000026e5061f9b0 ConcurrentGCThread "G1 Main Marker" [stack: 0x000000e7c0e00000,0x000000e7c0f00000] [id=992]
  0x0000026e50620b70 ConcurrentGCThread "G1 Conc#0" [stack: 0x000000e7c0f00000,0x000000e7c1000000] [id=17692]
  0x0000026e5066e320 ConcurrentGCThread "G1 Refine#0" [stack: 0x000000e7c1000000,0x000000e7c1100000] [id=1508]
  0x0000026e699280e0 ConcurrentGCThread "G1 Service" [stack: 0x000000e7c1100000,0x000000e7c1200000] [id=7720]

Threads with active compile tasks:
C2 CompilerThread0      977  867   !   4       java.util.concurrent.ConcurrentHashMap::putVal (432 bytes)

VM state: not at safepoint (normal execution)

VM Mutex/Monitor currently owned by a thread:  ([mutex/lock_event])
[0x0000026e505b5a50] Metaspace_lock - owner thread: 0x0000026e6e655bb0

Heap address: 0x0000000081a00000, size: 2022 MB, Compressed Oops mode: 32-bit

CDS archive(s) not mapped
Compressed class space mapped at: 0x0000000100000000-0x0000000140000000, reserved size: 1073741824
Narrow klass base: 0x0000000000000000, Narrow klass shift: 3, Narrow klass range: 0x140000000

GC Precious Log:
 CPUs: 4 total, 4 available
 Memory: 8083M
 Large Page Support: Disabled
 NUMA Support: Disabled
 Compressed Oops: Enabled (32-bit)
 Heap Region Size: 1M
 Heap Min Capacity: 8M
 Heap Initial Capacity: 128M
 Heap Max Capacity: 2022M
 Pre-touch: Disabled
 Parallel Workers: 4
 Concurrent Workers: 1
 Concurrent Refinement Workers: 4
 Periodic GC: Disabled

Heap:
 garbage-first heap   total 131072K, used 11264K [0x0000000081a00000, 0x0000000100000000)
  region size 1024K, 12 young (12288K), 0 survivors (0K)
 Metaspace       used 14787K, committed 14912K, reserved 1114112K
  class space    used 1538K, committed 1600K, reserved 1048576K

Heap Regions: E=young(eden), S=young(survivor), O=old, HS=humongous(starts), HC=humongous(continues), CS=collection set, F=free, OA=open archive, CA=closed archive, TAMS=top-at-mark-start (previous, next)
|   0|0x0000000081a00000, 0x0000000081a00000, 0x0000000081b00000|  0%| F|  |TAMS 0x0000000081a00000, 0x0000000081a00000| Untracked 
|   1|0x0000000081b00000, 0x0000000081b00000, 0x0000000081c00000|  0%| F|  |TAMS 0x0000000081b00000, 0x0000000081b00000| Untracked 
|   2|0x0000000081c00000, 0x0000000081c00000, 0x0000000081d00000|  0%| F|  |TAMS 0x0000000081c00000, 0x0000000081c00000| Untracked 
|   3|0x0000000081d00000, 0x0000000081d00000, 0x0000000081e00000|  0%| F|  |TAMS 0x0000000081d00000, 0x0000000081d00000| Untracked 
|   4|0x0000000081e00000, 0x0000000081e00000, 0x0000000081f00000|  0%| F|  |TAMS 0x0000000081e00000, 0x0000000081e00000| Untracked 
|   5|0x0000000081f00000, 0x0000000081f00000, 0x0000000082000000|  0%| F|  |TAMS 0x0000000081f00000, 0x0000000081f00000| Untracked 
|   6|0x0000000082000000, 0x0000000082000000, 0x0000000082100000|  0%| F|  |TAMS 0x0000000082000000, 0x0000000082000000| Untracked 
|   7|0x0000000082100000, 0x0000000082100000, 0x0000000082200000|  0%| F|  |TAMS 0x0000000082100000, 0x0000000082100000| Untracked 
|   8|0x0000000082200000, 0x0000000082200000, 0x0000000082300000|  0%| F|  |TAMS 0x0000000082200000, 0x0000000082200000| Untracked 
|   9|0x0000000082300000, 0x0000000082300000, 0x0000000082400000|  0%| F|  |TAMS 0x0000000082300000, 0x0000000082300000| Untracked 
|  10|0x0000000082400000, 0x0000000082400000, 0x0000000082500000|  0%| F|  |TAMS 0x0000000082400000, 0x0000000082400000| Untracked 
|  11|0x0000000082500000, 0x0000000082500000, 0x0000000082600000|  0%| F|  |TAMS 0x0000000082500000, 0x0000000082500000| Untracked 
|  12|0x0000000082600000, 0x0000000082600000, 0x0000000082700000|  0%| F|  |TAMS 0x0000000082600000, 0x0000000082600000| Untracked 
|  13|0x0000000082700000, 0x0000000082700000, 0x0000000082800000|  0%| F|  |TAMS 0x0000000082700000, 0x0000000082700000| Untracked 
|  14|0x0000000082800000, 0x0000000082800000, 0x0000000082900000|  0%| F|  |TAMS 0x0000000082800000, 0x0000000082800000| Untracked 
|  15|0x0000000082900000, 0x0000000082900000, 0x0000000082a00000|  0%| F|  |TAMS 0x0000000082900000, 0x0000000082900000| Untracked 
|  16|0x0000000082a00000, 0x0000000082a00000, 0x0000000082b00000|  0%| F|  |TAMS 0x0000000082a00000, 0x0000000082a00000| Untracked 
|  17|0x0000000082b00000, 0x0000000082b00000, 0x0000000082c00000|  0%| F|  |TAMS 0x0000000082b00000, 0x0000000082b00000| Untracked 
|  18|0x0000000082c00000, 0x0000000082c00000, 0x0000000082d00000|  0%| F|  |TAMS 0x0000000082c00000, 0x0000000082c00000| Untracked 
|  19|0x0000000082d00000, 0x0000000082d00000, 0x0000000082e00000|  0%| F|  |TAMS 0x0000000082d00000, 0x0000000082d00000| Untracked 
|  20|0x0000000082e00000, 0x0000000082e00000, 0x0000000082f00000|  0%| F|  |TAMS 0x0000000082e00000, 0x0000000082e00000| Untracked 
|  21|0x0000000082f00000, 0x0000000082f00000, 0x0000000083000000|  0%| F|  |TAMS 0x0000000082f00000, 0x0000000082f00000| Untracked 
|  22|0x0000000083000000, 0x0000000083000000, 0x0000000083100000|  0%| F|  |TAMS 0x0000000083000000, 0x0000000083000000| Untracked 
|  23|0x0000000083100000, 0x0000000083100000, 0x0000000083200000|  0%| F|  |TAMS 0x0000000083100000, 0x0000000083100000| Untracked 
|  24|0x0000000083200000, 0x0000000083200000, 0x0000000083300000|  0%| F|  |TAMS 0x0000000083200000, 0x0000000083200000| Untracked 
|  25|0x0000000083300000, 0x0000000083300000, 0x0000000083400000|  0%| F|  |TAMS 0x0000000083300000, 0x0000000083300000| Untracked 
|  26|0x0000000083400000, 0x0000000083400000, 0x0000000083500000|  0%| F|  |TAMS 0x0000000083400000, 0x0000000083400000| Untracked 
|  27|0x0000000083500000, 0x0000000083500000, 0x0000000083600000|  0%| F|  |TAMS 0x0000000083500000, 0x0000000083500000| Untracked 
|  28|0x0000000083600000, 0x0000000083600000, 0x0000000083700000|  0%| F|  |TAMS 0x0000000083600000, 0x0000000083600000| Untracked 
|  29|0x0000000083700000, 0x0000000083700000, 0x0000000083800000|  0%| F|  |TAMS 0x0000000083700000, 0x0000000083700000| Untracked 
|  30|0x0000000083800000, 0x0000000083800000, 0x0000000083900000|  0%| F|  |TAMS 0x0000000083800000, 0x0000000083800000| Untracked 
|  31|0x0000000083900000, 0x0000000083900000, 0x0000000083a00000|  0%| F|  |TAMS 0x0000000083900000, 0x0000000083900000| Untracked 
|  32|0x0000000083a00000, 0x0000000083a00000, 0x0000000083b00000|  0%| F|  |TAMS 0x0000000083a00000, 0x0000000083a00000| Untracked 
|  33|0x0000000083b00000, 0x0000000083b00000, 0x0000000083c00000|  0%| F|  |TAMS 0x0000000083b00000, 0x0000000083b00000| Untracked 
|  34|0x0000000083c00000, 0x0000000083c00000, 0x0000000083d00000|  0%| F|  |TAMS 0x0000000083c00000, 0x0000000083c00000| Untracked 
|  35|0x0000000083d00000, 0x0000000083d00000, 0x0000000083e00000|  0%| F|  |TAMS 0x0000000083d00000, 0x0000000083d00000| Untracked 
|  36|0x0000000083e00000, 0x0000000083e00000, 0x0000000083f00000|  0%| F|  |TAMS 0x0000000083e00000, 0x0000000083e00000| Untracked 
|  37|0x0000000083f00000, 0x0000000083f00000, 0x0000000084000000|  0%| F|  |TAMS 0x0000000083f00000, 0x0000000083f00000| Untracked 
|  38|0x0000000084000000, 0x0000000084000000, 0x0000000084100000|  0%| F|  |TAMS 0x0000000084000000, 0x0000000084000000| Untracked 
|  39|0x0000000084100000, 0x0000000084100000, 0x0000000084200000|  0%| F|  |TAMS 0x0000000084100000, 0x0000000084100000| Untracked 
|  40|0x0000000084200000, 0x0000000084200000, 0x0000000084300000|  0%| F|  |TAMS 0x0000000084200000, 0x0000000084200000| Untracked 
|  41|0x0000000084300000, 0x0000000084300000, 0x0000000084400000|  0%| F|  |TAMS 0x0000000084300000, 0x0000000084300000| Untracked 
|  42|0x0000000084400000, 0x0000000084400000, 0x0000000084500000|  0%| F|  |TAMS 0x0000000084400000, 0x0000000084400000| Untracked 
|  43|0x0000000084500000, 0x0000000084500000, 0x0000000084600000|  0%| F|  |TAMS 0x0000000084500000, 0x0000000084500000| Untracked 
|  44|0x0000000084600000, 0x0000000084600000, 0x0000000084700000|  0%| F|  |TAMS 0x0000000084600000, 0x0000000084600000| Untracked 
|  45|0x0000000084700000, 0x0000000084700000, 0x0000000084800000|  0%| F|  |TAMS 0x0000000084700000, 0x0000000084700000| Untracked 
|  46|0x0000000084800000, 0x0000000084800000, 0x0000000084900000|  0%| F|  |TAMS 0x0000000084800000, 0x0000000084800000| Untracked 
|  47|0x0000000084900000, 0x0000000084900000, 0x0000000084a00000|  0%| F|  |TAMS 0x0000000084900000, 0x0000000084900000| Untracked 
|  48|0x0000000084a00000, 0x0000000084a00000, 0x0000000084b00000|  0%| F|  |TAMS 0x0000000084a00000, 0x0000000084a00000| Untracked 
|  49|0x0000000084b00000, 0x0000000084b00000, 0x0000000084c00000|  0%| F|  |TAMS 0x0000000084b00000, 0x0000000084b00000| Untracked 
|  50|0x0000000084c00000, 0x0000000084c00000, 0x0000000084d00000|  0%| F|  |TAMS 0x0000000084c00000, 0x0000000084c00000| Untracked 
|  51|0x0000000084d00000, 0x0000000084d00000, 0x0000000084e00000|  0%| F|  |TAMS 0x0000000084d00000, 0x0000000084d00000| Untracked 
|  52|0x0000000084e00000, 0x0000000084e00000, 0x0000000084f00000|  0%| F|  |TAMS 0x0000000084e00000, 0x0000000084e00000| Untracked 
|  53|0x0000000084f00000, 0x0000000084f00000, 0x0000000085000000|  0%| F|  |TAMS 0x0000000084f00000, 0x0000000084f00000| Untracked 
|  54|0x0000000085000000, 0x0000000085000000, 0x0000000085100000|  0%| F|  |TAMS 0x0000000085000000, 0x0000000085000000| Untracked 
|  55|0x0000000085100000, 0x0000000085100000, 0x0000000085200000|  0%| F|  |TAMS 0x0000000085100000, 0x0000000085100000| Untracked 
|  56|0x0000000085200000, 0x0000000085200000, 0x0000000085300000|  0%| F|  |TAMS 0x0000000085200000, 0x0000000085200000| Untracked 
|  57|0x0000000085300000, 0x0000000085300000, 0x0000000085400000|  0%| F|  |TAMS 0x0000000085300000, 0x0000000085300000| Untracked 
|  58|0x0000000085400000, 0x0000000085400000, 0x0000000085500000|  0%| F|  |TAMS 0x0000000085400000, 0x0000000085400000| Untracked 
|  59|0x0000000085500000, 0x0000000085500000, 0x0000000085600000|  0%| F|  |TAMS 0x0000000085500000, 0x0000000085500000| Untracked 
|  60|0x0000000085600000, 0x0000000085600000, 0x0000000085700000|  0%| F|  |TAMS 0x0000000085600000, 0x0000000085600000| Untracked 
|  61|0x0000000085700000, 0x0000000085700000, 0x0000000085800000|  0%| F|  |TAMS 0x0000000085700000, 0x0000000085700000| Untracked 
|  62|0x0000000085800000, 0x0000000085800000, 0x0000000085900000|  0%| F|  |TAMS 0x0000000085800000, 0x0000000085800000| Untracked 
|  63|0x0000000085900000, 0x0000000085900000, 0x0000000085a00000|  0%| F|  |TAMS 0x0000000085900000, 0x0000000085900000| Untracked 
|  64|0x0000000085a00000, 0x0000000085a00000, 0x0000000085b00000|  0%| F|  |TAMS 0x0000000085a00000, 0x0000000085a00000| Untracked 
|  65|0x0000000085b00000, 0x0000000085b00000, 0x0000000085c00000|  0%| F|  |TAMS 0x0000000085b00000, 0x0000000085b00000| Untracked 
|  66|0x0000000085c00000, 0x0000000085c00000, 0x0000000085d00000|  0%| F|  |TAMS 0x0000000085c00000, 0x0000000085c00000| Untracked 
|  67|0x0000000085d00000, 0x0000000085d00000, 0x0000000085e00000|  0%| F|  |TAMS 0x0000000085d00000, 0x0000000085d00000| Untracked 
|  68|0x0000000085e00000, 0x0000000085e00000, 0x0000000085f00000|  0%| F|  |TAMS 0x0000000085e00000, 0x0000000085e00000| Untracked 
|  69|0x0000000085f00000, 0x0000000085f00000, 0x0000000086000000|  0%| F|  |TAMS 0x0000000085f00000, 0x0000000085f00000| Untracked 
|  70|0x0000000086000000, 0x0000000086000000, 0x0000000086100000|  0%| F|  |TAMS 0x0000000086000000, 0x0000000086000000| Untracked 
|  71|0x0000000086100000, 0x0000000086100000, 0x0000000086200000|  0%| F|  |TAMS 0x0000000086100000, 0x0000000086100000| Untracked 
|  72|0x0000000086200000, 0x0000000086200000, 0x0000000086300000|  0%| F|  |TAMS 0x0000000086200000, 0x0000000086200000| Untracked 
|  73|0x0000000086300000, 0x0000000086300000, 0x0000000086400000|  0%| F|  |TAMS 0x0000000086300000, 0x0000000086300000| Untracked 
|  74|0x0000000086400000, 0x0000000086400000, 0x0000000086500000|  0%| F|  |TAMS 0x0000000086400000, 0x0000000086400000| Untracked 
|  75|0x0000000086500000, 0x0000000086500000, 0x0000000086600000|  0%| F|  |TAMS 0x0000000086500000, 0x0000000086500000| Untracked 
|  76|0x0000000086600000, 0x0000000086600000, 0x0000000086700000|  0%| F|  |TAMS 0x0000000086600000, 0x0000000086600000| Untracked 
|  77|0x0000000086700000, 0x0000000086700000, 0x0000000086800000|  0%| F|  |TAMS 0x0000000086700000, 0x0000000086700000| Untracked 
|  78|0x0000000086800000, 0x0000000086800000, 0x0000000086900000|  0%| F|  |TAMS 0x0000000086800000, 0x0000000086800000| Untracked 
|  79|0x0000000086900000, 0x0000000086900000, 0x0000000086a00000|  0%| F|  |TAMS 0x0000000086900000, 0x0000000086900000| Untracked 
|  80|0x0000000086a00000, 0x0000000086a00000, 0x0000000086b00000|  0%| F|  |TAMS 0x0000000086a00000, 0x0000000086a00000| Untracked 
|  81|0x0000000086b00000, 0x0000000086b00000, 0x0000000086c00000|  0%| F|  |TAMS 0x0000000086b00000, 0x0000000086b00000| Untracked 
|  82|0x0000000086c00000, 0x0000000086c00000, 0x0000000086d00000|  0%| F|  |TAMS 0x0000000086c00000, 0x0000000086c00000| Untracked 
|  83|0x0000000086d00000, 0x0000000086d00000, 0x0000000086e00000|  0%| F|  |TAMS 0x0000000086d00000, 0x0000000086d00000| Untracked 
|  84|0x0000000086e00000, 0x0000000086e00000, 0x0000000086f00000|  0%| F|  |TAMS 0x0000000086e00000, 0x0000000086e00000| Untracked 
|  85|0x0000000086f00000, 0x0000000086f00000, 0x0000000087000000|  0%| F|  |TAMS 0x0000000086f00000, 0x0000000086f00000| Untracked 
|  86|0x0000000087000000, 0x0000000087000000, 0x0000000087100000|  0%| F|  |TAMS 0x0000000087000000, 0x0000000087000000| Untracked 
|  87|0x0000000087100000, 0x0000000087100000, 0x0000000087200000|  0%| F|  |TAMS 0x0000000087100000, 0x0000000087100000| Untracked 
|  88|0x0000000087200000, 0x0000000087200000, 0x0000000087300000|  0%| F|  |TAMS 0x0000000087200000, 0x0000000087200000| Untracked 
|  89|0x0000000087300000, 0x0000000087300000, 0x0000000087400000|  0%| F|  |TAMS 0x0000000087300000, 0x0000000087300000| Untracked 
|  90|0x0000000087400000, 0x0000000087400000, 0x0000000087500000|  0%| F|  |TAMS 0x0000000087400000, 0x0000000087400000| Untracked 
|  91|0x0000000087500000, 0x0000000087500000, 0x0000000087600000|  0%| F|  |TAMS 0x0000000087500000, 0x0000000087500000| Untracked 
|  92|0x0000000087600000, 0x0000000087600000, 0x0000000087700000|  0%| F|  |TAMS 0x0000000087600000, 0x0000000087600000| Untracked 
|  93|0x0000000087700000, 0x0000000087700000, 0x0000000087800000|  0%| F|  |TAMS 0x0000000087700000, 0x0000000087700000| Untracked 
|  94|0x0000000087800000, 0x0000000087800000, 0x0000000087900000|  0%| F|  |TAMS 0x0000000087800000, 0x0000000087800000| Untracked 
|  95|0x0000000087900000, 0x0000000087900000, 0x0000000087a00000|  0%| F|  |TAMS 0x0000000087900000, 0x0000000087900000| Untracked 
|  96|0x0000000087a00000, 0x0000000087a00000, 0x0000000087b00000|  0%| F|  |TAMS 0x0000000087a00000, 0x0000000087a00000| Untracked 
|  97|0x0000000087b00000, 0x0000000087b00000, 0x0000000087c00000|  0%| F|  |TAMS 0x0000000087b00000, 0x0000000087b00000| Untracked 
|  98|0x0000000087c00000, 0x0000000087c00000, 0x0000000087d00000|  0%| F|  |TAMS 0x0000000087c00000, 0x0000000087c00000| Untracked 
|  99|0x0000000087d00000, 0x0000000087d00000, 0x0000000087e00000|  0%| F|  |TAMS 0x0000000087d00000, 0x0000000087d00000| Untracked 
| 100|0x0000000087e00000, 0x0000000087e00000, 0x0000000087f00000|  0%| F|  |TAMS 0x0000000087e00000, 0x0000000087e00000| Untracked 
| 101|0x0000000087f00000, 0x0000000087f00000, 0x0000000088000000|  0%| F|  |TAMS 0x0000000087f00000, 0x0000000087f00000| Untracked 
| 102|0x0000000088000000, 0x0000000088000000, 0x0000000088100000|  0%| F|  |TAMS 0x0000000088000000, 0x0000000088000000| Untracked 
| 103|0x0000000088100000, 0x0000000088100000, 0x0000000088200000|  0%| F|  |TAMS 0x0000000088100000, 0x0000000088100000| Untracked 
| 104|0x0000000088200000, 0x0000000088200000, 0x0000000088300000|  0%| F|  |TAMS 0x0000000088200000, 0x0000000088200000| Untracked 
| 105|0x0000000088300000, 0x0000000088300000, 0x0000000088400000|  0%| F|  |TAMS 0x0000000088300000, 0x0000000088300000| Untracked 
| 106|0x0000000088400000, 0x0000000088400000, 0x0000000088500000|  0%| F|  |TAMS 0x0000000088400000, 0x0000000088400000| Untracked 
| 107|0x0000000088500000, 0x0000000088500000, 0x0000000088600000|  0%| F|  |TAMS 0x0000000088500000, 0x0000000088500000| Untracked 
| 108|0x0000000088600000, 0x0000000088600000, 0x0000000088700000|  0%| F|  |TAMS 0x0000000088600000, 0x0000000088600000| Untracked 
| 109|0x0000000088700000, 0x0000000088700000, 0x0000000088800000|  0%| F|  |TAMS 0x0000000088700000, 0x0000000088700000| Untracked 
| 110|0x0000000088800000, 0x0000000088800000, 0x0000000088900000|  0%| F|  |TAMS 0x0000000088800000, 0x0000000088800000| Untracked 
| 111|0x0000000088900000, 0x0000000088900000, 0x0000000088a00000|  0%| F|  |TAMS 0x0000000088900000, 0x0000000088900000| Untracked 
| 112|0x0000000088a00000, 0x0000000088a00000, 0x0000000088b00000|  0%| F|  |TAMS 0x0000000088a00000, 0x0000000088a00000| Untracked 
| 113|0x0000000088b00000, 0x0000000088b00000, 0x0000000088c00000|  0%| F|  |TAMS 0x0000000088b00000, 0x0000000088b00000| Untracked 
| 114|0x0000000088c00000, 0x0000000088c00000, 0x0000000088d00000|  0%| F|  |TAMS 0x0000000088c00000, 0x0000000088c00000| Untracked 
| 115|0x0000000088d00000, 0x0000000088d00000, 0x0000000088e00000|  0%| F|  |TAMS 0x0000000088d00000, 0x0000000088d00000| Untracked 
| 116|0x0000000088e00000, 0x0000000088e43160, 0x0000000088f00000| 26%| E|  |TAMS 0x0000000088e00000, 0x0000000088e00000| Complete 
| 117|0x0000000088f00000, 0x0000000089000000, 0x0000000089000000|100%| E|CS|TAMS 0x0000000088f00000, 0x0000000088f00000| Complete 
| 118|0x0000000089000000, 0x0000000089100000, 0x0000000089100000|100%| E|CS|TAMS 0x0000000089000000, 0x0000000089000000| Complete 
| 119|0x0000000089100000, 0x0000000089200000, 0x0000000089200000|100%| E|CS|TAMS 0x0000000089100000, 0x0000000089100000| Complete 
| 120|0x0000000089200000, 0x0000000089300000, 0x0000000089300000|100%| E|CS|TAMS 0x0000000089200000, 0x0000000089200000| Complete 
| 121|0x0000000089300000, 0x0000000089400000, 0x0000000089400000|100%| E|CS|TAMS 0x0000000089300000, 0x0000000089300000| Complete 
| 122|0x0000000089400000, 0x0000000089500000, 0x0000000089500000|100%| E|CS|TAMS 0x0000000089400000, 0x0000000089400000| Complete 
| 123|0x0000000089500000, 0x0000000089600000, 0x0000000089600000|100%| E|CS|TAMS 0x0000000089500000, 0x0000000089500000| Complete 
| 124|0x0000000089600000, 0x0000000089700000, 0x0000000089700000|100%| E|CS|TAMS 0x0000000089600000, 0x0000000089600000| Complete 
| 125|0x0000000089700000, 0x0000000089800000, 0x0000000089800000|100%| E|CS|TAMS 0x0000000089700000, 0x0000000089700000| Complete 
| 126|0x0000000089800000, 0x0000000089900000, 0x0000000089900000|100%| E|CS|TAMS 0x0000000089800000, 0x0000000089800000| Complete 
| 127|0x0000000089900000, 0x0000000089a00000, 0x0000000089a00000|100%| E|CS|TAMS 0x0000000089900000, 0x0000000089900000| Complete 

Card table byte_map: [0x0000026e62e90000,0x0000026e63290000] _byte_map_base: 0x0000026e62a83000

Marking Bits (Prev, Next): (CMBitMap*) 0x0000026e5060f2f0, (CMBitMap*) 0x0000026e5060f330
 Prev Bits: [0x0000026e63690000, 0x0000026e65628000)
 Next Bits: [0x0000026e65630000, 0x0000026e675c8000)

Polling page: 0x0000026e4e410000

Metaspace:

Usage:
  Non-class:     12.94 MB used.
      Class:      1.50 MB used.
       Both:     14.44 MB used.

Virtual space:
  Non-class space:       64.00 MB reserved,      13.00 MB ( 20%) committed,  1 nodes.
      Class space:        1.00 GB reserved,       1.56 MB ( <1%) committed,  1 nodes.
             Both:        1.06 GB reserved,      14.56 MB (  1%) committed. 

Chunk freelists:
   Non-Class:  2.58 MB
       Class:  14.25 MB
        Both:  16.83 MB

MaxMetaspaceSize: unlimited
CompressedClassSpaceSize: 1.00 GB
Initial GC threshold: 21.00 MB
Current GC threshold: 21.00 MB
CDS: off
MetaspaceReclaimPolicy: balanced
 - commit_granule_bytes: 65536.
 - commit_granule_words: 8192.
 - virtual_space_node_default_size: 8388608.
 - enlarge_chunks_in_place: 1.
 - new_chunks_are_fully_committed: 0.
 - uncommit_free_chunks: 1.
 - use_allocation_guard: 0.
 - handle_deallocations: 1.


Internal statistics:

num_allocs_failed_limit: 0.
num_arena_births: 120.
num_arena_deaths: 0.
num_vsnodes_births: 2.
num_vsnodes_deaths: 0.
num_space_committed: 233.
num_space_uncommitted: 0.
num_chunks_returned_to_freelist: 0.
num_chunks_taken_from_freelist: 245.
num_chunk_merges: 0.
num_chunk_splits: 141.
num_chunks_enlarged: 85.
num_inconsistent_stats: 0.

CodeHeap 'non-profiled nmethods': size=120000Kb used=268Kb max_used=268Kb free=119731Kb
 bounds [0x0000026e5b560000, 0x0000026e5b7d0000, 0x0000026e62a90000]
CodeHeap 'profiled nmethods': size=120000Kb used=1362Kb max_used=1362Kb free=118637Kb
 bounds [0x0000026e53a90000, 0x0000026e53d00000, 0x0000026e5afc0000]
CodeHeap 'non-nmethods': size=5760Kb used=1173Kb max_used=1191Kb free=4586Kb
 bounds [0x0000026e5afc0000, 0x0000026e5b230000, 0x0000026e5b560000]
 total_blobs=1340 nmethods=871 adapters=382
 compilation: enabled
              stopped_count=0, restarted_count=0
 full_count=0

Compilation events (20 events):
Event: 0.876 Thread 0x0000026e6e059a80 nmethod 859 0x0000026e53be1010 code [0x0000026e53be11c0, 0x0000026e53be12e8]
Event: 0.878 Thread 0x0000026e6e059a80  864       3       java.util.regex.Pattern$Start::match (90 bytes)
Event: 0.879 Thread 0x0000026e6e059a80 nmethod 864 0x0000026e53be1390 code [0x0000026e53be1560, 0x0000026e53be1968]
Event: 0.879 Thread 0x0000026e6e059a80  863       3       java.util.regex.Matcher::find (69 bytes)
Event: 0.879 Thread 0x0000026e6e059a80 nmethod 863 0x0000026e53be1b10 code [0x0000026e53be1cc0, 0x0000026e53be1fc8]
Event: 0.879 Thread 0x0000026e6e059a80  865       3       java.util.regex.Pattern::split (7 bytes)
Event: 0.879 Thread 0x0000026e6e059a80 nmethod 865 0x0000026e53be2110 code [0x0000026e53be22a0, 0x0000026e53be23e8]
Event: 0.880 Thread 0x0000026e6e059a80  866       3       java.util.regex.Pattern$GroupHead::match (47 bytes)
Event: 0.880 Thread 0x0000026e6e059a80 nmethod 866 0x0000026e53be2490 code [0x0000026e53be2640, 0x0000026e53be28a8]
Event: 0.880 Thread 0x0000026e6e051070  867   !   4       java.util.concurrent.ConcurrentHashMap::putVal (432 bytes)
Event: 0.880 Thread 0x0000026e6e059a80  869       3       sun.security.ssl.SSLAlgorithmConstraints::permits (96 bytes)
Event: 0.881 Thread 0x0000026e6e059a80 nmethod 869 0x0000026e53be2a90 code [0x0000026e53be2c80, 0x0000026e53be3198]
Event: 0.881 Thread 0x0000026e6e059a80  870   !   3       sun.security.ssl.SSLAlgorithmDecomposer::decompose (67 bytes)
Event: 0.882 Thread 0x0000026e6e059a80 nmethod 870 0x0000026e53be3310 code [0x0000026e53be3520, 0x0000026e53be3b08]
Event: 0.882 Thread 0x0000026e6e059a80  871       3       java.nio.HeapByteBuffer::ix (7 bytes)
Event: 0.882 Thread 0x0000026e6e059a80 nmethod 871 0x0000026e53be3d90 code [0x0000026e53be3f20, 0x0000026e53be4038]
Event: 0.882 Thread 0x0000026e6e059a80  873       3       java.util.LinkedList$ListItr::hasNext (20 bytes)
Event: 0.882 Thread 0x0000026e6e059a80 nmethod 873 0x0000026e53be4110 code [0x0000026e53be42a0, 0x0000026e53be4418]
Event: 0.882 Thread 0x0000026e6e059a80  872       3       java.nio.Buffer::remaining (20 bytes)
Event: 0.882 Thread 0x0000026e6e059a80 nmethod 872 0x0000026e53be4510 code [0x0000026e53be46a0, 0x0000026e53be4838]

GC Heap History (0 events):
No events

Dll operation events (1 events):
Event: 0.009 Loaded shared library C:\Program Files\Android\Android Studio\jbr\bin\java.dll

Deoptimization events (18 events):
Event: 0.531 Thread 0x0000026e505b8390 DEOPT PACKING pc=0x0000026e53ac262d sp=0x000000e7c0cfe050
Event: 0.531 Thread 0x0000026e505b8390 DEOPT UNPACKING pc=0x0000026e5b017143 sp=0x000000e7c0cfd4e8 mode 0
Event: 0.637 Thread 0x0000026e505b8390 Uncommon trap: trap_request=0xffffff45 fr.pc=0x0000026e5b5792dc relative=0x00000000000001dc
Event: 0.637 Thread 0x0000026e505b8390 Uncommon trap: reason=unstable_if action=reinterpret pc=0x0000026e5b5792dc method=java.util.HashMap.putVal(ILjava/lang/Object;Ljava/lang/Object;ZZ)Ljava/lang/Object; @ 162 c2
Event: 0.637 Thread 0x0000026e505b8390 DEOPT PACKING pc=0x0000026e5b5792dc sp=0x000000e7c0cfbc00
Event: 0.637 Thread 0x0000026e505b8390 DEOPT UNPACKING pc=0x0000026e5b0169a3 sp=0x000000e7c0cfbba0 mode 2
Event: 0.674 Thread 0x0000026e505b8390 DEOPT PACKING pc=0x0000026e53aa61e7 sp=0x000000e7c0cf9700
Event: 0.674 Thread 0x0000026e505b8390 DEOPT UNPACKING pc=0x0000026e5b017143 sp=0x000000e7c0cf8b20 mode 0
Event: 0.700 Thread 0x0000026e505b8390 Uncommon trap: trap_request=0xffffff45 fr.pc=0x0000026e5b576c9c relative=0x00000000000003fc
Event: 0.700 Thread 0x0000026e505b8390 Uncommon trap: reason=unstable_if action=reinterpret pc=0x0000026e5b576c9c method=java.lang.StringLatin1.newString([BII)Ljava/lang/String; @ 1 c2
Event: 0.700 Thread 0x0000026e505b8390 DEOPT PACKING pc=0x0000026e5b576c9c sp=0x000000e7c0cfe800
Event: 0.700 Thread 0x0000026e505b8390 DEOPT UNPACKING pc=0x0000026e5b0169a3 sp=0x000000e7c0cfe7c8 mode 2
Event: 0.743 Thread 0x0000026e505b8390 Uncommon trap: trap_request=0xffffff45 fr.pc=0x0000026e5b58e138 relative=0x0000000000000198
Event: 0.743 Thread 0x0000026e505b8390 Uncommon trap: reason=unstable_if action=reinterpret pc=0x0000026e5b58e138 method=java.lang.invoke.VarHandle.checkExactAccessMode(Ljava/lang/invoke/VarHandle$AccessDescriptor;)V @ 4 c2
Event: 0.744 Thread 0x0000026e505b8390 DEOPT PACKING pc=0x0000026e5b58e138 sp=0x000000e7c0cfefe0
Event: 0.744 Thread 0x0000026e505b8390 DEOPT UNPACKING pc=0x0000026e5b0169a3 sp=0x000000e7c0cfefc0 mode 2
Event: 0.748 Thread 0x0000026e505b8390 DEOPT PACKING pc=0x0000026e53aa5551 sp=0x000000e7c0cfdb50
Event: 0.748 Thread 0x0000026e505b8390 DEOPT UNPACKING pc=0x0000026e5b017143 sp=0x000000e7c0cfcfc8 mode 0

Classes unloaded (0 events):
No events

Classes redefined (0 events):
No events

Internal exceptions (20 events):
Event: 0.380 Thread 0x0000026e505b8390 Exception <a 'java/lang/NoSuchMethodError'{0x00000000897d1418}: 'void java.lang.invoke.DirectMethodHandle$Holder.invokeStaticInit(java.lang.Object, java.lang.Object)'> (0x00000000897d1418) 
thrown [s\src\hotspot\share\interpreter\linkResolver.cpp, line 771]
Event: 0.382 Thread 0x0000026e505b8390 Exception <a 'java/lang/NoSuchMethodError'{0x00000000897d7d90}: 'int java.lang.invoke.DirectMethodHandle$Holder.invokeStaticInit(java.lang.Object, java.lang.Object)'> (0x00000000897d7d90) 
thrown [s\src\hotspot\share\interpreter\linkResolver.cpp, line 771]
Event: 0.464 Thread 0x0000026e505b8390 Exception <a 'java/lang/NoSuchMethodError'{0x00000000896bf018}: 'java.lang.Object java.lang.invoke.DirectMethodHandle$Holder.invokeStaticInit(java.lang.Object, int, int, int, int)'> (0x00000000896bf018) 
thrown [s\src\hotspot\share\interpreter\linkResolver.cpp, line 771]
Event: 0.540 Thread 0x0000026e505b8390 Exception <a 'java/lang/NoSuchMethodError'{0x0000000089549b10}: 'java.lang.Object java.lang.invoke.DirectMethodHandle$Holder.invokeStaticInit(java.lang.Object, java.lang.Object, int, int, int, int)'> (0x0000000089549b10) 
thrown [s\src\hotspot\share\interpreter\linkResolver.cpp, line 771]
Event: 0.553 Thread 0x0000026e505b8390 Exception <a 'java/lang/NoSuchMethodError'{0x00000000895b2e28}: 'java.lang.Object java.lang.invoke.DirectMethodHandle$Holder.invokeStatic(java.lang.Object, java.lang.Object, int)'> (0x00000000895b2e28) 
thrown [s\src\hotspot\share\interpreter\linkResolver.cpp, line 771]
Event: 0.554 Thread 0x0000026e505b8390 Exception <a 'java/lang/NoSuchMethodError'{0x00000000895b65a0}: 'java.lang.Object java.lang.invoke.DirectMethodHandle$Holder.invokeStaticInit(java.lang.Object, java.lang.Object, int)'> (0x00000000895b65a0) 
thrown [s\src\hotspot\share\interpreter\linkResolver.cpp, line 771]
Event: 0.555 Thread 0x0000026e505b8390 Exception <a 'java/lang/NoSuchMethodError'{0x00000000895bc950}: 'java.lang.Object java.lang.invoke.DirectMethodHandle$Holder.newInvokeSpecial(java.lang.Object, java.lang.Object, int)'> (0x00000000895bc950) 
thrown [s\src\hotspot\share\interpreter\linkResolver.cpp, line 771]
Event: 0.558 Thread 0x0000026e505b8390 Exception <a 'java/lang/NoSuchMethodError'{0x00000000895c80f8}: 'int java.lang.invoke.DirectMethodHandle$Holder.invokeStaticInit(java.lang.Object, java.lang.Object, java.lang.Object)'> (0x00000000895c80f8) 
thrown [s\src\hotspot\share\interpreter\linkResolver.cpp, line 771]
Event: 0.562 Thread 0x0000026e505b8390 Exception <a 'java/lang/NoSuchMethodError'{0x00000000895dc558}: 'int java.lang.invoke.DirectMethodHandle$Holder.invokeSpecial(java.lang.Object, java.lang.Object, java.lang.Object)'> (0x00000000895dc558) 
thrown [s\src\hotspot\share\interpreter\linkResolver.cpp, line 771]
Event: 0.564 Thread 0x0000026e505b8390 Exception <a 'java/lang/NoSuchMethodError'{0x00000000895e4938}: 'int java.lang.invoke.DirectMethodHandle$Holder.invokeSpecialIFC(java.lang.Object, java.lang.Object, java.lang.Object)'> (0x00000000895e4938) 
thrown [s\src\hotspot\share\interpreter\linkResolver.cpp, line 771]
Event: 0.606 Thread 0x0000026e505b8390 Exception <a 'java/lang/NoSuchMethodError'{0x0000000089471250}: 'java.lang.Object java.lang.invoke.DirectMethodHandle$Holder.invokeStaticInit(java.lang.Object)'> (0x0000000089471250) 
thrown [s\src\hotspot\share\interpreter\linkResolver.cpp, line 771]
Event: 0.719 Thread 0x0000026e505b8390 Exception <a 'java/lang/NoSuchMethodError'{0x0000000089225f88}: 'java.lang.Object java.lang.invoke.DirectMethodHandle$Holder.newInvokeSpecial(java.lang.Object, java.lang.Object, java.lang.Object, java.lang.Object, java.lang.Object)'> (0x0000000089225f88) 
thrown [s\src\hotspot\share\interpreter\linkResolver.cpp, line 771]
Event: 0.781 Thread 0x0000026e505b8390 Exception <a 'java/lang/NoSuchMethodError'{0x00000000891b3d80}: 'java.lang.Object java.lang.invoke.DirectMethodHandle$Holder.invokeSpecial(java.lang.Object, java.lang.Object, java.lang.Object, java.lang.Object, int)'> (0x00000000891b3d80) 
thrown [s\src\hotspot\share\interpreter\linkResolver.cpp, line 771]
Event: 0.781 Thread 0x0000026e505b8390 Exception <a 'java/lang/NoSuchMethodError'{0x00000000891b7948}: 'java.lang.Object java.lang.invoke.Invokers$Holder.linkToTargetMethod(java.lang.Object, java.lang.Object, int, java.lang.Object)'> (0x00000000891b7948) 
thrown [s\src\hotspot\share\interpreter\linkResolver.cpp, line 771]
Event: 0.797 Thread 0x0000026e505b8390 Exception <a 'java/lang/NoSuchMethodError'{0x0000000089017f18}: 'void java.lang.invoke.DirectMethodHandle$Holder.invokeSpecial(java.lang.Object, java.lang.Object, java.lang.Object)'> (0x0000000089017f18) 
thrown [s\src\hotspot\share\interpreter\linkResolver.cpp, line 771]
Event: 0.821 Thread 0x0000026e6e504c30 Exception <a 'java/lang/NoSuchMethodError'{0x00000000893f4158}: 'void java.lang.invoke.DirectMethodHandle$Holder.invokeStatic(java.lang.Object, java.lang.Object, int)'> (0x00000000893f4158) 
thrown [s\src\hotspot\share\interpreter\linkResolver.cpp, line 771]
Event: 0.822 Thread 0x0000026e505b8390 Exception <a 'java/lang/NoSuchMethodError'{0x000000008909e1d0}: 'void java.lang.invoke.DirectMethodHandle$Holder.invokeSpecial(java.lang.Object, java.lang.Object, java.lang.Object, java.lang.Object, java.lang.Object)'> (0x000000008909e1d0) 
thrown [s\src\hotspot\share\interpreter\linkResolver.cpp, line 771]
Event: 0.832 Thread 0x0000026e6e655bb0 Exception <a 'java/lang/NoSuchMethodError'{0x0000000088f24270}: 'void java.lang.invoke.DirectMethodHandle$Holder.invokeInterface(java.lang.Object, java.lang.Object, java.lang.Object)'> (0x0000000088f24270) 
thrown [s\src\hotspot\share\interpreter\linkResolver.cpp, line 771]
Event: 0.835 Thread 0x0000026e6e655bb0 Exception <a 'java/lang/NoSuchMethodError'{0x0000000088f3a758}: 'int java.lang.invoke.DirectMethodHandle$Holder.invokeStaticInit(java.lang.Object, int, int)'> (0x0000000088f3a758) 
thrown [s\src\hotspot\share\interpreter\linkResolver.cpp, line 771]
Event: 0.843 Thread 0x0000026e6e655bb0 Exception <a 'java/lang/NoSuchMethodError'{0x0000000088f7d2c0}: 'void java.lang.invoke.DirectMethodHandle$Holder.invokeVirtual(java.lang.Object, java.lang.Object)'> (0x0000000088f7d2c0) 
thrown [s\src\hotspot\share\interpreter\linkResolver.cpp, line 771]

VM Operations (8 events):
Event: 0.206 Executing VM operation: HandshakeAllThreads
Event: 0.206 Executing VM operation: HandshakeAllThreads done
Event: 0.227 Executing VM operation: HandshakeAllThreads
Event: 0.227 Executing VM operation: HandshakeAllThreads done
Event: 0.483 Executing VM operation: HandshakeAllThreads
Event: 0.483 Executing VM operation: HandshakeAllThreads done
Event: 0.611 Executing VM operation: HandshakeAllThreads
Event: 0.611 Executing VM operation: HandshakeAllThreads done

Events (20 events):
Event: 0.879 loading class sun/security/ssl/ECPointFormatsExtension$ECPointFormat done
Event: 0.879 loading class sun/security/ssl/AlpnExtension$AlpnSpec
Event: 0.879 loading class sun/security/ssl/AlpnExtension$AlpnSpec done
Event: 0.879 loading class sun/security/ssl/CertStatusExtension$CertStatusRequestV2Spec
Event: 0.879 loading class sun/security/ssl/CertStatusExtension$CertStatusRequestV2Spec done
Event: 0.880 loading class sun/security/ssl/ExtendedMasterSecretExtension$ExtendedMasterSecretSpec
Event: 0.880 loading class sun/security/ssl/ExtendedMasterSecretExtension$ExtendedMasterSecretSpec done
Event: 0.881 loading class sun/security/ssl/SignatureAlgorithmsExtension$SignatureSchemesSpec
Event: 0.881 loading class sun/security/ssl/SignatureAlgorithmsExtension$SignatureSchemesSpec done
Event: 0.881 loading class sun/security/ssl/SupportedVersionsExtension$CHSupportedVersionsSpec
Event: 0.881 loading class sun/security/ssl/SupportedVersionsExtension$CHSupportedVersionsSpec done
Event: 0.882 loading class sun/security/ssl/PskKeyExchangeModesExtension$PskKeyExchangeModesSpec
Event: 0.882 loading class sun/security/ssl/PskKeyExchangeModesExtension$PskKeyExchangeModesSpec done
Event: 0.882 loading class sun/security/ssl/PskKeyExchangeModesExtension$PskKeyExchangeMode
Event: 0.882 loading class sun/security/ssl/PskKeyExchangeModesExtension$PskKeyExchangeMode done
Event: 0.882 loading class sun/security/ssl/SSLKeyExchange
Event: 0.883 loading class sun/security/ssl/SSLKeyAgreementGenerator
Event: 0.883 loading class sun/security/ssl/SSLKeyAgreementGenerator done
Event: 0.883 loading class sun/security/ssl/SSLHandshakeBinding
Event: 0.883 loading class sun/security/ssl/SSLHandshakeBinding done


Dynamic libraries:
0x00007ff7b06f0000 - 0x00007ff7b06fa000 	C:\Program Files\Android\Android Studio\jbr\bin\java.exe
0x00007ffdfea70000 - 0x00007ffdfec68000 	C:\WINDOWS\SYSTEM32\ntdll.dll
0x00007ffdf67d0000 - 0x00007ffdf67e9000 	C:\Program Files\Avast Software\Avast\aswhook.dll
0x00007ffdfd690000 - 0x00007ffdfd74d000 	C:\WINDOWS\System32\KERNEL32.DLL
0x00007ffdfc490000 - 0x00007ffdfc786000 	C:\WINDOWS\System32\KERNELBASE.dll
0x00007ffdfc120000 - 0x00007ffdfc220000 	C:\WINDOWS\System32\ucrtbase.dll
0x00007ffd90720000 - 0x00007ffd90737000 	C:\Program Files\Android\Android Studio\jbr\bin\jli.dll
0x00007ffde29e0000 - 0x00007ffde29fb000 	C:\Program Files\Android\Android Studio\jbr\bin\VCRUNTIME140.dll
0x00007ffdfe6d0000 - 0x00007ffdfe86f000 	C:\WINDOWS\System32\USER32.dll
0x00007ffdfc790000 - 0x00007ffdfc7b2000 	C:\WINDOWS\System32\win32u.dll
0x00007ffdea000000 - 0x00007ffdea29a000 	C:\WINDOWS\WinSxS\amd64_microsoft.windows.common-controls_6595b64144ccf1df_6.0.19041.4355_none_60b8b9eb71f62e16\COMCTL32.dll
0x00007ffdfe3e0000 - 0x00007ffdfe40b000 	C:\WINDOWS\System32\GDI32.dll
0x00007ffdfdec0000 - 0x00007ffdfdf5e000 	C:\WINDOWS\System32\msvcrt.dll
0x00007ffdfc220000 - 0x00007ffdfc337000 	C:\WINDOWS\System32\gdi32full.dll
0x00007ffdfc870000 - 0x00007ffdfc90d000 	C:\WINDOWS\System32\msvcp_win.dll
0x00007ffdfdcb0000 - 0x00007ffdfdce2000 	C:\WINDOWS\System32\IMM32.DLL
0x00007ffdf6dc0000 - 0x00007ffdf6dcc000 	C:\Program Files\Android\Android Studio\jbr\bin\vcruntime140_1.dll
0x00007ffdb0dd0000 - 0x00007ffdb0e5d000 	C:\Program Files\Android\Android Studio\jbr\bin\msvcp140.dll
0x00007ffd7dca0000 - 0x00007ffd7e923000 	C:\Program Files\Android\Android Studio\jbr\bin\server\jvm.dll
0x00007ffdfdd80000 - 0x00007ffdfde30000 	C:\WINDOWS\System32\ADVAPI32.dll
0x00007ffdfe990000 - 0x00007ffdfea30000 	C:\WINDOWS\System32\sechost.dll
0x00007ffdfd8a0000 - 0x00007ffdfd9c3000 	C:\WINDOWS\System32\RPCRT4.dll
0x00007ffdfca70000 - 0x00007ffdfca97000 	C:\WINDOWS\System32\bcrypt.dll
0x00007ffdfb6a0000 - 0x00007ffdfb6eb000 	C:\WINDOWS\SYSTEM32\POWRPROF.dll
0x00007ffdd8d80000 - 0x00007ffdd8da7000 	C:\WINDOWS\SYSTEM32\WINMM.dll
0x00007ffdf5d10000 - 0x00007ffdf5d1a000 	C:\WINDOWS\SYSTEM32\VERSION.dll
0x00007ffde8940000 - 0x00007ffde8949000 	C:\WINDOWS\SYSTEM32\WSOCK32.dll
0x00007ffdfde30000 - 0x00007ffdfde9b000 	C:\WINDOWS\System32\WS2_32.dll
0x00007ffdfb510000 - 0x00007ffdfb522000 	C:\WINDOWS\SYSTEM32\UMPDC.dll
0x00007ffdf9fa0000 - 0x00007ffdf9fb2000 	C:\WINDOWS\SYSTEM32\kernel.appcore.dll
0x00007ffded3f0000 - 0x00007ffded3fa000 	C:\Program Files\Android\Android Studio\jbr\bin\jimage.dll
0x00007ffdf3760000 - 0x00007ffdf3944000 	C:\WINDOWS\SYSTEM32\DBGHELP.DLL
0x00007ffdf4180000 - 0x00007ffdf41b4000 	C:\WINDOWS\SYSTEM32\dbgcore.DLL
0x00007ffdfc3b0000 - 0x00007ffdfc432000 	C:\WINDOWS\System32\bcryptPrimitives.dll
0x00007ffdec220000 - 0x00007ffdec245000 	C:\Program Files\Android\Android Studio\jbr\bin\java.dll
0x00007ffdebde0000 - 0x00007ffdebdf8000 	C:\Program Files\Android\Android Studio\jbr\bin\zip.dll
0x00007ffdfcec0000 - 0x00007ffdfd62b000 	C:\WINDOWS\System32\SHELL32.dll
0x00007ffdfa1a0000 - 0x00007ffdfa93d000 	C:\WINDOWS\SYSTEM32\windows.storage.dll
0x00007ffdfcb60000 - 0x00007ffdfceb3000 	C:\WINDOWS\System32\combase.dll
0x00007ffdfbb40000 - 0x00007ffdfbb6e000 	C:\WINDOWS\SYSTEM32\Wldp.dll
0x00007ffdfd760000 - 0x00007ffdfd82d000 	C:\WINDOWS\System32\OLEAUT32.dll
0x00007ffdfe4c0000 - 0x00007ffdfe56d000 	C:\WINDOWS\System32\SHCORE.dll
0x00007ffdfcb00000 - 0x00007ffdfcb55000 	C:\WINDOWS\System32\shlwapi.dll
0x00007ffdfc050000 - 0x00007ffdfc074000 	C:\WINDOWS\SYSTEM32\profapi.dll
0x00007ffdebdc0000 - 0x00007ffdebdd9000 	C:\Program Files\Android\Android Studio\jbr\bin\net.dll
0x00007ffdf2c50000 - 0x00007ffdf2d5a000 	C:\WINDOWS\SYSTEM32\WINHTTP.dll
0x00007ffdfb8a0000 - 0x00007ffdfb90a000 	C:\WINDOWS\system32\mswsock.dll
0x00007ffd91f40000 - 0x00007ffd91f56000 	C:\Program Files\Android\Android Studio\jbr\bin\nio.dll
0x00007ffdfba90000 - 0x00007ffdfbaa8000 	C:\WINDOWS\SYSTEM32\CRYPTSP.dll
0x00007ffdfb150000 - 0x00007ffdfb184000 	C:\WINDOWS\system32\rsaenh.dll
0x00007ffdfbfc0000 - 0x00007ffdfbfee000 	C:\WINDOWS\SYSTEM32\USERENV.dll
0x00007ffdfbab0000 - 0x00007ffdfbabc000 	C:\WINDOWS\SYSTEM32\CRYPTBASE.dll
0x00007ffdfb530000 - 0x00007ffdfb56b000 	C:\WINDOWS\SYSTEM32\IPHLPAPI.DLL
0x00007ffdfd890000 - 0x00007ffdfd898000 	C:\WINDOWS\System32\NSI.dll
0x00007ffdf41e0000 - 0x00007ffdf41f7000 	C:\WINDOWS\SYSTEM32\dhcpcsvc6.DLL
0x00007ffdf4670000 - 0x00007ffdf468d000 	C:\WINDOWS\SYSTEM32\dhcpcsvc.DLL
0x00007ffdfb570000 - 0x00007ffdfb63b000 	C:\WINDOWS\SYSTEM32\DNSAPI.dll
0x00007ffdb0140000 - 0x00007ffdb0147000 	C:\WINDOWS\system32\wshunix.dll
0x00007ffdeb7f0000 - 0x00007ffdeb7f9000 	C:\Program Files\Android\Android Studio\jbr\bin\extnet.dll

dbghelp: loaded successfully - version: 4.0.5 - missing functions: none
symbol engine: initialized successfully - sym options: 0x614 - pdb path: .;C:\Program Files\Android\Android Studio\jbr\bin;C:\WINDOWS\SYSTEM32;C:\Program Files\Avast Software\Avast;C:\WINDOWS\WinSxS\amd64_microsoft.windows.common-controls_6595b64144ccf1df_6.0.19041.4355_none_60b8b9eb71f62e16;C:\Program Files\Android\Android Studio\jbr\bin\server

VM Arguments:
java_command: git4idea.http.GitAskPassApp Username for 'https://github.com': 
java_class_path (initial): C:/Program Files/Android/Android Studio/plugins/vcs-git/lib/git4idea-rt.jar;C:/Program Files/Android/Android Studio/lib/externalProcess-rt.jar
Launcher Type: SUN_STANDARD

[Global flags]
     intx CICompilerCount                          = 3                                         {product} {ergonomic}
     uint ConcGCThreads                            = 1                                         {product} {ergonomic}
     uint G1ConcRefinementThreads                  = 4                                         {product} {ergonomic}
   size_t G1HeapRegionSize                         = 1048576                                   {product} {ergonomic}
    uintx GCDrainStackTargetSize                   = 64                                        {product} {ergonomic}
   size_t InitialHeapSize                          = 134217728                                 {product} {ergonomic}
   size_t MarkStackSize                            = 4194304                                   {product} {ergonomic}
   size_t MaxHeapSize                              = 2120220672                                {product} {ergonomic}
   size_t MaxNewSize                               = 1271922688                                {product} {ergonomic}
   size_t MinHeapDeltaBytes                        = 1048576                                   {product} {ergonomic}
   size_t MinHeapSize                              = 8388608                                   {product} {ergonomic}
    uintx NonNMethodCodeHeapSize                   = 5832780                                {pd product} {ergonomic}
    uintx NonProfiledCodeHeapSize                  = 122912730                              {pd product} {ergonomic}
    uintx ProfiledCodeHeapSize                     = 122912730                              {pd product} {ergonomic}
    uintx ReservedCodeCacheSize                    = 251658240                              {pd product} {ergonomic}
     bool SegmentedCodeCache                       = true                                      {product} {ergonomic}
   size_t SoftMaxHeapSize                          = 2120220672                             {manageable} {ergonomic}
     bool UseCompressedClassPointers               = true                           {product lp64_product} {ergonomic}
     bool UseCompressedOops                        = true                           {product lp64_product} {ergonomic}
     bool UseG1GC                                  = true                                      {product} {ergonomic}
     bool UseLargePagesIndividualAllocation        = false                                  {pd product} {ergonomic}

Logging:
Log output configuration:
 #0: stdout all=warning uptime,level,tags
 #1: stderr all=off uptime,level,tags

Environment Variables:
JAVA_HOME=C:\Program Files\Java\jdk-20
PATH=C:/Program Files/Git/mingw64/libexec/git-core;C:/Program Files/Git/mingw64/libexec/git-core;C:\Program Files\Git\mingw64\bin;C:\Program Files\Git\usr\bin;C:\Users\Pubudu\bin;C:\Program Files\Common Files\Oracle\Java\javapath;C:\Program Files (x86)\Common Files\Oracle\Java\java8path;C:\Program Files (x86)\Common Files\Oracle\Java\javapath;C:\xampp\php:C:\Program Files\Common Files\Oracle\Java\javapath;C:\WINDOWS\system32;C:\WINDOWS;C:\WINDOWS\System32\Wbem;C:\WINDOWS\System32\WindowsPowerShell\v1.0\;C:\WINDOWS\System32\OpenSSH\;C:\Program Files\Microsoft SQL Server\150\Tools\Binn\;C:\Program Files\Microsoft SQL Server\Client SDK\ODBC\170\Tools\Binn\;C:\Program Files\Common Files\Autodesk Shared\;C:\Program Files\Java\jdk-20\bin;C:\Program Files\dotnet\;C:\Program Files\nodejs\;C:\ProgramData\Microsoft\Windows\Start Menu\Programs\Node.js;C:\Users\Pubudu\AppData\Roaming;C:\Program Files\nodejs\node_modules\npm;C:\Program Files\Git\cmd;C:\Program Files (x86)\Microsoft SQL Server\160\DTS\Binn\;C:\Program Files (x86)\Microsoft SQL Server\160\Tools\Binn\;C:\Program Files\Microsoft SQL Server\160\Tools\Binn\;C:\Program Files\Microsoft SQL Server\160\DTS\Binn\;C:\Users\Pubudu\AppData\Local\Microsoft\WindowsApps;C:\Users\Pubudu\.dotnet\tools;C:\Users\Pubudu\AppData\Roaming\npm;C:\Program Files\Azure Data Studio\bin;C:\Users\Pubudu\AppData\Local\Programs\Vs Code\Microsoft VS Code\bin
USERNAME=Pubudu
DISPLAY=:0.0
LC_ALL=en_US.UTF-8
TERM=xterm-256color
TMPDIR=C:\Users\Pubudu\AppData\Local\Temp
OS=Windows_NT
PROCESSOR_IDENTIFIER=Intel64 Family 6 Model 78 Stepping 3, GenuineIntel
TMP=C:\Users\Pubudu\AppData\Local\Temp
TEMP=C:\Users\Pubudu\AppData\Local\Temp



Periodic native trim disabled

JNI global refs:
JNI global refs: 18, weak refs: 0

JNI global refs memory usage: 843, weak refs: 209

OOME stack traces (most recent first):
Classloader memory used:
Loader bootstrap                                                                       : 1682K
Loader jdk.internal.loader.ClassLoaders$PlatformClassLoader                            : 163K
Loader jdk.internal.loader.ClassLoaders$AppClassLoader                                 : 1808B


---------------  S Y S T E M  ---------------

OS:
 Windows 10 , 64 bit Build 19041 (10.0.19041.3636)
OS uptime: 0 days 0:16 hours

CPU: total 4 (initial active 4) (2 cores per cpu, 2 threads per core) family 6 model 78 stepping 3 microcode 0xf0, cx8, cmov, fxsr, ht, mmx, 3dnowpref, sse, sse2, sse3, ssse3, sse4.1, sse4.2, popcnt, lzcnt, tsc, tscinvbit, avx, avx2, aes, erms, clmul, bmi1, bmi2, adx, fma, vzeroupper, clflush, clflushopt
Processor Information for all 4 processors :
  Max Mhz: 2400, Current Mhz: 2300, Mhz Limit: 2280

Memory: 4k page, system-wide physical 8083M (841M free)
TotalPageFile size 8083M (AvailPageFile size 3M)
current process WorkingSet (physical memory assigned to process): 63M, peak: 63M
current process commit charge ("private bytes"): 211M, peak: 212M

vm_info: OpenJDK 64-Bit Server VM (17.0.10+0--11572160) for windows-amd64 JRE (17.0.10+0--11572160), built on Mar 13 2024 23:56:38 by "androidbuild" with MS VC++ 16.10 / 16.11 (VS2019)

END.
