#
# There is insufficient memory for the Java Runtime Environment to continue.
# Native memory allocation (malloc) failed to allocate 2002896 bytes for Chunk::new
# Possible reasons:
#   The system is out of physical RAM or swap space
#   The process is running with CompressedOops enabled, and the Java Heap may be blocking the growth of the native heap
# Possible solutions:
#   Reduce memory load on the system
#   Increase physical memory or swap space
#   Check if swap backing store is full
#   Decrease Java heap size (-Xmx/-Xms)
#   Decrease number of Java threads
#   Decrease Java thread stack sizes (-Xss)
#   Set larger code cache with -XX:ReservedCodeCacheSize=
#   JVM is running with Unscaled Compressed Oops mode in which the Java heap is
#     placed in the first 4GB address space. The Java Heap base address is the
#     maximum limit for the native heap growth. Please use -XX:HeapBaseMinAddress
#     to set the Java Heap base and to place the Java Heap above 4GB virtual address.
# This output file may be truncated or incomplete.
#
#  Out of Memory Error (arena.cpp:191), pid=16964, tid=4188
#
# JRE version: OpenJDK Runtime Environment (17.0.10) (build 17.0.10+0--11572160)
# Java VM: OpenJDK 64-Bit Server VM (17.0.10+0--11572160, mixed mode, tiered, compressed oops, compressed class ptrs, g1 gc, windows-amd64)
# No core dump will be written. Minidumps are not enabled by default on client versions of Windows
#

---------------  S U M M A R Y ------------

Command Line: --add-opens=java.base/java.util=ALL-UNNAMED --add-opens=java.base/java.lang=ALL-UNNAMED --add-opens=java.base/java.lang.invoke=ALL-UNNAMED --add-opens=java.prefs/java.util.prefs=ALL-UNNAMED --add-opens=java.base/java.nio.charset=ALL-UNNAMED --add-opens=java.base/java.net=ALL-UNNAMED --add-opens=java.base/java.util.concurrent.atomic=ALL-UNNAMED -Xmx2048m -Dfile.encoding=UTF-8 -Duser.country=US -Duser.language=en -Duser.variant -javaagent:C:\Users\Pubudu\.gradle\wrapper\dists\gradle-8.6-bin\afr5mpiioh2wthjmwnkmdsd5w\gradle-8.6\lib\agents\gradle-instrumentation-agent-8.6.jar org.gradle.launcher.daemon.bootstrap.GradleDaemon 8.6

Host: Intel(R) Core(TM) i5-6200U CPU @ 2.30GHz, 4 cores, 7G,  Windows 10 , 64 bit Build 19041 (10.0.19041.3636)
Time: Wed Jun  5 19:43:44 2024 Sri Lanka Standard Time elapsed time: 12.740904 seconds (0d 0h 0m 12s)

---------------  T H R E A D  ---------------

Current thread (0x0000028e14f554c0):  JavaThread "C2 CompilerThread1" daemon [_thread_in_native, id=4188, stack(0x000000ea85f00000,0x000000ea86000000)]


Current CompileTask:
C2:  12741 4533       4       org.objectweb.asm.Frame::execute (2318 bytes)

Stack: [0x000000ea85f00000,0x000000ea86000000]
Native frames: (J=compiled Java code, j=interpreted, Vv=VM code, C=native code)
V  [jvm.dll+0x688e89]
V  [jvm.dll+0x84247a]
V  [jvm.dll+0x8440be]
V  [jvm.dll+0x844723]
V  [jvm.dll+0x24be0f]
V  [jvm.dll+0xac524]
V  [jvm.dll+0xacb6c]
V  [jvm.dll+0x36bd12]
V  [jvm.dll+0x33615a]
V  [jvm.dll+0x3355fa]
V  [jvm.dll+0x21daa1]
V  [jvm.dll+0x21cec1]
V  [jvm.dll+0x1a60ad]
V  [jvm.dll+0x22cd78]
V  [jvm.dll+0x22aeb0]
V  [jvm.dll+0x7f6917]
V  [jvm.dll+0x7f0d1a]
V  [jvm.dll+0x687d05]
C  [ucrtbase.dll+0x21bb2]
C  [KERNEL32.DLL+0x17344]
C  [ntdll.dll+0x526b1]


---------------  P R O C E S S  ---------------

Threads class SMR info:
_java_thread_list=0x0000028e17a85ac0, length=38, elements={
0x0000028e70993190, 0x0000028e13013260, 0x0000028e7af67230, 0x0000028e1302d090,
0x0000028e1302db60, 0x0000028e13039890, 0x0000028e1303a780, 0x0000028e1303bd20,
0x0000028e1304dc60, 0x0000028e130b3490, 0x0000028e131738f0, 0x0000028e132b8e60,
0x0000028e14b7d7d0, 0x0000028e14bdf0c0, 0x0000028e149f6b80, 0x0000028e1463d0d0,
0x0000028e158a1d00, 0x0000028e148fa330, 0x0000028e148f89e0, 0x0000028e148f9400,
0x0000028e148f9910, 0x0000028e148fa840, 0x0000028e148f75a0, 0x0000028e148f7ab0,
0x0000028e148f7fc0, 0x0000028e14f554c0, 0x0000028e1581d680, 0x0000028e15820920,
0x0000028e158231a0, 0x0000028e158245e0, 0x0000028e1581eac0, 0x0000028e1581ff00,
0x0000028e158240d0, 0x0000028e1581e5b0, 0x0000028e15824af0, 0x0000028e15820e30,
0x0000028e15822c90, 0x0000028e1581e0a0
}

Java Threads: ( => current thread )
  0x0000028e70993190 JavaThread "main" [_thread_blocked, id=15564, stack(0x000000ea83c00000,0x000000ea83d00000)]
  0x0000028e13013260 JavaThread "Reference Handler" daemon [_thread_blocked, id=12804, stack(0x000000ea84300000,0x000000ea84400000)]
  0x0000028e7af67230 JavaThread "Finalizer" daemon [_thread_blocked, id=16608, stack(0x000000ea84400000,0x000000ea84500000)]
  0x0000028e1302d090 JavaThread "Signal Dispatcher" daemon [_thread_blocked, id=11480, stack(0x000000ea84500000,0x000000ea84600000)]
  0x0000028e1302db60 JavaThread "Attach Listener" daemon [_thread_blocked, id=6340, stack(0x000000ea84600000,0x000000ea84700000)]
  0x0000028e13039890 JavaThread "Service Thread" daemon [_thread_blocked, id=6000, stack(0x000000ea84700000,0x000000ea84800000)]
  0x0000028e1303a780 JavaThread "Monitor Deflation Thread" daemon [_thread_blocked, id=16168, stack(0x000000ea84800000,0x000000ea84900000)]
  0x0000028e1303bd20 JavaThread "C2 CompilerThread0" daemon [_thread_in_native, id=3032, stack(0x000000ea84900000,0x000000ea84a00000)]
  0x0000028e1304dc60 JavaThread "C1 CompilerThread0" daemon [_thread_blocked, id=9448, stack(0x000000ea84a00000,0x000000ea84b00000)]
  0x0000028e130b3490 JavaThread "Sweeper thread" daemon [_thread_blocked, id=2464, stack(0x000000ea84b00000,0x000000ea84c00000)]
  0x0000028e131738f0 JavaThread "Common-Cleaner" daemon [_thread_blocked, id=6704, stack(0x000000ea84c00000,0x000000ea84d00000)]
  0x0000028e132b8e60 JavaThread "Notification Thread" daemon [_thread_blocked, id=2252, stack(0x000000ea84d00000,0x000000ea84e00000)]
  0x0000028e14b7d7d0 JavaThread "Daemon health stats" [_thread_blocked, id=17900, stack(0x000000ea85300000,0x000000ea85400000)]
  0x0000028e14bdf0c0 JavaThread "Incoming local TCP Connector on port 55095" [_thread_in_native, id=2040, stack(0x000000ea84f00000,0x000000ea85000000)]
  0x0000028e149f6b80 JavaThread "Daemon periodic checks" [_thread_blocked, id=12012, stack(0x000000ea85400000,0x000000ea85500000)]
  0x0000028e1463d0d0 JavaThread "Daemon" [_thread_blocked, id=17764, stack(0x000000ea85500000,0x000000ea85600000)]
  0x0000028e158a1d00 JavaThread "Handler for socket connection from /127.0.0.1:55095 to /127.0.0.1:55096" [_thread_in_native, id=11192, stack(0x000000ea85600000,0x000000ea85700000)]
  0x0000028e148fa330 JavaThread "Cancel handler" [_thread_blocked, id=17588, stack(0x000000ea85700000,0x000000ea85800000)]
  0x0000028e148f89e0 JavaThread "Daemon worker" [_thread_in_vm, id=12636, stack(0x000000ea85800000,0x000000ea85900000)] _threads_hazard_ptr=0x0000028e17a85ac0
  0x0000028e148f9400 JavaThread "Asynchronous log dispatcher for DefaultDaemonConnection: socket connection from /127.0.0.1:55095 to /127.0.0.1:55096" [_thread_blocked, id=10580, stack(0x000000ea85900000,0x000000ea85a00000)]
  0x0000028e148f9910 JavaThread "Stdin handler" [_thread_blocked, id=1028, stack(0x000000ea85a00000,0x000000ea85b00000)]
  0x0000028e148fa840 JavaThread "Daemon client event forwarder" [_thread_blocked, id=10456, stack(0x000000ea85b00000,0x000000ea85c00000)]
  0x0000028e148f75a0 JavaThread "Cache worker for journal cache (C:\Users\Pubudu\.gradle\caches\journal-1)" [_thread_blocked, id=17808, stack(0x000000ea85c00000,0x000000ea85d00000)]
  0x0000028e148f7ab0 JavaThread "File lock request listener" [_thread_in_native, id=18172, stack(0x000000ea85d00000,0x000000ea85e00000)]
  0x0000028e148f7fc0 JavaThread "Cache worker for file hash cache (C:\Users\Pubudu\.gradle\caches\8.6\fileHashes)" [_thread_in_native, id=12588, stack(0x000000ea85e00000,0x000000ea85f00000)]
=>0x0000028e14f554c0 JavaThread "C2 CompilerThread1" daemon [_thread_in_native, id=4188, stack(0x000000ea85f00000,0x000000ea86000000)]
  0x0000028e1581d680 JavaThread "File watcher server" daemon [_thread_in_native, id=15284, stack(0x000000ea86000000,0x000000ea86100000)]
  0x0000028e15820920 JavaThread "File watcher consumer" daemon [_thread_blocked, id=15700, stack(0x000000ea86100000,0x000000ea86200000)]
  0x0000028e158231a0 JavaThread "Cache worker for checksums cache (C:\Users\Pubudu\AndroidStudioProjects\WeatherApp\.gradle\8.6\checksums)" [_thread_blocked, id=8776, stack(0x000000ea86200000,0x000000ea86300000)]
  0x0000028e158245e0 JavaThread "Cache worker for file hash cache (C:\Users\Pubudu\AndroidStudioProjects\WeatherApp\.gradle\8.6\fileHashes)" [_thread_blocked, id=10624, stack(0x000000ea86300000,0x000000ea86400000)]
  0x0000028e1581eac0 JavaThread "Cache worker for cache directory md-supplier (C:\Users\Pubudu\.gradle\caches\8.6\md-supplier)" [_thread_blocked, id=120, stack(0x000000ea86400000,0x000000ea86500000)]
  0x0000028e1581ff00 JavaThread "Cache worker for cache directory md-rule (C:\Users\Pubudu\.gradle\caches\8.6\md-rule)" [_thread_blocked, id=16792, stack(0x000000ea86500000,0x000000ea86600000)]
  0x0000028e158240d0 JavaThread "Cache worker for file content cache (C:\Users\Pubudu\.gradle\caches\8.6\fileContent)" [_thread_blocked, id=15572, stack(0x000000ea86600000,0x000000ea86700000)]
  0x0000028e1581e5b0 JavaThread "jar transforms" [_thread_blocked, id=4056, stack(0x000000ea86800000,0x000000ea86900000)]
  0x0000028e15824af0 JavaThread "jar transforms Thread 2" [_thread_blocked, id=15108, stack(0x000000ea86900000,0x000000ea86a00000)]
  0x0000028e15820e30 JavaThread "jar transforms Thread 3" [_thread_blocked, id=11404, stack(0x000000ea86a00000,0x000000ea86b00000)]
  0x0000028e15822c90 JavaThread "jar transforms Thread 4" [_thread_blocked, id=244, stack(0x000000ea86b00000,0x000000ea86c00000)]
  0x0000028e1581e0a0 JavaThread "Cache worker for Build Output Cleanup Cache (C:\Users\Pubudu\AndroidStudioProjects\WeatherApp\.gradle\buildOutputCleanup)" [_thread_blocked, id=9044, stack(0x000000ea86c00000,0x000000ea86d00000)]

Other Threads:
  0x0000028e7af62680 VMThread "VM Thread" [stack: 0x000000ea84200000,0x000000ea84300000] [id=2344]
  0x0000028e70994150 WatcherThread [stack: 0x000000ea84e00000,0x000000ea84f00000] [id=1244]
  0x0000028e709ef890 GCTaskThread "GC Thread#0" [stack: 0x000000ea83d00000,0x000000ea83e00000] [id=13560]
  0x0000028e13648fe0 GCTaskThread "GC Thread#1" [stack: 0x000000ea85000000,0x000000ea85100000] [id=11256]
  0x0000028e135eb3c0 GCTaskThread "GC Thread#2" [stack: 0x000000ea85100000,0x000000ea85200000] [id=16344]
  0x0000028e133d5c80 GCTaskThread "GC Thread#3" [stack: 0x000000ea85200000,0x000000ea85300000] [id=4892]
  0x0000028e70a008b0 ConcurrentGCThread "G1 Main Marker" [stack: 0x000000ea83e00000,0x000000ea83f00000] [id=1504]
  0x0000028e70a01a70 ConcurrentGCThread "G1 Conc#0" [stack: 0x000000ea83f00000,0x000000ea84000000] [id=14332]
  0x0000028e7add34d0 ConcurrentGCThread "G1 Refine#0" [stack: 0x000000ea84000000,0x000000ea84100000] [id=11776]
  0x0000028e14df8cc0 ConcurrentGCThread "G1 Refine#1" [stack: 0x000000ea86700000,0x000000ea86800000] [id=17280]
  0x0000028e70a49140 ConcurrentGCThread "G1 Service" [stack: 0x000000ea84100000,0x000000ea84200000] [id=9364]

Threads with active compile tasks:
C2 CompilerThread0    12817 4486   !   4       java.net.URLClassLoader::findClass (47 bytes)
C2 CompilerThread1    12817 4533       4       org.objectweb.asm.Frame::execute (2318 bytes)

VM state: not at safepoint (normal execution)

VM Mutex/Monitor currently owned by a thread: None

Heap address: 0x0000000080000000, size: 2048 MB, Compressed Oops mode: 32-bit

CDS archive(s) not mapped
Compressed class space mapped at: 0x0000000100000000-0x0000000140000000, reserved size: 1073741824
Narrow klass base: 0x0000000000000000, Narrow klass shift: 3, Narrow klass range: 0x140000000

GC Precious Log:
 CPUs: 4 total, 4 available
 Memory: 8083M
 Large Page Support: Disabled
 NUMA Support: Disabled
 Compressed Oops: Enabled (32-bit)
 Heap Region Size: 1M
 Heap Min Capacity: 8M
 Heap Initial Capacity: 128M
 Heap Max Capacity: 2G
 Pre-touch: Disabled
 Parallel Workers: 4
 Concurrent Workers: 1
 Concurrent Refinement Workers: 4
 Periodic GC: Disabled

Heap:
 garbage-first heap   total 82944K, used 58734K [0x0000000080000000, 0x0000000100000000)
  region size 1024K, 26 young (26624K), 3 survivors (3072K)
 Metaspace       used 53480K, committed 53888K, reserved 1114112K
  class space    used 7350K, committed 7552K, reserved 1048576K

Heap Regions: E=young(eden), S=young(survivor), O=old, HS=humongous(starts), HC=humongous(continues), CS=collection set, F=free, OA=open archive, CA=closed archive, TAMS=top-at-mark-start (previous, next)
|   0|0x0000000080000000, 0x0000000080100000, 0x0000000080100000|100%| O|  |TAMS 0x0000000080100000, 0x0000000080000000| Untracked 
|   1|0x0000000080100000, 0x0000000080200000, 0x0000000080200000|100%| O|  |TAMS 0x0000000080200000, 0x0000000080100000| Untracked 
|   2|0x0000000080200000, 0x0000000080300000, 0x0000000080300000|100%|HS|  |TAMS 0x0000000080300000, 0x0000000080200000| Complete 
|   3|0x0000000080300000, 0x0000000080400000, 0x0000000080400000|100%|HC|  |TAMS 0x0000000080400000, 0x0000000080300000| Complete 
|   4|0x0000000080400000, 0x0000000080500000, 0x0000000080500000|100%|HC|  |TAMS 0x0000000080500000, 0x0000000080400000| Complete 
|   5|0x0000000080500000, 0x0000000080600000, 0x0000000080600000|100%|HC|  |TAMS 0x0000000080600000, 0x0000000080500000| Complete 
|   6|0x0000000080600000, 0x0000000080700000, 0x0000000080700000|100%| O|  |TAMS 0x0000000080700000, 0x0000000080600000| Untracked 
|   7|0x0000000080700000, 0x0000000080800000, 0x0000000080800000|100%| O|  |TAMS 0x0000000080800000, 0x0000000080700000| Untracked 
|   8|0x0000000080800000, 0x0000000080900000, 0x0000000080900000|100%| O|  |TAMS 0x0000000080900000, 0x0000000080800000| Untracked 
|   9|0x0000000080900000, 0x0000000080a00000, 0x0000000080a00000|100%| O|  |TAMS 0x0000000080a00000, 0x0000000080900000| Untracked 
|  10|0x0000000080a00000, 0x0000000080a8a200, 0x0000000080b00000| 53%| O|  |TAMS 0x0000000080a8a200, 0x0000000080a00000| Untracked 
|  11|0x0000000080b00000, 0x0000000080c00000, 0x0000000080c00000|100%| O|  |TAMS 0x0000000080c00000, 0x0000000080b00000| Untracked 
|  12|0x0000000080c00000, 0x0000000080d00000, 0x0000000080d00000|100%| O|  |TAMS 0x0000000080d00000, 0x0000000080c00000| Untracked 
|  13|0x0000000080d00000, 0x0000000080e00000, 0x0000000080e00000|100%| O|  |TAMS 0x0000000080e00000, 0x0000000080d00000| Untracked 
|  14|0x0000000080e00000, 0x0000000080f00000, 0x0000000080f00000|100%| O|  |TAMS 0x0000000080f00000, 0x0000000080e00000| Untracked 
|  15|0x0000000080f00000, 0x0000000081000000, 0x0000000081000000|100%| O|  |TAMS 0x0000000081000000, 0x0000000080f00000| Untracked 
|  16|0x0000000081000000, 0x0000000081100000, 0x0000000081100000|100%| O|  |TAMS 0x0000000081100000, 0x0000000081000000| Untracked 
|  17|0x0000000081100000, 0x0000000081200000, 0x0000000081200000|100%| O|  |TAMS 0x0000000081200000, 0x0000000081100000| Untracked 
|  18|0x0000000081200000, 0x0000000081300000, 0x0000000081300000|100%| O|  |TAMS 0x0000000081300000, 0x0000000081200000| Untracked 
|  19|0x0000000081300000, 0x0000000081400000, 0x0000000081400000|100%| O|  |TAMS 0x0000000081400000, 0x0000000081300000| Untracked 
|  20|0x0000000081400000, 0x0000000081500000, 0x0000000081500000|100%| O|  |TAMS 0x0000000081497200, 0x0000000081400000| Untracked 
|  21|0x0000000081500000, 0x0000000081600000, 0x0000000081600000|100%| O|  |TAMS 0x0000000081500000, 0x0000000081500000| Untracked 
|  22|0x0000000081600000, 0x0000000081700000, 0x0000000081700000|100%| O|  |TAMS 0x0000000081600000, 0x0000000081600000| Untracked 
|  23|0x0000000081700000, 0x0000000081800000, 0x0000000081800000|100%| O|  |TAMS 0x0000000081700000, 0x0000000081700000| Untracked 
|  24|0x0000000081800000, 0x0000000081900000, 0x0000000081900000|100%| O|  |TAMS 0x0000000081800000, 0x0000000081800000| Untracked 
|  25|0x0000000081900000, 0x0000000081a00000, 0x0000000081a00000|100%| O|  |TAMS 0x0000000081900000, 0x0000000081900000| Untracked 
|  26|0x0000000081a00000, 0x0000000081b00000, 0x0000000081b00000|100%| O|  |TAMS 0x0000000081a00000, 0x0000000081a00000| Untracked 
|  27|0x0000000081b00000, 0x0000000081c00000, 0x0000000081c00000|100%| O|  |TAMS 0x0000000081b00000, 0x0000000081b00000| Untracked 
|  28|0x0000000081c00000, 0x0000000081d00000, 0x0000000081d00000|100%| O|  |TAMS 0x0000000081c00000, 0x0000000081c00000| Untracked 
|  29|0x0000000081d00000, 0x0000000081e00000, 0x0000000081e00000|100%| O|  |TAMS 0x0000000081d00000, 0x0000000081d00000| Untracked 
|  30|0x0000000081e00000, 0x0000000081f00000, 0x0000000081f00000|100%| O|  |TAMS 0x0000000081e00000, 0x0000000081e00000| Untracked 
|  31|0x0000000081f00000, 0x0000000081f21c00, 0x0000000082000000| 13%| O|  |TAMS 0x0000000081f00000, 0x0000000081f00000| Untracked 
|  32|0x0000000082000000, 0x0000000082100000, 0x0000000082100000|100%|HS|  |TAMS 0x0000000082000000, 0x0000000082000000| Complete 
|  33|0x0000000082100000, 0x0000000082200000, 0x0000000082200000|100%|HS|  |TAMS 0x0000000082100000, 0x0000000082100000| Complete 
|  34|0x0000000082200000, 0x0000000082200000, 0x0000000082300000|  0%| F|  |TAMS 0x0000000082200000, 0x0000000082200000| Untracked 
|  35|0x0000000082300000, 0x0000000082300000, 0x0000000082400000|  0%| F|  |TAMS 0x0000000082300000, 0x0000000082300000| Untracked 
|  36|0x0000000082400000, 0x0000000082400000, 0x0000000082500000|  0%| F|  |TAMS 0x0000000082400000, 0x0000000082400000| Untracked 
|  37|0x0000000082500000, 0x0000000082500000, 0x0000000082600000|  0%| F|  |TAMS 0x0000000082500000, 0x0000000082500000| Untracked 
|  38|0x0000000082600000, 0x0000000082600000, 0x0000000082700000|  0%| F|  |TAMS 0x0000000082600000, 0x0000000082600000| Untracked 
|  39|0x0000000082700000, 0x0000000082700000, 0x0000000082800000|  0%| F|  |TAMS 0x0000000082700000, 0x0000000082700000| Untracked 
|  40|0x0000000082800000, 0x0000000082800000, 0x0000000082900000|  0%| F|  |TAMS 0x0000000082800000, 0x0000000082800000| Untracked 
|  41|0x0000000082900000, 0x0000000082900000, 0x0000000082a00000|  0%| F|  |TAMS 0x0000000082900000, 0x0000000082900000| Untracked 
|  42|0x0000000082a00000, 0x0000000082aafa28, 0x0000000082b00000| 68%| S|CS|TAMS 0x0000000082a00000, 0x0000000082a00000| Complete 
|  43|0x0000000082b00000, 0x0000000082c00000, 0x0000000082c00000|100%| S|CS|TAMS 0x0000000082b00000, 0x0000000082b00000| Complete 
|  44|0x0000000082c00000, 0x0000000082c00000, 0x0000000082d00000|  0%| F|  |TAMS 0x0000000082c00000, 0x0000000082c00000| Untracked 
|  45|0x0000000082d00000, 0x0000000082e00000, 0x0000000082e00000|100%| S|CS|TAMS 0x0000000082d00000, 0x0000000082d00000| Complete 
|  46|0x0000000082e00000, 0x0000000082e00000, 0x0000000082f00000|  0%| F|  |TAMS 0x0000000082e00000, 0x0000000082e00000| Untracked 
|  47|0x0000000082f00000, 0x0000000082f00000, 0x0000000083000000|  0%| F|  |TAMS 0x0000000082f00000, 0x0000000082f00000| Untracked 
|  48|0x0000000083000000, 0x0000000083000000, 0x0000000083100000|  0%| F|  |TAMS 0x0000000083000000, 0x0000000083000000| Untracked 
|  49|0x0000000083100000, 0x0000000083100000, 0x0000000083200000|  0%| F|  |TAMS 0x0000000083100000, 0x0000000083100000| Untracked 
|  50|0x0000000083200000, 0x0000000083200000, 0x0000000083300000|  0%| F|  |TAMS 0x0000000083200000, 0x0000000083200000| Untracked 
|  51|0x0000000083300000, 0x0000000083300000, 0x0000000083400000|  0%| F|  |TAMS 0x0000000083300000, 0x0000000083300000| Untracked 
|  52|0x0000000083400000, 0x0000000083400000, 0x0000000083500000|  0%| F|  |TAMS 0x0000000083400000, 0x0000000083400000| Untracked 
|  53|0x0000000083500000, 0x0000000083500000, 0x0000000083600000|  0%| F|  |TAMS 0x0000000083500000, 0x0000000083500000| Untracked 
|  54|0x0000000083600000, 0x0000000083600000, 0x0000000083700000|  0%| F|  |TAMS 0x0000000083600000, 0x0000000083600000| Untracked 
|  55|0x0000000083700000, 0x0000000083700000, 0x0000000083800000|  0%| F|  |TAMS 0x0000000083700000, 0x0000000083700000| Untracked 
|  56|0x0000000083800000, 0x0000000083800000, 0x0000000083900000|  0%| F|  |TAMS 0x0000000083800000, 0x0000000083800000| Untracked 
|  57|0x0000000083900000, 0x0000000083900000, 0x0000000083a00000|  0%| F|  |TAMS 0x0000000083900000, 0x0000000083900000| Untracked 
|  58|0x0000000083a00000, 0x0000000083a1d3e0, 0x0000000083b00000| 11%| E|  |TAMS 0x0000000083a00000, 0x0000000083a00000| Complete 
|  59|0x0000000083b00000, 0x0000000083c00000, 0x0000000083c00000|100%| E|CS|TAMS 0x0000000083b00000, 0x0000000083b00000| Complete 
|  60|0x0000000083c00000, 0x0000000083d00000, 0x0000000083d00000|100%| E|CS|TAMS 0x0000000083c00000, 0x0000000083c00000| Complete 
|  61|0x0000000083d00000, 0x0000000083e00000, 0x0000000083e00000|100%| E|CS|TAMS 0x0000000083d00000, 0x0000000083d00000| Complete 
|  62|0x0000000083e00000, 0x0000000083f00000, 0x0000000083f00000|100%| E|CS|TAMS 0x0000000083e00000, 0x0000000083e00000| Complete 
|  63|0x0000000083f00000, 0x0000000084000000, 0x0000000084000000|100%| E|CS|TAMS 0x0000000083f00000, 0x0000000083f00000| Complete 
|  64|0x0000000084000000, 0x0000000084100000, 0x0000000084100000|100%| E|CS|TAMS 0x0000000084000000, 0x0000000084000000| Complete 
|  65|0x0000000084100000, 0x0000000084200000, 0x0000000084200000|100%| E|CS|TAMS 0x0000000084100000, 0x0000000084100000| Complete 
|  66|0x0000000084200000, 0x0000000084300000, 0x0000000084300000|100%| E|CS|TAMS 0x0000000084200000, 0x0000000084200000| Complete 
|  67|0x0000000084300000, 0x0000000084400000, 0x0000000084400000|100%| E|CS|TAMS 0x0000000084300000, 0x0000000084300000| Complete 
|  68|0x0000000084400000, 0x0000000084500000, 0x0000000084500000|100%| E|CS|TAMS 0x0000000084400000, 0x0000000084400000| Complete 
|  69|0x0000000084500000, 0x0000000084600000, 0x0000000084600000|100%| E|CS|TAMS 0x0000000084500000, 0x0000000084500000| Complete 
|  70|0x0000000084600000, 0x0000000084700000, 0x0000000084700000|100%| E|CS|TAMS 0x0000000084600000, 0x0000000084600000| Complete 
|  71|0x0000000084700000, 0x0000000084800000, 0x0000000084800000|100%| E|CS|TAMS 0x0000000084700000, 0x0000000084700000| Complete 
|  72|0x0000000084800000, 0x0000000084900000, 0x0000000084900000|100%| E|CS|TAMS 0x0000000084800000, 0x0000000084800000| Complete 
|  73|0x0000000084900000, 0x0000000084a00000, 0x0000000084a00000|100%| E|CS|TAMS 0x0000000084900000, 0x0000000084900000| Complete 
|  74|0x0000000084a00000, 0x0000000084b00000, 0x0000000084b00000|100%| E|CS|TAMS 0x0000000084a00000, 0x0000000084a00000| Complete 
|  75|0x0000000084b00000, 0x0000000084c00000, 0x0000000084c00000|100%| E|CS|TAMS 0x0000000084b00000, 0x0000000084b00000| Complete 
|  76|0x0000000084c00000, 0x0000000084d00000, 0x0000000084d00000|100%| E|CS|TAMS 0x0000000084c00000, 0x0000000084c00000| Complete 
|  77|0x0000000084d00000, 0x0000000084e00000, 0x0000000084e00000|100%| E|CS|TAMS 0x0000000084d00000, 0x0000000084d00000| Complete 
|  78|0x0000000084e00000, 0x0000000084f00000, 0x0000000084f00000|100%| E|CS|TAMS 0x0000000084e00000, 0x0000000084e00000| Complete 
|  79|0x0000000084f00000, 0x0000000085000000, 0x0000000085000000|100%| E|CS|TAMS 0x0000000084f00000, 0x0000000084f00000| Complete 
| 127|0x0000000087f00000, 0x0000000088000000, 0x0000000088000000|100%| E|CS|TAMS 0x0000000087f00000, 0x0000000087f00000| Complete 

Card table byte_map: [0x0000028e74270000,0x0000028e74670000] _byte_map_base: 0x0000028e73e70000

Marking Bits (Prev, Next): (CMBitMap*) 0x0000028e709efeb0, (CMBitMap*) 0x0000028e709efef0
 Prev Bits: [0x0000028e74a70000, 0x0000028e76a70000)
 Next Bits: [0x0000028e76a70000, 0x0000028e78a70000)

Polling page: 0x0000028e6e8d0000

Metaspace:

Usage:
  Non-class:     45.05 MB used.
      Class:      7.18 MB used.
       Both:     52.23 MB used.

Virtual space:
  Non-class space:       64.00 MB reserved,      45.25 MB ( 71%) committed,  1 nodes.
      Class space:        1.00 GB reserved,       7.38 MB ( <1%) committed,  1 nodes.
             Both:        1.06 GB reserved,      52.62 MB (  5%) committed. 

Chunk freelists:
   Non-Class:  2.58 MB
       Class:  8.64 MB
        Both:  11.21 MB

MaxMetaspaceSize: unlimited
CompressedClassSpaceSize: 1.00 GB
Initial GC threshold: 21.00 MB
Current GC threshold: 58.75 MB
CDS: off
MetaspaceReclaimPolicy: balanced
 - commit_granule_bytes: 65536.
 - commit_granule_words: 8192.
 - virtual_space_node_default_size: 8388608.
 - enlarge_chunks_in_place: 1.
 - new_chunks_are_fully_committed: 0.
 - uncommit_free_chunks: 1.
 - use_allocation_guard: 0.
 - handle_deallocations: 1.


Internal statistics:

num_allocs_failed_limit: 6.
num_arena_births: 550.
num_arena_deaths: 0.
num_vsnodes_births: 2.
num_vsnodes_deaths: 0.
num_space_committed: 843.
num_space_uncommitted: 0.
num_chunks_returned_to_freelist: 6.
num_chunks_taken_from_freelist: 2277.
num_chunk_merges: 6.
num_chunk_splits: 1515.
num_chunks_enlarged: 1047.
num_inconsistent_stats: 0.

CodeHeap 'non-profiled nmethods': size=120000Kb used=2803Kb max_used=2803Kb free=117196Kb
 bounds [0x0000028e07ad0000, 0x0000028e07d90000, 0x0000028e0f000000]
CodeHeap 'profiled nmethods': size=120000Kb used=9416Kb max_used=9416Kb free=110583Kb
 bounds [0x0000028e00000000, 0x0000028e00940000, 0x0000028e07530000]
CodeHeap 'non-nmethods': size=5760Kb used=1610Kb max_used=1687Kb free=4149Kb
 bounds [0x0000028e07530000, 0x0000028e077a0000, 0x0000028e07ad0000]
 total_blobs=5266 nmethods=4581 adapters=595
 compilation: enabled
              stopped_count=0, restarted_count=0
 full_count=0

Compilation events (20 events):
Event: 12.719 Thread 0x0000028e1304dc60 4581   !   3       java.lang.invoke.LambdaForm::compileToBytecode (164 bytes)
Event: 12.720 Thread 0x0000028e1304dc60 nmethod 4581 0x0000028e0092c890 code [0x0000028e0092cae0, 0x0000028e0092d398]
Event: 12.720 Thread 0x0000028e1304dc60 4582       3       jdk.internal.misc.CDS::isDumpingClassList (4 bytes)
Event: 12.720 Thread 0x0000028e1304dc60 nmethod 4582 0x0000028e0092d690 code [0x0000028e0092d820, 0x0000028e0092d918]
Event: 12.720 Thread 0x0000028e1304dc60 4583       1       java.lang.invoke.MethodHandleImpl$IntrinsicMethodHandle::intrinsicName (5 bytes)
Event: 12.720 Thread 0x0000028e1304dc60 nmethod 4583 0x0000028e07d8c110 code [0x0000028e07d8c2a0, 0x0000028e07d8c378]
Event: 12.720 Thread 0x0000028e1304dc60 4584       3       jdk.internal.misc.Unsafe::ensureClassInitialized (18 bytes)
Event: 12.721 Thread 0x0000028e1304dc60 nmethod 4584 0x0000028e0092d990 code [0x0000028e0092db40, 0x0000028e0092dd78]
Event: 12.721 Thread 0x0000028e1304dc60 4585       3       java.lang.invoke.MethodHandles$Lookup$ClassFile::<init> (20 bytes)
Event: 12.722 Thread 0x0000028e1304dc60 nmethod 4585 0x0000028e0092de90 code [0x0000028e0092e040, 0x0000028e0092e278]
Event: 12.723 Thread 0x0000028e1304dc60 4586       3       java.lang.invoke.LambdaFormBuffer::insertName (106 bytes)
Event: 12.724 Thread 0x0000028e1304dc60 nmethod 4586 0x0000028e0092e310 code [0x0000028e0092e4c0, 0x0000028e0092e6d8]
Event: 12.731 Thread 0x0000028e1304dc60 4588       3       java.util.List::of (9 bytes)
Event: 12.732 Thread 0x0000028e1304dc60 nmethod 4588 0x0000028e0092e790 code [0x0000028e0092e980, 0x0000028e0092eec8]
Event: 12.735 Thread 0x0000028e1304dc60 4591   !   3       java.lang.invoke.ClassSpecializer$Factory::findGetter (41 bytes)
Event: 12.736 Thread 0x0000028e1304dc60 nmethod 4591 0x0000028e0092f090 code [0x0000028e0092f280, 0x0000028e0092f798]
Event: 12.736 Thread 0x0000028e1304dc60 4592       3       java.lang.invoke.MethodHandles$Lookup::findGetter (19 bytes)
Event: 12.736 Thread 0x0000028e1304dc60 nmethod 4592 0x0000028e0092f990 code [0x0000028e0092fb40, 0x0000028e0092fcd8]
Event: 12.736 Thread 0x0000028e1304dc60 4593       3       java.lang.invoke.MethodHandles$Lookup::getDirectField (12 bytes)
Event: 12.736 Thread 0x0000028e1304dc60 nmethod 4593 0x0000028e0092fd90 code [0x0000028e0092ff20, 0x0000028e00930068]

GC Heap History (20 events):
Event: 4.852 GC heap before
{Heap before GC invocations=3 (full 0):
 garbage-first heap   total 131072K, used 59429K [0x0000000080000000, 0x0000000100000000)
  region size 1024K, 49 young (50176K), 1 survivors (1024K)
 Metaspace       used 21263K, committed 21504K, reserved 1114112K
  class space    used 2501K, committed 2624K, reserved 1048576K
}
Event: 4.867 GC heap after
{Heap after GC invocations=4 (full 0):
 garbage-first heap   total 131072K, used 18844K [0x0000000080000000, 0x0000000100000000)
  region size 1024K, 8 young (8192K), 8 survivors (8192K)
 Metaspace       used 21263K, committed 21504K, reserved 1114112K
  class space    used 2501K, committed 2624K, reserved 1048576K
}
Event: 6.045 GC heap before
{Heap before GC invocations=5 (full 0):
 garbage-first heap   total 68608K, used 51612K [0x0000000080000000, 0x0000000100000000)
  region size 1024K, 40 young (40960K), 8 survivors (8192K)
 Metaspace       used 26292K, committed 26560K, reserved 1114112K
  class space    used 3375K, committed 3456K, reserved 1048576K
}
Event: 6.056 GC heap after
{Heap after GC invocations=6 (full 0):
 garbage-first heap   total 68608K, used 20983K [0x0000000080000000, 0x0000000100000000)
  region size 1024K, 2 young (2048K), 2 survivors (2048K)
 Metaspace       used 26292K, committed 26560K, reserved 1114112K
  class space    used 3375K, committed 3456K, reserved 1048576K
}
Event: 6.934 GC heap before
{Heap before GC invocations=6 (full 0):
 garbage-first heap   total 68608K, used 48631K [0x0000000080000000, 0x0000000100000000)
  region size 1024K, 30 young (30720K), 2 survivors (2048K)
 Metaspace       used 30212K, committed 30528K, reserved 1114112K
  class space    used 4052K, committed 4160K, reserved 1048576K
}
Event: 6.941 GC heap after
{Heap after GC invocations=7 (full 0):
 garbage-first heap   total 68608K, used 22332K [0x0000000080000000, 0x0000000100000000)
  region size 1024K, 4 young (4096K), 4 survivors (4096K)
 Metaspace       used 30212K, committed 30528K, reserved 1114112K
  class space    used 4052K, committed 4160K, reserved 1048576K
}
Event: 8.225 GC heap before
{Heap before GC invocations=7 (full 0):
 garbage-first heap   total 68608K, used 49980K [0x0000000080000000, 0x0000000100000000)
  region size 1024K, 31 young (31744K), 4 survivors (4096K)
 Metaspace       used 33560K, committed 33856K, reserved 1114112K
  class space    used 4582K, committed 4736K, reserved 1048576K
}
Event: 8.236 GC heap after
{Heap after GC invocations=8 (full 0):
 garbage-first heap   total 68608K, used 23685K [0x0000000080000000, 0x0000000100000000)
  region size 1024K, 3 young (3072K), 3 survivors (3072K)
 Metaspace       used 33560K, committed 33856K, reserved 1114112K
  class space    used 4582K, committed 4736K, reserved 1048576K
}
Event: 8.854 GC heap before
{Heap before GC invocations=8 (full 0):
 garbage-first heap   total 68608K, used 34949K [0x0000000080000000, 0x0000000100000000)
  region size 1024K, 15 young (15360K), 3 survivors (3072K)
 Metaspace       used 35618K, committed 35968K, reserved 1114112K
  class space    used 4867K, committed 5056K, reserved 1048576K
}
Event: 8.860 GC heap after
{Heap after GC invocations=9 (full 0):
 garbage-first heap   total 68608K, used 24271K [0x0000000080000000, 0x0000000100000000)
  region size 1024K, 2 young (2048K), 2 survivors (2048K)
 Metaspace       used 35618K, committed 35968K, reserved 1114112K
  class space    used 4867K, committed 5056K, reserved 1048576K
}
Event: 9.725 GC heap before
{Heap before GC invocations=10 (full 0):
 garbage-first heap   total 68608K, used 51919K [0x0000000080000000, 0x0000000100000000)
  region size 1024K, 30 young (30720K), 2 survivors (2048K)
 Metaspace       used 40895K, committed 41216K, reserved 1114112K
  class space    used 5415K, committed 5568K, reserved 1048576K
}
Event: 9.734 GC heap after
{Heap after GC invocations=11 (full 0):
 garbage-first heap   total 68608K, used 27727K [0x0000000080000000, 0x0000000100000000)
  region size 1024K, 4 young (4096K), 4 survivors (4096K)
 Metaspace       used 40895K, committed 41216K, reserved 1114112K
  class space    used 5415K, committed 5568K, reserved 1048576K
}
Event: 10.047 GC heap before
{Heap before GC invocations=11 (full 0):
 garbage-first heap   total 68608K, used 53327K [0x0000000080000000, 0x0000000100000000)
  region size 1024K, 29 young (29696K), 4 survivors (4096K)
 Metaspace       used 41956K, committed 42304K, reserved 1114112K
  class space    used 5589K, committed 5760K, reserved 1048576K
}
Event: 10.060 GC heap after
{Heap after GC invocations=12 (full 0):
 garbage-first heap   total 68608K, used 29831K [0x0000000080000000, 0x0000000100000000)
  region size 1024K, 2 young (2048K), 2 survivors (2048K)
 Metaspace       used 41956K, committed 42304K, reserved 1114112K
  class space    used 5589K, committed 5760K, reserved 1048576K
}
Event: 10.740 GC heap before
{Heap before GC invocations=12 (full 0):
 garbage-first heap   total 68608K, used 53383K [0x0000000080000000, 0x0000000100000000)
  region size 1024K, 25 young (25600K), 2 survivors (2048K)
 Metaspace       used 44625K, committed 45056K, reserved 1114112K
  class space    used 6022K, committed 6208K, reserved 1048576K
}
Event: 10.748 GC heap after
{Heap after GC invocations=13 (full 0):
 garbage-first heap   total 68608K, used 31381K [0x0000000080000000, 0x0000000100000000)
  region size 1024K, 4 young (4096K), 4 survivors (4096K)
 Metaspace       used 44625K, committed 45056K, reserved 1114112K
  class space    used 6022K, committed 6208K, reserved 1048576K
}
Event: 11.404 GC heap before
{Heap before GC invocations=13 (full 0):
 garbage-first heap   total 68608K, used 53909K [0x0000000080000000, 0x0000000100000000)
  region size 1024K, 26 young (26624K), 4 survivors (4096K)
 Metaspace       used 47274K, committed 47680K, reserved 1114112K
  class space    used 6467K, committed 6656K, reserved 1048576K
}
Event: 11.412 GC heap after
{Heap after GC invocations=14 (full 0):
 garbage-first heap   total 68608K, used 32691K [0x0000000080000000, 0x0000000100000000)
  region size 1024K, 4 young (4096K), 4 survivors (4096K)
 Metaspace       used 47274K, committed 47680K, reserved 1114112K
  class space    used 6467K, committed 6656K, reserved 1048576K
}
Event: 12.100 GC heap before
{Heap before GC invocations=14 (full 0):
 garbage-first heap   total 68608K, used 54195K [0x0000000080000000, 0x0000000100000000)
  region size 1024K, 25 young (25600K), 4 survivors (4096K)
 Metaspace       used 50246K, committed 50624K, reserved 1114112K
  class space    used 6922K, committed 7104K, reserved 1048576K
}
Event: 12.107 GC heap after
{Heap after GC invocations=15 (full 0):
 garbage-first heap   total 82944K, used 34158K [0x0000000080000000, 0x0000000100000000)
  region size 1024K, 3 young (3072K), 3 survivors (3072K)
 Metaspace       used 50246K, committed 50624K, reserved 1114112K
  class space    used 6922K, committed 7104K, reserved 1048576K
}

Dll operation events (3 events):
Event: 0.015 Loaded shared library C:\Program Files\Android\Android Studio\jbr\bin\java.dll
Event: 0.327 Loaded shared library C:\Program Files\Android\Android Studio\jbr\bin\zip.dll
Event: 0.953 Loaded shared library C:\Program Files\Android\Android Studio\jbr\bin\verify.dll

Deoptimization events (20 events):
Event: 12.187 Thread 0x0000028e148f89e0 DEOPT PACKING pc=0x0000028e07d60a9c sp=0x000000ea858f87a0
Event: 12.187 Thread 0x0000028e148f89e0 DEOPT UNPACKING pc=0x0000028e075869a3 sp=0x000000ea858f8588 mode 2
Event: 12.191 Thread 0x0000028e148f89e0 Uncommon trap: trap_request=0xffffffde fr.pc=0x0000028e07d4fdf8 relative=0x00000000000056b8
Event: 12.191 Thread 0x0000028e148f89e0 Uncommon trap: reason=class_check action=maybe_recompile pc=0x0000028e07d4fdf8 method=java.net.URLClassLoader.defineClass(Ljava/lang/String;Ljdk/internal/loader/Resource;)Ljava/lang/Class; @ 34 c2
Event: 12.191 Thread 0x0000028e148f89e0 DEOPT PACKING pc=0x0000028e07d4fdf8 sp=0x000000ea858f86d0
Event: 12.191 Thread 0x0000028e148f89e0 DEOPT UNPACKING pc=0x0000028e075869a3 sp=0x000000ea858f8610 mode 2
Event: 12.417 Thread 0x0000028e148f89e0 Uncommon trap: trap_request=0xffffff45 fr.pc=0x0000028e07c7c404 relative=0x0000000000000344
Event: 12.417 Thread 0x0000028e148f89e0 Uncommon trap: reason=unstable_if action=reinterpret pc=0x0000028e07c7c404 method=org.gradle.internal.reflect.PropertyAccessorType.isGetGetterName(Ljava/lang/String;)Z @ 14 c2
Event: 12.417 Thread 0x0000028e148f89e0 DEOPT PACKING pc=0x0000028e07c7c404 sp=0x000000ea858f9040
Event: 12.417 Thread 0x0000028e148f89e0 DEOPT UNPACKING pc=0x0000028e075869a3 sp=0x000000ea858f8f98 mode 2
Event: 12.447 Thread 0x0000028e148f89e0 Uncommon trap: trap_request=0xffffff45 fr.pc=0x0000028e07c4886c relative=0x00000000000000ec
Event: 12.447 Thread 0x0000028e148f89e0 Uncommon trap: reason=unstable_if action=reinterpret pc=0x0000028e07c4886c method=org.objectweb.asm.ByteVector.putShort(I)Lorg/objectweb/asm/ByteVector; @ 13 c2
Event: 12.447 Thread 0x0000028e148f89e0 DEOPT PACKING pc=0x0000028e07c4886c sp=0x000000ea858f8c10
Event: 12.447 Thread 0x0000028e148f89e0 DEOPT UNPACKING pc=0x0000028e075869a3 sp=0x000000ea858f8ba8 mode 2
Event: 12.505 Thread 0x0000028e148f89e0 Uncommon trap: trap_request=0xffffff45 fr.pc=0x0000028e07d71764 relative=0x0000000000001be4
Event: 12.505 Thread 0x0000028e148f89e0 Uncommon trap: reason=unstable_if action=reinterpret pc=0x0000028e07d71764 method=java.util.concurrent.ConcurrentHashMap.computeIfAbsent(Ljava/lang/Object;Ljava/util/function/Function;)Ljava/lang/Object; @ 123 c2
Event: 12.505 Thread 0x0000028e148f89e0 DEOPT PACKING pc=0x0000028e07d71764 sp=0x000000ea858f9f40
Event: 12.505 Thread 0x0000028e148f89e0 DEOPT UNPACKING pc=0x0000028e075869a3 sp=0x000000ea858f9ec0 mode 2
Event: 12.662 Thread 0x0000028e148f89e0 DEOPT PACKING pc=0x0000028e00687fce sp=0x000000ea858f9bf0
Event: 12.662 Thread 0x0000028e148f89e0 DEOPT UNPACKING pc=0x0000028e07587143 sp=0x000000ea858f90e0 mode 0

Classes unloaded (0 events):
No events

Classes redefined (0 events):
No events

Internal exceptions (20 events):
Event: 11.003 Thread 0x0000028e148f89e0 Exception <a 'java/lang/NoSuchMethodError'{0x0000000083991238}: 'java.lang.Object java.lang.invoke.DirectMethodHandle$Holder.newInvokeSpecial(java.lang.Object, int, java.lang.Object)'> (0x0000000083991238) 
thrown [s\src\hotspot\share\interpreter\linkResolver.cpp, line 771]
Event: 11.438 Thread 0x0000028e148f89e0 Exception <a 'sun/nio/fs/WindowsException'{0x0000000084e55e28}> (0x0000000084e55e28) 
thrown [s\src\hotspot\share\prims\jni.cpp, line 517]
Event: 11.438 Thread 0x0000028e148f89e0 Exception <a 'sun/nio/fs/WindowsException'{0x0000000084e56118}> (0x0000000084e56118) 
thrown [s\src\hotspot\share\prims\jni.cpp, line 517]
Event: 11.439 Thread 0x0000028e148f89e0 Exception <a 'sun/nio/fs/WindowsException'{0x0000000084e58918}> (0x0000000084e58918) 
thrown [s\src\hotspot\share\prims\jni.cpp, line 517]
Event: 11.439 Thread 0x0000028e148f89e0 Exception <a 'sun/nio/fs/WindowsException'{0x0000000084e58cf8}> (0x0000000084e58cf8) 
thrown [s\src\hotspot\share\prims\jni.cpp, line 517]
Event: 11.441 Thread 0x0000028e148f89e0 Exception <a 'java/lang/NoSuchMethodError'{0x0000000084e66230}: 'java.lang.Object java.lang.invoke.DirectMethodHandle$Holder.newInvokeSpecial(java.lang.Object, java.lang.Object, int)'> (0x0000000084e66230) 
thrown [s\src\hotspot\share\interpreter\linkResolver.cpp, line 771]
Event: 11.522 Thread 0x0000028e148f89e0 Exception <a 'sun/nio/fs/WindowsException'{0x0000000084ce8180}> (0x0000000084ce8180) 
thrown [s\src\hotspot\share\prims\jni.cpp, line 517]
Event: 11.522 Thread 0x0000028e148f89e0 Exception <a 'sun/nio/fs/WindowsException'{0x0000000084ce8560}> (0x0000000084ce8560) 
thrown [s\src\hotspot\share\prims\jni.cpp, line 517]
Event: 11.879 Thread 0x0000028e148f89e0 Exception <a 'java/lang/NoSuchMethodError'{0x00000000835a57e8}: 'void java.lang.invoke.DirectMethodHandle$Holder.invokeStatic(java.lang.Object, java.lang.Object, java.lang.Object, java.lang.Object, java.lang.Object, java.lang.Object, java.lang.Object)'> (0x00000000835a57e8) 
thrown [s\src\hotspot\share\interpreter\linkResolver.cpp, line 771]
Event: 12.177 Thread 0x0000028e148fa840 Exception <a 'java/lang/NoSuchMethodError'{0x0000000084ea6550}: static Lorg/gradle/internal/build/event/types/DefaultOperationStartedProgressEvent;.<clinit>()V> (0x0000000084ea6550) 
thrown [s\src\hotspot\share\prims\jni.cpp, line 1108]
Event: 12.178 Thread 0x0000028e148fa840 Exception <a 'java/lang/NoSuchMethodError'{0x0000000084eafb30}: static Lorg/gradle/internal/build/event/types/AbstractProgressEvent;.<clinit>()V> (0x0000000084eafb30) 
thrown [s\src\hotspot\share\prims\jni.cpp, line 1108]
Event: 12.182 Thread 0x0000028e148fa840 Exception <a 'java/lang/NoSuchMethodError'{0x0000000084ec3d30}: static Lorg/gradle/internal/build/event/types/DefaultProjectConfigurationDescriptor;.<clinit>()V> (0x0000000084ec3d30) 
thrown [s\src\hotspot\share\prims\jni.cpp, line 1108]
Event: 12.182 Thread 0x0000028e148fa840 Exception <a 'java/lang/NoSuchMethodError'{0x0000000084ec6778}: static Lorg/gradle/internal/build/event/types/DefaultOperationDescriptor;.<clinit>()V> (0x0000000084ec6778) 
thrown [s\src\hotspot\share\prims\jni.cpp, line 1108]
Event: 12.186 Thread 0x0000028e148fa840 Exception <a 'java/lang/NoSuchMethodError'{0x0000000084ee0b68}: static Lorg/gradle/internal/operations/OperationIdentifier;.<clinit>()V> (0x0000000084ee0b68) 
thrown [s\src\hotspot\share\prims\jni.cpp, line 1108]
Event: 12.412 Thread 0x0000028e148f89e0 Exception <a 'java/lang/NoSuchMethodError'{0x00000000847bea70}: 'long java.lang.invoke.DirectMethodHandle$Holder.invokeStatic(java.lang.Object, long)'> (0x00000000847bea70) 
thrown [s\src\hotspot\share\interpreter\linkResolver.cpp, line 771]
Event: 12.717 Thread 0x0000028e148f89e0 Exception <a 'java/lang/NoSuchMethodError'{0x0000000083d155e0}: 'java.lang.Object java.lang.invoke.DirectMethodHandle$Holder.invokeSpecial(java.lang.Object, java.lang.Object, java.lang.Object, java.lang.Object, java.lang.Object, java.lang.Object, java.lang.Object, java.lang.Object, java.lang.Object, java.lang.Object, java.lang.Object, java.lang.Object, java.lang.Object, java.lang.Object, java.lang.Object, java.lang.Object, java.lang.Object, java.lang.Object, java.lang.Object, java.lang.Object, java.lang.Ob
Event: 12.718 Thread 0x0000028e148f89e0 Exception <a 'java/lang/NoSuchMethodError'{0x0000000083d1b6f0}: 'java.lang.Object java.lang.invoke.DelegatingMethodHandle$Holder.reinvoke_L(java.lang.Object, java.lang.Object, java.lang.Object, java.lang.Object, java.lang.Object, java.lang.Object, java.lang.Object, java.lang.Object, java.lang.Object, java.lang.Object, java.lang.Object, java.lang.Object, java.lang.Object, java.lang.Object, java.lang.Object, java.lang.Object, java.lang.Object, java.lang.Object, java.lang.Object, java.lang.Object, java.lang.O
Event: 12.719 Thread 0x0000028e148f89e0 Exception <a 'java/lang/NoSuchMethodError'{0x0000000083d26e08}: 'java.lang.Object java.lang.invoke.Invokers$Holder.invoker(java.lang.Object, java.lang.Object, java.lang.Object, java.lang.Object, java.lang.Object, java.lang.Object, java.lang.Object, java.lang.Object, java.lang.Object, java.lang.Object, java.lang.Object, java.lang.Object, java.lang.Object, java.lang.Object, java.lang.Object, java.lang.Object, java.lang.Object, java.lang.Object, java.lang.Object, java.lang.Object, java.lang.Object, java.lang.
Event: 12.719 Thread 0x0000028e148f89e0 Exception <a 'java/lang/NoSuchMethodError'{0x0000000083d2d868}: 'java.lang.Object java.lang.invoke.DelegatingMethodHandle$Holder.delegate(java.lang.Object, java.lang.Object, java.lang.Object, java.lang.Object, java.lang.Object, java.lang.Object, java.lang.Object, java.lang.Object, java.lang.Object, java.lang.Object, java.lang.Object, java.lang.Object, java.lang.Object, java.lang.Object, java.lang.Object, java.lang.Object, java.lang.Object, java.lang.Object, java.lang.Object, java.lang.Object, java.lang.Obj
Event: 12.735 Thread 0x0000028e148f89e0 Exception <a 'java/lang/NoSuchMethodError'{0x0000000083c12378}: 'java.lang.Object java.lang.invoke.DirectMethodHandle$Holder.invokeStatic(java.lang.Object, java.lang.Object, java.lang.Object, java.lang.Object, java.lang.Object, java.lang.Object, java.lang.Object, java.lang.Object, java.lang.Object, java.lang.Object, java.lang.Object, java.lang.Object, java.lang.Object, java.lang.Object, java.lang.Object, java.lang.Object, java.lang.Object, java.lang.Object, java.lang.Object, java.lang.Object, java.lang.Obj

VM Operations (20 events):
Event: 10.218 Executing VM operation: HandshakeAllThreads
Event: 10.218 Executing VM operation: HandshakeAllThreads done
Event: 10.533 Executing VM operation: HandshakeAllThreads
Event: 10.533 Executing VM operation: HandshakeAllThreads done
Event: 10.539 Executing VM operation: HandshakeAllThreads
Event: 10.539 Executing VM operation: HandshakeAllThreads done
Event: 10.552 Executing VM operation: HandshakeAllThreads
Event: 10.552 Executing VM operation: HandshakeAllThreads done
Event: 10.679 Executing VM operation: HandshakeAllThreads
Event: 10.679 Executing VM operation: HandshakeAllThreads done
Event: 10.740 Executing VM operation: G1CollectForAllocation
Event: 10.748 Executing VM operation: G1CollectForAllocation done
Event: 11.404 Executing VM operation: G1CollectForAllocation
Event: 11.412 Executing VM operation: G1CollectForAllocation done
Event: 11.808 Executing VM operation: HandshakeAllThreads
Event: 11.808 Executing VM operation: HandshakeAllThreads done
Event: 12.060 Executing VM operation: HandshakeAllThreads
Event: 12.060 Executing VM operation: HandshakeAllThreads done
Event: 12.100 Executing VM operation: G1CollectForAllocation
Event: 12.108 Executing VM operation: G1CollectForAllocation done

Events (20 events):
Event: 12.177 loading class java/io/ObjectStreamClass$3 done
Event: 12.178 loading class java/io/ObjectStreamClass$4
Event: 12.178 loading class java/io/ObjectStreamClass$4 done
Event: 12.178 loading class java/io/ObjectStreamClass$5
Event: 12.178 loading class java/io/ObjectStreamClass$5 done
Event: 12.179 loading class java/io/ObjectStreamClass$ClassDataSlot
Event: 12.179 loading class java/io/ObjectStreamClass$ClassDataSlot done
Event: 12.183 loading class jdk/internal/reflect/UnsafeQualifiedStaticLongFieldAccessorImpl
Event: 12.183 loading class jdk/internal/reflect/UnsafeQualifiedStaticLongFieldAccessorImpl done
Event: 12.188 loading class java/io/SerialCallbackContext
Event: 12.188 loading class java/io/SerialCallbackContext done
Event: 12.314 loading class java/util/DualPivotQuicksort
Event: 12.315 loading class java/util/DualPivotQuicksort done
Event: 12.411 loading class java/util/function/LongUnaryOperator
Event: 12.411 loading class java/util/function/LongUnaryOperator done
Event: 12.706 loading class java/util/Collections$SingletonMap
Event: 12.706 loading class java/util/Collections$SingletonMap done
Event: 12.711 Thread 0x0000028e1581e0a0 Thread added: 0x0000028e1581e0a0
Event: 12.733 loading class java/lang/invoke/BoundMethodHandle$Species_LLLLLLLLLLLLLLLLLLLLLLL
Event: 12.733 loading class java/lang/invoke/BoundMethodHandle$Species_LLLLLLLLLLLLLLLLLLLLLLL done


Dynamic libraries:
0x00007ff664a20000 - 0x00007ff664a2a000 	C:\Program Files\Android\Android Studio\jbr\bin\java.exe
0x00007ffbdd590000 - 0x00007ffbdd788000 	C:\WINDOWS\SYSTEM32\ntdll.dll
0x00007ffba0920000 - 0x00007ffba0939000 	C:\Program Files\Avast Software\Avast\aswhook.dll
0x00007ffbdb920000 - 0x00007ffbdb9dd000 	C:\WINDOWS\System32\KERNEL32.DLL
0x00007ffbdae80000 - 0x00007ffbdb176000 	C:\WINDOWS\System32\KERNELBASE.dll
0x00007ffbdb420000 - 0x00007ffbdb520000 	C:\WINDOWS\System32\ucrtbase.dll
0x00007ffbc9590000 - 0x00007ffbc95a7000 	C:\Program Files\Android\Android Studio\jbr\bin\jli.dll
0x00007ffbd6a20000 - 0x00007ffbd6a3b000 	C:\Program Files\Android\Android Studio\jbr\bin\VCRUNTIME140.dll
0x00007ffbdc3f0000 - 0x00007ffbdc58f000 	C:\WINDOWS\System32\USER32.dll
0x00007ffbdace0000 - 0x00007ffbdad02000 	C:\WINDOWS\System32\win32u.dll
0x00007ffbbef00000 - 0x00007ffbbf19a000 	C:\WINDOWS\WinSxS\amd64_microsoft.windows.common-controls_6595b64144ccf1df_6.0.19041.4355_none_60b8b9eb71f62e16\COMCTL32.dll
0x00007ffbdbda0000 - 0x00007ffbdbdcb000 	C:\WINDOWS\System32\GDI32.dll
0x00007ffbdc010000 - 0x00007ffbdc0ae000 	C:\WINDOWS\System32\msvcrt.dll
0x00007ffbdad10000 - 0x00007ffbdae27000 	C:\WINDOWS\System32\gdi32full.dll
0x00007ffbdb520000 - 0x00007ffbdb5bd000 	C:\WINDOWS\System32\msvcp_win.dll
0x00007ffbdbe80000 - 0x00007ffbdbeb2000 	C:\WINDOWS\System32\IMM32.DLL
0x00007ffbd62c0000 - 0x00007ffbd62cc000 	C:\Program Files\Android\Android Studio\jbr\bin\vcruntime140_1.dll
0x00007ffbc28e0000 - 0x00007ffbc296d000 	C:\Program Files\Android\Android Studio\jbr\bin\msvcp140.dll
0x00007ffb92d20000 - 0x00007ffb939a3000 	C:\Program Files\Android\Android Studio\jbr\bin\server\jvm.dll
0x00007ffbdbdd0000 - 0x00007ffbdbe80000 	C:\WINDOWS\System32\ADVAPI32.dll
0x00007ffbdc0b0000 - 0x00007ffbdc150000 	C:\WINDOWS\System32\sechost.dll
0x00007ffbdd3c0000 - 0x00007ffbdd4e3000 	C:\WINDOWS\System32\RPCRT4.dll
0x00007ffbdac40000 - 0x00007ffbdac67000 	C:\WINDOWS\System32\bcrypt.dll
0x00007ffbda1d0000 - 0x00007ffbda21b000 	C:\WINDOWS\SYSTEM32\POWRPROF.dll
0x00007ffbc8860000 - 0x00007ffbc8869000 	C:\WINDOWS\SYSTEM32\WSOCK32.dll
0x00007ffbdc200000 - 0x00007ffbdc26b000 	C:\WINDOWS\System32\WS2_32.dll
0x00007ffbb8c70000 - 0x00007ffbb8c97000 	C:\WINDOWS\SYSTEM32\WINMM.dll
0x00007ffbd3cf0000 - 0x00007ffbd3cfa000 	C:\WINDOWS\SYSTEM32\VERSION.dll
0x00007ffbda030000 - 0x00007ffbda042000 	C:\WINDOWS\SYSTEM32\UMPDC.dll
0x00007ffbd8ac0000 - 0x00007ffbd8ad2000 	C:\WINDOWS\SYSTEM32\kernel.appcore.dll
0x00007ffbd6ad0000 - 0x00007ffbd6ada000 	C:\Program Files\Android\Android Studio\jbr\bin\jimage.dll
0x00007ffbd1b80000 - 0x00007ffbd1d64000 	C:\WINDOWS\SYSTEM32\DBGHELP.DLL
0x00007ffbd19c0000 - 0x00007ffbd19f4000 	C:\WINDOWS\SYSTEM32\dbgcore.DLL
0x00007ffbdb390000 - 0x00007ffbdb412000 	C:\WINDOWS\System32\bcryptPrimitives.dll
0x00007ffbd1060000 - 0x00007ffbd106e000 	C:\Program Files\Android\Android Studio\jbr\bin\instrument.dll
0x00007ffbd69f0000 - 0x00007ffbd6a15000 	C:\Program Files\Android\Android Studio\jbr\bin\java.dll
0x00007ffbd5c40000 - 0x00007ffbd5c58000 	C:\Program Files\Android\Android Studio\jbr\bin\zip.dll
0x00007ffbdc5a0000 - 0x00007ffbdcd0b000 	C:\WINDOWS\System32\SHELL32.dll
0x00007ffbd8cc0000 - 0x00007ffbd945d000 	C:\WINDOWS\SYSTEM32\windows.storage.dll
0x00007ffbdb5c0000 - 0x00007ffbdb913000 	C:\WINDOWS\System32\combase.dll
0x00007ffbda660000 - 0x00007ffbda68e000 	C:\WINDOWS\SYSTEM32\Wldp.dll
0x00007ffbdbc20000 - 0x00007ffbdbced000 	C:\WINDOWS\System32\OLEAUT32.dll
0x00007ffbdbcf0000 - 0x00007ffbdbd9d000 	C:\WINDOWS\System32\SHCORE.dll
0x00007ffbdd4f0000 - 0x00007ffbdd545000 	C:\WINDOWS\System32\shlwapi.dll
0x00007ffbdab70000 - 0x00007ffbdab94000 	C:\WINDOWS\SYSTEM32\profapi.dll
0x00007ffbd4490000 - 0x00007ffbd44a9000 	C:\Program Files\Android\Android Studio\jbr\bin\net.dll
0x00007ffbcfd80000 - 0x00007ffbcfe8a000 	C:\WINDOWS\SYSTEM32\WINHTTP.dll
0x00007ffbda3c0000 - 0x00007ffbda42a000 	C:\WINDOWS\system32\mswsock.dll
0x00007ffbd1110000 - 0x00007ffbd1126000 	C:\Program Files\Android\Android Studio\jbr\bin\nio.dll
0x00007ffbd5c30000 - 0x00007ffbd5c40000 	C:\Program Files\Android\Android Studio\jbr\bin\verify.dll
0x00007ffbc2970000 - 0x00007ffbc2997000 	C:\Users\Pubudu\.gradle\native\c067742578af261105cb4f569cf0c3c89f3d7b1fecec35dd04571415982c5e48\windows-amd64\native-platform.dll
0x00007ffbbf240000 - 0x00007ffbbf384000 	C:\Users\Pubudu\.gradle\native\38dada09dfb8b06ba9b0570ebf7e218e3eb74d4ef43ca46872605cf95ebc2f47\windows-amd64\native-platform-file-events.dll
0x00007ffbd4480000 - 0x00007ffbd4489000 	C:\Program Files\Android\Android Studio\jbr\bin\management.dll
0x00007ffbd3d10000 - 0x00007ffbd3d1b000 	C:\Program Files\Android\Android Studio\jbr\bin\management_ext.dll
0x00007ffbdc000000 - 0x00007ffbdc008000 	C:\WINDOWS\System32\PSAPI.DLL
0x00007ffbda5c0000 - 0x00007ffbda5d8000 	C:\WINDOWS\SYSTEM32\CRYPTSP.dll
0x00007ffbd9c70000 - 0x00007ffbd9ca4000 	C:\WINDOWS\system32\rsaenh.dll
0x00007ffbdaae0000 - 0x00007ffbdab0e000 	C:\WINDOWS\SYSTEM32\USERENV.dll
0x00007ffbda5b0000 - 0x00007ffbda5bc000 	C:\WINDOWS\SYSTEM32\CRYPTBASE.dll
0x00007ffbda050000 - 0x00007ffbda08b000 	C:\WINDOWS\SYSTEM32\IPHLPAPI.DLL
0x00007ffbdc590000 - 0x00007ffbdc598000 	C:\WINDOWS\System32\NSI.dll
0x00007ffbd10a0000 - 0x00007ffbd10b7000 	C:\WINDOWS\SYSTEM32\dhcpcsvc6.DLL
0x00007ffbd1d70000 - 0x00007ffbd1d8d000 	C:\WINDOWS\SYSTEM32\dhcpcsvc.DLL
0x00007ffbda090000 - 0x00007ffbda15b000 	C:\WINDOWS\SYSTEM32\DNSAPI.dll
0x00007ffbd5700000 - 0x00007ffbd5709000 	C:\Program Files\Android\Android Studio\jbr\bin\extnet.dll
0x00007ffbd44b0000 - 0x00007ffbd44b7000 	C:\WINDOWS\system32\wshunix.dll

dbghelp: loaded successfully - version: 4.0.5 - missing functions: none
symbol engine: initialized successfully - sym options: 0x614 - pdb path: .;C:\Program Files\Android\Android Studio\jbr\bin;C:\WINDOWS\SYSTEM32;C:\Program Files\Avast Software\Avast;C:\WINDOWS\WinSxS\amd64_microsoft.windows.common-controls_6595b64144ccf1df_6.0.19041.4355_none_60b8b9eb71f62e16;C:\Program Files\Android\Android Studio\jbr\bin\server;C:\Users\Pubudu\.gradle\native\c067742578af261105cb4f569cf0c3c89f3d7b1fecec35dd04571415982c5e48\windows-amd64;C:\Users\Pubudu\.gradle\native\38dada09dfb8b06ba9b0570ebf7e218e3eb74d4ef43ca46872605cf95ebc2f47\windows-amd64

VM Arguments:
jvm_args: --add-opens=java.base/java.util=ALL-UNNAMED --add-opens=java.base/java.lang=ALL-UNNAMED --add-opens=java.base/java.lang.invoke=ALL-UNNAMED --add-opens=java.prefs/java.util.prefs=ALL-UNNAMED --add-opens=java.base/java.nio.charset=ALL-UNNAMED --add-opens=java.base/java.net=ALL-UNNAMED --add-opens=java.base/java.util.concurrent.atomic=ALL-UNNAMED -Xmx2048m -Dfile.encoding=UTF-8 -Duser.country=US -Duser.language=en -Duser.variant -javaagent:C:\Users\Pubudu\.gradle\wrapper\dists\gradle-8.6-bin\afr5mpiioh2wthjmwnkmdsd5w\gradle-8.6\lib\agents\gradle-instrumentation-agent-8.6.jar 
java_command: org.gradle.launcher.daemon.bootstrap.GradleDaemon 8.6
java_class_path (initial): C:\Users\Pubudu\.gradle\wrapper\dists\gradle-8.6-bin\afr5mpiioh2wthjmwnkmdsd5w\gradle-8.6\lib\gradle-launcher-8.6.jar
Launcher Type: SUN_STANDARD

[Global flags]
     intx CICompilerCount                          = 3                                         {product} {ergonomic}
     uint ConcGCThreads                            = 1                                         {product} {ergonomic}
     uint G1ConcRefinementThreads                  = 4                                         {product} {ergonomic}
   size_t G1HeapRegionSize                         = 1048576                                   {product} {ergonomic}
    uintx GCDrainStackTargetSize                   = 64                                        {product} {ergonomic}
   size_t InitialHeapSize                          = 134217728                                 {product} {ergonomic}
   size_t MarkStackSize                            = 4194304                                   {product} {ergonomic}
   size_t MaxHeapSize                              = 2147483648                                {product} {command line}
   size_t MaxNewSize                               = 1287651328                                {product} {ergonomic}
   size_t MinHeapDeltaBytes                        = 1048576                                   {product} {ergonomic}
   size_t MinHeapSize                              = 8388608                                   {product} {ergonomic}
    uintx NonNMethodCodeHeapSize                   = 5832780                                {pd product} {ergonomic}
    uintx NonProfiledCodeHeapSize                  = 122912730                              {pd product} {ergonomic}
    uintx ProfiledCodeHeapSize                     = 122912730                              {pd product} {ergonomic}
    uintx ReservedCodeCacheSize                    = 251658240                              {pd product} {ergonomic}
     bool SegmentedCodeCache                       = true                                      {product} {ergonomic}
   size_t SoftMaxHeapSize                          = 2147483648                             {manageable} {ergonomic}
     bool UseCompressedClassPointers               = true                           {product lp64_product} {ergonomic}
     bool UseCompressedOops                        = true                           {product lp64_product} {ergonomic}
     bool UseG1GC                                  = true                                      {product} {ergonomic}
     bool UseLargePagesIndividualAllocation        = false                                  {pd product} {ergonomic}

Logging:
Log output configuration:
 #0: stdout all=warning uptime,level,tags
 #1: stderr all=off uptime,level,tags

Environment Variables:
JAVA_HOME=C:\Program Files\Java\jdk-20
PATH=C:\Program Files\Common Files\Oracle\Java\javapath;C:\Program Files (x86)\Common Files\Oracle\Java\java8path;C:\Program Files (x86)\Common Files\Oracle\Java\javapath;C:\xampp\php:C:\Program Files\Common Files\Oracle\Java\javapath;C:\WINDOWS\system32;C:\WINDOWS;C:\WINDOWS\System32\Wbem;C:\WINDOWS\System32\WindowsPowerShell\v1.0\;C:\WINDOWS\System32\OpenSSH\;C:\Program Files\Microsoft SQL Server\150\Tools\Binn\;C:\Program Files\Microsoft SQL Server\Client SDK\ODBC\170\Tools\Binn\;C:\Program Files\Common Files\Autodesk Shared\;C:\Program Files\Java\jdk-20\bin;C:\Program Files\dotnet\;C:\Program Files\nodejs\;C:\ProgramData\Microsoft\Windows\Start Menu\Programs\Node.js;C:\Users\Pubudu\AppData\Roaming;C:\Program Files\nodejs\node_modules\npm;C:\Program Files\Git\cmd;C:\Program Files (x86)\Microsoft SQL Server\160\DTS\Binn\;C:\Program Files (x86)\Microsoft SQL Server\160\Tools\Binn\;C:\Program Files\Microsoft SQL Server\160\Tools\Binn\;C:\Program Files\Microsoft SQL Server\160\DTS\Binn\;C:\Users\Pubudu\AppData\Local\Microsoft\WindowsApps;C:\Users\Pubudu\.dotnet\tools;C:\Users\Pubudu\AppData\Roaming\npm;C:\Program Files\nodejs;;C:\Program Files\Azure Data Studio\bin;C:\Users\Pubudu\AppData\Local\Programs\Vs Code\Microsoft VS Code\bin
USERNAME=Pubudu
OS=Windows_NT
PROCESSOR_IDENTIFIER=Intel64 Family 6 Model 78 Stepping 3, GenuineIntel
TMP=C:\Users\Pubudu\AppData\Local\Temp
TEMP=C:\Users\Pubudu\AppData\Local\Temp



Periodic native trim disabled

JNI global refs:
JNI global refs: 26, weak refs: 5

JNI global refs memory usage: 843, weak refs: 841

OOME stack traces (most recent first):
Classloader memory used:
Loader org.gradle.internal.classloader.VisitableURLClassLoader                         : 3319K
Loader bootstrap                                                                       : 2385K
Loader org.gradle.initialization.MixInLegacyTypesClassLoader                           : 874K
Loader jdk.internal.loader.ClassLoaders$PlatformClassLoader                            : 66550B
Loader jdk.internal.loader.ClassLoaders$AppClassLoader                                 : 28730B
Loader jdk.internal.reflect.DelegatingClassLoader                                      : 9050B
Loader org.gradle.internal.classloader.VisitableURLClassLoader                         : 3944B
Loader org.gradle.internal.classloader.VisitableURLClassLoader$InstrumentingVisitableURLClassLoader: 3713B

Classes loaded by more than one classloader:
Class org.gradle.internal.installation.GradleInstallation                             : loaded 2 times (x 73B)
Class org.gradle.internal.classpath.ClassPath                                         : loaded 2 times (x 68B)
Class org.gradle.api.internal.classpath.DefaultModuleRegistry                         : loaded 2 times (x 84B)
Class Settings_gradle$1$1                                                             : loaded 2 times (x 72B)
Class org.gradle.api.Action                                                           : loaded 2 times (x 68B)
Class org.gradle.api.internal.DefaultClassPathProvider                                : loaded 2 times (x 74B)
Class org.gradle.internal.installation.GradleInstallation$1                           : loaded 2 times (x 73B)
Class org.gradle.internal.classloader.FilteringClassLoader                            : loaded 2 times (x 103B)
Class org.gradle.internal.classpath.DefaultClassPath$ImmutableUniqueList$Builder      : loaded 2 times (x 73B)
Class org.gradle.internal.classloader.ClassLoaderVisitor                              : loaded 2 times (x 74B)
Class org.gradle.internal.service.DefaultServiceLocator                               : loaded 2 times (x 81B)
Class org.gradle.internal.service.UnknownServiceException                             : loaded 2 times (x 81B)
Class org.gradle.internal.classloader.DefaultClassLoaderFactory                       : loaded 2 times (x 80B)
Class org.gradle.internal.classloader.VisitableURLClassLoader$Spec                    : loaded 2 times (x 72B)
Class org.gradle.api.GradleException                                                  : loaded 2 times (x 80B)
Class org.gradle.api.internal.classpath.ModuleRegistry                                : loaded 2 times (x 68B)
Class org.gradle.api.internal.ClassPathProvider                                       : loaded 2 times (x 68B)
Class org.gradle.internal.classloader.ClasspathUtil$1                                 : loaded 2 times (x 74B)
Class org.gradle.internal.classloader.ClassLoaderFactory                              : loaded 2 times (x 68B)
Class org.gradle.api.internal.classpath.ManifestUtil                                  : loaded 2 times (x 69B)
Class org.gradle.api.specs.Spec                                                       : loaded 2 times (x 68B)
Class org.gradle.internal.IoActions                                                   : loaded 2 times (x 69B)
Class org.gradle.api.internal.classpath.EffectiveClassPath                            : loaded 2 times (x 88B)
Class org.gradle.internal.installation.CurrentGradleInstallation                      : loaded 2 times (x 71B)
Class org.gradle.internal.agents.InstrumentingClassLoader                             : loaded 2 times (x 68B)
Class org.gradle.internal.installation.CurrentGradleInstallationLocator               : loaded 2 times (x 69B)
Class org.gradle.api.internal.classpath.Module                                        : loaded 2 times (x 68B)
Class org.gradle.internal.service.CachingServiceLocator                               : loaded 2 times (x 80B)
Class org.gradle.internal.classpath.DefaultClassPath                                  : loaded 2 times (x 88B)
Class org.gradle.internal.classloader.SystemClassLoaderSpec                           : loaded 2 times (x 69B)
Class org.gradle.api.UncheckedIOException                                             : loaded 2 times (x 80B)
Class Program                                                                         : loaded 2 times (x 70B)
Class org.gradle.internal.classloader.ClasspathUtil                                   : loaded 2 times (x 69B)
Class org.gradle.api.internal.DefaultClassPathRegistry                                : loaded 2 times (x 74B)
Class org.gradle.api.internal.classpath.DefaultModuleRegistry$DefaultModule           : loaded 2 times (x 84B)
Class org.gradle.api.internal.classpath.UnknownModuleException                        : loaded 2 times (x 80B)
Class org.gradle.internal.service.ServiceLookupException                              : loaded 2 times (x 80B)
Class org.gradle.cache.GlobalCache                                                    : loaded 2 times (x 68B)
Class [Lorg.gradle.api.internal.ClassPathProvider;                                    : loaded 2 times (x 67B)
Class org.gradle.util.internal.GUtil                                                  : loaded 2 times (x 69B)
Class org.gradle.internal.classloader.ClassLoaderSpec                                 : loaded 2 times (x 69B)
Class org.gradle.internal.classloader.VisitableURLClassLoader                         : loaded 2 times (x 115B)
Class org.gradle.internal.Cast                                                        : loaded 2 times (x 69B)
Class org.gradle.api.internal.ClassPathRegistry                                       : loaded 2 times (x 68B)
Class org.gradle.internal.classloader.VisitableURLClassLoader$InstrumentingVisitableURLClassLoader: loaded 2 times (x 121B)
Class org.gradle.internal.classloader.ClassLoaderHierarchy                            : loaded 2 times (x 68B)
Class org.gradle.internal.InternalTransformer                                         : loaded 2 times (x 68B)
Class org.gradle.internal.service.ServiceLocator                                      : loaded 2 times (x 68B)
Class Settings_gradle$1                                                               : loaded 2 times (x 72B)
Class org.gradle.internal.classpath.DefaultClassPath$ImmutableUniqueList              : loaded 2 times (x 159B)
Class org.gradle.internal.classpath.TransformedClassPath                              : loaded 2 times (x 94B)
Class Settings_gradle                                                                 : loaded 2 times (x 126B)


---------------  S Y S T E M  ---------------

OS:
 Windows 10 , 64 bit Build 19041 (10.0.19041.3636)
OS uptime: 0 days 1:37 hours

CPU: total 4 (initial active 4) (2 cores per cpu, 2 threads per core) family 6 model 78 stepping 3 microcode 0xf0, cx8, cmov, fxsr, ht, mmx, 3dnowpref, sse, sse2, sse3, ssse3, sse4.1, sse4.2, popcnt, lzcnt, tsc, tscinvbit, avx, avx2, aes, erms, clmul, bmi1, bmi2, adx, fma, vzeroupper, clflush, clflushopt
Processor Information for all 4 processors :
  Max Mhz: 2400, Current Mhz: 2300, Mhz Limit: 2280

Memory: 4k page, system-wide physical 8083M (446M free)
TotalPageFile size 8083M (AvailPageFile size 7M)
current process WorkingSet (physical memory assigned to process): 253M, peak: 253M
current process commit charge ("private bytes"): 281M, peak: 283M

vm_info: OpenJDK 64-Bit Server VM (17.0.10+0--11572160) for windows-amd64 JRE (17.0.10+0--11572160), built on Mar 13 2024 23:56:38 by "androidbuild" with MS VC++ 16.10 / 16.11 (VS2019)

END.
