#
# There is insufficient memory for the Java Runtime Environment to continue.
# Native memory allocation (malloc) failed to allocate 2062736 bytes for Chunk::new
# Possible reasons:
#   The system is out of physical RAM or swap space
#   The process is running with CompressedOops enabled, and the Java Heap may be blocking the growth of the native heap
# Possible solutions:
#   Reduce memory load on the system
#   Increase physical memory or swap space
#   Check if swap backing store is full
#   Decrease Java heap size (-Xmx/-Xms)
#   Decrease number of Java threads
#   Decrease Java thread stack sizes (-Xss)
#   Set larger code cache with -XX:ReservedCodeCacheSize=
#   JVM is running with Unscaled Compressed Oops mode in which the Java heap is
#     placed in the first 4GB address space. The Java Heap base address is the
#     maximum limit for the native heap growth. Please use -XX:HeapBaseMinAddress
#     to set the Java Heap base and to place the Java Heap above 4GB virtual address.
# This output file may be truncated or incomplete.
#
#  Out of Memory Error (arena.cpp:191), pid=17400, tid=9052
#
# JRE version: OpenJDK Runtime Environment (17.0.10) (build 17.0.10+0--11572160)
# Java VM: OpenJDK 64-Bit Server VM (17.0.10+0--11572160, mixed mode, tiered, compressed oops, compressed class ptrs, g1 gc, windows-amd64)
# No core dump will be written. Minidumps are not enabled by default on client versions of Windows
#

---------------  S U M M A R Y ------------

Command Line: --add-opens=java.base/java.util=ALL-UNNAMED --add-opens=java.base/java.lang=ALL-UNNAMED --add-opens=java.base/java.lang.invoke=ALL-UNNAMED --add-opens=java.prefs/java.util.prefs=ALL-UNNAMED --add-opens=java.base/java.nio.charset=ALL-UNNAMED --add-opens=java.base/java.net=ALL-UNNAMED --add-opens=java.base/java.util.concurrent.atomic=ALL-UNNAMED -Xmx2048m -Dfile.encoding=UTF-8 -Duser.country=US -Duser.language=en -Duser.variant -javaagent:C:\Users\Pubudu\.gradle\wrapper\dists\gradle-8.6-bin\afr5mpiioh2wthjmwnkmdsd5w\gradle-8.6\lib\agents\gradle-instrumentation-agent-8.6.jar org.gradle.launcher.daemon.bootstrap.GradleDaemon 8.6

Host: Intel(R) Core(TM) i5-6200U CPU @ 2.30GHz, 4 cores, 7G,  Windows 10 , 64 bit Build 19041 (10.0.19041.3636)
Time: Wed Jun  5 19:15:52 2024 Sri Lanka Standard Time elapsed time: 10.509104 seconds (0d 0h 0m 10s)

---------------  T H R E A D  ---------------

Current thread (0x00000217f95d7d40):  JavaThread "C2 CompilerThread1" daemon [_thread_in_native, id=9052, stack(0x000000d3a4700000,0x000000d3a4800000)]


Current CompileTask:
C2:  10509 4456   !   4       java.net.URLClassLoader::findClass (47 bytes)

Stack: [0x000000d3a4700000,0x000000d3a4800000]
Native frames: (J=compiled Java code, j=interpreted, Vv=VM code, C=native code)
V  [jvm.dll+0x688e89]
V  [jvm.dll+0x84247a]
V  [jvm.dll+0x8440be]
V  [jvm.dll+0x844723]
V  [jvm.dll+0x24be0f]
V  [jvm.dll+0xac524]
V  [jvm.dll+0xacb6c]
V  [jvm.dll+0x36bd67]
V  [jvm.dll+0x33615a]
V  [jvm.dll+0x3355fa]
V  [jvm.dll+0x21daa1]
V  [jvm.dll+0x21cec1]
V  [jvm.dll+0x1a60ad]
V  [jvm.dll+0x22cd78]
V  [jvm.dll+0x22aeb0]
V  [jvm.dll+0x7f6917]
V  [jvm.dll+0x7f0d1a]
V  [jvm.dll+0x687d05]
C  [ucrtbase.dll+0x21bb2]
C  [KERNEL32.DLL+0x17344]
C  [ntdll.dll+0x526b1]


---------------  P R O C E S S  ---------------

Threads class SMR info:
_java_thread_list=0x00000217fa9e5a10, length=38, elements={
0x00000217da5144a0, 0x00000217f8013620, 0x00000217f3afaa50, 0x00000217f3b13f20,
0x00000217f3b149f0, 0x00000217f802d000, 0x00000217f802de20, 0x00000217f8033780,
0x00000217f8038510, 0x00000217f80397e0, 0x00000217f81bd730, 0x00000217f83b80a0,
0x00000217fa0fe0f0, 0x00000217fa1d12c0, 0x00000217f8407d00, 0x00000217f9ceb870,
0x00000217fa59b820, 0x00000217f90e4020, 0x00000217f90e6390, 0x00000217f90e4530,
0x00000217f90e5e80, 0x00000217f90e68a0, 0x00000217f90e4f50, 0x00000217f90e4a40,
0x00000217f90e5970, 0x00000217f90e5460, 0x00000217f9c43ec0, 0x00000217f9c42a80,
0x00000217f9c42060, 0x00000217f9c42f90, 0x00000217f9c448e0, 0x00000217f9c443d0,
0x00000217f95d7d40, 0x00000217f9c45810, 0x00000217fc2b2570, 0x00000217fc2b34a0,
0x00000217fc2b39b0, 0x00000217fc2b4df0
}

Java Threads: ( => current thread )
  0x00000217da5144a0 JavaThread "main" [_thread_blocked, id=1588, stack(0x000000d3a2400000,0x000000d3a2500000)]
  0x00000217f8013620 JavaThread "Reference Handler" daemon [_thread_blocked, id=1504, stack(0x000000d3a2b00000,0x000000d3a2c00000)]
  0x00000217f3afaa50 JavaThread "Finalizer" daemon [_thread_blocked, id=1484, stack(0x000000d3a2c00000,0x000000d3a2d00000)]
  0x00000217f3b13f20 JavaThread "Signal Dispatcher" daemon [_thread_blocked, id=1600, stack(0x000000d3a2d00000,0x000000d3a2e00000)]
  0x00000217f3b149f0 JavaThread "Attach Listener" daemon [_thread_blocked, id=2148, stack(0x000000d3a2e00000,0x000000d3a2f00000)]
  0x00000217f802d000 JavaThread "Service Thread" daemon [_thread_blocked, id=17308, stack(0x000000d3a2f00000,0x000000d3a3000000)]
  0x00000217f802de20 JavaThread "Monitor Deflation Thread" daemon [_thread_blocked, id=17688, stack(0x000000d3a3000000,0x000000d3a3100000)]
  0x00000217f8033780 JavaThread "C2 CompilerThread0" daemon [_thread_in_native, id=14044, stack(0x000000d3a3100000,0x000000d3a3200000)]
  0x00000217f8038510 JavaThread "C1 CompilerThread0" daemon [_thread_in_native, id=1712, stack(0x000000d3a3200000,0x000000d3a3300000)]
  0x00000217f80397e0 JavaThread "Sweeper thread" daemon [_thread_blocked, id=17376, stack(0x000000d3a3300000,0x000000d3a3400000)]
  0x00000217f81bd730 JavaThread "Common-Cleaner" daemon [_thread_blocked, id=12320, stack(0x000000d3a3400000,0x000000d3a3500000)]
  0x00000217f83b80a0 JavaThread "Notification Thread" daemon [_thread_blocked, id=8660, stack(0x000000d3a3500000,0x000000d3a3600000)]
  0x00000217fa0fe0f0 JavaThread "Daemon health stats" [_thread_blocked, id=16940, stack(0x000000d3a3b00000,0x000000d3a3c00000)]
  0x00000217fa1d12c0 JavaThread "Incoming local TCP Connector on port 54107" [_thread_in_native, id=3148, stack(0x000000d3a3700000,0x000000d3a3800000)]
  0x00000217f8407d00 JavaThread "Daemon periodic checks" [_thread_blocked, id=15072, stack(0x000000d3a3c00000,0x000000d3a3d00000)]
  0x00000217f9ceb870 JavaThread "Daemon" [_thread_blocked, id=15100, stack(0x000000d3a3d00000,0x000000d3a3e00000)]
  0x00000217fa59b820 JavaThread "Handler for socket connection from /127.0.0.1:54107 to /127.0.0.1:54108" [_thread_in_native, id=14200, stack(0x000000d3a3e00000,0x000000d3a3f00000)]
  0x00000217f90e4020 JavaThread "Cancel handler" [_thread_blocked, id=15408, stack(0x000000d3a3f00000,0x000000d3a4000000)]
  0x00000217f90e6390 JavaThread "Daemon worker" [_thread_in_Java, id=15104, stack(0x000000d3a4000000,0x000000d3a4100000)]
  0x00000217f90e4530 JavaThread "Asynchronous log dispatcher for DefaultDaemonConnection: socket connection from /127.0.0.1:54107 to /127.0.0.1:54108" [_thread_blocked, id=3924, stack(0x000000d3a4100000,0x000000d3a4200000)]
  0x00000217f90e5e80 JavaThread "Stdin handler" [_thread_blocked, id=2400, stack(0x000000d3a4200000,0x000000d3a4300000)]
  0x00000217f90e68a0 JavaThread "Daemon client event forwarder" [_thread_in_Java, id=16444, stack(0x000000d3a4300000,0x000000d3a4400000)]
  0x00000217f90e4f50 JavaThread "Cache worker for journal cache (C:\Users\Pubudu\.gradle\caches\journal-1)" [_thread_blocked, id=11288, stack(0x000000d3a4400000,0x000000d3a4500000)]
  0x00000217f90e4a40 JavaThread "File lock request listener" [_thread_in_native, id=6968, stack(0x000000d3a4500000,0x000000d3a4600000)]
  0x00000217f90e5970 JavaThread "Cache worker for file hash cache (C:\Users\Pubudu\.gradle\caches\8.6\fileHashes)" [_thread_blocked, id=18268, stack(0x000000d3a4600000,0x000000d3a4700000)]
  0x00000217f90e5460 JavaThread "File watcher server" daemon [_thread_in_native, id=2452, stack(0x000000d3a4800000,0x000000d3a4900000)]
  0x00000217f9c43ec0 JavaThread "File watcher consumer" daemon [_thread_blocked, id=14356, stack(0x000000d3a4900000,0x000000d3a4a00000)]
  0x00000217f9c42a80 JavaThread "Cache worker for checksums cache (C:\Users\Pubudu\AndroidStudioProjects\WeatherApp\.gradle\8.6\checksums)" [_thread_blocked, id=11536, stack(0x000000d3a4a00000,0x000000d3a4b00000)]
  0x00000217f9c42060 JavaThread "Cache worker for file hash cache (C:\Users\Pubudu\AndroidStudioProjects\WeatherApp\.gradle\8.6\fileHashes)" [_thread_blocked, id=524, stack(0x000000d3a4b00000,0x000000d3a4c00000)]
  0x00000217f9c42f90 JavaThread "Cache worker for cache directory md-supplier (C:\Users\Pubudu\.gradle\caches\8.6\md-supplier)" [_thread_blocked, id=3776, stack(0x000000d3a4c00000,0x000000d3a4d00000)]
  0x00000217f9c448e0 JavaThread "Cache worker for cache directory md-rule (C:\Users\Pubudu\.gradle\caches\8.6\md-rule)" [_thread_blocked, id=15272, stack(0x000000d3a4d00000,0x000000d3a4e00000)]
  0x00000217f9c443d0 JavaThread "Cache worker for file content cache (C:\Users\Pubudu\.gradle\caches\8.6\fileContent)" [_thread_blocked, id=13348, stack(0x000000d3a4e00000,0x000000d3a4f00000)]
=>0x00000217f95d7d40 JavaThread "C2 CompilerThread1" daemon [_thread_in_native, id=9052, stack(0x000000d3a4700000,0x000000d3a4800000)]
  0x00000217f9c45810 JavaThread "jar transforms" [_thread_blocked, id=4976, stack(0x000000d3a5000000,0x000000d3a5100000)]
  0x00000217fc2b2570 JavaThread "jar transforms Thread 2" [_thread_blocked, id=14184, stack(0x000000d3a5100000,0x000000d3a5200000)]
  0x00000217fc2b34a0 JavaThread "jar transforms Thread 3" [_thread_blocked, id=10680, stack(0x000000d3a5200000,0x000000d3a5300000)]
  0x00000217fc2b39b0 JavaThread "jar transforms Thread 4" [_thread_blocked, id=10440, stack(0x000000d3a5300000,0x000000d3a5400000)]
  0x00000217fc2b4df0 JavaThread "Cache worker for Build Output Cleanup Cache (C:\Users\Pubudu\AndroidStudioProjects\WeatherApp\.gradle\buildOutputCleanup)" [_thread_blocked, id=14480, stack(0x000000d3a5400000,0x000000d3a5500000)]

Other Threads:
  0x00000217f3af5650 VMThread "VM Thread" [stack: 0x000000d3a2a00000,0x000000d3a2b00000] [id=15932]
  0x00000217f8328ee0 WatcherThread [stack: 0x000000d3a3600000,0x000000d3a3700000] [id=7996]
  0x00000217da571930 GCTaskThread "GC Thread#0" [stack: 0x000000d3a2500000,0x000000d3a2600000] [id=18060]
  0x00000217f84b06a0 GCTaskThread "GC Thread#1" [stack: 0x000000d3a3800000,0x000000d3a3900000] [id=18424]
  0x00000217f889a560 GCTaskThread "GC Thread#2" [stack: 0x000000d3a3900000,0x000000d3a3a00000] [id=8108]
  0x00000217f9039a90 GCTaskThread "GC Thread#3" [stack: 0x000000d3a3a00000,0x000000d3a3b00000] [id=15584]
  0x00000217da582860 ConcurrentGCThread "G1 Main Marker" [stack: 0x000000d3a2600000,0x000000d3a2700000] [id=1572]
  0x00000217da583930 ConcurrentGCThread "G1 Conc#0" [stack: 0x000000d3a2700000,0x000000d3a2800000] [id=4340]
  0x00000217f39530d0 ConcurrentGCThread "G1 Refine#0" [stack: 0x000000d3a2800000,0x000000d3a2900000] [id=14136]
  0x00000217fb328d60 ConcurrentGCThread "G1 Refine#1" [stack: 0x000000d3a4f00000,0x000000d3a5000000] [id=15968]
  0x00000217f3953a10 ConcurrentGCThread "G1 Service" [stack: 0x000000d3a2900000,0x000000d3a2a00000] [id=13272]

Threads with active compile tasks:
C2 CompilerThread0    10570 4446       4       java.net.URLClassLoader$1::run (5 bytes)
C2 CompilerThread1    10570 4456   !   4       java.net.URLClassLoader::findClass (47 bytes)

VM state: not at safepoint (normal execution)

VM Mutex/Monitor currently owned by a thread: None

Heap address: 0x0000000080000000, size: 2048 MB, Compressed Oops mode: 32-bit

CDS archive(s) not mapped
Compressed class space mapped at: 0x0000000100000000-0x0000000140000000, reserved size: 1073741824
Narrow klass base: 0x0000000000000000, Narrow klass shift: 3, Narrow klass range: 0x140000000

GC Precious Log:
 CPUs: 4 total, 4 available
 Memory: 8083M
 Large Page Support: Disabled
 NUMA Support: Disabled
 Compressed Oops: Enabled (32-bit)
 Heap Region Size: 1M
 Heap Min Capacity: 8M
 Heap Initial Capacity: 128M
 Heap Max Capacity: 2G
 Pre-touch: Disabled
 Parallel Workers: 4
 Concurrent Workers: 1
 Concurrent Refinement Workers: 4
 Periodic GC: Disabled

Heap:
 garbage-first heap   total 86016K, used 56507K [0x0000000080000000, 0x0000000100000000)
  region size 1024K, 26 young (26624K), 4 survivors (4096K)
 Metaspace       used 53310K, committed 53760K, reserved 1114112K
  class space    used 7324K, committed 7552K, reserved 1048576K

Heap Regions: E=young(eden), S=young(survivor), O=old, HS=humongous(starts), HC=humongous(continues), CS=collection set, F=free, OA=open archive, CA=closed archive, TAMS=top-at-mark-start (previous, next)
|   0|0x0000000080000000, 0x0000000080100000, 0x0000000080100000|100%| O|  |TAMS 0x0000000080100000, 0x0000000080000000| Untracked 
|   1|0x0000000080100000, 0x0000000080200000, 0x0000000080200000|100%| O|  |TAMS 0x0000000080200000, 0x0000000080100000| Untracked 
|   2|0x0000000080200000, 0x0000000080300000, 0x0000000080300000|100%|HS|  |TAMS 0x0000000080300000, 0x0000000080200000| Complete 
|   3|0x0000000080300000, 0x0000000080400000, 0x0000000080400000|100%|HC|  |TAMS 0x0000000080400000, 0x0000000080300000| Complete 
|   4|0x0000000080400000, 0x0000000080500000, 0x0000000080500000|100%|HC|  |TAMS 0x0000000080500000, 0x0000000080400000| Complete 
|   5|0x0000000080500000, 0x0000000080600000, 0x0000000080600000|100%|HC|  |TAMS 0x0000000080600000, 0x0000000080500000| Complete 
|   6|0x0000000080600000, 0x0000000080700000, 0x0000000080700000|100%| O|  |TAMS 0x0000000080700000, 0x0000000080600000| Untracked 
|   7|0x0000000080700000, 0x0000000080800000, 0x0000000080800000|100%| O|  |TAMS 0x0000000080800000, 0x0000000080700000| Untracked 
|   8|0x0000000080800000, 0x0000000080900000, 0x0000000080900000|100%| O|  |TAMS 0x0000000080900000, 0x0000000080800000| Untracked 
|   9|0x0000000080900000, 0x0000000080a00000, 0x0000000080a00000|100%| O|  |TAMS 0x0000000080a00000, 0x0000000080900000| Untracked 
|  10|0x0000000080a00000, 0x0000000080ac3600, 0x0000000080b00000| 76%| O|  |TAMS 0x0000000080ac3600, 0x0000000080a00000| Untracked 
|  11|0x0000000080b00000, 0x0000000080c00000, 0x0000000080c00000|100%| O|  |TAMS 0x0000000080c00000, 0x0000000080b00000| Untracked 
|  12|0x0000000080c00000, 0x0000000080d00000, 0x0000000080d00000|100%| O|  |TAMS 0x0000000080d00000, 0x0000000080c00000| Untracked 
|  13|0x0000000080d00000, 0x0000000080e00000, 0x0000000080e00000|100%| O|  |TAMS 0x0000000080e00000, 0x0000000080d00000| Untracked 
|  14|0x0000000080e00000, 0x0000000080f00000, 0x0000000080f00000|100%| O|  |TAMS 0x0000000080f00000, 0x0000000080e00000| Untracked 
|  15|0x0000000080f00000, 0x0000000081000000, 0x0000000081000000|100%| O|  |TAMS 0x0000000081000000, 0x0000000080f00000| Untracked 
|  16|0x0000000081000000, 0x0000000081100000, 0x0000000081100000|100%| O|  |TAMS 0x0000000081100000, 0x0000000081000000| Untracked 
|  17|0x0000000081100000, 0x0000000081200000, 0x0000000081200000|100%| O|  |TAMS 0x0000000081200000, 0x0000000081100000| Untracked 
|  18|0x0000000081200000, 0x0000000081300000, 0x0000000081300000|100%| O|  |TAMS 0x0000000081300000, 0x0000000081200000| Untracked 
|  19|0x0000000081300000, 0x0000000081400000, 0x0000000081400000|100%| O|  |TAMS 0x0000000081400000, 0x0000000081300000| Untracked 
|  20|0x0000000081400000, 0x0000000081500000, 0x0000000081500000|100%| O|  |TAMS 0x00000000814b4200, 0x0000000081400000| Untracked 
|  21|0x0000000081500000, 0x0000000081600000, 0x0000000081600000|100%| O|  |TAMS 0x0000000081500000, 0x0000000081500000| Untracked 
|  22|0x0000000081600000, 0x0000000081700000, 0x0000000081700000|100%| O|  |TAMS 0x0000000081600000, 0x0000000081600000| Untracked 
|  23|0x0000000081700000, 0x0000000081800000, 0x0000000081800000|100%| O|  |TAMS 0x0000000081700000, 0x0000000081700000| Untracked 
|  24|0x0000000081800000, 0x0000000081900000, 0x0000000081900000|100%| O|  |TAMS 0x0000000081800000, 0x0000000081800000| Untracked 
|  25|0x0000000081900000, 0x0000000081a00000, 0x0000000081a00000|100%| O|  |TAMS 0x0000000081900000, 0x0000000081900000| Untracked 
|  26|0x0000000081a00000, 0x0000000081b00000, 0x0000000081b00000|100%| O|  |TAMS 0x0000000081a00000, 0x0000000081a00000| Untracked 
|  27|0x0000000081b00000, 0x0000000081c00000, 0x0000000081c00000|100%| O|  |TAMS 0x0000000081b00000, 0x0000000081b00000| Untracked 
|  28|0x0000000081c00000, 0x0000000081d00000, 0x0000000081d00000|100%| O|  |TAMS 0x0000000081c00000, 0x0000000081c00000| Untracked 
|  29|0x0000000081d00000, 0x0000000081d74800, 0x0000000081e00000| 45%| O|  |TAMS 0x0000000081d00000, 0x0000000081d00000| Untracked 
|  30|0x0000000081e00000, 0x0000000081f00000, 0x0000000081f00000|100%|HS|  |TAMS 0x0000000081e00000, 0x0000000081e00000| Complete 
|  31|0x0000000081f00000, 0x0000000082000000, 0x0000000082000000|100%|HS|  |TAMS 0x0000000081f00000, 0x0000000081f00000| Complete 
|  32|0x0000000082000000, 0x0000000082000000, 0x0000000082100000|  0%| F|  |TAMS 0x0000000082000000, 0x0000000082000000| Untracked 
|  33|0x0000000082100000, 0x0000000082100000, 0x0000000082200000|  0%| F|  |TAMS 0x0000000082100000, 0x0000000082100000| Untracked 
|  34|0x0000000082200000, 0x0000000082200000, 0x0000000082300000|  0%| F|  |TAMS 0x0000000082200000, 0x0000000082200000| Untracked 
|  35|0x0000000082300000, 0x0000000082300000, 0x0000000082400000|  0%| F|  |TAMS 0x0000000082300000, 0x0000000082300000| Untracked 
|  36|0x0000000082400000, 0x0000000082400000, 0x0000000082500000|  0%| F|  |TAMS 0x0000000082400000, 0x0000000082400000| Untracked 
|  37|0x0000000082500000, 0x0000000082500000, 0x0000000082600000|  0%| F|  |TAMS 0x0000000082500000, 0x0000000082500000| Untracked 
|  38|0x0000000082600000, 0x0000000082600000, 0x0000000082700000|  0%| F|  |TAMS 0x0000000082600000, 0x0000000082600000| Untracked 
|  39|0x0000000082700000, 0x0000000082700000, 0x0000000082800000|  0%| F|  |TAMS 0x0000000082700000, 0x0000000082700000| Untracked 
|  40|0x0000000082800000, 0x0000000082800000, 0x0000000082900000|  0%| F|  |TAMS 0x0000000082800000, 0x0000000082800000| Untracked 
|  41|0x0000000082900000, 0x0000000082900000, 0x0000000082a00000|  0%| F|  |TAMS 0x0000000082900000, 0x0000000082900000| Untracked 
|  42|0x0000000082a00000, 0x0000000082a00000, 0x0000000082b00000|  0%| F|  |TAMS 0x0000000082a00000, 0x0000000082a00000| Untracked 
|  43|0x0000000082b00000, 0x0000000082b00000, 0x0000000082c00000|  0%| F|  |TAMS 0x0000000082b00000, 0x0000000082b00000| Untracked 
|  44|0x0000000082c00000, 0x0000000082c00000, 0x0000000082d00000|  0%| F|  |TAMS 0x0000000082c00000, 0x0000000082c00000| Untracked 
|  45|0x0000000082d00000, 0x0000000082d00000, 0x0000000082e00000|  0%| F|  |TAMS 0x0000000082d00000, 0x0000000082d00000| Untracked 
|  46|0x0000000082e00000, 0x0000000082ef6e30, 0x0000000082f00000| 96%| S|CS|TAMS 0x0000000082e00000, 0x0000000082e00000| Complete 
|  47|0x0000000082f00000, 0x0000000083000000, 0x0000000083000000|100%| S|CS|TAMS 0x0000000082f00000, 0x0000000082f00000| Complete 
|  48|0x0000000083000000, 0x0000000083100000, 0x0000000083100000|100%| S|CS|TAMS 0x0000000083000000, 0x0000000083000000| Complete 
|  49|0x0000000083100000, 0x0000000083200000, 0x0000000083200000|100%| S|CS|TAMS 0x0000000083100000, 0x0000000083100000| Complete 
|  50|0x0000000083200000, 0x0000000083200000, 0x0000000083300000|  0%| F|  |TAMS 0x0000000083200000, 0x0000000083200000| Untracked 
|  51|0x0000000083300000, 0x0000000083300000, 0x0000000083400000|  0%| F|  |TAMS 0x0000000083300000, 0x0000000083300000| Untracked 
|  52|0x0000000083400000, 0x0000000083400000, 0x0000000083500000|  0%| F|  |TAMS 0x0000000083400000, 0x0000000083400000| Untracked 
|  53|0x0000000083500000, 0x0000000083500000, 0x0000000083600000|  0%| F|  |TAMS 0x0000000083500000, 0x0000000083500000| Untracked 
|  54|0x0000000083600000, 0x0000000083600000, 0x0000000083700000|  0%| F|  |TAMS 0x0000000083600000, 0x0000000083600000| Untracked 
|  55|0x0000000083700000, 0x0000000083700000, 0x0000000083800000|  0%| F|  |TAMS 0x0000000083700000, 0x0000000083700000| Untracked 
|  56|0x0000000083800000, 0x0000000083800000, 0x0000000083900000|  0%| F|  |TAMS 0x0000000083800000, 0x0000000083800000| Untracked 
|  57|0x0000000083900000, 0x0000000083900000, 0x0000000083a00000|  0%| F|  |TAMS 0x0000000083900000, 0x0000000083900000| Untracked 
|  58|0x0000000083a00000, 0x0000000083a00000, 0x0000000083b00000|  0%| F|  |TAMS 0x0000000083a00000, 0x0000000083a00000| Untracked 
|  59|0x0000000083b00000, 0x0000000083b00000, 0x0000000083c00000|  0%| F|  |TAMS 0x0000000083b00000, 0x0000000083b00000| Untracked 
|  60|0x0000000083c00000, 0x0000000083c00000, 0x0000000083d00000|  0%| F|  |TAMS 0x0000000083c00000, 0x0000000083c00000| Untracked 
|  61|0x0000000083d00000, 0x0000000083d80800, 0x0000000083e00000| 50%| E|  |TAMS 0x0000000083d00000, 0x0000000083d00000| Complete 
|  62|0x0000000083e00000, 0x0000000083f00000, 0x0000000083f00000|100%| E|CS|TAMS 0x0000000083e00000, 0x0000000083e00000| Complete 
|  63|0x0000000083f00000, 0x0000000084000000, 0x0000000084000000|100%| E|CS|TAMS 0x0000000083f00000, 0x0000000083f00000| Complete 
|  64|0x0000000084000000, 0x0000000084100000, 0x0000000084100000|100%| E|CS|TAMS 0x0000000084000000, 0x0000000084000000| Complete 
|  65|0x0000000084100000, 0x0000000084200000, 0x0000000084200000|100%| E|CS|TAMS 0x0000000084100000, 0x0000000084100000| Complete 
|  66|0x0000000084200000, 0x0000000084300000, 0x0000000084300000|100%| E|  |TAMS 0x0000000084200000, 0x0000000084200000| Complete 
|  67|0x0000000084300000, 0x0000000084400000, 0x0000000084400000|100%| E|CS|TAMS 0x0000000084300000, 0x0000000084300000| Complete 
|  68|0x0000000084400000, 0x0000000084500000, 0x0000000084500000|100%| E|CS|TAMS 0x0000000084400000, 0x0000000084400000| Complete 
|  69|0x0000000084500000, 0x0000000084600000, 0x0000000084600000|100%| E|CS|TAMS 0x0000000084500000, 0x0000000084500000| Complete 
|  70|0x0000000084600000, 0x0000000084700000, 0x0000000084700000|100%| E|CS|TAMS 0x0000000084600000, 0x0000000084600000| Complete 
|  71|0x0000000084700000, 0x0000000084800000, 0x0000000084800000|100%| E|CS|TAMS 0x0000000084700000, 0x0000000084700000| Complete 
|  72|0x0000000084800000, 0x0000000084900000, 0x0000000084900000|100%| E|CS|TAMS 0x0000000084800000, 0x0000000084800000| Complete 
|  73|0x0000000084900000, 0x0000000084a00000, 0x0000000084a00000|100%| E|CS|TAMS 0x0000000084900000, 0x0000000084900000| Complete 
|  74|0x0000000084a00000, 0x0000000084b00000, 0x0000000084b00000|100%| E|CS|TAMS 0x0000000084a00000, 0x0000000084a00000| Complete 
|  75|0x0000000084b00000, 0x0000000084c00000, 0x0000000084c00000|100%| E|CS|TAMS 0x0000000084b00000, 0x0000000084b00000| Complete 
|  76|0x0000000084c00000, 0x0000000084d00000, 0x0000000084d00000|100%| E|CS|TAMS 0x0000000084c00000, 0x0000000084c00000| Complete 
|  77|0x0000000084d00000, 0x0000000084e00000, 0x0000000084e00000|100%| E|CS|TAMS 0x0000000084d00000, 0x0000000084d00000| Complete 
|  78|0x0000000084e00000, 0x0000000084f00000, 0x0000000084f00000|100%| E|CS|TAMS 0x0000000084e00000, 0x0000000084e00000| Complete 
|  79|0x0000000084f00000, 0x0000000085000000, 0x0000000085000000|100%| E|CS|TAMS 0x0000000084f00000, 0x0000000084f00000| Complete 
|  80|0x0000000085000000, 0x0000000085100000, 0x0000000085100000|100%| E|CS|TAMS 0x0000000085000000, 0x0000000085000000| Complete 
|  81|0x0000000085100000, 0x0000000085200000, 0x0000000085200000|100%| E|CS|TAMS 0x0000000085100000, 0x0000000085100000| Complete 
|  82|0x0000000085200000, 0x0000000085300000, 0x0000000085300000|100%| E|CS|TAMS 0x0000000085200000, 0x0000000085200000| Complete 
| 127|0x0000000087f00000, 0x0000000088000000, 0x0000000088000000|100%| E|CS|TAMS 0x0000000087f00000, 0x0000000087f00000| Complete 

Card table byte_map: [0x00000217ecdf0000,0x00000217ed1f0000] _byte_map_base: 0x00000217ec9f0000

Marking Bits (Prev, Next): (CMBitMap*) 0x00000217da571e60, (CMBitMap*) 0x00000217da571ea0
 Prev Bits: [0x00000217ed5f0000, 0x00000217ef5f0000)
 Next Bits: [0x00000217ef5f0000, 0x00000217f15f0000)

Polling page: 0x00000217d84a0000

Metaspace:

Usage:
  Non-class:     44.95 MB used.
      Class:      7.16 MB used.
       Both:     52.10 MB used.

Virtual space:
  Non-class space:       64.00 MB reserved,      45.19 MB ( 71%) committed,  1 nodes.
      Class space:        1.00 GB reserved,       7.38 MB ( <1%) committed,  1 nodes.
             Both:        1.06 GB reserved,      52.56 MB (  5%) committed. 

Chunk freelists:
   Non-Class:  2.70 MB
       Class:  8.66 MB
        Both:  11.36 MB

MaxMetaspaceSize: unlimited
CompressedClassSpaceSize: 1.00 GB
Initial GC threshold: 21.00 MB
Current GC threshold: 58.75 MB
CDS: off
MetaspaceReclaimPolicy: balanced
 - commit_granule_bytes: 65536.
 - commit_granule_words: 8192.
 - virtual_space_node_default_size: 8388608.
 - enlarge_chunks_in_place: 1.
 - new_chunks_are_fully_committed: 0.
 - uncommit_free_chunks: 1.
 - use_allocation_guard: 0.
 - handle_deallocations: 1.


Internal statistics:

num_allocs_failed_limit: 6.
num_arena_births: 550.
num_arena_deaths: 0.
num_vsnodes_births: 2.
num_vsnodes_deaths: 0.
num_space_committed: 841.
num_space_uncommitted: 0.
num_chunks_returned_to_freelist: 6.
num_chunks_taken_from_freelist: 2261.
num_chunk_merges: 6.
num_chunk_splits: 1507.
num_chunks_enlarged: 1043.
num_inconsistent_stats: 0.

CodeHeap 'non-profiled nmethods': size=120000Kb used=2719Kb max_used=2719Kb free=117280Kb
 bounds [0x00000217e54c0000, 0x00000217e5770000, 0x00000217ec9f0000]
CodeHeap 'profiled nmethods': size=120000Kb used=9417Kb max_used=9417Kb free=110582Kb
 bounds [0x00000217dd9f0000, 0x00000217de330000, 0x00000217e4f20000]
CodeHeap 'non-nmethods': size=5760Kb used=1679Kb max_used=1692Kb free=4080Kb
 bounds [0x00000217e4f20000, 0x00000217e5190000, 0x00000217e54c0000]
 total_blobs=5228 nmethods=4542 adapters=595
 compilation: enabled
              stopped_count=0, restarted_count=0
 full_count=0

Compilation events (20 events):
Event: 10.413 Thread 0x00000217f8038510 4521       3       org.objectweb.asm.MethodWriter::visitLocalVariable (222 bytes)
Event: 10.415 Thread 0x00000217f8038510 nmethod 4521 0x00000217de2f4490 code [0x00000217de2f47e0, 0x00000217de2f59b8]
Event: 10.415 Thread 0x00000217f8038510 4522       3       org.objectweb.asm.ClassReader::readCode (5117 bytes)
Event: 10.455 Thread 0x00000217f8038510 nmethod 4522 0x00000217de2f6210 code [0x00000217de2f7760, 0x00000217de309228]
Event: 10.488 Thread 0x00000217f8038510 4523       1       org.gradle.internal.operations.BuildOperationDescriptor::getParentId (5 bytes)
Event: 10.488 Thread 0x00000217f8038510 nmethod 4523 0x00000217e5766310 code [0x00000217e57664a0, 0x00000217e5766578]
Event: 10.491 Thread 0x00000217f8038510 4524       1       org.objectweb.asm.SymbolTable::getSource (5 bytes)
Event: 10.491 Thread 0x00000217f8038510 nmethod 4524 0x00000217e5766610 code [0x00000217e57667a0, 0x00000217e5766878]
Event: 10.492 Thread 0x00000217f8038510 4525       3       org.objectweb.asm.SymbolTable$Entry::<init> (17 bytes)
Event: 10.492 Thread 0x00000217f8038510 nmethod 4525 0x00000217de311310 code [0x00000217de3114c0, 0x00000217de311648]
Event: 10.498 Thread 0x00000217f8038510 4527   !   3       java.util.concurrent.ConcurrentHashMap::computeIfAbsent (576 bytes)
Event: 10.502 Thread 0x00000217f8038510 nmethod 4527 0x00000217de311710 code [0x00000217de311b20, 0x00000217de313e58]
Event: 10.502 Thread 0x00000217f8038510 4528       1       org.gradle.internal.operations.BuildOperationDescriptor::getDisplayName (5 bytes)
Event: 10.502 Thread 0x00000217f8038510 nmethod 4528 0x00000217e5766910 code [0x00000217e5766aa0, 0x00000217e5766b78]
Event: 10.502 Thread 0x00000217f8038510 4529       3       com.google.common.collect.RegularImmutableSet::size (6 bytes)
Event: 10.502 Thread 0x00000217f8038510 nmethod 4529 0x00000217de314f10 code [0x00000217de3150a0, 0x00000217de3151b8]
Event: 10.505 Thread 0x00000217f8038510 4530       3       org.objectweb.asm.SymbolTable::hash (23 bytes)
Event: 10.506 Thread 0x00000217f8038510 nmethod 4530 0x00000217de315290 code [0x00000217de315440, 0x00000217de315628]
Event: 10.506 Thread 0x00000217f8038510 4531       3       org.objectweb.asm.Handle::hashCode (43 bytes)
Event: 10.506 Thread 0x00000217f8038510 nmethod 4531 0x00000217de315790 code [0x00000217de315960, 0x00000217de315ba8]

GC Heap History (20 events):
Event: 2.195 GC heap before
{Heap before GC invocations=2 (full 0):
 garbage-first heap   total 131072K, used 34124K [0x0000000080000000, 0x0000000100000000)
  region size 1024K, 27 young (27648K), 3 survivors (3072K)
 Metaspace       used 11459K, committed 11648K, reserved 1114112K
  class space    used 1197K, committed 1280K, reserved 1048576K
}
Event: 2.199 GC heap after
{Heap after GC invocations=3 (full 0):
 garbage-first heap   total 131072K, used 11612K [0x0000000080000000, 0x0000000100000000)
  region size 1024K, 1 young (1024K), 1 survivors (1024K)
 Metaspace       used 11459K, committed 11648K, reserved 1114112K
  class space    used 1197K, committed 1280K, reserved 1048576K
}
Event: 4.235 GC heap before
{Heap before GC invocations=3 (full 0):
 garbage-first heap   total 131072K, used 57692K [0x0000000080000000, 0x0000000100000000)
  region size 1024K, 47 young (48128K), 1 survivors (1024K)
 Metaspace       used 21297K, committed 21504K, reserved 1114112K
  class space    used 2507K, committed 2624K, reserved 1048576K
}
Event: 4.246 GC heap after
{Heap after GC invocations=4 (full 0):
 garbage-first heap   total 131072K, used 19537K [0x0000000080000000, 0x0000000100000000)
  region size 1024K, 9 young (9216K), 9 survivors (9216K)
 Metaspace       used 21297K, committed 21504K, reserved 1114112K
  class space    used 2507K, committed 2624K, reserved 1048576K
}
Event: 5.112 GC heap before
{Heap before GC invocations=5 (full 0):
 garbage-first heap   total 71680K, used 53329K [0x0000000080000000, 0x0000000100000000)
  region size 1024K, 42 young (43008K), 9 survivors (9216K)
 Metaspace       used 26543K, committed 26752K, reserved 1114112K
  class space    used 3420K, committed 3520K, reserved 1048576K
}
Event: 5.123 GC heap after
{Heap after GC invocations=6 (full 0):
 garbage-first heap   total 71680K, used 21117K [0x0000000080000000, 0x0000000100000000)
  region size 1024K, 2 young (2048K), 2 survivors (2048K)
 Metaspace       used 26543K, committed 26752K, reserved 1114112K
  class space    used 3420K, committed 3520K, reserved 1048576K
}
Event: 6.004 GC heap before
{Heap before GC invocations=6 (full 0):
 garbage-first heap   total 71680K, used 50813K [0x0000000080000000, 0x0000000100000000)
  region size 1024K, 32 young (32768K), 2 survivors (2048K)
 Metaspace       used 30718K, committed 30976K, reserved 1114112K
  class space    used 4107K, committed 4224K, reserved 1048576K
}
Event: 6.010 GC heap after
{Heap after GC invocations=7 (full 0):
 garbage-first heap   total 71680K, used 22816K [0x0000000080000000, 0x0000000100000000)
  region size 1024K, 4 young (4096K), 4 survivors (4096K)
 Metaspace       used 30718K, committed 30976K, reserved 1114112K
  class space    used 4107K, committed 4224K, reserved 1048576K
}
Event: 6.696 GC heap before
{Heap before GC invocations=7 (full 0):
 garbage-first heap   total 71680K, used 52512K [0x0000000080000000, 0x0000000100000000)
  region size 1024K, 34 young (34816K), 4 survivors (4096K)
 Metaspace       used 34628K, committed 34944K, reserved 1114112K
  class space    used 4742K, committed 4928K, reserved 1048576K
}
Event: 6.705 GC heap after
{Heap after GC invocations=8 (full 0):
 garbage-first heap   total 71680K, used 24030K [0x0000000080000000, 0x0000000100000000)
  region size 1024K, 3 young (3072K), 3 survivors (3072K)
 Metaspace       used 34628K, committed 34944K, reserved 1114112K
  class space    used 4742K, committed 4928K, reserved 1048576K
}
Event: 6.823 GC heap before
{Heap before GC invocations=8 (full 0):
 garbage-first heap   total 71680K, used 28126K [0x0000000080000000, 0x0000000100000000)
  region size 1024K, 9 young (9216K), 3 survivors (3072K)
 Metaspace       used 35629K, committed 35968K, reserved 1114112K
  class space    used 4882K, committed 5056K, reserved 1048576K
}
Event: 6.829 GC heap after
{Heap after GC invocations=9 (full 0):
 garbage-first heap   total 71680K, used 24723K [0x0000000080000000, 0x0000000100000000)
  region size 1024K, 2 young (2048K), 2 survivors (2048K)
 Metaspace       used 35629K, committed 35968K, reserved 1114112K
  class space    used 4882K, committed 5056K, reserved 1048576K
}
Event: 7.612 GC heap before
{Heap before GC invocations=10 (full 0):
 garbage-first heap   total 71680K, used 54419K [0x0000000080000000, 0x0000000100000000)
  region size 1024K, 32 young (32768K), 2 survivors (2048K)
 Metaspace       used 40778K, committed 41088K, reserved 1114112K
  class space    used 5415K, committed 5568K, reserved 1048576K
}
Event: 7.620 GC heap after
{Heap after GC invocations=11 (full 0):
 garbage-first heap   total 71680K, used 28390K [0x0000000080000000, 0x0000000100000000)
  region size 1024K, 4 young (4096K), 4 survivors (4096K)
 Metaspace       used 40778K, committed 41088K, reserved 1114112K
  class space    used 5415K, committed 5568K, reserved 1048576K
}
Event: 8.027 GC heap before
{Heap before GC invocations=11 (full 0):
 garbage-first heap   total 71680K, used 55014K [0x0000000080000000, 0x0000000100000000)
  region size 1024K, 31 young (31744K), 4 survivors (4096K)
 Metaspace       used 42117K, committed 42496K, reserved 1114112K
  class space    used 5608K, committed 5760K, reserved 1048576K
}
Event: 8.039 GC heap after
{Heap after GC invocations=12 (full 0):
 garbage-first heap   total 71680K, used 30198K [0x0000000080000000, 0x0000000100000000)
  region size 1024K, 2 young (2048K), 2 survivors (2048K)
 Metaspace       used 42117K, committed 42496K, reserved 1114112K
  class space    used 5608K, committed 5760K, reserved 1048576K
}
Event: 8.838 GC heap before
{Heap before GC invocations=12 (full 0):
 garbage-first heap   total 71680K, used 56822K [0x0000000080000000, 0x0000000100000000)
  region size 1024K, 28 young (28672K), 2 survivors (2048K)
 Metaspace       used 45488K, committed 45952K, reserved 1114112K
  class space    used 6183K, committed 6400K, reserved 1048576K
}
Event: 8.847 GC heap after
{Heap after GC invocations=13 (full 0):
 garbage-first heap   total 86016K, used 31995K [0x0000000080000000, 0x0000000100000000)
  region size 1024K, 4 young (4096K), 4 survivors (4096K)
 Metaspace       used 45488K, committed 45952K, reserved 1114112K
  class space    used 6183K, committed 6400K, reserved 1048576K
}
Event: 9.906 GC heap before
{Heap before GC invocations=13 (full 0):
 garbage-first heap   total 86016K, used 66811K [0x0000000080000000, 0x0000000100000000)
  region size 1024K, 38 young (38912K), 4 survivors (4096K)
 Metaspace       used 50067K, committed 50560K, reserved 1114112K
  class space    used 6894K, committed 7104K, reserved 1048576K
}
Event: 9.914 GC heap after
{Heap after GC invocations=14 (full 0):
 garbage-first heap   total 86016K, used 33979K [0x0000000080000000, 0x0000000100000000)
  region size 1024K, 4 young (4096K), 4 survivors (4096K)
 Metaspace       used 50067K, committed 50560K, reserved 1114112K
  class space    used 6894K, committed 7104K, reserved 1048576K
}

Dll operation events (3 events):
Event: 0.011 Loaded shared library C:\Program Files\Android\Android Studio\jbr\bin\java.dll
Event: 0.202 Loaded shared library C:\Program Files\Android\Android Studio\jbr\bin\zip.dll
Event: 0.808 Loaded shared library C:\Program Files\Android\Android Studio\jbr\bin\verify.dll

Deoptimization events (20 events):
Event: 10.040 Thread 0x00000217f90e6390 DEOPT PACKING pc=0x00000217e5733540 sp=0x000000d3a40f8950
Event: 10.040 Thread 0x00000217f90e6390 DEOPT UNPACKING pc=0x00000217e4f769a3 sp=0x000000d3a40f8748 mode 2
Event: 10.043 Thread 0x00000217f90e6390 Uncommon trap: trap_request=0xffffffde fr.pc=0x00000217e5715d50 relative=0x0000000000005710
Event: 10.043 Thread 0x00000217f90e6390 Uncommon trap: reason=class_check action=maybe_recompile pc=0x00000217e5715d50 method=java.net.URLClassLoader.defineClass(Ljava/lang/String;Ljdk/internal/loader/Resource;)Ljava/lang/Class; @ 34 c2
Event: 10.043 Thread 0x00000217f90e6390 DEOPT PACKING pc=0x00000217e5715d50 sp=0x000000d3a40f8850
Event: 10.043 Thread 0x00000217f90e6390 DEOPT UNPACKING pc=0x00000217e4f769a3 sp=0x000000d3a40f87f0 mode 2
Event: 10.276 Thread 0x00000217f90e6390 Uncommon trap: trap_request=0xffffff45 fr.pc=0x00000217e5645384 relative=0x0000000000000344
Event: 10.276 Thread 0x00000217f90e6390 Uncommon trap: reason=unstable_if action=reinterpret pc=0x00000217e5645384 method=org.gradle.internal.reflect.PropertyAccessorType.isGetGetterName(Ljava/lang/String;)Z @ 14 c2
Event: 10.276 Thread 0x00000217f90e6390 DEOPT PACKING pc=0x00000217e5645384 sp=0x000000d3a40f9220
Event: 10.276 Thread 0x00000217f90e6390 DEOPT UNPACKING pc=0x00000217e4f769a3 sp=0x000000d3a40f9178 mode 2
Event: 10.306 Thread 0x00000217f90e6390 Uncommon trap: trap_request=0xffffff45 fr.pc=0x00000217e5634fec relative=0x00000000000000ec
Event: 10.306 Thread 0x00000217f90e6390 Uncommon trap: reason=unstable_if action=reinterpret pc=0x00000217e5634fec method=org.objectweb.asm.ByteVector.putShort(I)Lorg/objectweb/asm/ByteVector; @ 13 c2
Event: 10.306 Thread 0x00000217f90e6390 DEOPT PACKING pc=0x00000217e5634fec sp=0x000000d3a40f8dd0
Event: 10.306 Thread 0x00000217f90e6390 DEOPT UNPACKING pc=0x00000217e4f769a3 sp=0x000000d3a40f8d68 mode 2
Event: 10.355 Thread 0x00000217f90e6390 Uncommon trap: trap_request=0xffffff45 fr.pc=0x00000217e574d1e4 relative=0x0000000000001be4
Event: 10.355 Thread 0x00000217f90e6390 Uncommon trap: reason=unstable_if action=reinterpret pc=0x00000217e574d1e4 method=java.util.concurrent.ConcurrentHashMap.computeIfAbsent(Ljava/lang/Object;Ljava/util/function/Function;)Ljava/lang/Object; @ 123 c2
Event: 10.355 Thread 0x00000217f90e6390 DEOPT PACKING pc=0x00000217e574d1e4 sp=0x000000d3a40fa120
Event: 10.355 Thread 0x00000217f90e6390 DEOPT UNPACKING pc=0x00000217e4f769a3 sp=0x000000d3a40fa0a0 mode 2
Event: 10.500 Thread 0x00000217f90e6390 DEOPT PACKING pc=0x00000217de04e059 sp=0x000000d3a40f9dd0
Event: 10.500 Thread 0x00000217f90e6390 DEOPT UNPACKING pc=0x00000217e4f77143 sp=0x000000d3a40f92c0 mode 0

Classes unloaded (0 events):
No events

Classes redefined (0 events):
No events

Internal exceptions (20 events):
Event: 8.386 Thread 0x00000217f90e6390 Exception <a 'java/lang/NoSuchMethodError'{0x0000000083b8cd60}: 'java.lang.Object java.lang.invoke.Invokers$Holder.linkToTargetMethod(java.lang.Object, java.lang.Object, java.lang.Object, int, java.lang.Object)'> (0x0000000083b8cd60) 
thrown [s\src\hotspot\share\interpreter\linkResolver.cpp, line 771]
Event: 8.479 Thread 0x00000217f90e6390 Exception <a 'java/lang/NoSuchMethodError'{0x000000008395fc60}: 'int java.lang.invoke.DirectMethodHandle$Holder.invokeInterface(java.lang.Object, java.lang.Object, java.lang.Object, java.lang.Object)'> (0x000000008395fc60) 
thrown [s\src\hotspot\share\interpreter\linkResolver.cpp, line 771]
Event: 8.638 Thread 0x00000217f90e6390 Implicit null exception at 0x00000217e5646d6c to 0x00000217e5646e10
Event: 8.820 Thread 0x00000217f90e6390 Exception <a 'java/lang/NoSuchMethodError'{0x0000000082c591c0}: 'void java.lang.invoke.DirectMethodHandle$Holder.invokeInterface(java.lang.Object, java.lang.Object)'> (0x0000000082c591c0) 
thrown [s\src\hotspot\share\interpreter\linkResolver.cpp, line 771]
Event: 8.822 Thread 0x00000217f90e6390 Exception <a 'java/lang/IncompatibleClassChangeError'{0x0000000082c645f0}: Found class java.lang.Object, but interface was expected> (0x0000000082c645f0) 
thrown [s\src\hotspot\share\interpreter\linkResolver.cpp, line 838]
Event: 8.895 Thread 0x00000217f90e6390 Exception <a 'java/lang/NoSuchMethodError'{0x00000000852f9380}: 'java.lang.Object java.lang.invoke.DirectMethodHandle$Holder.newInvokeSpecial(java.lang.Object, int, java.lang.Object)'> (0x00000000852f9380) 
thrown [s\src\hotspot\share\interpreter\linkResolver.cpp, line 771]
Event: 9.308 Thread 0x00000217f90e6390 Exception <a 'sun/nio/fs/WindowsException'{0x00000000844dcb20}> (0x00000000844dcb20) 
thrown [s\src\hotspot\share\prims\jni.cpp, line 517]
Event: 9.308 Thread 0x00000217f90e6390 Exception <a 'sun/nio/fs/WindowsException'{0x00000000844dce10}> (0x00000000844dce10) 
thrown [s\src\hotspot\share\prims\jni.cpp, line 517]
Event: 9.308 Thread 0x00000217f90e6390 Exception <a 'sun/nio/fs/WindowsException'{0x00000000844df610}> (0x00000000844df610) 
thrown [s\src\hotspot\share\prims\jni.cpp, line 517]
Event: 9.308 Thread 0x00000217f90e6390 Exception <a 'sun/nio/fs/WindowsException'{0x00000000844df9f0}> (0x00000000844df9f0) 
thrown [s\src\hotspot\share\prims\jni.cpp, line 517]
Event: 9.310 Thread 0x00000217f90e6390 Exception <a 'java/lang/NoSuchMethodError'{0x00000000844ecf18}: 'java.lang.Object java.lang.invoke.DirectMethodHandle$Holder.newInvokeSpecial(java.lang.Object, java.lang.Object, int)'> (0x00000000844ecf18) 
thrown [s\src\hotspot\share\interpreter\linkResolver.cpp, line 771]
Event: 9.387 Thread 0x00000217f90e6390 Exception <a 'sun/nio/fs/WindowsException'{0x000000008416e778}> (0x000000008416e778) 
thrown [s\src\hotspot\share\prims\jni.cpp, line 517]
Event: 9.387 Thread 0x00000217f90e6390 Exception <a 'sun/nio/fs/WindowsException'{0x000000008416eb58}> (0x000000008416eb58) 
thrown [s\src\hotspot\share\prims\jni.cpp, line 517]
Event: 9.740 Thread 0x00000217f90e6390 Exception <a 'java/lang/NoSuchMethodError'{0x00000000837204e8}: 'void java.lang.invoke.DirectMethodHandle$Holder.invokeStatic(java.lang.Object, java.lang.Object, java.lang.Object, java.lang.Object, java.lang.Object, java.lang.Object, java.lang.Object)'> (0x00000000837204e8) 
thrown [s\src\hotspot\share\interpreter\linkResolver.cpp, line 771]
Event: 10.009 Thread 0x00000217f90e68a0 Exception <a 'java/lang/NoSuchMethodError'{0x00000000850ba218}: static Lorg/gradle/internal/build/event/types/DefaultOperationStartedProgressEvent;.<clinit>()V> (0x00000000850ba218) 
thrown [s\src\hotspot\share\prims\jni.cpp, line 1108]
Event: 10.010 Thread 0x00000217f90e68a0 Exception <a 'java/lang/NoSuchMethodError'{0x00000000850bc738}: static Lorg/gradle/internal/build/event/types/AbstractProgressEvent;.<clinit>()V> (0x00000000850bc738) 
thrown [s\src\hotspot\share\prims\jni.cpp, line 1108]
Event: 10.012 Thread 0x00000217f90e68a0 Exception <a 'java/lang/NoSuchMethodError'{0x00000000850cf348}: static Lorg/gradle/internal/build/event/types/DefaultProjectConfigurationDescriptor;.<clinit>()V> (0x00000000850cf348) 
thrown [s\src\hotspot\share\prims\jni.cpp, line 1108]
Event: 10.013 Thread 0x00000217f90e68a0 Exception <a 'java/lang/NoSuchMethodError'{0x00000000850d1698}: static Lorg/gradle/internal/build/event/types/DefaultOperationDescriptor;.<clinit>()V> (0x00000000850d1698) 
thrown [s\src\hotspot\share\prims\jni.cpp, line 1108]
Event: 10.020 Thread 0x00000217f90e68a0 Exception <a 'java/lang/NoSuchMethodError'{0x00000000850e9f90}: static Lorg/gradle/internal/operations/OperationIdentifier;.<clinit>()V> (0x00000000850e9f90) 
thrown [s\src\hotspot\share\prims\jni.cpp, line 1108]
Event: 10.268 Thread 0x00000217f90e6390 Exception <a 'java/lang/NoSuchMethodError'{0x0000000084844fe8}: 'long java.lang.invoke.DirectMethodHandle$Holder.invokeStatic(java.lang.Object, long)'> (0x0000000084844fe8) 
thrown [s\src\hotspot\share\interpreter\linkResolver.cpp, line 771]

VM Operations (20 events):
Event: 8.099 Executing VM operation: HandshakeAllThreads
Event: 8.099 Executing VM operation: HandshakeAllThreads done
Event: 8.101 Executing VM operation: HandshakeAllThreads
Event: 8.101 Executing VM operation: HandshakeAllThreads done
Event: 8.456 Executing VM operation: HandshakeAllThreads
Event: 8.456 Executing VM operation: HandshakeAllThreads done
Event: 8.465 Executing VM operation: HandshakeAllThreads
Event: 8.465 Executing VM operation: HandshakeAllThreads done
Event: 8.476 Executing VM operation: HandshakeAllThreads
Event: 8.476 Executing VM operation: HandshakeAllThreads done
Event: 8.596 Executing VM operation: HandshakeAllThreads
Event: 8.596 Executing VM operation: HandshakeAllThreads done
Event: 8.838 Executing VM operation: G1CollectForAllocation
Event: 8.847 Executing VM operation: G1CollectForAllocation done
Event: 9.713 Executing VM operation: HandshakeAllThreads
Event: 9.713 Executing VM operation: HandshakeAllThreads done
Event: 9.906 Executing VM operation: G1CollectForAllocation
Event: 9.914 Executing VM operation: G1CollectForAllocation done
Event: 9.915 Executing VM operation: HandshakeAllThreads
Event: 9.915 Executing VM operation: HandshakeAllThreads done

Events (20 events):
Event: 10.008 loading class java/io/ObjectStreamClass$1
Event: 10.008 loading class java/io/ObjectStreamClass$1 done
Event: 10.008 loading class java/io/ObjectStreamClass$MemberSignature
Event: 10.008 loading class java/io/ObjectStreamClass$MemberSignature done
Event: 10.009 loading class java/io/ObjectStreamClass$3
Event: 10.009 loading class java/io/ObjectStreamClass$3 done
Event: 10.009 loading class java/io/ObjectStreamClass$4
Event: 10.009 loading class java/io/ObjectStreamClass$4 done
Event: 10.009 loading class java/io/ObjectStreamClass$5
Event: 10.010 loading class java/io/ObjectStreamClass$5 done
Event: 10.010 loading class java/io/ObjectStreamClass$ClassDataSlot
Event: 10.010 loading class java/io/ObjectStreamClass$ClassDataSlot done
Event: 10.013 loading class jdk/internal/reflect/UnsafeQualifiedStaticLongFieldAccessorImpl
Event: 10.013 loading class jdk/internal/reflect/UnsafeQualifiedStaticLongFieldAccessorImpl done
Event: 10.022 loading class java/io/SerialCallbackContext
Event: 10.022 loading class java/io/SerialCallbackContext done
Event: 10.186 loading class java/util/DualPivotQuicksort
Event: 10.187 loading class java/util/DualPivotQuicksort done
Event: 10.268 loading class java/util/function/LongUnaryOperator
Event: 10.268 loading class java/util/function/LongUnaryOperator done


Dynamic libraries:
0x00007ff664a20000 - 0x00007ff664a2a000 	C:\Program Files\Android\Android Studio\jbr\bin\java.exe
0x00007ffbdd590000 - 0x00007ffbdd788000 	C:\WINDOWS\SYSTEM32\ntdll.dll
0x00007ffba0920000 - 0x00007ffba0939000 	C:\Program Files\Avast Software\Avast\aswhook.dll
0x00007ffbdb920000 - 0x00007ffbdb9dd000 	C:\WINDOWS\System32\KERNEL32.DLL
0x00007ffbdae80000 - 0x00007ffbdb176000 	C:\WINDOWS\System32\KERNELBASE.dll
0x00007ffbdb420000 - 0x00007ffbdb520000 	C:\WINDOWS\System32\ucrtbase.dll
0x00007ffbd5ba0000 - 0x00007ffbd5bbb000 	C:\Program Files\Android\Android Studio\jbr\bin\VCRUNTIME140.dll
0x00007ffbd0e90000 - 0x00007ffbd0ea7000 	C:\Program Files\Android\Android Studio\jbr\bin\jli.dll
0x00007ffbdc3f0000 - 0x00007ffbdc58f000 	C:\WINDOWS\System32\USER32.dll
0x00007ffbbef00000 - 0x00007ffbbf19a000 	C:\WINDOWS\WinSxS\amd64_microsoft.windows.common-controls_6595b64144ccf1df_6.0.19041.4355_none_60b8b9eb71f62e16\COMCTL32.dll
0x00007ffbdace0000 - 0x00007ffbdad02000 	C:\WINDOWS\System32\win32u.dll
0x00007ffbdc010000 - 0x00007ffbdc0ae000 	C:\WINDOWS\System32\msvcrt.dll
0x00007ffbdbda0000 - 0x00007ffbdbdcb000 	C:\WINDOWS\System32\GDI32.dll
0x00007ffbdad10000 - 0x00007ffbdae27000 	C:\WINDOWS\System32\gdi32full.dll
0x00007ffbdb520000 - 0x00007ffbdb5bd000 	C:\WINDOWS\System32\msvcp_win.dll
0x00007ffbdbe80000 - 0x00007ffbdbeb2000 	C:\WINDOWS\System32\IMM32.DLL
0x00007ffbd6ac0000 - 0x00007ffbd6acc000 	C:\Program Files\Android\Android Studio\jbr\bin\vcruntime140_1.dll
0x00007ffbc1f30000 - 0x00007ffbc1fbd000 	C:\Program Files\Android\Android Studio\jbr\bin\msvcp140.dll
0x00007ffb92d20000 - 0x00007ffb939a3000 	C:\Program Files\Android\Android Studio\jbr\bin\server\jvm.dll
0x00007ffbdbdd0000 - 0x00007ffbdbe80000 	C:\WINDOWS\System32\ADVAPI32.dll
0x00007ffbdc0b0000 - 0x00007ffbdc150000 	C:\WINDOWS\System32\sechost.dll
0x00007ffbdd3c0000 - 0x00007ffbdd4e3000 	C:\WINDOWS\System32\RPCRT4.dll
0x00007ffbdac40000 - 0x00007ffbdac67000 	C:\WINDOWS\System32\bcrypt.dll
0x00007ffbda1d0000 - 0x00007ffbda21b000 	C:\WINDOWS\SYSTEM32\POWRPROF.dll
0x00007ffbb8c70000 - 0x00007ffbb8c97000 	C:\WINDOWS\SYSTEM32\WINMM.dll
0x00007ffbc8860000 - 0x00007ffbc8869000 	C:\WINDOWS\SYSTEM32\WSOCK32.dll
0x00007ffbdc200000 - 0x00007ffbdc26b000 	C:\WINDOWS\System32\WS2_32.dll
0x00007ffbd3cf0000 - 0x00007ffbd3cfa000 	C:\WINDOWS\SYSTEM32\VERSION.dll
0x00007ffbda030000 - 0x00007ffbda042000 	C:\WINDOWS\SYSTEM32\UMPDC.dll
0x00007ffbd8ac0000 - 0x00007ffbd8ad2000 	C:\WINDOWS\SYSTEM32\kernel.appcore.dll
0x00007ffbd6ad0000 - 0x00007ffbd6ada000 	C:\Program Files\Android\Android Studio\jbr\bin\jimage.dll
0x00007ffbd1b80000 - 0x00007ffbd1d64000 	C:\WINDOWS\SYSTEM32\DBGHELP.DLL
0x00007ffbd19c0000 - 0x00007ffbd19f4000 	C:\WINDOWS\SYSTEM32\dbgcore.DLL
0x00007ffbdb390000 - 0x00007ffbdb412000 	C:\WINDOWS\System32\bcryptPrimitives.dll
0x00007ffbd3d10000 - 0x00007ffbd3d1e000 	C:\Program Files\Android\Android Studio\jbr\bin\instrument.dll
0x00007ffbd69f0000 - 0x00007ffbd6a15000 	C:\Program Files\Android\Android Studio\jbr\bin\java.dll
0x00007ffbd5c40000 - 0x00007ffbd5c58000 	C:\Program Files\Android\Android Studio\jbr\bin\zip.dll
0x00007ffbdc5a0000 - 0x00007ffbdcd0b000 	C:\WINDOWS\System32\SHELL32.dll
0x00007ffbd8cc0000 - 0x00007ffbd945d000 	C:\WINDOWS\SYSTEM32\windows.storage.dll
0x00007ffbdb5c0000 - 0x00007ffbdb913000 	C:\WINDOWS\System32\combase.dll
0x00007ffbda660000 - 0x00007ffbda68e000 	C:\WINDOWS\SYSTEM32\Wldp.dll
0x00007ffbdbc20000 - 0x00007ffbdbced000 	C:\WINDOWS\System32\OLEAUT32.dll
0x00007ffbdbcf0000 - 0x00007ffbdbd9d000 	C:\WINDOWS\System32\SHCORE.dll
0x00007ffbdd4f0000 - 0x00007ffbdd545000 	C:\WINDOWS\System32\shlwapi.dll
0x00007ffbdab70000 - 0x00007ffbdab94000 	C:\WINDOWS\SYSTEM32\profapi.dll
0x00007ffbd44e0000 - 0x00007ffbd44f9000 	C:\Program Files\Android\Android Studio\jbr\bin\net.dll
0x00007ffbcfd80000 - 0x00007ffbcfe8a000 	C:\WINDOWS\SYSTEM32\WINHTTP.dll
0x00007ffbda3c0000 - 0x00007ffbda42a000 	C:\WINDOWS\system32\mswsock.dll
0x00007ffbd44c0000 - 0x00007ffbd44d6000 	C:\Program Files\Android\Android Studio\jbr\bin\nio.dll
0x00007ffbd5c30000 - 0x00007ffbd5c40000 	C:\Program Files\Android\Android Studio\jbr\bin\verify.dll
0x00007ffbc8600000 - 0x00007ffbc8627000 	C:\Users\Pubudu\.gradle\native\c067742578af261105cb4f569cf0c3c89f3d7b1fecec35dd04571415982c5e48\windows-amd64\native-platform.dll
0x00007ffbc1de0000 - 0x00007ffbc1f24000 	C:\Users\Pubudu\.gradle\native\38dada09dfb8b06ba9b0570ebf7e218e3eb74d4ef43ca46872605cf95ebc2f47\windows-amd64\native-platform-file-events.dll
0x00007ffbd4490000 - 0x00007ffbd4499000 	C:\Program Files\Android\Android Studio\jbr\bin\management.dll
0x00007ffbd4480000 - 0x00007ffbd448b000 	C:\Program Files\Android\Android Studio\jbr\bin\management_ext.dll
0x00007ffbdc000000 - 0x00007ffbdc008000 	C:\WINDOWS\System32\PSAPI.DLL
0x00007ffbda5c0000 - 0x00007ffbda5d8000 	C:\WINDOWS\SYSTEM32\CRYPTSP.dll
0x00007ffbd9c70000 - 0x00007ffbd9ca4000 	C:\WINDOWS\system32\rsaenh.dll
0x00007ffbdaae0000 - 0x00007ffbdab0e000 	C:\WINDOWS\SYSTEM32\USERENV.dll
0x00007ffbda5b0000 - 0x00007ffbda5bc000 	C:\WINDOWS\SYSTEM32\CRYPTBASE.dll
0x00007ffbda050000 - 0x00007ffbda08b000 	C:\WINDOWS\SYSTEM32\IPHLPAPI.DLL
0x00007ffbdc590000 - 0x00007ffbdc598000 	C:\WINDOWS\System32\NSI.dll
0x00007ffbd10a0000 - 0x00007ffbd10b7000 	C:\WINDOWS\SYSTEM32\dhcpcsvc6.DLL
0x00007ffbd1d70000 - 0x00007ffbd1d8d000 	C:\WINDOWS\SYSTEM32\dhcpcsvc.DLL
0x00007ffbda090000 - 0x00007ffbda15b000 	C:\WINDOWS\SYSTEM32\DNSAPI.dll
0x00007ffbd44a0000 - 0x00007ffbd44a9000 	C:\Program Files\Android\Android Studio\jbr\bin\extnet.dll
0x00007ffbd44b0000 - 0x00007ffbd44b7000 	C:\WINDOWS\system32\wshunix.dll

dbghelp: loaded successfully - version: 4.0.5 - missing functions: none
symbol engine: initialized successfully - sym options: 0x614 - pdb path: .;C:\Program Files\Android\Android Studio\jbr\bin;C:\WINDOWS\SYSTEM32;C:\Program Files\Avast Software\Avast;C:\WINDOWS\WinSxS\amd64_microsoft.windows.common-controls_6595b64144ccf1df_6.0.19041.4355_none_60b8b9eb71f62e16;C:\Program Files\Android\Android Studio\jbr\bin\server;C:\Users\Pubudu\.gradle\native\c067742578af261105cb4f569cf0c3c89f3d7b1fecec35dd04571415982c5e48\windows-amd64;C:\Users\Pubudu\.gradle\native\38dada09dfb8b06ba9b0570ebf7e218e3eb74d4ef43ca46872605cf95ebc2f47\windows-amd64

VM Arguments:
jvm_args: --add-opens=java.base/java.util=ALL-UNNAMED --add-opens=java.base/java.lang=ALL-UNNAMED --add-opens=java.base/java.lang.invoke=ALL-UNNAMED --add-opens=java.prefs/java.util.prefs=ALL-UNNAMED --add-opens=java.base/java.nio.charset=ALL-UNNAMED --add-opens=java.base/java.net=ALL-UNNAMED --add-opens=java.base/java.util.concurrent.atomic=ALL-UNNAMED -Xmx2048m -Dfile.encoding=UTF-8 -Duser.country=US -Duser.language=en -Duser.variant -javaagent:C:\Users\Pubudu\.gradle\wrapper\dists\gradle-8.6-bin\afr5mpiioh2wthjmwnkmdsd5w\gradle-8.6\lib\agents\gradle-instrumentation-agent-8.6.jar 
java_command: org.gradle.launcher.daemon.bootstrap.GradleDaemon 8.6
java_class_path (initial): C:\Users\Pubudu\.gradle\wrapper\dists\gradle-8.6-bin\afr5mpiioh2wthjmwnkmdsd5w\gradle-8.6\lib\gradle-launcher-8.6.jar
Launcher Type: SUN_STANDARD

[Global flags]
     intx CICompilerCount                          = 3                                         {product} {ergonomic}
     uint ConcGCThreads                            = 1                                         {product} {ergonomic}
     uint G1ConcRefinementThreads                  = 4                                         {product} {ergonomic}
   size_t G1HeapRegionSize                         = 1048576                                   {product} {ergonomic}
    uintx GCDrainStackTargetSize                   = 64                                        {product} {ergonomic}
   size_t InitialHeapSize                          = 134217728                                 {product} {ergonomic}
   size_t MarkStackSize                            = 4194304                                   {product} {ergonomic}
   size_t MaxHeapSize                              = 2147483648                                {product} {command line}
   size_t MaxNewSize                               = 1287651328                                {product} {ergonomic}
   size_t MinHeapDeltaBytes                        = 1048576                                   {product} {ergonomic}
   size_t MinHeapSize                              = 8388608                                   {product} {ergonomic}
    uintx NonNMethodCodeHeapSize                   = 5832780                                {pd product} {ergonomic}
    uintx NonProfiledCodeHeapSize                  = 122912730                              {pd product} {ergonomic}
    uintx ProfiledCodeHeapSize                     = 122912730                              {pd product} {ergonomic}
    uintx ReservedCodeCacheSize                    = 251658240                              {pd product} {ergonomic}
     bool SegmentedCodeCache                       = true                                      {product} {ergonomic}
   size_t SoftMaxHeapSize                          = 2147483648                             {manageable} {ergonomic}
     bool UseCompressedClassPointers               = true                           {product lp64_product} {ergonomic}
     bool UseCompressedOops                        = true                           {product lp64_product} {ergonomic}
     bool UseG1GC                                  = true                                      {product} {ergonomic}
     bool UseLargePagesIndividualAllocation        = false                                  {pd product} {ergonomic}

Logging:
Log output configuration:
 #0: stdout all=warning uptime,level,tags
 #1: stderr all=off uptime,level,tags

Environment Variables:
JAVA_HOME=C:\Program Files\Java\jdk-20
PATH=C:\Program Files\Common Files\Oracle\Java\javapath;C:\Program Files (x86)\Common Files\Oracle\Java\java8path;C:\Program Files (x86)\Common Files\Oracle\Java\javapath;C:\xampp\php:C:\Program Files\Common Files\Oracle\Java\javapath;C:\WINDOWS\system32;C:\WINDOWS;C:\WINDOWS\System32\Wbem;C:\WINDOWS\System32\WindowsPowerShell\v1.0\;C:\WINDOWS\System32\OpenSSH\;C:\Program Files\Microsoft SQL Server\150\Tools\Binn\;C:\Program Files\Microsoft SQL Server\Client SDK\ODBC\170\Tools\Binn\;C:\Program Files\Common Files\Autodesk Shared\;C:\Program Files\Java\jdk-20\bin;C:\Program Files\dotnet\;C:\Program Files\nodejs\;C:\ProgramData\Microsoft\Windows\Start Menu\Programs\Node.js;C:\Users\Pubudu\AppData\Roaming;C:\Program Files\nodejs\node_modules\npm;C:\Program Files\Git\cmd;C:\Program Files (x86)\Microsoft SQL Server\160\DTS\Binn\;C:\Program Files (x86)\Microsoft SQL Server\160\Tools\Binn\;C:\Program Files\Microsoft SQL Server\160\Tools\Binn\;C:\Program Files\Microsoft SQL Server\160\DTS\Binn\;C:\Users\Pubudu\AppData\Local\Microsoft\WindowsApps;C:\Users\Pubudu\.dotnet\tools;C:\Users\Pubudu\AppData\Roaming\npm;C:\Program Files\nodejs;;C:\Program Files\Azure Data Studio\bin;C:\Users\Pubudu\AppData\Local\Programs\Vs Code\Microsoft VS Code\bin
USERNAME=Pubudu
OS=Windows_NT
PROCESSOR_IDENTIFIER=Intel64 Family 6 Model 78 Stepping 3, GenuineIntel
TMP=C:\Users\Pubudu\AppData\Local\Temp
TEMP=C:\Users\Pubudu\AppData\Local\Temp



Periodic native trim disabled

JNI global refs:
JNI global refs: 26, weak refs: 0

JNI global refs memory usage: 843, weak refs: 209

OOME stack traces (most recent first):
Classloader memory used:
Loader org.gradle.internal.classloader.VisitableURLClassLoader                         : 3316K
Loader bootstrap                                                                       : 2385K
Loader org.gradle.initialization.MixInLegacyTypesClassLoader                           : 874K
Loader jdk.internal.loader.ClassLoaders$PlatformClassLoader                            : 65555B
Loader jdk.internal.loader.ClassLoaders$AppClassLoader                                 : 28729B
Loader jdk.internal.reflect.DelegatingClassLoader                                      : 9050B
Loader org.gradle.internal.classloader.VisitableURLClassLoader                         : 3935B
Loader org.gradle.internal.classloader.VisitableURLClassLoader$InstrumentingVisitableURLClassLoader: 3673B

Classes loaded by more than one classloader:
Class org.gradle.internal.installation.GradleInstallation                             : loaded 2 times (x 73B)
Class org.gradle.internal.classpath.ClassPath                                         : loaded 2 times (x 68B)
Class org.gradle.api.internal.classpath.DefaultModuleRegistry                         : loaded 2 times (x 84B)
Class Settings_gradle$1$1                                                             : loaded 2 times (x 72B)
Class org.gradle.api.Action                                                           : loaded 2 times (x 68B)
Class org.gradle.api.internal.DefaultClassPathProvider                                : loaded 2 times (x 74B)
Class org.gradle.internal.installation.GradleInstallation$1                           : loaded 2 times (x 73B)
Class org.gradle.internal.classloader.FilteringClassLoader                            : loaded 2 times (x 103B)
Class org.gradle.internal.classpath.DefaultClassPath$ImmutableUniqueList$Builder      : loaded 2 times (x 73B)
Class org.gradle.internal.classloader.ClassLoaderVisitor                              : loaded 2 times (x 74B)
Class org.gradle.internal.service.DefaultServiceLocator                               : loaded 2 times (x 81B)
Class org.gradle.internal.service.UnknownServiceException                             : loaded 2 times (x 81B)
Class org.gradle.internal.classloader.DefaultClassLoaderFactory                       : loaded 2 times (x 80B)
Class org.gradle.internal.classloader.VisitableURLClassLoader$Spec                    : loaded 2 times (x 72B)
Class org.gradle.api.GradleException                                                  : loaded 2 times (x 80B)
Class org.gradle.api.internal.classpath.ModuleRegistry                                : loaded 2 times (x 68B)
Class org.gradle.api.internal.ClassPathProvider                                       : loaded 2 times (x 68B)
Class org.gradle.internal.classloader.ClasspathUtil$1                                 : loaded 2 times (x 74B)
Class org.gradle.internal.classloader.ClassLoaderFactory                              : loaded 2 times (x 68B)
Class org.gradle.api.internal.classpath.ManifestUtil                                  : loaded 2 times (x 69B)
Class org.gradle.api.specs.Spec                                                       : loaded 2 times (x 68B)
Class org.gradle.internal.IoActions                                                   : loaded 2 times (x 69B)
Class org.gradle.api.internal.classpath.EffectiveClassPath                            : loaded 2 times (x 88B)
Class org.gradle.internal.installation.CurrentGradleInstallation                      : loaded 2 times (x 71B)
Class org.gradle.internal.agents.InstrumentingClassLoader                             : loaded 2 times (x 68B)
Class org.gradle.internal.installation.CurrentGradleInstallationLocator               : loaded 2 times (x 69B)
Class org.gradle.api.internal.classpath.Module                                        : loaded 2 times (x 68B)
Class org.gradle.internal.service.CachingServiceLocator                               : loaded 2 times (x 80B)
Class org.gradle.internal.classpath.DefaultClassPath                                  : loaded 2 times (x 88B)
Class org.gradle.internal.classloader.SystemClassLoaderSpec                           : loaded 2 times (x 69B)
Class org.gradle.api.UncheckedIOException                                             : loaded 2 times (x 80B)
Class Program                                                                         : loaded 2 times (x 70B)
Class org.gradle.internal.classloader.ClasspathUtil                                   : loaded 2 times (x 69B)
Class org.gradle.api.internal.DefaultClassPathRegistry                                : loaded 2 times (x 74B)
Class org.gradle.api.internal.classpath.DefaultModuleRegistry$DefaultModule           : loaded 2 times (x 84B)
Class org.gradle.api.internal.classpath.UnknownModuleException                        : loaded 2 times (x 80B)
Class org.gradle.internal.service.ServiceLookupException                              : loaded 2 times (x 80B)
Class org.gradle.cache.GlobalCache                                                    : loaded 2 times (x 68B)
Class [Lorg.gradle.api.internal.ClassPathProvider;                                    : loaded 2 times (x 67B)
Class org.gradle.util.internal.GUtil                                                  : loaded 2 times (x 69B)
Class org.gradle.internal.classloader.ClassLoaderSpec                                 : loaded 2 times (x 69B)
Class org.gradle.internal.classloader.VisitableURLClassLoader                         : loaded 2 times (x 115B)
Class org.gradle.internal.Cast                                                        : loaded 2 times (x 69B)
Class org.gradle.api.internal.ClassPathRegistry                                       : loaded 2 times (x 68B)
Class org.gradle.internal.classloader.VisitableURLClassLoader$InstrumentingVisitableURLClassLoader: loaded 2 times (x 121B)
Class org.gradle.internal.classloader.ClassLoaderHierarchy                            : loaded 2 times (x 68B)
Class org.gradle.internal.InternalTransformer                                         : loaded 2 times (x 68B)
Class org.gradle.internal.service.ServiceLocator                                      : loaded 2 times (x 68B)
Class Settings_gradle$1                                                               : loaded 2 times (x 72B)
Class org.gradle.internal.classpath.DefaultClassPath$ImmutableUniqueList              : loaded 2 times (x 159B)
Class org.gradle.internal.classpath.TransformedClassPath                              : loaded 2 times (x 94B)
Class Settings_gradle                                                                 : loaded 2 times (x 126B)


---------------  S Y S T E M  ---------------

OS:
 Windows 10 , 64 bit Build 19041 (10.0.19041.3636)
OS uptime: 0 days 1:10 hours

CPU: total 4 (initial active 4) (2 cores per cpu, 2 threads per core) family 6 model 78 stepping 3 microcode 0xf0, cx8, cmov, fxsr, ht, mmx, 3dnowpref, sse, sse2, sse3, ssse3, sse4.1, sse4.2, popcnt, lzcnt, tsc, tscinvbit, avx, avx2, aes, erms, clmul, bmi1, bmi2, adx, fma, vzeroupper, clflush, clflushopt
Processor Information for all 4 processors :
  Max Mhz: 2400, Current Mhz: 2300, Mhz Limit: 2280

Memory: 4k page, system-wide physical 8083M (811M free)
TotalPageFile size 8083M (AvailPageFile size 8M)
current process WorkingSet (physical memory assigned to process): 255M, peak: 257M
current process commit charge ("private bytes"): 284M, peak: 289M

vm_info: OpenJDK 64-Bit Server VM (17.0.10+0--11572160) for windows-amd64 JRE (17.0.10+0--11572160), built on Mar 13 2024 23:56:38 by "androidbuild" with MS VC++ 16.10 / 16.11 (VS2019)

END.
