#
# There is insufficient memory for the Java Runtime Environment to continue.
# Native memory allocation (malloc) failed to allocate 917136 bytes for Chunk::new
# Possible reasons:
#   The system is out of physical RAM or swap space
#   The process is running with CompressedOops enabled, and the Java Heap may be blocking the growth of the native heap
# Possible solutions:
#   Reduce memory load on the system
#   Increase physical memory or swap space
#   Check if swap backing store is full
#   Decrease Java heap size (-Xmx/-Xms)
#   Decrease number of Java threads
#   Decrease Java thread stack sizes (-Xss)
#   Set larger code cache with -XX:ReservedCodeCacheSize=
#   JVM is running with Unscaled Compressed Oops mode in which the Java heap is
#     placed in the first 4GB address space. The Java Heap base address is the
#     maximum limit for the native heap growth. Please use -XX:HeapBaseMinAddress
#     to set the Java Heap base and to place the Java Heap above 4GB virtual address.
# This output file may be truncated or incomplete.
#
#  Out of Memory Error (arena.cpp:191), pid=10636, tid=10488
#
# JRE version: OpenJDK Runtime Environment (17.0.10) (build 17.0.10+0--11572160)
# Java VM: OpenJDK 64-Bit Server VM (17.0.10+0--11572160, mixed mode, tiered, compressed oops, compressed class ptrs, g1 gc, windows-amd64)
# No core dump will be written. Minidumps are not enabled by default on client versions of Windows
#

---------------  S U M M A R Y ------------

Command Line: --add-opens=java.base/java.util=ALL-UNNAMED --add-opens=java.base/java.lang=ALL-UNNAMED --add-opens=java.base/java.lang.invoke=ALL-UNNAMED --add-opens=java.prefs/java.util.prefs=ALL-UNNAMED --add-opens=java.base/java.nio.charset=ALL-UNNAMED --add-opens=java.base/java.net=ALL-UNNAMED --add-opens=java.base/java.util.concurrent.atomic=ALL-UNNAMED -Xmx2048m -Dfile.encoding=UTF-8 -Duser.country=US -Duser.language=en -Duser.variant -javaagent:C:\Users\Pubudu\.gradle\wrapper\dists\gradle-8.6-bin\afr5mpiioh2wthjmwnkmdsd5w\gradle-8.6\lib\agents\gradle-instrumentation-agent-8.6.jar org.gradle.launcher.daemon.bootstrap.GradleDaemon 8.6

Host: Intel(R) Core(TM) i5-6200U CPU @ 2.30GHz, 4 cores, 7G,  Windows 10 , 64 bit Build 19041 (10.0.19041.3636)
Time: Wed Jun  5 19:17:23 2024 Sri Lanka Standard Time elapsed time: 9.561051 seconds (0d 0h 0m 9s)

---------------  T H R E A D  ---------------

Current thread (0x000002ebcba7ffc0):  JavaThread "C2 CompilerThread0" daemon [_thread_in_native, id=10488, stack(0x000000fedd200000,0x000000fedd300000)]


Current CompileTask:
C2:   9561 4042       4       java.net.URLClassLoader$1::run (5 bytes)

Stack: [0x000000fedd200000,0x000000fedd300000]
Native frames: (J=compiled Java code, j=interpreted, Vv=VM code, C=native code)
V  [jvm.dll+0x688e89]
V  [jvm.dll+0x84247a]
V  [jvm.dll+0x8440be]
V  [jvm.dll+0x844723]
V  [jvm.dll+0x24be0f]
V  [jvm.dll+0xac524]
V  [jvm.dll+0xacb6c]
V  [jvm.dll+0x2b342f]
V  [jvm.dll+0x5902b7]
V  [jvm.dll+0x226452]
V  [jvm.dll+0x22683f]
V  [jvm.dll+0x21f966]
V  [jvm.dll+0x21cdb1]
V  [jvm.dll+0x1a60ad]
V  [jvm.dll+0x22cd78]
V  [jvm.dll+0x22aeb0]
V  [jvm.dll+0x7f6917]
V  [jvm.dll+0x7f0d1a]
V  [jvm.dll+0x687d05]
C  [ucrtbase.dll+0x21bb2]
C  [KERNEL32.DLL+0x17344]
C  [ntdll.dll+0x526b1]


---------------  P R O C E S S  ---------------

Threads class SMR info:
_java_thread_list=0x000002ebd2123ac0, length=37, elements={
0x000002ebb2322990, 0x000002ebcb92d260, 0x000002ebcb92e840, 0x000002ebcba714d0,
0x000002ebcba72580, 0x000002ebcba75300, 0x000002ebcba7b160, 0x000002ebcba7ffc0,
0x000002ebcba82e30, 0x000002ebcba95bd0, 0x000002ebcb890a50, 0x000002ebcbd980c0,
0x000002ebd1007550, 0x000002ebd09f40e0, 0x000002ebd180fbc0, 0x000002ebd1a737b0,
0x000002ebd18f7000, 0x000002ebd0fc6e90, 0x000002ebd1065cd0, 0x000002ebd10661b0,
0x000002ebd0d83690, 0x000002ebd0d83ba0, 0x000002ebd0d81d40, 0x000002ebd0d845c0,
0x000002ebd0d80e10, 0x000002ebd18bd080, 0x000002ebd0d81320, 0x000002ebd0d81830,
0x000002ebd0d82250, 0x000002ebd0d82760, 0x000002ebd0d82c70, 0x000002ebd0d83180,
0x000002ebd0348790, 0x000002ebd034a0e0, 0x000002ebd03491b0, 0x000002ebd034ab00,
0x000002ebd034a5f0
}

Java Threads: ( => current thread )
  0x000002ebb2322990 JavaThread "main" [_thread_blocked, id=18284, stack(0x000000fedc500000,0x000000fedc600000)]
  0x000002ebcb92d260 JavaThread "Reference Handler" daemon [_thread_blocked, id=10660, stack(0x000000fedcc00000,0x000000fedcd00000)]
  0x000002ebcb92e840 JavaThread "Finalizer" daemon [_thread_blocked, id=2704, stack(0x000000fedcd00000,0x000000fedce00000)]
  0x000002ebcba714d0 JavaThread "Signal Dispatcher" daemon [_thread_blocked, id=15036, stack(0x000000fedce00000,0x000000fedcf00000)]
  0x000002ebcba72580 JavaThread "Attach Listener" daemon [_thread_blocked, id=9752, stack(0x000000fedcf00000,0x000000fedd000000)]
  0x000002ebcba75300 JavaThread "Service Thread" daemon [_thread_blocked, id=17488, stack(0x000000fedd000000,0x000000fedd100000)]
  0x000002ebcba7b160 JavaThread "Monitor Deflation Thread" daemon [_thread_blocked, id=14004, stack(0x000000fedd100000,0x000000fedd200000)]
=>0x000002ebcba7ffc0 JavaThread "C2 CompilerThread0" daemon [_thread_in_native, id=10488, stack(0x000000fedd200000,0x000000fedd300000)]
  0x000002ebcba82e30 JavaThread "C1 CompilerThread0" daemon [_thread_blocked, id=8700, stack(0x000000fedd300000,0x000000fedd400000)]
  0x000002ebcba95bd0 JavaThread "Sweeper thread" daemon [_thread_blocked, id=15892, stack(0x000000fedd400000,0x000000fedd500000)]
  0x000002ebcb890a50 JavaThread "Common-Cleaner" daemon [_thread_blocked, id=5724, stack(0x000000fedd500000,0x000000fedd600000)]
  0x000002ebcbd980c0 JavaThread "Notification Thread" daemon [_thread_blocked, id=16760, stack(0x000000fedd600000,0x000000fedd700000)]
  0x000002ebd1007550 JavaThread "Daemon health stats" [_thread_blocked, id=1556, stack(0x000000feddc00000,0x000000feddd00000)]
  0x000002ebd09f40e0 JavaThread "Incoming local TCP Connector on port 54147" [_thread_in_native, id=4516, stack(0x000000fedd800000,0x000000fedd900000)]
  0x000002ebd180fbc0 JavaThread "Daemon periodic checks" [_thread_blocked, id=7432, stack(0x000000fedde00000,0x000000feddf00000)]
  0x000002ebd1a737b0 JavaThread "Daemon" [_thread_blocked, id=11984, stack(0x000000feddf00000,0x000000fede000000)]
  0x000002ebd18f7000 JavaThread "Handler for socket connection from /127.0.0.1:54147 to /127.0.0.1:54148" [_thread_in_native, id=12776, stack(0x000000fede000000,0x000000fede100000)]
  0x000002ebd0fc6e90 JavaThread "Cancel handler" [_thread_blocked, id=16620, stack(0x000000fede100000,0x000000fede200000)]
  0x000002ebd1065cd0 JavaThread "Daemon worker" [_thread_in_vm, id=5464, stack(0x000000fede200000,0x000000fede300000)]
  0x000002ebd10661b0 JavaThread "Asynchronous log dispatcher for DefaultDaemonConnection: socket connection from /127.0.0.1:54147 to /127.0.0.1:54148" [_thread_blocked, id=11308, stack(0x000000fede300000,0x000000fede400000)]
  0x000002ebd0d83690 JavaThread "Stdin handler" [_thread_blocked, id=15848, stack(0x000000fede400000,0x000000fede500000)]
  0x000002ebd0d83ba0 JavaThread "Daemon client event forwarder" [_thread_blocked, id=16164, stack(0x000000fede500000,0x000000fede600000)]
  0x000002ebd0d81d40 JavaThread "Cache worker for journal cache (C:\Users\Pubudu\.gradle\caches\journal-1)" [_thread_blocked, id=5444, stack(0x000000feddd00000,0x000000fedde00000)]
  0x000002ebd0d845c0 JavaThread "File lock request listener" [_thread_in_native, id=12528, stack(0x000000fede600000,0x000000fede700000)]
  0x000002ebd0d80e10 JavaThread "Cache worker for file hash cache (C:\Users\Pubudu\.gradle\caches\8.6\fileHashes)" [_thread_blocked, id=8860, stack(0x000000fede700000,0x000000fede800000)]
  0x000002ebd18bd080 JavaThread "C2 CompilerThread1" daemon [_thread_in_native, id=2976, stack(0x000000fede800000,0x000000fede900000)]
  0x000002ebd0d81320 JavaThread "File watcher server" daemon [_thread_in_native, id=13448, stack(0x000000fede900000,0x000000fedea00000)]
  0x000002ebd0d81830 JavaThread "File watcher consumer" daemon [_thread_blocked, id=3492, stack(0x000000fedea00000,0x000000fedeb00000)]
  0x000002ebd0d82250 JavaThread "Cache worker for checksums cache (C:\Users\Pubudu\AndroidStudioProjects\WeatherApp\.gradle\8.6\checksums)" [_thread_blocked, id=2884, stack(0x000000fedeb00000,0x000000fedec00000)]
  0x000002ebd0d82760 JavaThread "Cache worker for file hash cache (C:\Users\Pubudu\AndroidStudioProjects\WeatherApp\.gradle\8.6\fileHashes)" [_thread_blocked, id=16120, stack(0x000000fedec00000,0x000000feded00000)]
  0x000002ebd0d82c70 JavaThread "Cache worker for cache directory md-supplier (C:\Users\Pubudu\.gradle\caches\8.6\md-supplier)" [_thread_blocked, id=3064, stack(0x000000feded00000,0x000000fedee00000)]
  0x000002ebd0d83180 JavaThread "Cache worker for cache directory md-rule (C:\Users\Pubudu\.gradle\caches\8.6\md-rule)" [_thread_blocked, id=16000, stack(0x000000fedee00000,0x000000fedef00000)]
  0x000002ebd0348790 JavaThread "Cache worker for file content cache (C:\Users\Pubudu\.gradle\caches\8.6\fileContent)" [_thread_blocked, id=2548, stack(0x000000fedef00000,0x000000fedf000000)]
  0x000002ebd034a0e0 JavaThread "jar transforms" [_thread_blocked, id=5840, stack(0x000000fedf100000,0x000000fedf200000)]
  0x000002ebd03491b0 JavaThread "jar transforms Thread 2" [_thread_blocked, id=10504, stack(0x000000fedf200000,0x000000fedf300000)]
  0x000002ebd034ab00 JavaThread "jar transforms Thread 3" [_thread_blocked, id=17256, stack(0x000000fedf300000,0x000000fedf400000)]
  0x000002ebd034a5f0 JavaThread "jar transforms Thread 4" [_thread_blocked, id=13212, stack(0x000000fedf400000,0x000000fedf500000)]

Other Threads:
  0x000002ebcb8aac60 VMThread "VM Thread" [stack: 0x000000fedcb00000,0x000000fedcc00000] [id=12904]
  0x000002ebcbd48ce0 WatcherThread [stack: 0x000000fedd700000,0x000000fedd800000] [id=10196]
  0x000002ebb23819e0 GCTaskThread "GC Thread#0" [stack: 0x000000fedc600000,0x000000fedc700000] [id=16540]
  0x000002ebd00decf0 GCTaskThread "GC Thread#1" [stack: 0x000000fedd900000,0x000000fedda00000] [id=18084]
  0x000002ebd00defb0 GCTaskThread "GC Thread#2" [stack: 0x000000fedda00000,0x000000feddb00000] [id=8320]
  0x000002ebd01c54e0 GCTaskThread "GC Thread#3" [stack: 0x000000feddb00000,0x000000feddc00000] [id=252]
  0x000002ebb2392a00 ConcurrentGCThread "G1 Main Marker" [stack: 0x000000fedc700000,0x000000fedc800000] [id=992]
  0x000002ebb2393bc0 ConcurrentGCThread "G1 Conc#0" [stack: 0x000000fedc800000,0x000000fedc900000] [id=17176]
  0x000002ebcb7630d0 ConcurrentGCThread "G1 Refine#0" [stack: 0x000000fedc900000,0x000000fedca00000] [id=17260]
  0x000002ebd16fce30 ConcurrentGCThread "G1 Refine#1" [stack: 0x000000fedf000000,0x000000fedf100000] [id=12940]
  0x000002ebcb763710 ConcurrentGCThread "G1 Service" [stack: 0x000000fedca00000,0x000000fedcb00000] [id=17432]

Threads with active compile tasks:
C2 CompilerThread0     9635 4042       4       java.net.URLClassLoader$1::run (5 bytes)
C2 CompilerThread1     9635 4046   !   4       java.net.URLClassLoader::findClass (47 bytes)

VM state: not at safepoint (normal execution)

VM Mutex/Monitor currently owned by a thread: None

Heap address: 0x0000000080000000, size: 2048 MB, Compressed Oops mode: 32-bit

CDS archive(s) not mapped
Compressed class space mapped at: 0x0000000100000000-0x0000000140000000, reserved size: 1073741824
Narrow klass base: 0x0000000000000000, Narrow klass shift: 3, Narrow klass range: 0x140000000

GC Precious Log:
 CPUs: 4 total, 4 available
 Memory: 8083M
 Large Page Support: Disabled
 NUMA Support: Disabled
 Compressed Oops: Enabled (32-bit)
 Heap Region Size: 1M
 Heap Min Capacity: 8M
 Heap Initial Capacity: 128M
 Heap Max Capacity: 2G
 Pre-touch: Disabled
 Parallel Workers: 4
 Concurrent Workers: 1
 Concurrent Refinement Workers: 4
 Periodic GC: Disabled

Heap:
 garbage-first heap   total 82944K, used 44921K [0x0000000080000000, 0x0000000100000000)
  region size 1024K, 18 young (18432K), 3 survivors (3072K)
 Metaspace       used 46511K, committed 46976K, reserved 1114112K
  class space    used 6339K, committed 6592K, reserved 1048576K

Heap Regions: E=young(eden), S=young(survivor), O=old, HS=humongous(starts), HC=humongous(continues), CS=collection set, F=free, OA=open archive, CA=closed archive, TAMS=top-at-mark-start (previous, next)
|   0|0x0000000080000000, 0x0000000080100000, 0x0000000080100000|100%| O|  |TAMS 0x0000000080100000, 0x0000000080000000| Untracked 
|   1|0x0000000080100000, 0x0000000080200000, 0x0000000080200000|100%| O|  |TAMS 0x0000000080200000, 0x0000000080100000| Untracked 
|   2|0x0000000080200000, 0x0000000080300000, 0x0000000080300000|100%|HS|  |TAMS 0x0000000080300000, 0x0000000080200000| Complete 
|   3|0x0000000080300000, 0x0000000080400000, 0x0000000080400000|100%|HC|  |TAMS 0x0000000080400000, 0x0000000080300000| Complete 
|   4|0x0000000080400000, 0x0000000080500000, 0x0000000080500000|100%|HC|  |TAMS 0x0000000080500000, 0x0000000080400000| Complete 
|   5|0x0000000080500000, 0x0000000080600000, 0x0000000080600000|100%|HC|  |TAMS 0x0000000080600000, 0x0000000080500000| Complete 
|   6|0x0000000080600000, 0x0000000080700000, 0x0000000080700000|100%| O|  |TAMS 0x0000000080700000, 0x0000000080600000| Untracked 
|   7|0x0000000080700000, 0x0000000080800000, 0x0000000080800000|100%| O|  |TAMS 0x0000000080800000, 0x0000000080700000| Untracked 
|   8|0x0000000080800000, 0x0000000080900000, 0x0000000080900000|100%| O|  |TAMS 0x0000000080900000, 0x0000000080800000| Untracked 
|   9|0x0000000080900000, 0x0000000080a00000, 0x0000000080a00000|100%| O|  |TAMS 0x0000000080a00000, 0x0000000080900000| Untracked 
|  10|0x0000000080a00000, 0x0000000080aa8800, 0x0000000080b00000| 65%| O|  |TAMS 0x0000000080aa8800, 0x0000000080a00000| Untracked 
|  11|0x0000000080b00000, 0x0000000080c00000, 0x0000000080c00000|100%| O|  |TAMS 0x0000000080c00000, 0x0000000080b00000| Untracked 
|  12|0x0000000080c00000, 0x0000000080d00000, 0x0000000080d00000|100%| O|  |TAMS 0x0000000080d00000, 0x0000000080c00000| Untracked 
|  13|0x0000000080d00000, 0x0000000080e00000, 0x0000000080e00000|100%| O|  |TAMS 0x0000000080e00000, 0x0000000080d00000| Untracked 
|  14|0x0000000080e00000, 0x0000000080f00000, 0x0000000080f00000|100%| O|  |TAMS 0x0000000080f00000, 0x0000000080e00000| Untracked 
|  15|0x0000000080f00000, 0x0000000081000000, 0x0000000081000000|100%| O|  |TAMS 0x0000000081000000, 0x0000000080f00000| Untracked 
|  16|0x0000000081000000, 0x0000000081100000, 0x0000000081100000|100%| O|  |TAMS 0x0000000081100000, 0x0000000081000000| Untracked 
|  17|0x0000000081100000, 0x0000000081200000, 0x0000000081200000|100%| O|  |TAMS 0x0000000081200000, 0x0000000081100000| Untracked 
|  18|0x0000000081200000, 0x0000000081300000, 0x0000000081300000|100%| O|  |TAMS 0x0000000081300000, 0x0000000081200000| Untracked 
|  19|0x0000000081300000, 0x0000000081400000, 0x0000000081400000|100%| O|  |TAMS 0x0000000081400000, 0x0000000081300000| Untracked 
|  20|0x0000000081400000, 0x0000000081500000, 0x0000000081500000|100%| O|  |TAMS 0x0000000081444c00, 0x0000000081400000| Untracked 
|  21|0x0000000081500000, 0x0000000081600000, 0x0000000081600000|100%| O|  |TAMS 0x0000000081500000, 0x0000000081500000| Untracked 
|  22|0x0000000081600000, 0x0000000081700000, 0x0000000081700000|100%| O|  |TAMS 0x0000000081600000, 0x0000000081600000| Untracked 
|  23|0x0000000081700000, 0x0000000081800000, 0x0000000081800000|100%| O|  |TAMS 0x0000000081700000, 0x0000000081700000| Untracked 
|  24|0x0000000081800000, 0x0000000081900000, 0x0000000081900000|100%| O|  |TAMS 0x0000000081800000, 0x0000000081800000| Untracked 
|  25|0x0000000081900000, 0x0000000081a00000, 0x0000000081a00000|100%| O|  |TAMS 0x0000000081900000, 0x0000000081900000| Untracked 
|  26|0x0000000081a00000, 0x0000000081b00000, 0x0000000081b00000|100%| O|  |TAMS 0x0000000081a00000, 0x0000000081a00000| Untracked 
|  27|0x0000000081b00000, 0x0000000081b35c00, 0x0000000081c00000| 20%| O|  |TAMS 0x0000000081b00000, 0x0000000081b00000| Untracked 
|  28|0x0000000081c00000, 0x0000000081c00000, 0x0000000081d00000|  0%| F|  |TAMS 0x0000000081c00000, 0x0000000081c00000| Untracked 
|  29|0x0000000081d00000, 0x0000000081d00000, 0x0000000081e00000|  0%| F|  |TAMS 0x0000000081d00000, 0x0000000081d00000| Untracked 
|  30|0x0000000081e00000, 0x0000000081e00000, 0x0000000081f00000|  0%| F|  |TAMS 0x0000000081e00000, 0x0000000081e00000| Untracked 
|  31|0x0000000081f00000, 0x0000000081f00000, 0x0000000082000000|  0%| F|  |TAMS 0x0000000081f00000, 0x0000000081f00000| Untracked 
|  32|0x0000000082000000, 0x0000000082000000, 0x0000000082100000|  0%| F|  |TAMS 0x0000000082000000, 0x0000000082000000| Untracked 
|  33|0x0000000082100000, 0x0000000082100000, 0x0000000082200000|  0%| F|  |TAMS 0x0000000082100000, 0x0000000082100000| Untracked 
|  34|0x0000000082200000, 0x0000000082200000, 0x0000000082300000|  0%| F|  |TAMS 0x0000000082200000, 0x0000000082200000| Untracked 
|  35|0x0000000082300000, 0x0000000082300000, 0x0000000082400000|  0%| F|  |TAMS 0x0000000082300000, 0x0000000082300000| Untracked 
|  36|0x0000000082400000, 0x0000000082400000, 0x0000000082500000|  0%| F|  |TAMS 0x0000000082400000, 0x0000000082400000| Untracked 
|  37|0x0000000082500000, 0x0000000082500000, 0x0000000082600000|  0%| F|  |TAMS 0x0000000082500000, 0x0000000082500000| Untracked 
|  38|0x0000000082600000, 0x0000000082700000, 0x0000000082700000|100%| S|CS|TAMS 0x0000000082600000, 0x0000000082600000| Complete 
|  39|0x0000000082700000, 0x0000000082800000, 0x0000000082800000|100%| S|CS|TAMS 0x0000000082700000, 0x0000000082700000| Complete 
|  40|0x0000000082800000, 0x0000000082900000, 0x0000000082900000|100%| S|CS|TAMS 0x0000000082800000, 0x0000000082800000| Complete 
|  41|0x0000000082900000, 0x0000000082900000, 0x0000000082a00000|  0%| F|  |TAMS 0x0000000082900000, 0x0000000082900000| Untracked 
|  42|0x0000000082a00000, 0x0000000082a00000, 0x0000000082b00000|  0%| F|  |TAMS 0x0000000082a00000, 0x0000000082a00000| Untracked 
|  43|0x0000000082b00000, 0x0000000082b00000, 0x0000000082c00000|  0%| F|  |TAMS 0x0000000082b00000, 0x0000000082b00000| Untracked 
|  44|0x0000000082c00000, 0x0000000082c00000, 0x0000000082d00000|  0%| F|  |TAMS 0x0000000082c00000, 0x0000000082c00000| Untracked 
|  45|0x0000000082d00000, 0x0000000082d00000, 0x0000000082e00000|  0%| F|  |TAMS 0x0000000082d00000, 0x0000000082d00000| Untracked 
|  46|0x0000000082e00000, 0x0000000082e00000, 0x0000000082f00000|  0%| F|  |TAMS 0x0000000082e00000, 0x0000000082e00000| Untracked 
|  47|0x0000000082f00000, 0x0000000082f00000, 0x0000000083000000|  0%| F|  |TAMS 0x0000000082f00000, 0x0000000082f00000| Untracked 
|  48|0x0000000083000000, 0x0000000083000000, 0x0000000083100000|  0%| F|  |TAMS 0x0000000083000000, 0x0000000083000000| Untracked 
|  49|0x0000000083100000, 0x0000000083100000, 0x0000000083200000|  0%| F|  |TAMS 0x0000000083100000, 0x0000000083100000| Untracked 
|  50|0x0000000083200000, 0x0000000083200000, 0x0000000083300000|  0%| F|  |TAMS 0x0000000083200000, 0x0000000083200000| Untracked 
|  51|0x0000000083300000, 0x0000000083300000, 0x0000000083400000|  0%| F|  |TAMS 0x0000000083300000, 0x0000000083300000| Untracked 
|  52|0x0000000083400000, 0x0000000083400000, 0x0000000083500000|  0%| F|  |TAMS 0x0000000083400000, 0x0000000083400000| Untracked 
|  53|0x0000000083500000, 0x0000000083500000, 0x0000000083600000|  0%| F|  |TAMS 0x0000000083500000, 0x0000000083500000| Untracked 
|  54|0x0000000083600000, 0x0000000083600000, 0x0000000083700000|  0%| F|  |TAMS 0x0000000083600000, 0x0000000083600000| Untracked 
|  55|0x0000000083700000, 0x0000000083700000, 0x0000000083800000|  0%| F|  |TAMS 0x0000000083700000, 0x0000000083700000| Untracked 
|  56|0x0000000083800000, 0x0000000083800000, 0x0000000083900000|  0%| F|  |TAMS 0x0000000083800000, 0x0000000083800000| Untracked 
|  57|0x0000000083900000, 0x0000000083900000, 0x0000000083a00000|  0%| F|  |TAMS 0x0000000083900000, 0x0000000083900000| Untracked 
|  58|0x0000000083a00000, 0x0000000083a00000, 0x0000000083b00000|  0%| F|  |TAMS 0x0000000083a00000, 0x0000000083a00000| Untracked 
|  59|0x0000000083b00000, 0x0000000083b00000, 0x0000000083c00000|  0%| F|  |TAMS 0x0000000083b00000, 0x0000000083b00000| Untracked 
|  60|0x0000000083c00000, 0x0000000083c00000, 0x0000000083d00000|  0%| F|  |TAMS 0x0000000083c00000, 0x0000000083c00000| Untracked 
|  61|0x0000000083d00000, 0x0000000083d00000, 0x0000000083e00000|  0%| F|  |TAMS 0x0000000083d00000, 0x0000000083d00000| Untracked 
|  62|0x0000000083e00000, 0x0000000083e00000, 0x0000000083f00000|  0%| F|  |TAMS 0x0000000083e00000, 0x0000000083e00000| Untracked 
|  63|0x0000000083f00000, 0x0000000083f00000, 0x0000000084000000|  0%| F|  |TAMS 0x0000000083f00000, 0x0000000083f00000| Untracked 
|  64|0x0000000084000000, 0x0000000084000000, 0x0000000084100000|  0%| F|  |TAMS 0x0000000084000000, 0x0000000084000000| Untracked 
|  65|0x0000000084100000, 0x0000000084100000, 0x0000000084200000|  0%| F|  |TAMS 0x0000000084100000, 0x0000000084100000| Untracked 
|  66|0x0000000084200000, 0x0000000084300000, 0x0000000084300000|100%| E|  |TAMS 0x0000000084200000, 0x0000000084200000| Complete 
|  67|0x0000000084300000, 0x0000000084400000, 0x0000000084400000|100%| E|CS|TAMS 0x0000000084300000, 0x0000000084300000| Complete 
|  68|0x0000000084400000, 0x0000000084500000, 0x0000000084500000|100%| E|CS|TAMS 0x0000000084400000, 0x0000000084400000| Complete 
|  69|0x0000000084500000, 0x0000000084600000, 0x0000000084600000|100%| E|CS|TAMS 0x0000000084500000, 0x0000000084500000| Complete 
|  70|0x0000000084600000, 0x0000000084700000, 0x0000000084700000|100%| E|CS|TAMS 0x0000000084600000, 0x0000000084600000| Complete 
|  71|0x0000000084700000, 0x0000000084800000, 0x0000000084800000|100%| E|CS|TAMS 0x0000000084700000, 0x0000000084700000| Complete 
|  72|0x0000000084800000, 0x0000000084900000, 0x0000000084900000|100%| E|CS|TAMS 0x0000000084800000, 0x0000000084800000| Complete 
|  73|0x0000000084900000, 0x0000000084a00000, 0x0000000084a00000|100%| E|CS|TAMS 0x0000000084900000, 0x0000000084900000| Complete 
|  74|0x0000000084a00000, 0x0000000084b00000, 0x0000000084b00000|100%| E|CS|TAMS 0x0000000084a00000, 0x0000000084a00000| Complete 
|  75|0x0000000084b00000, 0x0000000084c00000, 0x0000000084c00000|100%| E|CS|TAMS 0x0000000084b00000, 0x0000000084b00000| Complete 
|  76|0x0000000084c00000, 0x0000000084d00000, 0x0000000084d00000|100%| E|CS|TAMS 0x0000000084c00000, 0x0000000084c00000| Complete 
|  77|0x0000000084d00000, 0x0000000084e00000, 0x0000000084e00000|100%| E|CS|TAMS 0x0000000084d00000, 0x0000000084d00000| Complete 
|  78|0x0000000084e00000, 0x0000000084f00000, 0x0000000084f00000|100%| E|CS|TAMS 0x0000000084e00000, 0x0000000084e00000| Complete 
|  79|0x0000000084f00000, 0x0000000085000000, 0x0000000085000000|100%| E|CS|TAMS 0x0000000084f00000, 0x0000000084f00000| Complete 
| 127|0x0000000087f00000, 0x0000000088000000, 0x0000000088000000|100%| E|CS|TAMS 0x0000000087f00000, 0x0000000087f00000| Complete 

Card table byte_map: [0x000002ebc4c00000,0x000002ebc5000000] _byte_map_base: 0x000002ebc4800000

Marking Bits (Prev, Next): (CMBitMap*) 0x000002ebb2382000, (CMBitMap*) 0x000002ebb2382040
 Prev Bits: [0x000002ebc5400000, 0x000002ebc7400000)
 Next Bits: [0x000002ebc7400000, 0x000002ebc9400000)

Polling page: 0x000002ebb0100000

Metaspace:

Usage:
  Non-class:     39.27 MB used.
      Class:      6.19 MB used.
       Both:     45.46 MB used.

Virtual space:
  Non-class space:       64.00 MB reserved,      39.50 MB ( 62%) committed,  1 nodes.
      Class space:        1.00 GB reserved,       6.44 MB ( <1%) committed,  1 nodes.
             Both:        1.06 GB reserved,      45.94 MB (  4%) committed. 

Chunk freelists:
   Non-Class:  8.09 MB
       Class:  9.61 MB
        Both:  17.70 MB

MaxMetaspaceSize: unlimited
CompressedClassSpaceSize: 1.00 GB
Initial GC threshold: 21.00 MB
Current GC threshold: 58.75 MB
CDS: off
MetaspaceReclaimPolicy: balanced
 - commit_granule_bytes: 65536.
 - commit_granule_words: 8192.
 - virtual_space_node_default_size: 8388608.
 - enlarge_chunks_in_place: 1.
 - new_chunks_are_fully_committed: 0.
 - uncommit_free_chunks: 1.
 - use_allocation_guard: 0.
 - handle_deallocations: 1.


Internal statistics:

num_allocs_failed_limit: 6.
num_arena_births: 464.
num_arena_deaths: 0.
num_vsnodes_births: 2.
num_vsnodes_deaths: 0.
num_space_committed: 735.
num_space_uncommitted: 0.
num_chunks_returned_to_freelist: 6.
num_chunks_taken_from_freelist: 1901.
num_chunk_merges: 6.
num_chunk_splits: 1233.
num_chunks_enlarged: 840.
num_inconsistent_stats: 0.

CodeHeap 'non-profiled nmethods': size=120000Kb used=2390Kb max_used=2390Kb free=117609Kb
 bounds [0x000002ebbd2d0000, 0x000002ebbd540000, 0x000002ebc4800000]
CodeHeap 'profiled nmethods': size=120000Kb used=8365Kb max_used=8365Kb free=111634Kb
 bounds [0x000002ebb5800000, 0x000002ebb6030000, 0x000002ebbcd30000]
CodeHeap 'non-nmethods': size=5760Kb used=1598Kb max_used=1685Kb free=4161Kb
 bounds [0x000002ebbcd30000, 0x000002ebbcfa0000, 0x000002ebbd2d0000]
 total_blobs=4754 nmethods=4088 adapters=578
 compilation: enabled
              stopped_count=0, restarted_count=0
 full_count=0

Compilation events (20 events):
Event: 9.507 Thread 0x000002ebcba82e30 4085       3       java.lang.invoke.DelegatingMethodHandle::rebind (8 bytes)
Event: 9.507 Thread 0x000002ebcba82e30 nmethod 4085 0x000002ebb6021190 code [0x000002ebb6021340, 0x000002ebb60215b8]
Event: 9.514 Thread 0x000002ebcba82e30 4086       3       org.gradle.internal.instantiation.generator.AbstractClassGenerator$DslMixInPropertyType::visitProperty (33 bytes)
Event: 9.515 Thread 0x000002ebcba82e30 nmethod 4086 0x000002ebb6021690 code [0x000002ebb60218e0, 0x000002ebb6022288]
Event: 9.515 Thread 0x000002ebcba82e30 4087       3       org.gradle.internal.instantiation.generator.AbstractClassGenerator$LazyGroovySupportTypePropertyHandler::visitProperty (43 bytes)
Event: 9.516 Thread 0x000002ebcba82e30 nmethod 4087 0x000002ebb6022590 code [0x000002ebb6022840, 0x000002ebb6023668]
Event: 9.516 Thread 0x000002ebcba82e30 4088       3       org.gradle.internal.instantiation.generator.AbstractClassGenerator$NamePropertyHandler::visitProperty (13 bytes)
Event: 9.516 Thread 0x000002ebcba82e30 nmethod 4088 0x000002ebb6023b10 code [0x000002ebb6023cc0, 0x000002ebb6023ee8]
Event: 9.517 Thread 0x000002ebcba82e30 4089       3       org.gradle.internal.instantiation.generator.AbstractClassGenerator$ManagedPropertiesHandler::visitProperty (37 bytes)
Event: 9.518 Thread 0x000002ebcba82e30 nmethod 4089 0x000002ebb6024010 code [0x000002ebb6024260, 0x000002ebb60249b8]
Event: 9.518 Thread 0x000002ebcba82e30 4090       3       org.gradle.internal.instantiation.generator.AbstractClassGenerator::access$1800 (5 bytes)
Event: 9.520 Thread 0x000002ebcba82e30 nmethod 4090 0x000002ebb6024c90 code [0x000002ebb6024ea0, 0x000002ebb60254a8]
Event: 9.520 Thread 0x000002ebcba82e30 4091       3       org.gradle.internal.instantiation.generator.AbstractClassGenerator::isEagerAttachProperty (30 bytes)
Event: 9.521 Thread 0x000002ebcba82e30 nmethod 4091 0x000002ebb6025690 code [0x000002ebb60258a0, 0x000002ebb6025e48]
Event: 9.523 Thread 0x000002ebcba82e30 4093       3       org.gradle.internal.instantiation.generator.AsmBackedClassGenerator$ClassBuilderImpl::access$2600 (4 bytes)
Event: 9.524 Thread 0x000002ebcba82e30 nmethod 4093 0x000002ebb6026010 code [0x000002ebb60261a0, 0x000002ebb6026298]
Event: 9.524 Thread 0x000002ebcba82e30 4094       3       org.objectweb.asm.SymbolTable::hash (7 bytes)
Event: 9.524 Thread 0x000002ebcba82e30 nmethod 4094 0x000002ebb6026310 code [0x000002ebb60264a0, 0x000002ebb6026598]
Event: 9.526 Thread 0x000002ebcba82e30 4095   !   3       org.gradle.internal.service.DefaultServiceRegistry$FactoryMethodService::invokeMethod (151 bytes)
Event: 9.528 Thread 0x000002ebcba82e30 nmethod 4095 0x000002ebb6026610 code [0x000002ebb6026a20, 0x000002ebb6028c28]

GC Heap History (20 events):
Event: 1.543 GC heap before
{Heap before GC invocations=1 (full 0):
 garbage-first heap   total 131072K, used 22841K [0x0000000080000000, 0x0000000100000000)
  region size 1024K, 18 young (18432K), 2 survivors (2048K)
 Metaspace       used 11363K, committed 11584K, reserved 1114112K
  class space    used 1195K, committed 1280K, reserved 1048576K
}
Event: 1.549 GC heap after
{Heap after GC invocations=2 (full 0):
 garbage-first heap   total 131072K, used 11012K [0x0000000080000000, 0x0000000100000000)
  region size 1024K, 3 young (3072K), 3 survivors (3072K)
 Metaspace       used 11363K, committed 11584K, reserved 1114112K
  class space    used 1195K, committed 1280K, reserved 1048576K
}
Event: 2.128 GC heap before
{Heap before GC invocations=2 (full 0):
 garbage-first heap   total 131072K, used 33540K [0x0000000080000000, 0x0000000100000000)
  region size 1024K, 25 young (25600K), 3 survivors (3072K)
 Metaspace       used 11451K, committed 11648K, reserved 1114112K
  class space    used 1196K, committed 1280K, reserved 1048576K
}
Event: 2.131 GC heap after
{Heap after GC invocations=3 (full 0):
 garbage-first heap   total 131072K, used 11420K [0x0000000080000000, 0x0000000100000000)
  region size 1024K, 1 young (1024K), 1 survivors (1024K)
 Metaspace       used 11451K, committed 11648K, reserved 1114112K
  class space    used 1196K, committed 1280K, reserved 1048576K
}
Event: 3.989 GC heap before
{Heap before GC invocations=3 (full 0):
 garbage-first heap   total 131072K, used 60572K [0x0000000080000000, 0x0000000100000000)
  region size 1024K, 50 young (51200K), 1 survivors (1024K)
 Metaspace       used 21295K, committed 21504K, reserved 1114112K
  class space    used 2506K, committed 2624K, reserved 1048576K
}
Event: 3.998 GC heap after
{Heap after GC invocations=4 (full 0):
 garbage-first heap   total 131072K, used 18933K [0x0000000080000000, 0x0000000100000000)
  region size 1024K, 8 young (8192K), 8 survivors (8192K)
 Metaspace       used 21295K, committed 21504K, reserved 1114112K
  class space    used 2506K, committed 2624K, reserved 1048576K
}
Event: 4.945 GC heap before
{Heap before GC invocations=5 (full 0):
 garbage-first heap   total 68608K, used 51701K [0x0000000080000000, 0x0000000100000000)
  region size 1024K, 40 young (40960K), 8 survivors (8192K)
 Metaspace       used 26280K, committed 26496K, reserved 1114112K
  class space    used 3377K, committed 3456K, reserved 1048576K
}
Event: 4.959 GC heap after
{Heap after GC invocations=6 (full 0):
 garbage-first heap   total 68608K, used 20696K [0x0000000080000000, 0x0000000100000000)
  region size 1024K, 2 young (2048K), 2 survivors (2048K)
 Metaspace       used 26280K, committed 26496K, reserved 1114112K
  class space    used 3377K, committed 3456K, reserved 1048576K
}
Event: 5.764 GC heap before
{Heap before GC invocations=6 (full 0):
 garbage-first heap   total 68608K, used 48344K [0x0000000080000000, 0x0000000100000000)
  region size 1024K, 29 young (29696K), 2 survivors (2048K)
 Metaspace       used 30047K, committed 30272K, reserved 1114112K
  class space    used 4021K, committed 4096K, reserved 1048576K
}
Event: 5.771 GC heap after
{Heap after GC invocations=7 (full 0):
 garbage-first heap   total 68608K, used 22091K [0x0000000080000000, 0x0000000100000000)
  region size 1024K, 4 young (4096K), 4 survivors (4096K)
 Metaspace       used 30047K, committed 30272K, reserved 1114112K
  class space    used 4021K, committed 4096K, reserved 1048576K
}
Event: 6.358 GC heap before
{Heap before GC invocations=7 (full 0):
 garbage-first heap   total 68608K, used 49739K [0x0000000080000000, 0x0000000100000000)
  region size 1024K, 31 young (31744K), 4 survivors (4096K)
 Metaspace       used 33457K, committed 33792K, reserved 1114112K
  class space    used 4567K, committed 4736K, reserved 1048576K
}
Event: 6.365 GC heap after
{Heap after GC invocations=8 (full 0):
 garbage-first heap   total 68608K, used 23346K [0x0000000080000000, 0x0000000100000000)
  region size 1024K, 3 young (3072K), 3 survivors (3072K)
 Metaspace       used 33457K, committed 33792K, reserved 1114112K
  class space    used 4567K, committed 4736K, reserved 1048576K
}
Event: 6.714 GC heap before
{Heap before GC invocations=8 (full 0):
 garbage-first heap   total 68608K, used 35634K [0x0000000080000000, 0x0000000100000000)
  region size 1024K, 16 young (16384K), 3 survivors (3072K)
 Metaspace       used 35630K, committed 35968K, reserved 1114112K
  class space    used 4882K, committed 5056K, reserved 1048576K
}
Event: 6.720 GC heap after
{Heap after GC invocations=9 (full 0):
 garbage-first heap   total 68608K, used 24132K [0x0000000080000000, 0x0000000100000000)
  region size 1024K, 2 young (2048K), 2 survivors (2048K)
 Metaspace       used 35630K, committed 35968K, reserved 1114112K
  class space    used 4882K, committed 5056K, reserved 1048576K
}
Event: 7.608 GC heap before
{Heap before GC invocations=10 (full 0):
 garbage-first heap   total 68608K, used 52804K [0x0000000080000000, 0x0000000100000000)
  region size 1024K, 31 young (31744K), 2 survivors (2048K)
 Metaspace       used 40787K, committed 41088K, reserved 1114112K
  class space    used 5414K, committed 5568K, reserved 1048576K
}
Event: 7.615 GC heap after
{Heap after GC invocations=11 (full 0):
 garbage-first heap   total 68608K, used 27949K [0x0000000080000000, 0x0000000100000000)
  region size 1024K, 4 young (4096K), 4 survivors (4096K)
 Metaspace       used 40787K, committed 41088K, reserved 1114112K
  class space    used 5414K, committed 5568K, reserved 1048576K
}
Event: 8.085 GC heap before
{Heap before GC invocations=11 (full 0):
 garbage-first heap   total 68608K, used 52525K [0x0000000080000000, 0x0000000100000000)
  region size 1024K, 28 young (28672K), 4 survivors (4096K)
 Metaspace       used 41906K, committed 42304K, reserved 1114112K
  class space    used 5590K, committed 5760K, reserved 1048576K
}
Event: 8.094 GC heap after
{Heap after GC invocations=12 (full 0):
 garbage-first heap   total 68608K, used 29074K [0x0000000080000000, 0x0000000100000000)
  region size 1024K, 2 young (2048K), 2 survivors (2048K)
 Metaspace       used 41906K, committed 42304K, reserved 1114112K
  class space    used 5590K, committed 5760K, reserved 1048576K
}
Event: 9.023 GC heap before
{Heap before GC invocations=12 (full 0):
 garbage-first heap   total 68608K, used 52626K [0x0000000080000000, 0x0000000100000000)
  region size 1024K, 26 young (26624K), 2 survivors (2048K)
 Metaspace       used 44817K, committed 45184K, reserved 1114112K
  class space    used 6058K, committed 6208K, reserved 1048576K
}
Event: 9.029 GC heap after
{Heap after GC invocations=13 (full 0):
 garbage-first heap   total 82944K, used 30585K [0x0000000080000000, 0x0000000100000000)
  region size 1024K, 3 young (3072K), 3 survivors (3072K)
 Metaspace       used 44817K, committed 45184K, reserved 1114112K
  class space    used 6058K, committed 6208K, reserved 1048576K
}

Dll operation events (3 events):
Event: 0.010 Loaded shared library C:\Program Files\Android\Android Studio\jbr\bin\java.dll
Event: 0.224 Loaded shared library C:\Program Files\Android\Android Studio\jbr\bin\zip.dll
Event: 0.735 Loaded shared library C:\Program Files\Android\Android Studio\jbr\bin\verify.dll

Deoptimization events (20 events):
Event: 9.061 Thread 0x000002ebd1065cd0 Uncommon trap: trap_request=0xffffffde fr.pc=0x000002ebbd47a3c8 relative=0x00000000000048c8
Event: 9.061 Thread 0x000002ebd1065cd0 Uncommon trap: reason=class_check action=maybe_recompile pc=0x000002ebbd47a3c8 method=jdk.internal.loader.URLClassPath.getLoader(I)Ljdk/internal/loader/URLClassPath$Loader; @ 190 c2
Event: 9.061 Thread 0x000002ebd1065cd0 DEOPT PACKING pc=0x000002ebbd47a3c8 sp=0x000000fede2f8e70
Event: 9.061 Thread 0x000002ebd1065cd0 DEOPT UNPACKING pc=0x000002ebbcd869a3 sp=0x000000fede2f8e70 mode 2
Event: 9.061 Thread 0x000002ebd1065cd0 Uncommon trap: trap_request=0xffffffde fr.pc=0x000002ebbd4a8de8 relative=0x0000000000000548
Event: 9.062 Thread 0x000002ebd1065cd0 Uncommon trap: reason=class_check action=maybe_recompile pc=0x000002ebbd4a8de8 method=jdk.internal.loader.URLClassPath.getResource(Ljava/lang/String;Z)Ljdk/internal/loader/Resource; @ 53 c2
Event: 9.062 Thread 0x000002ebd1065cd0 DEOPT PACKING pc=0x000002ebbd4a8de8 sp=0x000000fede2f8f40
Event: 9.062 Thread 0x000002ebd1065cd0 DEOPT UNPACKING pc=0x000002ebbcd869a3 sp=0x000000fede2f8f00 mode 2
Event: 9.069 Thread 0x000002ebd1065cd0 Uncommon trap: trap_request=0xffffffde fr.pc=0x000002ebbd47a3c8 relative=0x00000000000048c8
Event: 9.069 Thread 0x000002ebd1065cd0 Uncommon trap: reason=class_check action=maybe_recompile pc=0x000002ebbd47a3c8 method=jdk.internal.loader.URLClassPath.getLoader(I)Ljdk/internal/loader/URLClassPath$Loader; @ 190 c2
Event: 9.069 Thread 0x000002ebd1065cd0 DEOPT PACKING pc=0x000002ebbd47a3c8 sp=0x000000fede2f8d40
Event: 9.069 Thread 0x000002ebd1065cd0 DEOPT UNPACKING pc=0x000002ebbcd869a3 sp=0x000000fede2f8d40 mode 2
Event: 9.069 Thread 0x000002ebd1065cd0 Uncommon trap: trap_request=0xffffffde fr.pc=0x000002ebbd4a8de8 relative=0x0000000000000548
Event: 9.069 Thread 0x000002ebd1065cd0 Uncommon trap: reason=class_check action=maybe_recompile pc=0x000002ebbd4a8de8 method=jdk.internal.loader.URLClassPath.getResource(Ljava/lang/String;Z)Ljdk/internal/loader/Resource; @ 53 c2
Event: 9.069 Thread 0x000002ebd1065cd0 DEOPT PACKING pc=0x000002ebbd4a8de8 sp=0x000000fede2f8e10
Event: 9.069 Thread 0x000002ebd1065cd0 DEOPT UNPACKING pc=0x000002ebbcd869a3 sp=0x000000fede2f8dd0 mode 2
Event: 9.386 Thread 0x000002ebd1065cd0 Uncommon trap: trap_request=0xffffffde fr.pc=0x000002ebbd3f406c relative=0x00000000000002cc
Event: 9.387 Thread 0x000002ebd1065cd0 Uncommon trap: reason=class_check action=maybe_recompile pc=0x000002ebbd3f406c method=java.util.Collections$SetFromMap.remove(Ljava/lang/Object;)Z @ 5 c2
Event: 9.387 Thread 0x000002ebd1065cd0 DEOPT PACKING pc=0x000002ebbd3f406c sp=0x000000fede2f8a10
Event: 9.387 Thread 0x000002ebd1065cd0 DEOPT UNPACKING pc=0x000002ebbcd869a3 sp=0x000000fede2f89f8 mode 2

Classes unloaded (0 events):
No events

Classes redefined (0 events):
No events

Internal exceptions (20 events):
Event: 7.874 Thread 0x000002ebd1065cd0 Exception <a 'java/lang/NoSuchMethodError'{0x00000000837feb50}: 'java.lang.Object java.lang.invoke.DirectMethodHandle$Holder.invokeStatic(java.lang.Object, java.lang.Object, java.lang.Object, java.lang.Object, java.lang.Object, java.lang.Object, java.lang.Object, java.lang.Object, java.lang.Object, java.lang.Object, java.lang.Object, java.lang.Object, java.lang.Object, java.lang.Object, java.lang.Object, java.lang.Object, java.lang.Object, java.lang.Object, java.lang.Object, java.lang.Object, java.lang.Obj
Event: 7.878 Thread 0x000002ebd1065cd0 Exception <a 'java/lang/NoSuchMethodError'{0x000000008362e920}: 'java.lang.Object java.lang.invoke.DirectMethodHandle$Holder.invokeStatic(java.lang.Object, java.lang.Object, java.lang.Object, java.lang.Object, java.lang.Object, java.lang.Object, java.lang.Object, java.lang.Object, java.lang.Object, java.lang.Object, java.lang.Object, java.lang.Object, java.lang.Object, java.lang.Object, java.lang.Object, java.lang.Object, java.lang.Object, java.lang.Object, java.lang.Object, java.lang.Object, java.lang.Obj
Event: 7.883 Thread 0x000002ebd1065cd0 Exception <a 'java/lang/NoSuchMethodError'{0x000000008365fca0}: 'java.lang.Object java.lang.invoke.DirectMethodHandle$Holder.invokeStatic(java.lang.Object, java.lang.Object, java.lang.Object, java.lang.Object, java.lang.Object, java.lang.Object, java.lang.Object, java.lang.Object, java.lang.Object, java.lang.Object, java.lang.Object, java.lang.Object, java.lang.Object, java.lang.Object, java.lang.Object, java.lang.Object, java.lang.Object, java.lang.Object, java.lang.Object, java.lang.Object, java.lang.Obj
Event: 8.215 Thread 0x000002ebd1065cd0 Exception <a 'java/lang/IncompatibleClassChangeError'{0x0000000084a30828}: Found class java.lang.Object, but interface was expected> (0x0000000084a30828) 
thrown [s\src\hotspot\share\interpreter\linkResolver.cpp, line 838]
Event: 8.254 Thread 0x000002ebd1065cd0 Exception <a 'java/lang/NoSuchMethodError'{0x0000000084aebd38}: 'java.lang.Object java.lang.invoke.DirectMethodHandle$Holder.newInvokeSpecial(java.lang.Object, java.lang.Object, long)'> (0x0000000084aebd38) 
thrown [s\src\hotspot\share\interpreter\linkResolver.cpp, line 771]
Event: 8.255 Thread 0x000002ebd1065cd0 Exception <a 'java/lang/NoSuchMethodError'{0x0000000084af05f0}: 'java.lang.Object java.lang.invoke.Invokers$Holder.linkToTargetMethod(java.lang.Object, long, java.lang.Object)'> (0x0000000084af05f0) 
thrown [s\src\hotspot\share\interpreter\linkResolver.cpp, line 771]
Event: 8.406 Thread 0x000002ebd1065cd0 Exception <a 'java/lang/NoSuchMethodError'{0x000000008488bf30}: 'int java.lang.invoke.DirectMethodHandle$Holder.invokeInterface(java.lang.Object, java.lang.Object)'> (0x000000008488bf30) 
thrown [s\src\hotspot\share\interpreter\linkResolver.cpp, line 771]
Event: 8.545 Thread 0x000002ebd1065cd0 Exception <a 'java/lang/NoSuchMethodError'{0x0000000083834b88}: 'java.lang.Object java.lang.invoke.DirectMethodHandle$Holder.invokeVirtual(java.lang.Object, java.lang.Object, int)'> (0x0000000083834b88) 
thrown [s\src\hotspot\share\interpreter\linkResolver.cpp, line 771]
Event: 8.586 Thread 0x000002ebd1065cd0 Exception <a 'java/lang/NoSuchMethodError'{0x000000008372ce30}: 'java.lang.Object java.lang.invoke.DirectMethodHandle$Holder.invokeStatic(java.lang.Object, java.lang.Object, int, java.lang.Object)'> (0x000000008372ce30) 
thrown [s\src\hotspot\share\interpreter\linkResolver.cpp, line 771]
Event: 8.587 Thread 0x000002ebd1065cd0 Exception <a 'java/lang/NoSuchMethodError'{0x0000000083734bd0}: 'java.lang.Object java.lang.invoke.DirectMethodHandle$Holder.newInvokeSpecial(java.lang.Object, java.lang.Object, int, java.lang.Object)'> (0x0000000083734bd0) 
thrown [s\src\hotspot\share\interpreter\linkResolver.cpp, line 771]
Event: 8.588 Thread 0x000002ebd1065cd0 Exception <a 'java/lang/NoSuchMethodError'{0x0000000083739760}: 'java.lang.Object java.lang.invoke.DirectMethodHandle$Holder.invokeSpecial(java.lang.Object, java.lang.Object, java.lang.Object, int, java.lang.Object)'> (0x0000000083739760) 
thrown [s\src\hotspot\share\interpreter\linkResolver.cpp, line 771]
Event: 8.611 Thread 0x000002ebd1065cd0 Exception <a 'java/lang/NoSuchMethodError'{0x000000008362f9e8}: 'void java.lang.invoke.DirectMethodHandle$Holder.invokeStatic(java.lang.Object, java.lang.Object, java.lang.Object, java.lang.Object, java.lang.Object, java.lang.Object)'> (0x000000008362f9e8) 
thrown [s\src\hotspot\share\interpreter\linkResolver.cpp, line 771]
Event: 8.710 Thread 0x000002ebd1065cd0 Exception <a 'java/lang/NoSuchMethodError'{0x00000000834645b0}: 'java.lang.Object java.lang.invoke.DirectMethodHandle$Holder.newInvokeSpecial(java.lang.Object, java.lang.Object, java.lang.Object, java.lang.Object, int)'> (0x00000000834645b0) 
thrown [s\src\hotspot\share\interpreter\linkResolver.cpp, line 771]
Event: 8.710 Thread 0x000002ebd1065cd0 Exception <a 'java/lang/NoSuchMethodError'{0x0000000083469630}: 'java.lang.Object java.lang.invoke.DirectMethodHandle$Holder.invokeSpecial(java.lang.Object, java.lang.Object, java.lang.Object, java.lang.Object, java.lang.Object, int)'> (0x0000000083469630) 
thrown [s\src\hotspot\share\interpreter\linkResolver.cpp, line 771]
Event: 8.711 Thread 0x000002ebd1065cd0 Exception <a 'java/lang/NoSuchMethodError'{0x000000008346e060}: 'java.lang.Object java.lang.invoke.Invokers$Holder.linkToTargetMethod(java.lang.Object, java.lang.Object, java.lang.Object, int, java.lang.Object)'> (0x000000008346e060) 
thrown [s\src\hotspot\share\interpreter\linkResolver.cpp, line 771]
Event: 8.791 Thread 0x000002ebd1065cd0 Exception <a 'java/lang/NoSuchMethodError'{0x00000000832424e0}: 'int java.lang.invoke.DirectMethodHandle$Holder.invokeInterface(java.lang.Object, java.lang.Object, java.lang.Object, java.lang.Object)'> (0x00000000832424e0) 
thrown [s\src\hotspot\share\interpreter\linkResolver.cpp, line 771]
Event: 8.992 Thread 0x000002ebd1065cd0 Implicit null exception at 0x000002ebbd48b36c to 0x000002ebbd48b410
Event: 9.150 Thread 0x000002ebd1065cd0 Exception <a 'java/lang/NoSuchMethodError'{0x0000000084bb43e0}: 'void java.lang.invoke.DirectMethodHandle$Holder.invokeInterface(java.lang.Object, java.lang.Object)'> (0x0000000084bb43e0) 
thrown [s\src\hotspot\share\interpreter\linkResolver.cpp, line 771]
Event: 9.152 Thread 0x000002ebd1065cd0 Exception <a 'java/lang/IncompatibleClassChangeError'{0x0000000084bbf890}: Found class java.lang.Object, but interface was expected> (0x0000000084bbf890) 
thrown [s\src\hotspot\share\interpreter\linkResolver.cpp, line 838]
Event: 9.259 Thread 0x000002ebd1065cd0 Exception <a 'java/lang/NoSuchMethodError'{0x000000008484f140}: 'java.lang.Object java.lang.invoke.DirectMethodHandle$Holder.newInvokeSpecial(java.lang.Object, int, java.lang.Object)'> (0x000000008484f140) 
thrown [s\src\hotspot\share\interpreter\linkResolver.cpp, line 771]

VM Operations (20 events):
Event: 7.608 Executing VM operation: G1CollectForAllocation
Event: 7.615 Executing VM operation: G1CollectForAllocation done
Event: 8.085 Executing VM operation: G1CollectForAllocation
Event: 8.094 Executing VM operation: G1CollectForAllocation done
Event: 8.221 Executing VM operation: HandshakeAllThreads
Event: 8.221 Executing VM operation: HandshakeAllThreads done
Event: 8.292 Executing VM operation: HandshakeAllThreads
Event: 8.292 Executing VM operation: HandshakeAllThreads done
Event: 8.293 Executing VM operation: HandshakeAllThreads
Event: 8.293 Executing VM operation: HandshakeAllThreads done
Event: 8.767 Executing VM operation: HandshakeAllThreads
Event: 8.767 Executing VM operation: HandshakeAllThreads done
Event: 8.778 Executing VM operation: HandshakeAllThreads
Event: 8.778 Executing VM operation: HandshakeAllThreads done
Event: 8.790 Executing VM operation: HandshakeAllThreads
Event: 8.790 Executing VM operation: HandshakeAllThreads done
Event: 8.942 Executing VM operation: HandshakeAllThreads
Event: 8.942 Executing VM operation: HandshakeAllThreads done
Event: 9.023 Executing VM operation: G1CollectForAllocation
Event: 9.029 Executing VM operation: G1CollectForAllocation done

Events (20 events):
Event: 8.648 loading class jdk/internal/loader/URLClassPath$FileLoader$1
Event: 8.648 loading class jdk/internal/loader/URLClassPath$FileLoader$1 done
Event: 8.776 loading class java/util/ArrayList$ListItr
Event: 8.777 loading class java/util/ArrayList$ListItr done
Event: 9.046 loading class java/util/concurrent/atomic/AtomicReferenceFieldUpdater
Event: 9.046 loading class java/util/concurrent/atomic/AtomicReferenceFieldUpdater done
Event: 9.046 loading class java/util/concurrent/atomic/AtomicReferenceFieldUpdater$AtomicReferenceFieldUpdaterImpl
Event: 9.046 loading class java/util/concurrent/atomic/AtomicReferenceFieldUpdater$AtomicReferenceFieldUpdaterImpl done
Event: 9.046 loading class java/util/concurrent/atomic/AtomicReferenceFieldUpdater$AtomicReferenceFieldUpdaterImpl$1
Event: 9.046 loading class java/util/concurrent/atomic/AtomicReferenceFieldUpdater$AtomicReferenceFieldUpdaterImpl$1 done
Event: 9.303 loading class java/lang/StringIndexOutOfBoundsException
Event: 9.303 loading class java/lang/StringIndexOutOfBoundsException done
Event: 9.437 Thread 0x000002ebd034ab00 Thread added: 0x000002ebd034ab00
Event: 9.440 Thread 0x000002ebd034a5f0 Thread added: 0x000002ebd034a5f0
Event: 9.491 loading class jdk/internal/math/FDBigInteger
Event: 9.492 loading class jdk/internal/math/FDBigInteger done
Event: 9.531 loading class java/util/zip/GZIPOutputStream
Event: 9.531 loading class java/util/zip/GZIPOutputStream done
Event: 9.531 loading class java/util/zip/GZIPInputStream
Event: 9.531 loading class java/util/zip/GZIPInputStream done


Dynamic libraries:
0x00007ff664a20000 - 0x00007ff664a2a000 	C:\Program Files\Android\Android Studio\jbr\bin\java.exe
0x00007ffbdd590000 - 0x00007ffbdd788000 	C:\WINDOWS\SYSTEM32\ntdll.dll
0x00007ffba0920000 - 0x00007ffba0939000 	C:\Program Files\Avast Software\Avast\aswhook.dll
0x00007ffbdb920000 - 0x00007ffbdb9dd000 	C:\WINDOWS\System32\KERNEL32.DLL
0x00007ffbdae80000 - 0x00007ffbdb176000 	C:\WINDOWS\System32\KERNELBASE.dll
0x00007ffbdb420000 - 0x00007ffbdb520000 	C:\WINDOWS\System32\ucrtbase.dll
0x00007ffbd5b80000 - 0x00007ffbd5b9b000 	C:\Program Files\Android\Android Studio\jbr\bin\VCRUNTIME140.dll
0x00007ffbd0e90000 - 0x00007ffbd0ea7000 	C:\Program Files\Android\Android Studio\jbr\bin\jli.dll
0x00007ffbdc3f0000 - 0x00007ffbdc58f000 	C:\WINDOWS\System32\USER32.dll
0x00007ffbbef00000 - 0x00007ffbbf19a000 	C:\WINDOWS\WinSxS\amd64_microsoft.windows.common-controls_6595b64144ccf1df_6.0.19041.4355_none_60b8b9eb71f62e16\COMCTL32.dll
0x00007ffbdace0000 - 0x00007ffbdad02000 	C:\WINDOWS\System32\win32u.dll
0x00007ffbdc010000 - 0x00007ffbdc0ae000 	C:\WINDOWS\System32\msvcrt.dll
0x00007ffbdbda0000 - 0x00007ffbdbdcb000 	C:\WINDOWS\System32\GDI32.dll
0x00007ffbdad10000 - 0x00007ffbdae27000 	C:\WINDOWS\System32\gdi32full.dll
0x00007ffbdb520000 - 0x00007ffbdb5bd000 	C:\WINDOWS\System32\msvcp_win.dll
0x00007ffbdbe80000 - 0x00007ffbdbeb2000 	C:\WINDOWS\System32\IMM32.DLL
0x00007ffbd6ac0000 - 0x00007ffbd6acc000 	C:\Program Files\Android\Android Studio\jbr\bin\vcruntime140_1.dll
0x00007ffbc18c0000 - 0x00007ffbc194d000 	C:\Program Files\Android\Android Studio\jbr\bin\msvcp140.dll
0x00007ffb92d20000 - 0x00007ffb939a3000 	C:\Program Files\Android\Android Studio\jbr\bin\server\jvm.dll
0x00007ffbdbdd0000 - 0x00007ffbdbe80000 	C:\WINDOWS\System32\ADVAPI32.dll
0x00007ffbdc0b0000 - 0x00007ffbdc150000 	C:\WINDOWS\System32\sechost.dll
0x00007ffbdd3c0000 - 0x00007ffbdd4e3000 	C:\WINDOWS\System32\RPCRT4.dll
0x00007ffbdac40000 - 0x00007ffbdac67000 	C:\WINDOWS\System32\bcrypt.dll
0x00007ffbc8860000 - 0x00007ffbc8869000 	C:\WINDOWS\SYSTEM32\WSOCK32.dll
0x00007ffbda1d0000 - 0x00007ffbda21b000 	C:\WINDOWS\SYSTEM32\POWRPROF.dll
0x00007ffbdc200000 - 0x00007ffbdc26b000 	C:\WINDOWS\System32\WS2_32.dll
0x00007ffbb8c70000 - 0x00007ffbb8c97000 	C:\WINDOWS\SYSTEM32\WINMM.dll
0x00007ffbd3cf0000 - 0x00007ffbd3cfa000 	C:\WINDOWS\SYSTEM32\VERSION.dll
0x00007ffbda030000 - 0x00007ffbda042000 	C:\WINDOWS\SYSTEM32\UMPDC.dll
0x00007ffbd8ac0000 - 0x00007ffbd8ad2000 	C:\WINDOWS\SYSTEM32\kernel.appcore.dll
0x00007ffbd6ad0000 - 0x00007ffbd6ada000 	C:\Program Files\Android\Android Studio\jbr\bin\jimage.dll
0x00007ffbd1b80000 - 0x00007ffbd1d64000 	C:\WINDOWS\SYSTEM32\DBGHELP.DLL
0x00007ffbd19c0000 - 0x00007ffbd19f4000 	C:\WINDOWS\SYSTEM32\dbgcore.DLL
0x00007ffbdb390000 - 0x00007ffbdb412000 	C:\WINDOWS\System32\bcryptPrimitives.dll
0x00007ffbd3d10000 - 0x00007ffbd3d1e000 	C:\Program Files\Android\Android Studio\jbr\bin\instrument.dll
0x00007ffbd69f0000 - 0x00007ffbd6a15000 	C:\Program Files\Android\Android Studio\jbr\bin\java.dll
0x00007ffbd5c40000 - 0x00007ffbd5c58000 	C:\Program Files\Android\Android Studio\jbr\bin\zip.dll
0x00007ffbdc5a0000 - 0x00007ffbdcd0b000 	C:\WINDOWS\System32\SHELL32.dll
0x00007ffbd8cc0000 - 0x00007ffbd945d000 	C:\WINDOWS\SYSTEM32\windows.storage.dll
0x00007ffbdb5c0000 - 0x00007ffbdb913000 	C:\WINDOWS\System32\combase.dll
0x00007ffbda660000 - 0x00007ffbda68e000 	C:\WINDOWS\SYSTEM32\Wldp.dll
0x00007ffbdbc20000 - 0x00007ffbdbced000 	C:\WINDOWS\System32\OLEAUT32.dll
0x00007ffbdbcf0000 - 0x00007ffbdbd9d000 	C:\WINDOWS\System32\SHCORE.dll
0x00007ffbdd4f0000 - 0x00007ffbdd545000 	C:\WINDOWS\System32\shlwapi.dll
0x00007ffbdab70000 - 0x00007ffbdab94000 	C:\WINDOWS\SYSTEM32\profapi.dll
0x00007ffbd44e0000 - 0x00007ffbd44f9000 	C:\Program Files\Android\Android Studio\jbr\bin\net.dll
0x00007ffbcfd80000 - 0x00007ffbcfe8a000 	C:\WINDOWS\SYSTEM32\WINHTTP.dll
0x00007ffbda3c0000 - 0x00007ffbda42a000 	C:\WINDOWS\system32\mswsock.dll
0x00007ffbd44c0000 - 0x00007ffbd44d6000 	C:\Program Files\Android\Android Studio\jbr\bin\nio.dll
0x00007ffbd5c30000 - 0x00007ffbd5c40000 	C:\Program Files\Android\Android Studio\jbr\bin\verify.dll
0x00007ffbc8600000 - 0x00007ffbc8627000 	C:\Users\Pubudu\.gradle\native\c067742578af261105cb4f569cf0c3c89f3d7b1fecec35dd04571415982c5e48\windows-amd64\native-platform.dll
0x00007ffbc1420000 - 0x00007ffbc1564000 	C:\Users\Pubudu\.gradle\native\38dada09dfb8b06ba9b0570ebf7e218e3eb74d4ef43ca46872605cf95ebc2f47\windows-amd64\native-platform-file-events.dll
0x00007ffbd4490000 - 0x00007ffbd4499000 	C:\Program Files\Android\Android Studio\jbr\bin\management.dll
0x00007ffbd4480000 - 0x00007ffbd448b000 	C:\Program Files\Android\Android Studio\jbr\bin\management_ext.dll
0x00007ffbdc000000 - 0x00007ffbdc008000 	C:\WINDOWS\System32\PSAPI.DLL
0x00007ffbda5c0000 - 0x00007ffbda5d8000 	C:\WINDOWS\SYSTEM32\CRYPTSP.dll
0x00007ffbd9c70000 - 0x00007ffbd9ca4000 	C:\WINDOWS\system32\rsaenh.dll
0x00007ffbdaae0000 - 0x00007ffbdab0e000 	C:\WINDOWS\SYSTEM32\USERENV.dll
0x00007ffbda5b0000 - 0x00007ffbda5bc000 	C:\WINDOWS\SYSTEM32\CRYPTBASE.dll
0x00007ffbda050000 - 0x00007ffbda08b000 	C:\WINDOWS\SYSTEM32\IPHLPAPI.DLL
0x00007ffbdc590000 - 0x00007ffbdc598000 	C:\WINDOWS\System32\NSI.dll
0x00007ffbd10a0000 - 0x00007ffbd10b7000 	C:\WINDOWS\SYSTEM32\dhcpcsvc6.DLL
0x00007ffbd1d70000 - 0x00007ffbd1d8d000 	C:\WINDOWS\SYSTEM32\dhcpcsvc.DLL
0x00007ffbda090000 - 0x00007ffbda15b000 	C:\WINDOWS\SYSTEM32\DNSAPI.dll
0x00007ffbd44a0000 - 0x00007ffbd44a9000 	C:\Program Files\Android\Android Studio\jbr\bin\extnet.dll
0x00007ffbd44b0000 - 0x00007ffbd44b7000 	C:\WINDOWS\system32\wshunix.dll

dbghelp: loaded successfully - version: 4.0.5 - missing functions: none
symbol engine: initialized successfully - sym options: 0x614 - pdb path: .;C:\Program Files\Android\Android Studio\jbr\bin;C:\WINDOWS\SYSTEM32;C:\Program Files\Avast Software\Avast;C:\WINDOWS\WinSxS\amd64_microsoft.windows.common-controls_6595b64144ccf1df_6.0.19041.4355_none_60b8b9eb71f62e16;C:\Program Files\Android\Android Studio\jbr\bin\server;C:\Users\Pubudu\.gradle\native\c067742578af261105cb4f569cf0c3c89f3d7b1fecec35dd04571415982c5e48\windows-amd64;C:\Users\Pubudu\.gradle\native\38dada09dfb8b06ba9b0570ebf7e218e3eb74d4ef43ca46872605cf95ebc2f47\windows-amd64

VM Arguments:
jvm_args: --add-opens=java.base/java.util=ALL-UNNAMED --add-opens=java.base/java.lang=ALL-UNNAMED --add-opens=java.base/java.lang.invoke=ALL-UNNAMED --add-opens=java.prefs/java.util.prefs=ALL-UNNAMED --add-opens=java.base/java.nio.charset=ALL-UNNAMED --add-opens=java.base/java.net=ALL-UNNAMED --add-opens=java.base/java.util.concurrent.atomic=ALL-UNNAMED -Xmx2048m -Dfile.encoding=UTF-8 -Duser.country=US -Duser.language=en -Duser.variant -javaagent:C:\Users\Pubudu\.gradle\wrapper\dists\gradle-8.6-bin\afr5mpiioh2wthjmwnkmdsd5w\gradle-8.6\lib\agents\gradle-instrumentation-agent-8.6.jar 
java_command: org.gradle.launcher.daemon.bootstrap.GradleDaemon 8.6
java_class_path (initial): C:\Users\Pubudu\.gradle\wrapper\dists\gradle-8.6-bin\afr5mpiioh2wthjmwnkmdsd5w\gradle-8.6\lib\gradle-launcher-8.6.jar
Launcher Type: SUN_STANDARD

[Global flags]
     intx CICompilerCount                          = 3                                         {product} {ergonomic}
     uint ConcGCThreads                            = 1                                         {product} {ergonomic}
     uint G1ConcRefinementThreads                  = 4                                         {product} {ergonomic}
   size_t G1HeapRegionSize                         = 1048576                                   {product} {ergonomic}
    uintx GCDrainStackTargetSize                   = 64                                        {product} {ergonomic}
   size_t InitialHeapSize                          = 134217728                                 {product} {ergonomic}
   size_t MarkStackSize                            = 4194304                                   {product} {ergonomic}
   size_t MaxHeapSize                              = 2147483648                                {product} {command line}
   size_t MaxNewSize                               = 1287651328                                {product} {ergonomic}
   size_t MinHeapDeltaBytes                        = 1048576                                   {product} {ergonomic}
   size_t MinHeapSize                              = 8388608                                   {product} {ergonomic}
    uintx NonNMethodCodeHeapSize                   = 5832780                                {pd product} {ergonomic}
    uintx NonProfiledCodeHeapSize                  = 122912730                              {pd product} {ergonomic}
    uintx ProfiledCodeHeapSize                     = 122912730                              {pd product} {ergonomic}
    uintx ReservedCodeCacheSize                    = 251658240                              {pd product} {ergonomic}
     bool SegmentedCodeCache                       = true                                      {product} {ergonomic}
   size_t SoftMaxHeapSize                          = 2147483648                             {manageable} {ergonomic}
     bool UseCompressedClassPointers               = true                           {product lp64_product} {ergonomic}
     bool UseCompressedOops                        = true                           {product lp64_product} {ergonomic}
     bool UseG1GC                                  = true                                      {product} {ergonomic}
     bool UseLargePagesIndividualAllocation        = false                                  {pd product} {ergonomic}

Logging:
Log output configuration:
 #0: stdout all=warning uptime,level,tags
 #1: stderr all=off uptime,level,tags

Environment Variables:
JAVA_HOME=C:\Program Files\Java\jdk-20
PATH=C:\Program Files\Common Files\Oracle\Java\javapath;C:\Program Files (x86)\Common Files\Oracle\Java\java8path;C:\Program Files (x86)\Common Files\Oracle\Java\javapath;C:\xampp\php:C:\Program Files\Common Files\Oracle\Java\javapath;C:\WINDOWS\system32;C:\WINDOWS;C:\WINDOWS\System32\Wbem;C:\WINDOWS\System32\WindowsPowerShell\v1.0\;C:\WINDOWS\System32\OpenSSH\;C:\Program Files\Microsoft SQL Server\150\Tools\Binn\;C:\Program Files\Microsoft SQL Server\Client SDK\ODBC\170\Tools\Binn\;C:\Program Files\Common Files\Autodesk Shared\;C:\Program Files\Java\jdk-20\bin;C:\Program Files\dotnet\;C:\Program Files\nodejs\;C:\ProgramData\Microsoft\Windows\Start Menu\Programs\Node.js;C:\Users\Pubudu\AppData\Roaming;C:\Program Files\nodejs\node_modules\npm;C:\Program Files\Git\cmd;C:\Program Files (x86)\Microsoft SQL Server\160\DTS\Binn\;C:\Program Files (x86)\Microsoft SQL Server\160\Tools\Binn\;C:\Program Files\Microsoft SQL Server\160\Tools\Binn\;C:\Program Files\Microsoft SQL Server\160\DTS\Binn\;C:\Users\Pubudu\AppData\Local\Microsoft\WindowsApps;C:\Users\Pubudu\.dotnet\tools;C:\Users\Pubudu\AppData\Roaming\npm;C:\Program Files\nodejs;;C:\Program Files\Azure Data Studio\bin;C:\Users\Pubudu\AppData\Local\Programs\Vs Code\Microsoft VS Code\bin
USERNAME=Pubudu
OS=Windows_NT
PROCESSOR_IDENTIFIER=Intel64 Family 6 Model 78 Stepping 3, GenuineIntel
TMP=C:\Users\Pubudu\AppData\Local\Temp
TEMP=C:\Users\Pubudu\AppData\Local\Temp



Periodic native trim disabled

JNI global refs:
JNI global refs: 24, weak refs: 2

JNI global refs memory usage: 843, weak refs: 841

OOME stack traces (most recent first):
Classloader memory used:
Loader org.gradle.internal.classloader.VisitableURLClassLoader                         : 2796K
Loader bootstrap                                                                       : 2331K
Loader org.gradle.initialization.MixInLegacyTypesClassLoader                           : 599K
Loader jdk.internal.loader.ClassLoaders$PlatformClassLoader                            : 65600B
Loader jdk.internal.loader.ClassLoaders$AppClassLoader                                 : 28726B
Loader jdk.internal.reflect.DelegatingClassLoader                                      : 4428B
Loader org.gradle.internal.classloader.VisitableURLClassLoader$InstrumentingVisitableURLClassLoader: 3673B

Classes loaded by more than one classloader:
Class org.gradle.internal.installation.GradleInstallation                             : loaded 2 times (x 73B)
Class org.gradle.internal.classpath.ClassPath                                         : loaded 2 times (x 68B)
Class org.gradle.api.internal.classpath.DefaultModuleRegistry                         : loaded 2 times (x 84B)
Class Settings_gradle$1$1                                                             : loaded 2 times (x 72B)
Class org.gradle.api.Action                                                           : loaded 2 times (x 68B)
Class org.gradle.api.internal.DefaultClassPathProvider                                : loaded 2 times (x 74B)
Class org.gradle.internal.installation.GradleInstallation$1                           : loaded 2 times (x 73B)
Class org.gradle.internal.classloader.FilteringClassLoader                            : loaded 2 times (x 103B)
Class org.gradle.internal.classpath.DefaultClassPath$ImmutableUniqueList$Builder      : loaded 2 times (x 73B)
Class org.gradle.internal.classloader.ClassLoaderVisitor                              : loaded 2 times (x 74B)
Class org.gradle.internal.service.DefaultServiceLocator                               : loaded 2 times (x 81B)
Class org.gradle.internal.service.UnknownServiceException                             : loaded 2 times (x 81B)
Class org.gradle.internal.classloader.DefaultClassLoaderFactory                       : loaded 2 times (x 80B)
Class org.gradle.internal.classloader.VisitableURLClassLoader$Spec                    : loaded 2 times (x 72B)
Class org.gradle.api.GradleException                                                  : loaded 2 times (x 80B)
Class org.gradle.api.internal.classpath.ModuleRegistry                                : loaded 2 times (x 68B)
Class org.gradle.api.internal.ClassPathProvider                                       : loaded 2 times (x 68B)
Class org.gradle.internal.classloader.ClasspathUtil$1                                 : loaded 2 times (x 74B)
Class org.gradle.internal.classloader.ClassLoaderFactory                              : loaded 2 times (x 68B)
Class org.gradle.api.internal.classpath.ManifestUtil                                  : loaded 2 times (x 69B)
Class org.gradle.api.specs.Spec                                                       : loaded 2 times (x 68B)
Class org.gradle.internal.IoActions                                                   : loaded 2 times (x 69B)
Class org.gradle.api.internal.classpath.EffectiveClassPath                            : loaded 2 times (x 88B)
Class org.gradle.internal.installation.CurrentGradleInstallation                      : loaded 2 times (x 71B)
Class org.gradle.internal.agents.InstrumentingClassLoader                             : loaded 2 times (x 68B)
Class org.gradle.internal.installation.CurrentGradleInstallationLocator               : loaded 2 times (x 69B)
Class org.gradle.api.internal.classpath.Module                                        : loaded 2 times (x 68B)
Class org.gradle.internal.service.CachingServiceLocator                               : loaded 2 times (x 80B)
Class org.gradle.internal.classpath.DefaultClassPath                                  : loaded 2 times (x 88B)
Class org.gradle.internal.classloader.SystemClassLoaderSpec                           : loaded 2 times (x 69B)
Class org.gradle.api.UncheckedIOException                                             : loaded 2 times (x 80B)
Class Program                                                                         : loaded 2 times (x 70B)
Class org.gradle.internal.classloader.ClasspathUtil                                   : loaded 2 times (x 69B)
Class org.gradle.api.internal.DefaultClassPathRegistry                                : loaded 2 times (x 74B)
Class org.gradle.api.internal.classpath.DefaultModuleRegistry$DefaultModule           : loaded 2 times (x 84B)
Class org.gradle.api.internal.classpath.UnknownModuleException                        : loaded 2 times (x 80B)
Class org.gradle.internal.service.ServiceLookupException                              : loaded 2 times (x 80B)
Class org.gradle.cache.GlobalCache                                                    : loaded 2 times (x 68B)
Class [Lorg.gradle.api.internal.ClassPathProvider;                                    : loaded 2 times (x 67B)
Class org.gradle.util.internal.GUtil                                                  : loaded 2 times (x 69B)
Class org.gradle.internal.classloader.ClassLoaderSpec                                 : loaded 2 times (x 69B)
Class org.gradle.internal.classloader.VisitableURLClassLoader                         : loaded 2 times (x 115B)
Class org.gradle.internal.Cast                                                        : loaded 2 times (x 69B)
Class org.gradle.api.internal.ClassPathRegistry                                       : loaded 2 times (x 68B)
Class org.gradle.internal.classloader.VisitableURLClassLoader$InstrumentingVisitableURLClassLoader: loaded 2 times (x 121B)
Class org.gradle.internal.classloader.ClassLoaderHierarchy                            : loaded 2 times (x 68B)
Class org.gradle.internal.InternalTransformer                                         : loaded 2 times (x 68B)
Class org.gradle.internal.service.ServiceLocator                                      : loaded 2 times (x 68B)
Class Settings_gradle$1                                                               : loaded 2 times (x 72B)
Class org.gradle.internal.classpath.DefaultClassPath$ImmutableUniqueList              : loaded 2 times (x 159B)
Class org.gradle.internal.classpath.TransformedClassPath                              : loaded 2 times (x 94B)
Class Settings_gradle                                                                 : loaded 2 times (x 126B)


---------------  S Y S T E M  ---------------

OS:
 Windows 10 , 64 bit Build 19041 (10.0.19041.3636)
OS uptime: 0 days 1:11 hours

CPU: total 4 (initial active 4) (2 cores per cpu, 2 threads per core) family 6 model 78 stepping 3 microcode 0xf0, cx8, cmov, fxsr, ht, mmx, 3dnowpref, sse, sse2, sse3, ssse3, sse4.1, sse4.2, popcnt, lzcnt, tsc, tscinvbit, avx, avx2, aes, erms, clmul, bmi1, bmi2, adx, fma, vzeroupper, clflush, clflushopt
Processor Information for all 4 processors :
  Max Mhz: 2400, Current Mhz: 2300, Mhz Limit: 2280

Memory: 4k page, system-wide physical 8083M (850M free)
TotalPageFile size 8083M (AvailPageFile size 2M)
current process WorkingSet (physical memory assigned to process): 225M, peak: 225M
current process commit charge ("private bytes"): 260M, peak: 261M

vm_info: OpenJDK 64-Bit Server VM (17.0.10+0--11572160) for windows-amd64 JRE (17.0.10+0--11572160), built on Mar 13 2024 23:56:38 by "androidbuild" with MS VC++ 16.10 / 16.11 (VS2019)

END.
