#
# There is insufficient memory for the Java Runtime Environment to continue.
# Native memory allocation (malloc) failed to allocate 1031776 bytes for Chunk::new
# Possible reasons:
#   The system is out of physical RAM or swap space
#   The process is running with CompressedOops enabled, and the Java Heap may be blocking the growth of the native heap
# Possible solutions:
#   Reduce memory load on the system
#   Increase physical memory or swap space
#   Check if swap backing store is full
#   Decrease Java heap size (-Xmx/-Xms)
#   Decrease number of Java threads
#   Decrease Java thread stack sizes (-Xss)
#   Set larger code cache with -XX:ReservedCodeCacheSize=
#   JVM is running with Unscaled Compressed Oops mode in which the Java heap is
#     placed in the first 4GB address space. The Java Heap base address is the
#     maximum limit for the native heap growth. Please use -XX:HeapBaseMinAddress
#     to set the Java Heap base and to place the Java Heap above 4GB virtual address.
# This output file may be truncated or incomplete.
#
#  Out of Memory Error (arena.cpp:191), pid=15120, tid=14816
#
# JRE version: OpenJDK Runtime Environment (17.0.10) (build 17.0.10+0--11572160)
# Java VM: OpenJDK 64-Bit Server VM (17.0.10+0--11572160, mixed mode, tiered, compressed oops, compressed class ptrs, g1 gc, windows-amd64)
# No core dump will be written. Minidumps are not enabled by default on client versions of Windows
#

---------------  S U M M A R Y ------------

Command Line: --add-opens=java.base/java.util=ALL-UNNAMED --add-opens=java.base/java.lang=ALL-UNNAMED --add-opens=java.base/java.lang.invoke=ALL-UNNAMED --add-opens=java.prefs/java.util.prefs=ALL-UNNAMED --add-opens=java.base/java.nio.charset=ALL-UNNAMED --add-opens=java.base/java.net=ALL-UNNAMED --add-opens=java.base/java.util.concurrent.atomic=ALL-UNNAMED -Xmx2048m -Dfile.encoding=UTF-8 -Duser.country=US -Duser.language=en -Duser.variant -javaagent:C:\Users\Pubudu\.gradle\wrapper\dists\gradle-8.6-bin\afr5mpiioh2wthjmwnkmdsd5w\gradle-8.6\lib\agents\gradle-instrumentation-agent-8.6.jar org.gradle.launcher.daemon.bootstrap.GradleDaemon 8.6

Host: Intel(R) Core(TM) i5-6200U CPU @ 2.30GHz, 4 cores, 7G,  Windows 10 , 64 bit Build 19041 (10.0.19041.3636)
Time: Tue Jun  4 15:51:20 2024 Sri Lanka Standard Time elapsed time: 115.786176 seconds (0d 0h 1m 55s)

---------------  T H R E A D  ---------------

Current thread (0x000002851d946730):  JavaThread "C2 CompilerThread0" daemon [_thread_in_native, id=14816, stack(0x000000e23c300000,0x000000e23c400000)]


Current CompileTask:
C2: 115786 7763   !   4       java.lang.ClassLoader::loadClass (121 bytes)

Stack: [0x000000e23c300000,0x000000e23c400000]
Native frames: (J=compiled Java code, j=interpreted, Vv=VM code, C=native code)
V  [jvm.dll+0x688e89]
V  [jvm.dll+0x84247a]
V  [jvm.dll+0x8440be]
V  [jvm.dll+0x844723]
V  [jvm.dll+0x24be0f]
V  [jvm.dll+0xac524]
V  [jvm.dll+0xacb6c]
V  [jvm.dll+0x2b342f]
V  [jvm.dll+0x5902b7]
V  [jvm.dll+0x226452]
V  [jvm.dll+0x22683f]
V  [jvm.dll+0x21f966]
V  [jvm.dll+0x21cdb1]
V  [jvm.dll+0x1a60ad]
V  [jvm.dll+0x22cd78]
V  [jvm.dll+0x22aeb0]
V  [jvm.dll+0x7f6917]
V  [jvm.dll+0x7f0d1a]
V  [jvm.dll+0x687d05]
C  [ucrtbase.dll+0x21bb2]
C  [KERNEL32.DLL+0x17344]
C  [ntdll.dll+0x526b1]


---------------  P R O C E S S  ---------------

Threads class SMR info:
_java_thread_list=0x00000285240b4020, length=40, elements={
0x00000285041f23b0, 0x000002851d7c6db0, 0x000002851d7c7d00, 0x000002851d7e7600,
0x000002851d7e81c0, 0x000002851d7e8b80, 0x000002851d7e9540, 0x000002851d946730,
0x000002851d959b70, 0x000002851d9bb200, 0x000002851daa0d00, 0x000002851dbb24c0,
0x00000285237cead0, 0x000002852299cc90, 0x0000028523db8a80, 0x000002852383f9e0,
0x0000028523371400, 0x00000285228478d0, 0x000002852370e850, 0x00000285239d4b00,
0x00000285239d40e0, 0x00000285239d6e70, 0x00000285239d6960, 0x00000285239d45f0,
0x00000285239d5010, 0x00000285239d7380, 0x00000285239d6450, 0x00000285239d5a30,
0x00000285239d5f40, 0x00000285239b2ba0, 0x00000285239b2690, 0x00000285239b30b0,
0x00000285239ad080, 0x00000285239ad590, 0x00000285239ae9d0, 0x00000285239adaa0,
0x00000285239ae4c0, 0x00000285239aeee0, 0x00000285239af900, 0x00000285239abc40
}

Java Threads: ( => current thread )
  0x00000285041f23b0 JavaThread "main" [_thread_blocked, id=120, stack(0x000000e23b600000,0x000000e23b700000)]
  0x000002851d7c6db0 JavaThread "Reference Handler" daemon [_thread_blocked, id=16036, stack(0x000000e23bd00000,0x000000e23be00000)]
  0x000002851d7c7d00 JavaThread "Finalizer" daemon [_thread_blocked, id=3300, stack(0x000000e23be00000,0x000000e23bf00000)]
  0x000002851d7e7600 JavaThread "Signal Dispatcher" daemon [_thread_blocked, id=14676, stack(0x000000e23bf00000,0x000000e23c000000)]
  0x000002851d7e81c0 JavaThread "Attach Listener" daemon [_thread_blocked, id=2096, stack(0x000000e23c000000,0x000000e23c100000)]
  0x000002851d7e8b80 JavaThread "Service Thread" daemon [_thread_blocked, id=1524, stack(0x000000e23c100000,0x000000e23c200000)]
  0x000002851d7e9540 JavaThread "Monitor Deflation Thread" daemon [_thread_blocked, id=10756, stack(0x000000e23c200000,0x000000e23c300000)]
=>0x000002851d946730 JavaThread "C2 CompilerThread0" daemon [_thread_in_native, id=14816, stack(0x000000e23c300000,0x000000e23c400000)]
  0x000002851d959b70 JavaThread "C1 CompilerThread0" daemon [_thread_blocked, id=10416, stack(0x000000e23c400000,0x000000e23c500000)]
  0x000002851d9bb200 JavaThread "Sweeper thread" daemon [_thread_blocked, id=15632, stack(0x000000e23c500000,0x000000e23c600000)]
  0x000002851daa0d00 JavaThread "Common-Cleaner" daemon [_thread_blocked, id=17160, stack(0x000000e23c600000,0x000000e23c700000)]
  0x000002851dbb24c0 JavaThread "Notification Thread" daemon [_thread_blocked, id=17800, stack(0x000000e23c700000,0x000000e23c800000)]
  0x00000285237cead0 JavaThread "Daemon health stats" [_thread_blocked, id=15284, stack(0x000000e23cc00000,0x000000e23cd00000)]
  0x000002852299cc90 JavaThread "Incoming local TCP Connector on port 58972" [_thread_in_native, id=12712, stack(0x000000e23cd00000,0x000000e23ce00000)]
  0x0000028523db8a80 JavaThread "Daemon periodic checks" [_thread_blocked, id=14328, stack(0x000000e23ce00000,0x000000e23cf00000)]
  0x000002852383f9e0 JavaThread "Daemon" [_thread_blocked, id=9752, stack(0x000000e23cf00000,0x000000e23d000000)]
  0x0000028523371400 JavaThread "Handler for socket connection from /127.0.0.1:58972 to /127.0.0.1:58973" [_thread_in_native, id=16028, stack(0x000000e23d000000,0x000000e23d100000)]
  0x00000285228478d0 JavaThread "Cancel handler" [_thread_blocked, id=12860, stack(0x000000e23d100000,0x000000e23d200000)]
  0x000002852370e850 JavaThread "Daemon worker" [_thread_in_vm, id=7440, stack(0x000000e23d200000,0x000000e23d300000)]
  0x00000285239d4b00 JavaThread "Asynchronous log dispatcher for DefaultDaemonConnection: socket connection from /127.0.0.1:58972 to /127.0.0.1:58973" [_thread_blocked, id=4664, stack(0x000000e23d300000,0x000000e23d400000)]
  0x00000285239d40e0 JavaThread "Daemon client event forwarder" [_thread_blocked, id=12240, stack(0x000000e23d500000,0x000000e23d600000)]
  0x00000285239d6e70 JavaThread "Cache worker for journal cache (C:\Users\Pubudu\.gradle\caches\journal-1)" [_thread_blocked, id=15104, stack(0x000000e23d600000,0x000000e23d700000)]
  0x00000285239d6960 JavaThread "File lock request listener" [_thread_in_native, id=2808, stack(0x000000e23d700000,0x000000e23d800000)]
  0x00000285239d45f0 JavaThread "Cache worker for file hash cache (C:\Users\Pubudu\.gradle\caches\8.6\fileHashes)" [_thread_blocked, id=11616, stack(0x000000e23d800000,0x000000e23d900000)]
  0x00000285239d5010 JavaThread "File watcher server" daemon [_thread_in_native, id=1420, stack(0x000000e23d900000,0x000000e23da00000)]
  0x00000285239d7380 JavaThread "File watcher consumer" daemon [_thread_blocked, id=15708, stack(0x000000e23da00000,0x000000e23db00000)]
  0x00000285239d6450 JavaThread "jar transforms" [_thread_blocked, id=14612, stack(0x000000e23db00000,0x000000e23dc00000)]
  0x00000285239d5a30 JavaThread "jar transforms Thread 2" [_thread_blocked, id=7844, stack(0x000000e23dc00000,0x000000e23dd00000)]
  0x00000285239d5f40 JavaThread "jar transforms Thread 3" [_thread_blocked, id=14924, stack(0x000000e23dd00000,0x000000e23de00000)]
  0x00000285239b2ba0 JavaThread "jar transforms Thread 4" [_thread_blocked, id=7140, stack(0x000000e23de00000,0x000000e23df00000)]
  0x00000285239b2690 JavaThread "Cache worker for checksums cache (C:\Users\Pubudu\AndroidStudioProjects\WeatherApp\.gradle\8.6\checksums)" [_thread_blocked, id=15400, stack(0x000000e23e100000,0x000000e23e200000)]
  0x00000285239b30b0 JavaThread "Cache worker for file hash cache (C:\Users\Pubudu\AndroidStudioProjects\WeatherApp\.gradle\8.6\fileHashes)" [_thread_blocked, id=7716, stack(0x000000e23b400000,0x000000e23b500000)]
  0x00000285239ad080 JavaThread "Cache worker for cache directory md-supplier (C:\Users\Pubudu\.gradle\caches\8.6\md-supplier)" [_thread_blocked, id=3884, stack(0x000000e23b500000,0x000000e23b600000)]
  0x00000285239ad590 JavaThread "Cache worker for cache directory md-rule (C:\Users\Pubudu\.gradle\caches\8.6\md-rule)" [_thread_blocked, id=12572, stack(0x000000e23e200000,0x000000e23e300000)]
  0x00000285239ae9d0 JavaThread "Cache worker for file content cache (C:\Users\Pubudu\.gradle\caches\8.6\fileContent)" [_thread_blocked, id=2392, stack(0x000000e23e300000,0x000000e23e400000)]
  0x00000285239adaa0 JavaThread "Unconstrained build operations" [_thread_blocked, id=9064, stack(0x000000e23e400000,0x000000e23e500000)]
  0x00000285239ae4c0 JavaThread "Unconstrained build operations Thread 2" [_thread_blocked, id=4556, stack(0x000000e23e500000,0x000000e23e600000)]
  0x00000285239aeee0 JavaThread "Unconstrained build operations Thread 3" [_thread_blocked, id=12316, stack(0x000000e23e600000,0x000000e23e700000)]
  0x00000285239af900 JavaThread "Unconstrained build operations Thread 4" [_thread_blocked, id=13568, stack(0x000000e23e700000,0x000000e23e800000)]
  0x00000285239abc40 JavaThread "Unconstrained build operations Thread 5" [_thread_blocked, id=32, stack(0x000000e23e800000,0x000000e23e900000)]

Other Threads:
  0x000002851d7c16f0 VMThread "VM Thread" [stack: 0x000000e23bc00000,0x000000e23bd00000] [id=1880]
  0x00000285041f3370 WatcherThread [stack: 0x000000e23c800000,0x000000e23c900000] [id=2196]
  0x0000028504250ac0 GCTaskThread "GC Thread#0" [stack: 0x000000e23b700000,0x000000e23b800000] [id=14716]
  0x0000028522228540 GCTaskThread "GC Thread#1" [stack: 0x000000e23c900000,0x000000e23ca00000] [id=3420]
  0x0000028522228800 GCTaskThread "GC Thread#2" [stack: 0x000000e23ca00000,0x000000e23cb00000] [id=17224]
  0x0000028522b301c0 GCTaskThread "GC Thread#3" [stack: 0x000000e23cb00000,0x000000e23cc00000] [id=8752]
  0x0000028504261a10 ConcurrentGCThread "G1 Main Marker" [stack: 0x000000e23b800000,0x000000e23b900000] [id=5468]
  0x0000028504262500 ConcurrentGCThread "G1 Conc#0" [stack: 0x000000e23b900000,0x000000e23ba00000] [id=5172]
  0x000002851d62a0f0 ConcurrentGCThread "G1 Refine#0" [stack: 0x000000e23ba00000,0x000000e23bb00000] [id=15076]
  0x0000028524f25820 ConcurrentGCThread "G1 Refine#1" [stack: 0x000000e23d400000,0x000000e23d500000] [id=12744]
  0x0000028524f24c60 ConcurrentGCThread "G1 Refine#2" [stack: 0x000000e23e900000,0x000000e23ea00000] [id=12020]
  0x000002851d62aa30 ConcurrentGCThread "G1 Service" [stack: 0x000000e23bb00000,0x000000e23bc00000] [id=14708]

Threads with active compile tasks:
C2 CompilerThread0   115858 7763   !   4       java.lang.ClassLoader::loadClass (121 bytes)

VM state: not at safepoint (normal execution)

VM Mutex/Monitor currently owned by a thread:  ([mutex/lock_event])
[0x00000285041ee410] Metaspace_lock - owner thread: 0x000002852370e850

Heap address: 0x0000000080000000, size: 2048 MB, Compressed Oops mode: 32-bit

CDS archive(s) not mapped
Compressed class space mapped at: 0x0000000100000000-0x0000000140000000, reserved size: 1073741824
Narrow klass base: 0x0000000000000000, Narrow klass shift: 3, Narrow klass range: 0x140000000

GC Precious Log:
 CPUs: 4 total, 4 available
 Memory: 8083M
 Large Page Support: Disabled
 NUMA Support: Disabled
 Compressed Oops: Enabled (32-bit)
 Heap Region Size: 1M
 Heap Min Capacity: 8M
 Heap Initial Capacity: 128M
 Heap Max Capacity: 2G
 Pre-touch: Disabled
 Parallel Workers: 4
 Concurrent Workers: 1
 Concurrent Refinement Workers: 4
 Periodic GC: Disabled

Heap:
 garbage-first heap   total 229376K, used 146051K [0x0000000080000000, 0x0000000100000000)
  region size 1024K, 51 young (52224K), 7 survivors (7168K)
 Metaspace       used 106131K, committed 106688K, reserved 1179648K
  class space    used 13765K, committed 14016K, reserved 1048576K

Heap Regions: E=young(eden), S=young(survivor), O=old, HS=humongous(starts), HC=humongous(continues), CS=collection set, F=free, OA=open archive, CA=closed archive, TAMS=top-at-mark-start (previous, next)
|   0|0x0000000080000000, 0x0000000080100000, 0x0000000080100000|100%| O|  |TAMS 0x0000000080100000, 0x0000000080000000| Untracked 
|   1|0x0000000080100000, 0x0000000080200000, 0x0000000080200000|100%| O|  |TAMS 0x0000000080200000, 0x0000000080100000| Untracked 
|   2|0x0000000080200000, 0x0000000080300000, 0x0000000080300000|100%|HS|  |TAMS 0x0000000080300000, 0x0000000080200000| Complete 
|   3|0x0000000080300000, 0x0000000080400000, 0x0000000080400000|100%|HC|  |TAMS 0x0000000080400000, 0x0000000080300000| Complete 
|   4|0x0000000080400000, 0x0000000080500000, 0x0000000080500000|100%|HC|  |TAMS 0x0000000080500000, 0x0000000080400000| Complete 
|   5|0x0000000080500000, 0x0000000080600000, 0x0000000080600000|100%|HC|  |TAMS 0x0000000080600000, 0x0000000080500000| Complete 
|   6|0x0000000080600000, 0x0000000080700000, 0x0000000080700000|100%| O|  |TAMS 0x0000000080700000, 0x0000000080600000| Untracked 
|   7|0x0000000080700000, 0x0000000080800000, 0x0000000080800000|100%| O|  |TAMS 0x0000000080800000, 0x0000000080700000| Untracked 
|   8|0x0000000080800000, 0x0000000080900000, 0x0000000080900000|100%| O|  |TAMS 0x0000000080900000, 0x0000000080800000| Untracked 
|   9|0x0000000080900000, 0x0000000080a00000, 0x0000000080a00000|100%| O|  |TAMS 0x0000000080a00000, 0x0000000080900000| Untracked 
|  10|0x0000000080a00000, 0x0000000080b00000, 0x0000000080b00000|100%| O|  |TAMS 0x0000000080b00000, 0x0000000080a00000| Untracked 
|  11|0x0000000080b00000, 0x0000000080c00000, 0x0000000080c00000|100%| O|  |TAMS 0x0000000080c00000, 0x0000000080b00000| Untracked 
|  12|0x0000000080c00000, 0x0000000080d00000, 0x0000000080d00000|100%| O|  |TAMS 0x0000000080d00000, 0x0000000080c00000| Untracked 
|  13|0x0000000080d00000, 0x0000000080e00000, 0x0000000080e00000|100%| O|  |TAMS 0x0000000080e00000, 0x0000000080d00000| Untracked 
|  14|0x0000000080e00000, 0x0000000080f00000, 0x0000000080f00000|100%| O|  |TAMS 0x0000000080f00000, 0x0000000080e00000| Untracked 
|  15|0x0000000080f00000, 0x0000000081000000, 0x0000000081000000|100%| O|  |TAMS 0x0000000081000000, 0x0000000080f00000| Untracked 
|  16|0x0000000081000000, 0x0000000081100000, 0x0000000081100000|100%| O|  |TAMS 0x0000000081100000, 0x0000000081000000| Untracked 
|  17|0x0000000081100000, 0x0000000081200000, 0x0000000081200000|100%| O|  |TAMS 0x0000000081200000, 0x0000000081100000| Untracked 
|  18|0x0000000081200000, 0x0000000081300000, 0x0000000081300000|100%| O|  |TAMS 0x0000000081300000, 0x0000000081200000| Untracked 
|  19|0x0000000081300000, 0x0000000081400000, 0x0000000081400000|100%| O|  |TAMS 0x0000000081400000, 0x0000000081300000| Untracked 
|  20|0x0000000081400000, 0x0000000081500000, 0x0000000081500000|100%|HS|  |TAMS 0x0000000081500000, 0x0000000081400000| Complete 
|  21|0x0000000081500000, 0x0000000081600000, 0x0000000081600000|100%|HC|  |TAMS 0x0000000081600000, 0x0000000081500000| Complete 
|  22|0x0000000081600000, 0x0000000081700000, 0x0000000081700000|100%|HS|  |TAMS 0x0000000081700000, 0x0000000081600000| Complete 
|  23|0x0000000081700000, 0x0000000081800000, 0x0000000081800000|100%|HC|  |TAMS 0x0000000081800000, 0x0000000081700000| Complete 
|  24|0x0000000081800000, 0x0000000081900000, 0x0000000081900000|100%|HC|  |TAMS 0x0000000081900000, 0x0000000081800000| Complete 
|  25|0x0000000081900000, 0x0000000081a00000, 0x0000000081a00000|100%|HS|  |TAMS 0x0000000081a00000, 0x0000000081900000| Complete 
|  26|0x0000000081a00000, 0x0000000081b00000, 0x0000000081b00000|100%|HC|  |TAMS 0x0000000081b00000, 0x0000000081a00000| Complete 
|  27|0x0000000081b00000, 0x0000000081c00000, 0x0000000081c00000|100%|HC|  |TAMS 0x0000000081c00000, 0x0000000081b00000| Complete 
|  28|0x0000000081c00000, 0x0000000081d00000, 0x0000000081d00000|100%| O|  |TAMS 0x0000000081d00000, 0x0000000081c00000| Untracked 
|  29|0x0000000081d00000, 0x0000000081e00000, 0x0000000081e00000|100%| O|  |TAMS 0x0000000081e00000, 0x0000000081d00000| Untracked 
|  30|0x0000000081e00000, 0x0000000081f00000, 0x0000000081f00000|100%|HS|  |TAMS 0x0000000081f00000, 0x0000000081e00000| Complete 
|  31|0x0000000081f00000, 0x0000000082000000, 0x0000000082000000|100%|HC|  |TAMS 0x0000000082000000, 0x0000000081f00000| Complete 
|  32|0x0000000082000000, 0x0000000082100000, 0x0000000082100000|100%|HC|  |TAMS 0x0000000082100000, 0x0000000082000000| Complete 
|  33|0x0000000082100000, 0x0000000082200000, 0x0000000082200000|100%| O|  |TAMS 0x0000000082200000, 0x0000000082100000| Untracked 
|  34|0x0000000082200000, 0x0000000082300000, 0x0000000082300000|100%| O|  |TAMS 0x0000000082300000, 0x0000000082200000| Untracked 
|  35|0x0000000082300000, 0x0000000082400000, 0x0000000082400000|100%| O|  |TAMS 0x0000000082400000, 0x0000000082300000| Untracked 
|  36|0x0000000082400000, 0x0000000082500000, 0x0000000082500000|100%| O|  |TAMS 0x0000000082500000, 0x0000000082400000| Untracked 
|  37|0x0000000082500000, 0x0000000082600000, 0x0000000082600000|100%| O|  |TAMS 0x0000000082600000, 0x0000000082500000| Untracked 
|  38|0x0000000082600000, 0x0000000082700000, 0x0000000082700000|100%| O|  |TAMS 0x0000000082700000, 0x0000000082600000| Untracked 
|  39|0x0000000082700000, 0x0000000082800000, 0x0000000082800000|100%| O|  |TAMS 0x0000000082800000, 0x0000000082700000| Untracked 
|  40|0x0000000082800000, 0x0000000082900000, 0x0000000082900000|100%| O|  |TAMS 0x0000000082900000, 0x0000000082800000| Untracked 
|  41|0x0000000082900000, 0x0000000082a00000, 0x0000000082a00000|100%| O|  |TAMS 0x0000000082a00000, 0x0000000082900000| Untracked 
|  42|0x0000000082a00000, 0x0000000082b00000, 0x0000000082b00000|100%| O|  |TAMS 0x0000000082b00000, 0x0000000082a00000| Untracked 
|  43|0x0000000082b00000, 0x0000000082c00000, 0x0000000082c00000|100%| O|  |TAMS 0x0000000082c00000, 0x0000000082b00000| Untracked 
|  44|0x0000000082c00000, 0x0000000082d00000, 0x0000000082d00000|100%| O|  |TAMS 0x0000000082d00000, 0x0000000082c00000| Untracked 
|  45|0x0000000082d00000, 0x0000000082e00000, 0x0000000082e00000|100%| O|  |TAMS 0x0000000082e00000, 0x0000000082d00000| Untracked 
|  46|0x0000000082e00000, 0x0000000082f00000, 0x0000000082f00000|100%|HS|  |TAMS 0x0000000082f00000, 0x0000000082e00000| Complete 
|  47|0x0000000082f00000, 0x0000000083000000, 0x0000000083000000|100%|HC|  |TAMS 0x0000000083000000, 0x0000000082f00000| Complete 
|  48|0x0000000083000000, 0x0000000083100000, 0x0000000083100000|100%|HC|  |TAMS 0x0000000083100000, 0x0000000083000000| Complete 
|  49|0x0000000083100000, 0x0000000083200000, 0x0000000083200000|100%| O|  |TAMS 0x0000000083200000, 0x0000000083100000| Untracked 
|  50|0x0000000083200000, 0x0000000083300000, 0x0000000083300000|100%| O|  |TAMS 0x0000000083300000, 0x0000000083200000| Untracked 
|  51|0x0000000083300000, 0x0000000083400000, 0x0000000083400000|100%| O|  |TAMS 0x0000000083400000, 0x0000000083300000| Untracked 
|  52|0x0000000083400000, 0x0000000083500000, 0x0000000083500000|100%|HS|  |TAMS 0x0000000083500000, 0x0000000083400000| Complete 
|  53|0x0000000083500000, 0x0000000083600000, 0x0000000083600000|100%|HC|  |TAMS 0x0000000083600000, 0x0000000083500000| Complete 
|  54|0x0000000083600000, 0x0000000083700000, 0x0000000083700000|100%|HC|  |TAMS 0x0000000083700000, 0x0000000083600000| Complete 
|  55|0x0000000083700000, 0x0000000083800000, 0x0000000083800000|100%|HS|  |TAMS 0x0000000083800000, 0x0000000083700000| Complete 
|  56|0x0000000083800000, 0x0000000083900000, 0x0000000083900000|100%|HC|  |TAMS 0x0000000083900000, 0x0000000083800000| Complete 
|  57|0x0000000083900000, 0x0000000083a00000, 0x0000000083a00000|100%|HC|  |TAMS 0x0000000083a00000, 0x0000000083900000| Complete 
|  58|0x0000000083a00000, 0x0000000083b00000, 0x0000000083b00000|100%| O|  |TAMS 0x0000000083b00000, 0x0000000083a00000| Untracked 
|  59|0x0000000083b00000, 0x0000000083c00000, 0x0000000083c00000|100%| O|  |TAMS 0x0000000083c00000, 0x0000000083b00000| Untracked 
|  60|0x0000000083c00000, 0x0000000083d00000, 0x0000000083d00000|100%| O|  |TAMS 0x0000000083d00000, 0x0000000083c00000| Untracked 
|  61|0x0000000083d00000, 0x0000000083e00000, 0x0000000083e00000|100%| O|  |TAMS 0x0000000083e00000, 0x0000000083d00000| Untracked 
|  62|0x0000000083e00000, 0x0000000083f00000, 0x0000000083f00000|100%| O|  |TAMS 0x0000000083f00000, 0x0000000083e00000| Untracked 
|  63|0x0000000083f00000, 0x0000000084000000, 0x0000000084000000|100%| O|  |TAMS 0x0000000084000000, 0x0000000083f00000| Untracked 
|  64|0x0000000084000000, 0x0000000084100000, 0x0000000084100000|100%| O|  |TAMS 0x0000000084100000, 0x0000000084000000| Untracked 
|  65|0x0000000084100000, 0x0000000084100000, 0x0000000084200000|  0%| F|  |TAMS 0x0000000084100000, 0x0000000084100000| Untracked 
|  66|0x0000000084200000, 0x0000000084300000, 0x0000000084300000|100%|HS|  |TAMS 0x0000000084300000, 0x0000000084200000| Complete 
|  67|0x0000000084300000, 0x0000000084400000, 0x0000000084400000|100%| O|  |TAMS 0x0000000084400000, 0x0000000084300000| Untracked 
|  68|0x0000000084400000, 0x0000000084500000, 0x0000000084500000|100%| O|  |TAMS 0x0000000084500000, 0x0000000084400000| Untracked 
|  69|0x0000000084500000, 0x0000000084600000, 0x0000000084600000|100%| O|  |TAMS 0x0000000084600000, 0x0000000084500000| Untracked 
|  70|0x0000000084600000, 0x0000000084700000, 0x0000000084700000|100%| O|  |TAMS 0x0000000084700000, 0x0000000084600000| Untracked 
|  71|0x0000000084700000, 0x0000000084800000, 0x0000000084800000|100%| O|  |TAMS 0x0000000084800000, 0x0000000084700000| Untracked 
|  72|0x0000000084800000, 0x0000000084900000, 0x0000000084900000|100%| O|  |TAMS 0x0000000084900000, 0x0000000084800000| Untracked 
|  73|0x0000000084900000, 0x0000000084a00000, 0x0000000084a00000|100%| O|  |TAMS 0x0000000084a00000, 0x0000000084900000| Untracked 
|  74|0x0000000084a00000, 0x0000000084b00000, 0x0000000084b00000|100%| O|  |TAMS 0x0000000084b00000, 0x0000000084a00000| Untracked 
|  75|0x0000000084b00000, 0x0000000084c00000, 0x0000000084c00000|100%| O|  |TAMS 0x0000000084c00000, 0x0000000084b00000| Untracked 
|  76|0x0000000084c00000, 0x0000000084d00000, 0x0000000084d00000|100%| O|  |TAMS 0x0000000084d00000, 0x0000000084c00000| Untracked 
|  77|0x0000000084d00000, 0x0000000084e00000, 0x0000000084e00000|100%| O|  |TAMS 0x0000000084e00000, 0x0000000084d00000| Untracked 
|  78|0x0000000084e00000, 0x0000000084f00000, 0x0000000084f00000|100%| O|  |TAMS 0x0000000084f00000, 0x0000000084e00000| Untracked 
|  79|0x0000000084f00000, 0x0000000085000000, 0x0000000085000000|100%| O|  |TAMS 0x0000000085000000, 0x0000000084f00000| Untracked 
|  80|0x0000000085000000, 0x0000000085100000, 0x0000000085100000|100%| O|  |TAMS 0x0000000085000000, 0x0000000085000000| Untracked 
|  81|0x0000000085100000, 0x0000000085200000, 0x0000000085200000|100%|HS|  |TAMS 0x0000000085200000, 0x0000000085100000| Complete 
|  82|0x0000000085200000, 0x0000000085300000, 0x0000000085300000|100%|HC|  |TAMS 0x0000000085300000, 0x0000000085200000| Complete 
|  83|0x0000000085300000, 0x0000000085400000, 0x0000000085400000|100%|HC|  |TAMS 0x0000000085400000, 0x0000000085300000| Complete 
|  84|0x0000000085400000, 0x0000000085500000, 0x0000000085500000|100%|HC|  |TAMS 0x0000000085500000, 0x0000000085400000| Complete 
|  85|0x0000000085500000, 0x0000000085600000, 0x0000000085600000|100%|HC|  |TAMS 0x0000000085600000, 0x0000000085500000| Complete 
|  86|0x0000000085600000, 0x0000000085700000, 0x0000000085700000|100%|HC|  |TAMS 0x0000000085700000, 0x0000000085600000| Complete 
|  87|0x0000000085700000, 0x0000000085800000, 0x0000000085800000|100%| O|  |TAMS 0x0000000085800000, 0x0000000085700000| Untracked 
|  88|0x0000000085800000, 0x0000000085900000, 0x0000000085900000|100%| O|  |TAMS 0x0000000085897600, 0x0000000085800000| Untracked 
|  89|0x0000000085900000, 0x0000000085a00000, 0x0000000085a00000|100%| O|  |TAMS 0x0000000085900000, 0x0000000085900000| Untracked 
|  90|0x0000000085a00000, 0x0000000085b00000, 0x0000000085b00000|100%| O|  |TAMS 0x0000000085a00000, 0x0000000085a00000| Untracked 
|  91|0x0000000085b00000, 0x0000000085c00000, 0x0000000085c00000|100%| O|  |TAMS 0x0000000085b00000, 0x0000000085b00000| Untracked 
|  92|0x0000000085c00000, 0x0000000085d00000, 0x0000000085d00000|100%| O|  |TAMS 0x0000000085c00000, 0x0000000085c00000| Untracked 
|  93|0x0000000085d00000, 0x0000000085e00000, 0x0000000085e00000|100%| O|  |TAMS 0x0000000085d00000, 0x0000000085d00000| Untracked 
|  94|0x0000000085e00000, 0x0000000085e69c00, 0x0000000085f00000| 41%| O|  |TAMS 0x0000000085e00000, 0x0000000085e00000| Untracked 
|  95|0x0000000085f00000, 0x0000000085f00000, 0x0000000086000000|  0%| F|  |TAMS 0x0000000085f00000, 0x0000000085f00000| Untracked 
|  96|0x0000000086000000, 0x0000000086000000, 0x0000000086100000|  0%| F|  |TAMS 0x0000000086000000, 0x0000000086000000| Untracked 
|  97|0x0000000086100000, 0x0000000086100000, 0x0000000086200000|  0%| F|  |TAMS 0x0000000086100000, 0x0000000086100000| Untracked 
|  98|0x0000000086200000, 0x0000000086200000, 0x0000000086300000|  0%| F|  |TAMS 0x0000000086200000, 0x0000000086200000| Untracked 
|  99|0x0000000086300000, 0x0000000086300000, 0x0000000086400000|  0%| F|  |TAMS 0x0000000086300000, 0x0000000086300000| Untracked 
| 100|0x0000000086400000, 0x0000000086400000, 0x0000000086500000|  0%| F|  |TAMS 0x0000000086400000, 0x0000000086400000| Untracked 
| 101|0x0000000086500000, 0x0000000086500000, 0x0000000086600000|  0%| F|  |TAMS 0x0000000086500000, 0x0000000086500000| Untracked 
| 102|0x0000000086600000, 0x0000000086600000, 0x0000000086700000|  0%| F|  |TAMS 0x0000000086600000, 0x0000000086600000| Untracked 
| 103|0x0000000086700000, 0x0000000086700000, 0x0000000086800000|  0%| F|  |TAMS 0x0000000086700000, 0x0000000086700000| Untracked 
| 104|0x0000000086800000, 0x0000000086800000, 0x0000000086900000|  0%| F|  |TAMS 0x0000000086800000, 0x0000000086800000| Untracked 
| 105|0x0000000086900000, 0x0000000086900000, 0x0000000086a00000|  0%| F|  |TAMS 0x0000000086900000, 0x0000000086900000| Untracked 
| 106|0x0000000086a00000, 0x0000000086a00000, 0x0000000086b00000|  0%| F|  |TAMS 0x0000000086a00000, 0x0000000086a00000| Untracked 
| 107|0x0000000086b00000, 0x0000000086b00000, 0x0000000086c00000|  0%| F|  |TAMS 0x0000000086b00000, 0x0000000086b00000| Untracked 
| 108|0x0000000086c00000, 0x0000000086c00000, 0x0000000086d00000|  0%| F|  |TAMS 0x0000000086c00000, 0x0000000086c00000| Untracked 
| 109|0x0000000086d00000, 0x0000000086d00000, 0x0000000086e00000|  0%| F|  |TAMS 0x0000000086d00000, 0x0000000086d00000| Untracked 
| 110|0x0000000086e00000, 0x0000000086e00000, 0x0000000086f00000|  0%| F|  |TAMS 0x0000000086e00000, 0x0000000086e00000| Untracked 
| 111|0x0000000086f00000, 0x0000000086f00000, 0x0000000087000000|  0%| F|  |TAMS 0x0000000086f00000, 0x0000000086f00000| Untracked 
| 112|0x0000000087000000, 0x0000000087000000, 0x0000000087100000|  0%| F|  |TAMS 0x0000000087000000, 0x0000000087000000| Untracked 
| 113|0x0000000087100000, 0x0000000087100000, 0x0000000087200000|  0%| F|  |TAMS 0x0000000087100000, 0x0000000087100000| Untracked 
| 114|0x0000000087200000, 0x0000000087200000, 0x0000000087300000|  0%| F|  |TAMS 0x0000000087200000, 0x0000000087200000| Untracked 
| 115|0x0000000087300000, 0x0000000087300000, 0x0000000087400000|  0%| F|  |TAMS 0x0000000087300000, 0x0000000087300000| Untracked 
| 116|0x0000000087400000, 0x0000000087400000, 0x0000000087500000|  0%| F|  |TAMS 0x0000000087400000, 0x0000000087400000| Untracked 
| 117|0x0000000087500000, 0x0000000087500000, 0x0000000087600000|  0%| F|  |TAMS 0x0000000087500000, 0x0000000087500000| Untracked 
| 118|0x0000000087600000, 0x0000000087600000, 0x0000000087700000|  0%| F|  |TAMS 0x0000000087600000, 0x0000000087600000| Untracked 
| 119|0x0000000087700000, 0x0000000087700000, 0x0000000087800000|  0%| F|  |TAMS 0x0000000087700000, 0x0000000087700000| Untracked 
| 120|0x0000000087800000, 0x0000000087800000, 0x0000000087900000|  0%| F|  |TAMS 0x0000000087800000, 0x0000000087800000| Untracked 
| 121|0x0000000087900000, 0x0000000087900000, 0x0000000087a00000|  0%| F|  |TAMS 0x0000000087900000, 0x0000000087900000| Untracked 
| 122|0x0000000087a00000, 0x0000000087a00000, 0x0000000087b00000|  0%| F|  |TAMS 0x0000000087a00000, 0x0000000087a00000| Untracked 
| 123|0x0000000087b00000, 0x0000000087b00000, 0x0000000087c00000|  0%| F|  |TAMS 0x0000000087b00000, 0x0000000087b00000| Untracked 
| 124|0x0000000087c00000, 0x0000000087c00000, 0x0000000087d00000|  0%| F|  |TAMS 0x0000000087c00000, 0x0000000087c00000| Untracked 
| 125|0x0000000087d00000, 0x0000000087d00000, 0x0000000087e00000|  0%| F|  |TAMS 0x0000000087d00000, 0x0000000087d00000| Untracked 
| 126|0x0000000087e00000, 0x0000000087e00000, 0x0000000087f00000|  0%| F|  |TAMS 0x0000000087e00000, 0x0000000087e00000| Untracked 
| 127|0x0000000087f00000, 0x0000000087f00000, 0x0000000088000000|  0%| F|  |TAMS 0x0000000087f00000, 0x0000000087f00000| Untracked 
| 128|0x0000000088000000, 0x0000000088000000, 0x0000000088100000|  0%| F|  |TAMS 0x0000000088000000, 0x0000000088000000| Untracked 
| 129|0x0000000088100000, 0x0000000088100000, 0x0000000088200000|  0%| F|  |TAMS 0x0000000088100000, 0x0000000088100000| Untracked 
| 130|0x0000000088200000, 0x0000000088200000, 0x0000000088300000|  0%| F|  |TAMS 0x0000000088200000, 0x0000000088200000| Untracked 
| 131|0x0000000088300000, 0x0000000088300000, 0x0000000088400000|  0%| F|  |TAMS 0x0000000088300000, 0x0000000088300000| Untracked 
| 132|0x0000000088400000, 0x0000000088400000, 0x0000000088500000|  0%| F|  |TAMS 0x0000000088400000, 0x0000000088400000| Untracked 
| 133|0x0000000088500000, 0x0000000088500000, 0x0000000088600000|  0%| F|  |TAMS 0x0000000088500000, 0x0000000088500000| Untracked 
| 134|0x0000000088600000, 0x0000000088600000, 0x0000000088700000|  0%| F|  |TAMS 0x0000000088600000, 0x0000000088600000| Untracked 
| 135|0x0000000088700000, 0x0000000088737338, 0x0000000088800000| 21%| S|CS|TAMS 0x0000000088700000, 0x0000000088700000| Complete 
| 136|0x0000000088800000, 0x0000000088900000, 0x0000000088900000|100%| S|CS|TAMS 0x0000000088800000, 0x0000000088800000| Complete 
| 137|0x0000000088900000, 0x0000000088a00000, 0x0000000088a00000|100%| S|CS|TAMS 0x0000000088900000, 0x0000000088900000| Complete 
| 138|0x0000000088a00000, 0x0000000088b00000, 0x0000000088b00000|100%| S|CS|TAMS 0x0000000088a00000, 0x0000000088a00000| Complete 
| 139|0x0000000088b00000, 0x0000000088c00000, 0x0000000088c00000|100%| S|CS|TAMS 0x0000000088b00000, 0x0000000088b00000| Complete 
| 140|0x0000000088c00000, 0x0000000088d00000, 0x0000000088d00000|100%| S|CS|TAMS 0x0000000088c00000, 0x0000000088c00000| Complete 
| 141|0x0000000088d00000, 0x0000000088e00000, 0x0000000088e00000|100%| S|CS|TAMS 0x0000000088d00000, 0x0000000088d00000| Complete 
| 142|0x0000000088e00000, 0x0000000088e00000, 0x0000000088f00000|  0%| F|  |TAMS 0x0000000088e00000, 0x0000000088e00000| Untracked 
| 143|0x0000000088f00000, 0x0000000088f00000, 0x0000000089000000|  0%| F|  |TAMS 0x0000000088f00000, 0x0000000088f00000| Untracked 
| 144|0x0000000089000000, 0x0000000089000000, 0x0000000089100000|  0%| F|  |TAMS 0x0000000089000000, 0x0000000089000000| Untracked 
| 145|0x0000000089100000, 0x0000000089100000, 0x0000000089200000|  0%| F|  |TAMS 0x0000000089100000, 0x0000000089100000| Untracked 
| 146|0x0000000089200000, 0x0000000089200000, 0x0000000089300000|  0%| F|  |TAMS 0x0000000089200000, 0x0000000089200000| Untracked 
| 147|0x0000000089300000, 0x0000000089300000, 0x0000000089400000|  0%| F|  |TAMS 0x0000000089300000, 0x0000000089300000| Untracked 
| 148|0x0000000089400000, 0x0000000089400000, 0x0000000089500000|  0%| F|  |TAMS 0x0000000089400000, 0x0000000089400000| Untracked 
| 149|0x0000000089500000, 0x0000000089500000, 0x0000000089600000|  0%| F|  |TAMS 0x0000000089500000, 0x0000000089500000| Untracked 
| 150|0x0000000089600000, 0x0000000089600000, 0x0000000089700000|  0%| F|  |TAMS 0x0000000089600000, 0x0000000089600000| Untracked 
| 151|0x0000000089700000, 0x0000000089700000, 0x0000000089800000|  0%| F|  |TAMS 0x0000000089700000, 0x0000000089700000| Untracked 
| 152|0x0000000089800000, 0x0000000089800000, 0x0000000089900000|  0%| F|  |TAMS 0x0000000089800000, 0x0000000089800000| Untracked 
| 153|0x0000000089900000, 0x0000000089900000, 0x0000000089a00000|  0%| F|  |TAMS 0x0000000089900000, 0x0000000089900000| Untracked 
| 154|0x0000000089a00000, 0x0000000089a00000, 0x0000000089b00000|  0%| F|  |TAMS 0x0000000089a00000, 0x0000000089a00000| Untracked 
| 155|0x0000000089b00000, 0x0000000089b00000, 0x0000000089c00000|  0%| F|  |TAMS 0x0000000089b00000, 0x0000000089b00000| Untracked 
| 156|0x0000000089c00000, 0x0000000089c00000, 0x0000000089d00000|  0%| F|  |TAMS 0x0000000089c00000, 0x0000000089c00000| Untracked 
| 157|0x0000000089d00000, 0x0000000089d00000, 0x0000000089e00000|  0%| F|  |TAMS 0x0000000089d00000, 0x0000000089d00000| Untracked 
| 158|0x0000000089e00000, 0x0000000089e00000, 0x0000000089f00000|  0%| F|  |TAMS 0x0000000089e00000, 0x0000000089e00000| Untracked 
| 159|0x0000000089f00000, 0x0000000089f00000, 0x000000008a000000|  0%| F|  |TAMS 0x0000000089f00000, 0x0000000089f00000| Untracked 
| 160|0x000000008a000000, 0x000000008a000000, 0x000000008a100000|  0%| F|  |TAMS 0x000000008a000000, 0x000000008a000000| Untracked 
| 161|0x000000008a100000, 0x000000008a100000, 0x000000008a200000|  0%| F|  |TAMS 0x000000008a100000, 0x000000008a100000| Untracked 
| 162|0x000000008a200000, 0x000000008a200000, 0x000000008a300000|  0%| F|  |TAMS 0x000000008a200000, 0x000000008a200000| Untracked 
| 163|0x000000008a300000, 0x000000008a300000, 0x000000008a400000|  0%| F|  |TAMS 0x000000008a300000, 0x000000008a300000| Untracked 
| 164|0x000000008a400000, 0x000000008a400000, 0x000000008a500000|  0%| F|  |TAMS 0x000000008a400000, 0x000000008a400000| Untracked 
| 165|0x000000008a500000, 0x000000008a500000, 0x000000008a600000|  0%| F|  |TAMS 0x000000008a500000, 0x000000008a500000| Untracked 
| 166|0x000000008a600000, 0x000000008a600000, 0x000000008a700000|  0%| F|  |TAMS 0x000000008a600000, 0x000000008a600000| Untracked 
| 167|0x000000008a700000, 0x000000008a700000, 0x000000008a800000|  0%| F|  |TAMS 0x000000008a700000, 0x000000008a700000| Untracked 
| 168|0x000000008a800000, 0x000000008a800000, 0x000000008a900000|  0%| F|  |TAMS 0x000000008a800000, 0x000000008a800000| Untracked 
| 169|0x000000008a900000, 0x000000008a900000, 0x000000008aa00000|  0%| F|  |TAMS 0x000000008a900000, 0x000000008a900000| Untracked 
| 170|0x000000008aa00000, 0x000000008aa00000, 0x000000008ab00000|  0%| F|  |TAMS 0x000000008aa00000, 0x000000008aa00000| Untracked 
| 171|0x000000008ab00000, 0x000000008ab00000, 0x000000008ac00000|  0%| F|  |TAMS 0x000000008ab00000, 0x000000008ab00000| Untracked 
| 172|0x000000008ac00000, 0x000000008ac00000, 0x000000008ad00000|  0%| F|  |TAMS 0x000000008ac00000, 0x000000008ac00000| Untracked 
| 173|0x000000008ad00000, 0x000000008ad00000, 0x000000008ae00000|  0%| F|  |TAMS 0x000000008ad00000, 0x000000008ad00000| Untracked 
| 174|0x000000008ae00000, 0x000000008ae00000, 0x000000008af00000|  0%| F|  |TAMS 0x000000008ae00000, 0x000000008ae00000| Untracked 
| 175|0x000000008af00000, 0x000000008af00000, 0x000000008b000000|  0%| F|  |TAMS 0x000000008af00000, 0x000000008af00000| Untracked 
| 176|0x000000008b000000, 0x000000008b000000, 0x000000008b100000|  0%| F|  |TAMS 0x000000008b000000, 0x000000008b000000| Untracked 
| 177|0x000000008b100000, 0x000000008b100000, 0x000000008b200000|  0%| F|  |TAMS 0x000000008b100000, 0x000000008b100000| Untracked 
| 178|0x000000008b200000, 0x000000008b200000, 0x000000008b300000|  0%| F|  |TAMS 0x000000008b200000, 0x000000008b200000| Untracked 
| 179|0x000000008b300000, 0x000000008b300000, 0x000000008b400000|  0%| F|  |TAMS 0x000000008b300000, 0x000000008b300000| Untracked 
| 180|0x000000008b400000, 0x000000008b500000, 0x000000008b500000|100%| E|  |TAMS 0x000000008b400000, 0x000000008b400000| Complete 
| 181|0x000000008b500000, 0x000000008b600000, 0x000000008b600000|100%| E|CS|TAMS 0x000000008b500000, 0x000000008b500000| Complete 
| 182|0x000000008b600000, 0x000000008b700000, 0x000000008b700000|100%| E|CS|TAMS 0x000000008b600000, 0x000000008b600000| Complete 
| 183|0x000000008b700000, 0x000000008b800000, 0x000000008b800000|100%| E|CS|TAMS 0x000000008b700000, 0x000000008b700000| Complete 
| 184|0x000000008b800000, 0x000000008b900000, 0x000000008b900000|100%| E|CS|TAMS 0x000000008b800000, 0x000000008b800000| Complete 
| 185|0x000000008b900000, 0x000000008ba00000, 0x000000008ba00000|100%| E|CS|TAMS 0x000000008b900000, 0x000000008b900000| Complete 
| 186|0x000000008ba00000, 0x000000008bb00000, 0x000000008bb00000|100%| E|CS|TAMS 0x000000008ba00000, 0x000000008ba00000| Complete 
| 187|0x000000008bb00000, 0x000000008bc00000, 0x000000008bc00000|100%| E|CS|TAMS 0x000000008bb00000, 0x000000008bb00000| Complete 
| 188|0x000000008bc00000, 0x000000008bd00000, 0x000000008bd00000|100%| E|CS|TAMS 0x000000008bc00000, 0x000000008bc00000| Complete 
| 189|0x000000008bd00000, 0x000000008be00000, 0x000000008be00000|100%| E|CS|TAMS 0x000000008bd00000, 0x000000008bd00000| Complete 
| 190|0x000000008be00000, 0x000000008bf00000, 0x000000008bf00000|100%| E|CS|TAMS 0x000000008be00000, 0x000000008be00000| Complete 
| 191|0x000000008bf00000, 0x000000008c000000, 0x000000008c000000|100%| E|CS|TAMS 0x000000008bf00000, 0x000000008bf00000| Complete 
| 192|0x000000008c000000, 0x000000008c100000, 0x000000008c100000|100%| E|CS|TAMS 0x000000008c000000, 0x000000008c000000| Complete 
| 193|0x000000008c100000, 0x000000008c200000, 0x000000008c200000|100%| E|CS|TAMS 0x000000008c100000, 0x000000008c100000| Complete 
| 194|0x000000008c200000, 0x000000008c300000, 0x000000008c300000|100%| E|CS|TAMS 0x000000008c200000, 0x000000008c200000| Complete 
| 195|0x000000008c300000, 0x000000008c400000, 0x000000008c400000|100%| E|CS|TAMS 0x000000008c300000, 0x000000008c300000| Complete 
| 196|0x000000008c400000, 0x000000008c500000, 0x000000008c500000|100%| E|CS|TAMS 0x000000008c400000, 0x000000008c400000| Complete 
| 197|0x000000008c500000, 0x000000008c600000, 0x000000008c600000|100%| E|CS|TAMS 0x000000008c500000, 0x000000008c500000| Complete 
| 198|0x000000008c600000, 0x000000008c700000, 0x000000008c700000|100%| E|CS|TAMS 0x000000008c600000, 0x000000008c600000| Complete 
| 199|0x000000008c700000, 0x000000008c800000, 0x000000008c800000|100%| E|CS|TAMS 0x000000008c700000, 0x000000008c700000| Complete 
| 200|0x000000008c800000, 0x000000008c900000, 0x000000008c900000|100%| E|CS|TAMS 0x000000008c800000, 0x000000008c800000| Complete 
| 201|0x000000008c900000, 0x000000008ca00000, 0x000000008ca00000|100%| E|CS|TAMS 0x000000008c900000, 0x000000008c900000| Complete 
| 202|0x000000008ca00000, 0x000000008cb00000, 0x000000008cb00000|100%| E|CS|TAMS 0x000000008ca00000, 0x000000008ca00000| Complete 
| 203|0x000000008cb00000, 0x000000008cc00000, 0x000000008cc00000|100%| E|CS|TAMS 0x000000008cb00000, 0x000000008cb00000| Complete 
| 204|0x000000008cc00000, 0x000000008cd00000, 0x000000008cd00000|100%| E|CS|TAMS 0x000000008cc00000, 0x000000008cc00000| Complete 
| 205|0x000000008cd00000, 0x000000008ce00000, 0x000000008ce00000|100%| E|CS|TAMS 0x000000008cd00000, 0x000000008cd00000| Complete 
| 206|0x000000008ce00000, 0x000000008cf00000, 0x000000008cf00000|100%| E|CS|TAMS 0x000000008ce00000, 0x000000008ce00000| Complete 
| 207|0x000000008cf00000, 0x000000008d000000, 0x000000008d000000|100%| E|CS|TAMS 0x000000008cf00000, 0x000000008cf00000| Complete 
| 208|0x000000008d000000, 0x000000008d100000, 0x000000008d100000|100%| E|CS|TAMS 0x000000008d000000, 0x000000008d000000| Complete 
| 209|0x000000008d100000, 0x000000008d200000, 0x000000008d200000|100%| E|CS|TAMS 0x000000008d100000, 0x000000008d100000| Complete 
| 210|0x000000008d200000, 0x000000008d300000, 0x000000008d300000|100%| E|CS|TAMS 0x000000008d200000, 0x000000008d200000| Complete 
| 211|0x000000008d300000, 0x000000008d400000, 0x000000008d400000|100%| E|CS|TAMS 0x000000008d300000, 0x000000008d300000| Complete 
| 212|0x000000008d400000, 0x000000008d500000, 0x000000008d500000|100%| E|CS|TAMS 0x000000008d400000, 0x000000008d400000| Complete 
| 213|0x000000008d500000, 0x000000008d600000, 0x000000008d600000|100%| E|CS|TAMS 0x000000008d500000, 0x000000008d500000| Complete 
| 214|0x000000008d600000, 0x000000008d700000, 0x000000008d700000|100%| E|CS|TAMS 0x000000008d600000, 0x000000008d600000| Complete 
| 215|0x000000008d700000, 0x000000008d800000, 0x000000008d800000|100%| E|CS|TAMS 0x000000008d700000, 0x000000008d700000| Complete 
| 216|0x000000008d800000, 0x000000008d900000, 0x000000008d900000|100%| E|CS|TAMS 0x000000008d800000, 0x000000008d800000| Complete 
| 217|0x000000008d900000, 0x000000008da00000, 0x000000008da00000|100%| E|CS|TAMS 0x000000008d900000, 0x000000008d900000| Complete 
| 218|0x000000008da00000, 0x000000008db00000, 0x000000008db00000|100%| E|CS|TAMS 0x000000008da00000, 0x000000008da00000| Complete 
| 219|0x000000008db00000, 0x000000008dc00000, 0x000000008dc00000|100%| E|CS|TAMS 0x000000008db00000, 0x000000008db00000| Complete 
| 220|0x000000008dc00000, 0x000000008dd00000, 0x000000008dd00000|100%| E|CS|TAMS 0x000000008dc00000, 0x000000008dc00000| Complete 
| 221|0x000000008dd00000, 0x000000008de00000, 0x000000008de00000|100%| E|CS|TAMS 0x000000008dd00000, 0x000000008dd00000| Complete 
| 222|0x000000008de00000, 0x000000008df00000, 0x000000008df00000|100%| E|CS|TAMS 0x000000008de00000, 0x000000008de00000| Complete 
| 223|0x000000008df00000, 0x000000008e000000, 0x000000008e000000|100%| E|CS|TAMS 0x000000008df00000, 0x000000008df00000| Complete 

Card table byte_map: [0x0000028516ad0000,0x0000028516ed0000] _byte_map_base: 0x00000285166d0000

Marking Bits (Prev, Next): (CMBitMap*) 0x0000028504251120, (CMBitMap*) 0x00000285042510e0
 Prev Bits: [0x00000285192d0000, 0x000002851b2d0000)
 Next Bits: [0x00000285172d0000, 0x00000285192d0000)

Polling page: 0x0000028501f90000

Metaspace:

Usage:
  Non-class:     90.20 MB used.
      Class:     13.44 MB used.
       Both:    103.64 MB used.

Virtual space:
  Non-class space:      128.00 MB reserved,      90.50 MB ( 71%) committed,  2 nodes.
      Class space:        1.00 GB reserved,      13.69 MB (  1%) committed,  1 nodes.
             Both:        1.12 GB reserved,     104.19 MB (  9%) committed. 

Chunk freelists:
   Non-Class:  4.67 MB
       Class:  2.31 MB
        Both:  6.98 MB

MaxMetaspaceSize: unlimited
CompressedClassSpaceSize: 1.00 GB
Initial GC threshold: 21.00 MB
Current GC threshold: 141.06 MB
CDS: off
MetaspaceReclaimPolicy: balanced
 - commit_granule_bytes: 65536.
 - commit_granule_words: 8192.
 - virtual_space_node_default_size: 8388608.
 - enlarge_chunks_in_place: 1.
 - new_chunks_are_fully_committed: 0.
 - uncommit_free_chunks: 1.
 - use_allocation_guard: 0.
 - handle_deallocations: 1.


Internal statistics:

num_allocs_failed_limit: 3.
num_arena_births: 716.
num_arena_deaths: 2.
num_vsnodes_births: 3.
num_vsnodes_deaths: 0.
num_space_committed: 1665.
num_space_uncommitted: 0.
num_chunks_returned_to_freelist: 5.
num_chunks_taken_from_freelist: 4195.
num_chunk_merges: 0.
num_chunk_splits: 3233.
num_chunks_enlarged: 2648.
num_inconsistent_stats: 0.

CodeHeap 'non-profiled nmethods': size=120000Kb used=3782Kb max_used=3782Kb free=116218Kb
 bounds [0x000002850f1a0000, 0x000002850f560000, 0x00000285166d0000]
CodeHeap 'profiled nmethods': size=120000Kb used=14329Kb max_used=14329Kb free=105670Kb
 bounds [0x00000285076d0000, 0x00000285084d0000, 0x000002850ec00000]
CodeHeap 'non-nmethods': size=5760Kb used=2483Kb max_used=2510Kb free=3276Kb
 bounds [0x000002850ec00000, 0x000002850ee90000, 0x000002850f1a0000]
 total_blobs=8054 nmethods=7011 adapters=955
 compilation: enabled
              stopped_count=0, restarted_count=0
 full_count=0

Compilation events (20 events):
Event: 115.762 Thread 0x000002851d959b70 nmethod 7782 0x00000285084b6010 code [0x00000285084b61a0, 0x00000285084b62d8]
Event: 115.763 Thread 0x000002851d959b70 7783       3       org.jetbrains.kotlin.ir.declarations.IrValueParameter::<init> (5 bytes)
Event: 115.763 Thread 0x000002851d959b70 nmethod 7783 0x00000285084b6390 code [0x00000285084b6540, 0x00000285084b6778]
Event: 115.764 Thread 0x000002851d959b70 7784       3       org.jetbrains.kotlin.ir.visitors.IrElementTransformerVoid::visitDeclarationReference (16 bytes)
Event: 115.764 Thread 0x000002851d959b70 nmethod 7784 0x00000285084b6890 code [0x00000285084b6b40, 0x00000285084b7708]
Event: 115.764 Thread 0x000002851d959b70 7785       3       org.jetbrains.kotlin.ir.expressions.impl.IrTypeOperatorCallImpl::setArgument (12 bytes)
Event: 115.765 Thread 0x000002851d959b70 nmethod 7785 0x00000285084b7b10 code [0x00000285084b7d20, 0x00000285084b8318]
Event: 115.773 Thread 0x000002851d959b70 7787       3       org.jetbrains.kotlin.ir.util.TransformKt::transformInPlace (60 bytes)
Event: 115.774 Thread 0x000002851d959b70 nmethod 7787 0x00000285084b8590 code [0x00000285084b88c0, 0x00000285084b9b78]
Event: 115.774 Thread 0x000002851d959b70 7788       3       org.jetbrains.kotlin.ir.visitors.IrElementTransformerVoid::visitDeclaration (20 bytes)
Event: 115.775 Thread 0x000002851d959b70 nmethod 7788 0x00000285084ba210 code [0x00000285084ba420, 0x00000285084baa88]
Event: 115.775 Thread 0x000002851d959b70 7786       3       org.jetbrains.kotlin.ir.expressions.IrMemberAccessExpression::transformChildren (63 bytes)
Event: 115.777 Thread 0x000002851d959b70 nmethod 7786 0x00000285084bad10 code [0x00000285084bb180, 0x00000285084bd298]
Event: 115.777 Thread 0x000002851d959b70 7789       1       org.jetbrains.kotlin.backend.common.phaser.ActionState::getBeforeOrAfter (5 bytes)
Event: 115.778 Thread 0x000002851d959b70 nmethod 7789 0x000002850f54d910 code [0x000002850f54daa0, 0x000002850f54db78]
Event: 115.778 Thread 0x000002851d959b70 7790       1       org.jetbrains.kotlin.backend.common.phaser.ActionState::getConfig (5 bytes)
Event: 115.778 Thread 0x000002851d959b70 nmethod 7790 0x000002850f54dc10 code [0x000002850f54dda0, 0x000002850f54de78]
Event: 115.778 Thread 0x000002851d959b70 7791       1       org.jetbrains.kotlin.backend.common.phaser.ActionState::getPhase (5 bytes)
Event: 115.778 Thread 0x000002851d959b70 nmethod 7791 0x000002850f54df10 code [0x000002850f54e0a0, 0x000002850f54e178]
Event: 115.782 Thread 0x000002851d959b70 7793       3       org.jetbrains.kotlin.ir.util.SymbolTableSlice$Flat$1::invoke (9 bytes)

GC Heap History (20 events):
Event: 107.679 GC heap before
{Heap before GC invocations=43 (full 0):
 garbage-first heap   total 126976K, used 101817K [0x0000000080000000, 0x0000000100000000)
  region size 1024K, 23 young (23552K), 4 survivors (4096K)
 Metaspace       used 72568K, committed 73216K, reserved 1114112K
  class space    used 10068K, committed 10368K, reserved 1048576K
}
Event: 107.706 GC heap after
{Heap after GC invocations=44 (full 0):
 garbage-first heap   total 126976K, used 78449K [0x0000000080000000, 0x0000000100000000)
  region size 1024K, 3 young (3072K), 3 survivors (3072K)
 Metaspace       used 72568K, committed 73216K, reserved 1114112K
  class space    used 10068K, committed 10368K, reserved 1048576K
}
Event: 109.429 GC heap before
{Heap before GC invocations=45 (full 0):
 garbage-first heap   total 133120K, used 98929K [0x0000000080000000, 0x0000000100000000)
  region size 1024K, 24 young (24576K), 3 survivors (3072K)
 Metaspace       used 75623K, committed 76224K, reserved 1179648K
  class space    used 10408K, committed 10688K, reserved 1048576K
}
Event: 109.438 GC heap after
{Heap after GC invocations=46 (full 0):
 garbage-first heap   total 133120K, used 79730K [0x0000000080000000, 0x0000000100000000)
  region size 1024K, 2 young (2048K), 2 survivors (2048K)
 Metaspace       used 75623K, committed 76224K, reserved 1179648K
  class space    used 10408K, committed 10688K, reserved 1048576K
}
Event: 109.732 GC heap before
{Heap before GC invocations=46 (full 0):
 garbage-first heap   total 133120K, used 90994K [0x0000000080000000, 0x0000000100000000)
  region size 1024K, 6 young (6144K), 2 survivors (2048K)
 Metaspace       used 75991K, committed 76608K, reserved 1179648K
  class space    used 10450K, committed 10752K, reserved 1048576K
}
Event: 109.737 GC heap after
{Heap after GC invocations=47 (full 0):
 garbage-first heap   total 133120K, used 87645K [0x0000000080000000, 0x0000000100000000)
  region size 1024K, 1 young (1024K), 1 survivors (1024K)
 Metaspace       used 75991K, committed 76608K, reserved 1179648K
  class space    used 10450K, committed 10752K, reserved 1048576K
}
Event: 110.392 GC heap before
{Heap before GC invocations=47 (full 0):
 garbage-first heap   total 133120K, used 108125K [0x0000000080000000, 0x0000000100000000)
  region size 1024K, 21 young (21504K), 1 survivors (1024K)
 Metaspace       used 78126K, committed 78720K, reserved 1179648K
  class space    used 10698K, committed 11008K, reserved 1048576K
}
Event: 110.395 GC heap after
{Heap after GC invocations=48 (full 0):
 garbage-first heap   total 133120K, used 88739K [0x0000000080000000, 0x0000000100000000)
  region size 1024K, 2 young (2048K), 2 survivors (2048K)
 Metaspace       used 78126K, committed 78720K, reserved 1179648K
  class space    used 10698K, committed 11008K, reserved 1048576K
}
Event: 110.837 GC heap before
{Heap before GC invocations=49 (full 0):
 garbage-first heap   total 160768K, used 109219K [0x0000000080000000, 0x0000000100000000)
  region size 1024K, 23 young (23552K), 2 survivors (2048K)
 Metaspace       used 80820K, committed 81472K, reserved 1179648K
  class space    used 10902K, committed 11200K, reserved 1048576K
}
Event: 110.842 GC heap after
{Heap after GC invocations=50 (full 0):
 garbage-first heap   total 160768K, used 90360K [0x0000000080000000, 0x0000000100000000)
  region size 1024K, 3 young (3072K), 3 survivors (3072K)
 Metaspace       used 80820K, committed 81472K, reserved 1179648K
  class space    used 10902K, committed 11200K, reserved 1048576K
}
Event: 110.908 GC heap before
{Heap before GC invocations=50 (full 0):
 garbage-first heap   total 160768K, used 93432K [0x0000000080000000, 0x0000000100000000)
  region size 1024K, 7 young (7168K), 3 survivors (3072K)
 Metaspace       used 81376K, committed 82048K, reserved 1179648K
  class space    used 10951K, committed 11264K, reserved 1048576K
}
Event: 110.914 GC heap after
{Heap after GC invocations=51 (full 0):
 garbage-first heap   total 160768K, used 90391K [0x0000000080000000, 0x0000000100000000)
  region size 1024K, 1 young (1024K), 1 survivors (1024K)
 Metaspace       used 81376K, committed 82048K, reserved 1179648K
  class space    used 10951K, committed 11264K, reserved 1048576K
}
Event: 111.740 GC heap before
{Heap before GC invocations=51 (full 0):
 garbage-first heap   total 160768K, used 126231K [0x0000000080000000, 0x0000000100000000)
  region size 1024K, 36 young (36864K), 1 survivors (1024K)
 Metaspace       used 85614K, committed 86272K, reserved 1179648K
  class space    used 11471K, committed 11776K, reserved 1048576K
}
Event: 111.747 GC heap after
{Heap after GC invocations=52 (full 0):
 garbage-first heap   total 229376K, used 91662K [0x0000000080000000, 0x0000000100000000)
  region size 1024K, 2 young (2048K), 2 survivors (2048K)
 Metaspace       used 85614K, committed 86272K, reserved 1179648K
  class space    used 11471K, committed 11776K, reserved 1048576K
}
Event: 113.177 GC heap before
{Heap before GC invocations=53 (full 0):
 garbage-first heap   total 229376K, used 170510K [0x0000000080000000, 0x0000000100000000)
  region size 1024K, 78 young (79872K), 2 survivors (2048K)
 Metaspace       used 92095K, committed 92736K, reserved 1179648K
  class space    used 12266K, committed 12544K, reserved 1048576K
}
Event: 113.189 GC heap after
{Heap after GC invocations=54 (full 0):
 garbage-first heap   total 229376K, used 96244K [0x0000000080000000, 0x0000000100000000)
  region size 1024K, 7 young (7168K), 7 survivors (7168K)
 Metaspace       used 92095K, committed 92736K, reserved 1179648K
  class space    used 12266K, committed 12544K, reserved 1048576K
}
Event: 113.283 GC heap before
{Heap before GC invocations=54 (full 0):
 garbage-first heap   total 229376K, used 100340K [0x0000000080000000, 0x0000000100000000)
  region size 1024K, 11 young (11264K), 7 survivors (7168K)
 Metaspace       used 92497K, committed 93120K, reserved 1179648K
  class space    used 12314K, committed 12608K, reserved 1048576K
}
Event: 113.294 GC heap after
{Heap after GC invocations=55 (full 0):
 garbage-first heap   total 229376K, used 96606K [0x0000000080000000, 0x0000000100000000)
  region size 1024K, 1 young (1024K), 1 survivors (1024K)
 Metaspace       used 92497K, committed 93120K, reserved 1179648K
  class space    used 12314K, committed 12608K, reserved 1048576K
}
Event: 114.864 GC heap before
{Heap before GC invocations=55 (full 0):
 garbage-first heap   total 229376K, used 178526K [0x0000000080000000, 0x0000000100000000)
  region size 1024K, 82 young (83968K), 1 survivors (1024K)
 Metaspace       used 99786K, committed 100352K, reserved 1179648K
  class space    used 13057K, committed 13312K, reserved 1048576K
}
Event: 114.876 GC heap after
{Heap after GC invocations=56 (full 0):
 garbage-first heap   total 229376K, used 102019K [0x0000000080000000, 0x0000000100000000)
  region size 1024K, 7 young (7168K), 7 survivors (7168K)
 Metaspace       used 99786K, committed 100352K, reserved 1179648K
  class space    used 13057K, committed 13312K, reserved 1048576K
}

Dll operation events (3 events):
Event: 0.057 Loaded shared library C:\Program Files\Android\Android Studio\jbr\bin\java.dll
Event: 1.855 Loaded shared library C:\Program Files\Android\Android Studio\jbr\bin\zip.dll
Event: 6.947 Loaded shared library C:\Program Files\Android\Android Studio\jbr\bin\verify.dll

Deoptimization events (20 events):
Event: 114.474 Thread 0x000002852370e850 DEOPT PACKING pc=0x000002850f508ab4 sp=0x000000e23d2f54c0
Event: 114.474 Thread 0x000002852370e850 DEOPT UNPACKING pc=0x000002850ec569a3 sp=0x000000e23d2f5410 mode 2
Event: 114.479 Thread 0x000002852370e850 Uncommon trap: trap_request=0xffffffde fr.pc=0x000002850f503bd4 relative=0x00000000000005d4
Event: 114.479 Thread 0x000002852370e850 Uncommon trap: reason=class_check action=maybe_recompile pc=0x000002850f503bd4 method=org.jetbrains.kotlin.storage.LockBasedStorageManager$LockBasedLazyValue.invoke()Ljava/lang/Object; @ 24 c2
Event: 114.479 Thread 0x000002852370e850 DEOPT PACKING pc=0x000002850f503bd4 sp=0x000000e23d2f51c0
Event: 114.479 Thread 0x000002852370e850 DEOPT UNPACKING pc=0x000002850ec569a3 sp=0x000000e23d2f5180 mode 2
Event: 114.639 Thread 0x000002852370e850 DEOPT PACKING pc=0x0000028508248369 sp=0x000000e23d2f5af0
Event: 114.639 Thread 0x000002852370e850 DEOPT UNPACKING pc=0x000002850ec57143 sp=0x000000e23d2f4ff8 mode 0
Event: 114.912 Thread 0x000002852370e850 Uncommon trap: trap_request=0xffffff45 fr.pc=0x000002850f4bdac0 relative=0x0000000000000e40
Event: 114.912 Thread 0x000002852370e850 Uncommon trap: reason=unstable_if action=reinterpret pc=0x000002850f4bdac0 method=org.jetbrains.kotlin.metadata.ProtoBuf$Type.getSerializedSize()I @ 176 c2
Event: 114.912 Thread 0x000002852370e850 DEOPT PACKING pc=0x000002850f4bdac0 sp=0x000000e23d2f4080
Event: 114.912 Thread 0x000002852370e850 DEOPT UNPACKING pc=0x000002850ec569a3 sp=0x000000e23d2f4040 mode 2
Event: 114.912 Thread 0x000002852370e850 Uncommon trap: trap_request=0xffffff45 fr.pc=0x000002850f4f3e08 relative=0x00000000000021e8
Event: 114.912 Thread 0x000002852370e850 Uncommon trap: reason=unstable_if action=reinterpret pc=0x000002850f4f3e08 method=org.jetbrains.kotlin.metadata.ProtoBuf$Type.writeTo(Lorg/jetbrains/kotlin/protobuf/CodedOutputStream;)V @ 160 c2
Event: 114.912 Thread 0x000002852370e850 DEOPT PACKING pc=0x000002850f4f3e08 sp=0x000000e23d2f3fb0
Event: 114.912 Thread 0x000002852370e850 DEOPT UNPACKING pc=0x000002850ec569a3 sp=0x000000e23d2f3fc8 mode 2
Event: 115.111 Thread 0x000002852370e850 Uncommon trap: trap_request=0xffffffd6 fr.pc=0x000002850f431350 relative=0x00000000000003b0
Event: 115.111 Thread 0x000002852370e850 Uncommon trap: reason=array_check action=maybe_recompile pc=0x000002850f431350 method=java.util.LinkedHashMap.keysToArray([Ljava/lang/Object;)[Ljava/lang/Object; @ 25 c2
Event: 115.111 Thread 0x000002852370e850 DEOPT PACKING pc=0x000002850f431350 sp=0x000000e23d2f5bd0
Event: 115.111 Thread 0x000002852370e850 DEOPT UNPACKING pc=0x000002850ec569a3 sp=0x000000e23d2f5b78 mode 2

Classes unloaded (1 events):
Event: 89.302 Thread 0x000002851d7c16f0 Unloading class 0x00000001006cc800 'java/lang/invoke/LambdaForm$DMH+0x00000001006cc800'

Classes redefined (0 events):
No events

Internal exceptions (20 events):
Event: 98.452 Thread 0x000002852370e850 Implicit null exception at 0x000002850f1e14f2 to 0x000002850f1e1b0c
Event: 98.976 Thread 0x000002852370e850 Implicit null exception at 0x000002850f2029f2 to 0x000002850f20300c
Event: 99.972 Thread 0x000002852370e850 Exception <a 'sun/nio/fs/WindowsException'{0x00000000855aa3d8}> (0x00000000855aa3d8) 
thrown [s\src\hotspot\share\prims\jni.cpp, line 517]
Event: 99.972 Thread 0x000002852370e850 Exception <a 'sun/nio/fs/WindowsException'{0x00000000855abee8}> (0x00000000855abee8) 
thrown [s\src\hotspot\share\prims\jni.cpp, line 517]
Event: 100.941 Thread 0x000002852370e850 Exception <a 'java/lang/NoSuchMethodError'{0x0000000086201b00}: 'long java.lang.invoke.DirectMethodHandle$Holder.invokeStatic(java.lang.Object)'> (0x0000000086201b00) 
thrown [s\src\hotspot\share\interpreter\linkResolver.cpp, line 771]
Event: 100.948 Thread 0x000002852370e850 Exception <a 'java/lang/NoSuchMethodError'{0x00000000862066a0}: 'long java.lang.invoke.DirectMethodHandle$Holder.invokeStaticInit(java.lang.Object)'> (0x00000000862066a0) 
thrown [s\src\hotspot\share\interpreter\linkResolver.cpp, line 771]
Event: 101.734 Thread 0x000002852370e850 Exception <a 'java/lang/NoSuchMethodError'{0x0000000085d47120}: 'long java.lang.invoke.Invokers$Holder.invoke_MT(java.lang.Object, java.lang.Object, java.lang.Object, java.lang.Object)'> (0x0000000085d47120) 
thrown [s\src\hotspot\share\interpreter\linkResolver.cpp, line 771]
Event: 101.749 Thread 0x000002852370e850 Exception <a 'java/lang/NoSuchMethodError'{0x0000000085d504c8}: 'int java.lang.invoke.Invokers$Holder.invoke_MT(java.lang.Object, java.lang.Object, java.lang.Object, java.lang.Object)'> (0x0000000085d504c8) 
thrown [s\src\hotspot\share\interpreter\linkResolver.cpp, line 771]
Event: 101.769 Thread 0x000002852370e850 Exception <a 'java/lang/NoSuchMethodError'{0x0000000085d60cf0}: 'void java.lang.invoke.DelegatingMethodHandle$Holder.reinvoke_L(java.lang.Object, java.lang.Object, java.lang.Object, long, java.lang.Object)'> (0x0000000085d60cf0) 
thrown [s\src\hotspot\share\interpreter\linkResolver.cpp, line 771]
Event: 101.779 Thread 0x000002852370e850 Exception <a 'java/lang/NoSuchMethodError'{0x0000000085d69620}: 'java.lang.Object java.lang.invoke.DirectMethodHandle$Holder.invokeSpecial(java.lang.Object, java.lang.Object, java.lang.Object, java.lang.Object, long)'> (0x0000000085d69620) 
thrown [s\src\hotspot\share\interpreter\linkResolver.cpp, line 771]
Event: 101.782 Thread 0x000002852370e850 Exception <a 'java/lang/NoSuchMethodError'{0x0000000085d79d18}: 'int java.lang.invoke.DelegatingMethodHandle$Holder.reinvoke_L(java.lang.Object, java.lang.Object, java.lang.Object, long, java.lang.Object, java.lang.Object)'> (0x0000000085d79d18) 
thrown [s\src\hotspot\share\interpreter\linkResolver.cpp, line 771]
Event: 101.785 Thread 0x000002852370e850 Exception <a 'java/lang/NoSuchMethodError'{0x0000000085d89d58}: 'int java.lang.invoke.DelegatingMethodHandle$Holder.reinvoke_L(java.lang.Object, java.lang.Object, java.lang.Object, long, int, int)'> (0x0000000085d89d58) 
thrown [s\src\hotspot\share\interpreter\linkResolver.cpp, line 771]
Event: 101.787 Thread 0x000002852370e850 Exception <a 'java/lang/NoSuchMethodError'{0x0000000085d99e50}: 'int java.lang.invoke.DelegatingMethodHandle$Holder.reinvoke_L(java.lang.Object, java.lang.Object, java.lang.Object, long, long, long)'> (0x0000000085d99e50) 
thrown [s\src\hotspot\share\interpreter\linkResolver.cpp, line 771]
Event: 101.789 Thread 0x000002852370e850 Exception <a 'java/lang/NoSuchMethodError'{0x0000000085da9918}: 'int java.lang.invoke.DelegatingMethodHandle$Holder.reinvoke_L(java.lang.Object, java.lang.Object, java.lang.Object, long, int)'> (0x0000000085da9918) 
thrown [s\src\hotspot\share\interpreter\linkResolver.cpp, line 771]
Event: 105.200 Thread 0x000002852370e850 Exception <a 'java/lang/NoSuchMethodError'{0x0000000085a06ac8}: 'void java.lang.invoke.DirectMethodHandle$Holder.invokeVirtual(java.lang.Object, java.lang.Object)'> (0x0000000085a06ac8) 
thrown [s\src\hotspot\share\interpreter\linkResolver.cpp, line 771]
Event: 106.131 Thread 0x000002852370e850 Exception <a 'java/lang/NoSuchMethodError'{0x00000000867098d0}: 'java.lang.Object java.lang.invoke.Invokers$Holder.invokeExact_MT(java.lang.Object, java.lang.Object, long, java.lang.Object)'> (0x00000000867098d0) 
thrown [s\src\hotspot\share\interpreter\linkResolver.cpp, line 771]
Event: 106.213 Thread 0x000002852370e850 Exception <a 'java/lang/NoSuchMethodError'{0x0000000086574280}: 'java.lang.Object java.lang.invoke.Invokers$Holder.invoke_MT(java.lang.Object, java.lang.Object, java.lang.Object)'> (0x0000000086574280) 
thrown [s\src\hotspot\share\interpreter\linkResolver.cpp, line 771]
Event: 106.956 Thread 0x000002852370e850 Implicit null exception at 0x000002850f261a00 to 0x000002850f262a68
Event: 112.229 Thread 0x000002852370e850 Exception <a 'java/lang/NoSuchMethodError'{0x000000008c938658}: 'java.lang.Object java.lang.invoke.DirectMethodHandle$Holder.invokeStatic(java.lang.Object, java.lang.Object, java.lang.Object, java.lang.Object, int)'> (0x000000008c938658) 
thrown [s\src\hotspot\share\interpreter\linkResolver.cpp, line 771]
Event: 114.813 Thread 0x000002852370e850 Exception <a 'java/lang/NoSuchMethodError'{0x00000000890ad3a8}: 'java.lang.Object java.lang.invoke.DirectMethodHandle$Holder.newInvokeSpecial(java.lang.Object, java.lang.Object, java.lang.Object, int, int, java.lang.Object, java.lang.Object)'> (0x00000000890ad3a8) 
thrown [s\src\hotspot\share\interpreter\linkResolver.cpp, line 771]

VM Operations (20 events):
Event: 113.690 Executing VM operation: ICBufferFull
Event: 113.690 Executing VM operation: ICBufferFull done
Event: 114.326 Executing VM operation: HandshakeAllThreads
Event: 114.326 Executing VM operation: HandshakeAllThreads done
Event: 114.352 Executing VM operation: HandshakeAllThreads
Event: 114.352 Executing VM operation: HandshakeAllThreads done
Event: 114.473 Executing VM operation: ICBufferFull
Event: 114.473 Executing VM operation: ICBufferFull done
Event: 114.863 Executing VM operation: G1CollectForAllocation
Event: 114.876 Executing VM operation: G1CollectForAllocation done
Event: 114.997 Executing VM operation: HandshakeAllThreads
Event: 114.997 Executing VM operation: HandshakeAllThreads done
Event: 115.050 Executing VM operation: HandshakeAllThreads
Event: 115.050 Executing VM operation: HandshakeAllThreads done
Event: 115.341 Executing VM operation: HandshakeAllThreads
Event: 115.341 Executing VM operation: HandshakeAllThreads done
Event: 115.447 Executing VM operation: HandshakeAllThreads
Event: 115.447 Executing VM operation: HandshakeAllThreads done
Event: 115.448 Executing VM operation: HandshakeAllThreads
Event: 115.448 Executing VM operation: HandshakeAllThreads done

Events (20 events):
Event: 111.789 loading class java/util/AbstractList$ListItr done
Event: 112.142 loading class java/util/function/IntUnaryOperator
Event: 112.142 loading class java/util/function/IntUnaryOperator done
Event: 112.202 loading class java/util/AbstractList$SubList
Event: 112.202 loading class java/util/AbstractList$SubList done
Event: 112.202 loading class java/util/AbstractList$SubList$1
Event: 112.203 loading class java/util/AbstractList$SubList$1 done
Event: 113.019 Thread 0x000002851d9bb200 flushing nmethod 0x000002850f3b7990
Event: 113.019 Thread 0x000002851d9bb200 flushing nmethod 0x000002850f3ed910
Event: 113.020 Thread 0x000002851d9bb200 flushing nmethod 0x000002850f485690
Event: 113.020 Thread 0x000002851d9bb200 flushing nmethod 0x00000285076f4c90
Event: 113.020 Thread 0x000002851d9bb200 flushing nmethod 0x0000028507711010
Event: 113.023 Thread 0x000002851d9bb200 flushing nmethod 0x0000028507aa9790
Event: 113.023 Thread 0x000002851d9bb200 flushing nmethod 0x0000028507b43510
Event: 113.025 Thread 0x000002851d9bb200 flushing nmethod 0x0000028507cabe10
Event: 113.025 Thread 0x000002851d9bb200 flushing nmethod 0x0000028507cca890
Event: 113.026 Thread 0x000002851d9bb200 flushing nmethod 0x0000028507d98b90
Event: 113.026 Thread 0x000002851d9bb200 flushing nmethod 0x0000028507d99c10
Event: 113.582 loading class java/util/AbstractList$RandomAccessSubList
Event: 113.582 loading class java/util/AbstractList$RandomAccessSubList done


Dynamic libraries:
0x00007ff7e7120000 - 0x00007ff7e712a000 	C:\Program Files\Android\Android Studio\jbr\bin\java.exe
0x00007ffb511b0000 - 0x00007ffb513a8000 	C:\WINDOWS\SYSTEM32\ntdll.dll
0x00007ffb44d50000 - 0x00007ffb44d69000 	C:\Program Files\Avast Software\Avast\aswhook.dll
0x00007ffb4f4b0000 - 0x00007ffb4f56d000 	C:\WINDOWS\System32\KERNEL32.DLL
0x00007ffb4eb90000 - 0x00007ffb4ee86000 	C:\WINDOWS\System32\KERNELBASE.dll
0x00007ffb4ea60000 - 0x00007ffb4eb60000 	C:\WINDOWS\System32\ucrtbase.dll
0x00007ffb49450000 - 0x00007ffb49467000 	C:\Program Files\Android\Android Studio\jbr\bin\jli.dll
0x00007ffb4fe50000 - 0x00007ffb4ffef000 	C:\WINDOWS\System32\USER32.dll
0x00007ffb4eb60000 - 0x00007ffb4eb82000 	C:\WINDOWS\System32\win32u.dll
0x00007ffb4f570000 - 0x00007ffb4f59b000 	C:\WINDOWS\System32\GDI32.dll
0x00007ffb49430000 - 0x00007ffb4944b000 	C:\Program Files\Android\Android Studio\jbr\bin\VCRUNTIME140.dll
0x00007ffb3c620000 - 0x00007ffb3c8ba000 	C:\WINDOWS\WinSxS\amd64_microsoft.windows.common-controls_6595b64144ccf1df_6.0.19041.4355_none_60b8b9eb71f62e16\COMCTL32.dll
0x00007ffb4f5a0000 - 0x00007ffb4f63e000 	C:\WINDOWS\System32\msvcrt.dll
0x00007ffb4ef60000 - 0x00007ffb4f077000 	C:\WINDOWS\System32\gdi32full.dll
0x00007ffb4ee90000 - 0x00007ffb4ef2d000 	C:\WINDOWS\System32\msvcp_win.dll
0x00007ffb50610000 - 0x00007ffb50642000 	C:\WINDOWS\System32\IMM32.DLL
0x00007ffb49c40000 - 0x00007ffb49c4c000 	C:\Program Files\Android\Android Studio\jbr\bin\vcruntime140_1.dll
0x00007ffb442a0000 - 0x00007ffb4432d000 	C:\Program Files\Android\Android Studio\jbr\bin\msvcp140.dll
0x00007ffb06560000 - 0x00007ffb071e3000 	C:\Program Files\Android\Android Studio\jbr\bin\server\jvm.dll
0x00007ffb510c0000 - 0x00007ffb51170000 	C:\WINDOWS\System32\ADVAPI32.dll
0x00007ffb50080000 - 0x00007ffb50120000 	C:\WINDOWS\System32\sechost.dll
0x00007ffb50e10000 - 0x00007ffb50f33000 	C:\WINDOWS\System32\RPCRT4.dll
0x00007ffb4ef30000 - 0x00007ffb4ef57000 	C:\WINDOWS\System32\bcrypt.dll
0x00007ffb4ddf0000 - 0x00007ffb4de3b000 	C:\WINDOWS\SYSTEM32\POWRPROF.dll
0x00007ffb3acd0000 - 0x00007ffb3acd9000 	C:\WINDOWS\SYSTEM32\WSOCK32.dll
0x00007ffb50700000 - 0x00007ffb5076b000 	C:\WINDOWS\System32\WS2_32.dll
0x00007ffb30450000 - 0x00007ffb30477000 	C:\WINDOWS\SYSTEM32\WINMM.dll
0x00007ffb479e0000 - 0x00007ffb479ea000 	C:\WINDOWS\SYSTEM32\VERSION.dll
0x00007ffb4dc50000 - 0x00007ffb4dc62000 	C:\WINDOWS\SYSTEM32\UMPDC.dll
0x00007ffb4c6e0000 - 0x00007ffb4c6f2000 	C:\WINDOWS\SYSTEM32\kernel.appcore.dll
0x00007ffb4a730000 - 0x00007ffb4a73a000 	C:\Program Files\Android\Android Studio\jbr\bin\jimage.dll
0x00007ffb44d70000 - 0x00007ffb44f54000 	C:\WINDOWS\SYSTEM32\DBGHELP.DLL
0x00007ffb44570000 - 0x00007ffb445a4000 	C:\WINDOWS\SYSTEM32\dbgcore.DLL
0x00007ffb4e8b0000 - 0x00007ffb4e932000 	C:\WINDOWS\System32\bcryptPrimitives.dll
0x00007ffb49920000 - 0x00007ffb4992e000 	C:\Program Files\Android\Android Studio\jbr\bin\instrument.dll
0x00007ffb4a5d0000 - 0x00007ffb4a5f5000 	C:\Program Files\Android\Android Studio\jbr\bin\java.dll
0x00007ffb49b30000 - 0x00007ffb49b48000 	C:\Program Files\Android\Android Studio\jbr\bin\zip.dll
0x00007ffb4f6e0000 - 0x00007ffb4fe4b000 	C:\WINDOWS\System32\SHELL32.dll
0x00007ffb4c8e0000 - 0x00007ffb4d07d000 	C:\WINDOWS\SYSTEM32\windows.storage.dll
0x00007ffb50900000 - 0x00007ffb50c53000 	C:\WINDOWS\System32\combase.dll
0x00007ffb4e280000 - 0x00007ffb4e2ae000 	C:\WINDOWS\SYSTEM32\Wldp.dll
0x00007ffb50ff0000 - 0x00007ffb510bd000 	C:\WINDOWS\System32\OLEAUT32.dll
0x00007ffb50650000 - 0x00007ffb506fd000 	C:\WINDOWS\System32\SHCORE.dll
0x00007ffb50d40000 - 0x00007ffb50d95000 	C:\WINDOWS\System32\shlwapi.dll
0x00007ffb4e790000 - 0x00007ffb4e7b4000 	C:\WINDOWS\SYSTEM32\profapi.dll
0x00007ffb49610000 - 0x00007ffb49629000 	C:\Program Files\Android\Android Studio\jbr\bin\net.dll
0x00007ffb44fc0000 - 0x00007ffb450ca000 	C:\WINDOWS\SYSTEM32\WINHTTP.dll
0x00007ffb4dfe0000 - 0x00007ffb4e04a000 	C:\WINDOWS\system32\mswsock.dll
0x00007ffb494d0000 - 0x00007ffb494e6000 	C:\Program Files\Android\Android Studio\jbr\bin\nio.dll
0x00007ffb4a630000 - 0x00007ffb4a640000 	C:\Program Files\Android\Android Studio\jbr\bin\verify.dll
0x00007ffb49350000 - 0x00007ffb49377000 	C:\Users\Pubudu\.gradle\native\c067742578af261105cb4f569cf0c3c89f3d7b1fecec35dd04571415982c5e48\windows-amd64\native-platform.dll
0x00007ffb34c90000 - 0x00007ffb34dd4000 	C:\Users\Pubudu\.gradle\native\38dada09dfb8b06ba9b0570ebf7e218e3eb74d4ef43ca46872605cf95ebc2f47\windows-amd64\native-platform-file-events.dll
0x00007ffb49b20000 - 0x00007ffb49b29000 	C:\Program Files\Android\Android Studio\jbr\bin\management.dll
0x00007ffb49a90000 - 0x00007ffb49a9b000 	C:\Program Files\Android\Android Studio\jbr\bin\management_ext.dll
0x00007ffb4f6d0000 - 0x00007ffb4f6d8000 	C:\WINDOWS\System32\PSAPI.DLL
0x00007ffb4e1e0000 - 0x00007ffb4e1f8000 	C:\WINDOWS\SYSTEM32\CRYPTSP.dll
0x00007ffb4d890000 - 0x00007ffb4d8c4000 	C:\WINDOWS\system32\rsaenh.dll
0x00007ffb4e700000 - 0x00007ffb4e72e000 	C:\WINDOWS\SYSTEM32\USERENV.dll
0x00007ffb4e1d0000 - 0x00007ffb4e1dc000 	C:\WINDOWS\SYSTEM32\CRYPTBASE.dll
0x00007ffb4dc70000 - 0x00007ffb4dcab000 	C:\WINDOWS\SYSTEM32\IPHLPAPI.DLL
0x00007ffb50e00000 - 0x00007ffb50e08000 	C:\WINDOWS\System32\NSI.dll
0x00007ffb468d0000 - 0x00007ffb468e7000 	C:\WINDOWS\SYSTEM32\dhcpcsvc6.DLL
0x00007ffb46d10000 - 0x00007ffb46d2d000 	C:\WINDOWS\SYSTEM32\dhcpcsvc.DLL
0x00007ffb4dcb0000 - 0x00007ffb4dd7b000 	C:\WINDOWS\SYSTEM32\DNSAPI.dll
0x00007ffb49be0000 - 0x00007ffb49be9000 	C:\Program Files\Android\Android Studio\jbr\bin\extnet.dll
0x00007ffb49c30000 - 0x00007ffb49c37000 	C:\WINDOWS\system32\wshunix.dll

dbghelp: loaded successfully - version: 4.0.5 - missing functions: none
symbol engine: initialized successfully - sym options: 0x614 - pdb path: .;C:\Program Files\Android\Android Studio\jbr\bin;C:\WINDOWS\SYSTEM32;C:\Program Files\Avast Software\Avast;C:\WINDOWS\WinSxS\amd64_microsoft.windows.common-controls_6595b64144ccf1df_6.0.19041.4355_none_60b8b9eb71f62e16;C:\Program Files\Android\Android Studio\jbr\bin\server;C:\Users\Pubudu\.gradle\native\c067742578af261105cb4f569cf0c3c89f3d7b1fecec35dd04571415982c5e48\windows-amd64;C:\Users\Pubudu\.gradle\native\38dada09dfb8b06ba9b0570ebf7e218e3eb74d4ef43ca46872605cf95ebc2f47\windows-amd64

VM Arguments:
jvm_args: --add-opens=java.base/java.util=ALL-UNNAMED --add-opens=java.base/java.lang=ALL-UNNAMED --add-opens=java.base/java.lang.invoke=ALL-UNNAMED --add-opens=java.prefs/java.util.prefs=ALL-UNNAMED --add-opens=java.base/java.nio.charset=ALL-UNNAMED --add-opens=java.base/java.net=ALL-UNNAMED --add-opens=java.base/java.util.concurrent.atomic=ALL-UNNAMED -Xmx2048m -Dfile.encoding=UTF-8 -Duser.country=US -Duser.language=en -Duser.variant -javaagent:C:\Users\Pubudu\.gradle\wrapper\dists\gradle-8.6-bin\afr5mpiioh2wthjmwnkmdsd5w\gradle-8.6\lib\agents\gradle-instrumentation-agent-8.6.jar 
java_command: org.gradle.launcher.daemon.bootstrap.GradleDaemon 8.6
java_class_path (initial): C:\Users\Pubudu\.gradle\wrapper\dists\gradle-8.6-bin\afr5mpiioh2wthjmwnkmdsd5w\gradle-8.6\lib\gradle-launcher-8.6.jar
Launcher Type: SUN_STANDARD

[Global flags]
     intx CICompilerCount                          = 3                                         {product} {ergonomic}
     uint ConcGCThreads                            = 1                                         {product} {ergonomic}
     uint G1ConcRefinementThreads                  = 4                                         {product} {ergonomic}
   size_t G1HeapRegionSize                         = 1048576                                   {product} {ergonomic}
    uintx GCDrainStackTargetSize                   = 64                                        {product} {ergonomic}
   size_t InitialHeapSize                          = 134217728                                 {product} {ergonomic}
   size_t MarkStackSize                            = 4194304                                   {product} {ergonomic}
   size_t MaxHeapSize                              = 2147483648                                {product} {command line}
   size_t MaxNewSize                               = 1287651328                                {product} {ergonomic}
   size_t MinHeapDeltaBytes                        = 1048576                                   {product} {ergonomic}
   size_t MinHeapSize                              = 8388608                                   {product} {ergonomic}
    uintx NonNMethodCodeHeapSize                   = 5832780                                {pd product} {ergonomic}
    uintx NonProfiledCodeHeapSize                  = 122912730                              {pd product} {ergonomic}
    uintx ProfiledCodeHeapSize                     = 122912730                              {pd product} {ergonomic}
    uintx ReservedCodeCacheSize                    = 251658240                              {pd product} {ergonomic}
     bool SegmentedCodeCache                       = true                                      {product} {ergonomic}
   size_t SoftMaxHeapSize                          = 2147483648                             {manageable} {ergonomic}
     bool UseCompressedClassPointers               = true                           {product lp64_product} {ergonomic}
     bool UseCompressedOops                        = true                           {product lp64_product} {ergonomic}
     bool UseG1GC                                  = true                                      {product} {ergonomic}
     bool UseLargePagesIndividualAllocation        = false                                  {pd product} {ergonomic}

Logging:
Log output configuration:
 #0: stdout all=warning uptime,level,tags
 #1: stderr all=off uptime,level,tags

Environment Variables:
JAVA_HOME=C:\Program Files\Java\jdk-20
PATH=C:\Program Files\Common Files\Oracle\Java\javapath;C:\Program Files (x86)\Common Files\Oracle\Java\java8path;C:\Program Files (x86)\Common Files\Oracle\Java\javapath;C:\xampp\php:C:\Program Files\Common Files\Oracle\Java\javapath;C:\WINDOWS\system32;C:\WINDOWS;C:\WINDOWS\System32\Wbem;C:\WINDOWS\System32\WindowsPowerShell\v1.0\;C:\WINDOWS\System32\OpenSSH\;C:\Program Files\Microsoft SQL Server\150\Tools\Binn\;C:\Program Files\Microsoft SQL Server\Client SDK\ODBC\170\Tools\Binn\;C:\Program Files\Common Files\Autodesk Shared\;C:\Program Files\Java\jdk-20\bin;C:\Program Files\dotnet\;C:\Program Files\nodejs\;C:\ProgramData\Microsoft\Windows\Start Menu\Programs\Node.js;C:\Users\Pubudu\AppData\Roaming;C:\Program Files\nodejs\node_modules\npm;C:\Program Files\Git\cmd;C:\Program Files (x86)\Microsoft SQL Server\160\DTS\Binn\;C:\Program Files (x86)\Microsoft SQL Server\160\Tools\Binn\;C:\Program Files\Microsoft SQL Server\160\Tools\Binn\;C:\Program Files\Microsoft SQL Server\160\DTS\Binn\;C:\Users\Pubudu\AppData\Local\Microsoft\WindowsApps;C:\Users\Pubudu\.dotnet\tools;C:\Users\Pubudu\AppData\Roaming\npm;C:\Program Files\nodejs;;C:\Program Files\Azure Data Studio\bin;C:\Users\Pubudu\AppData\Local\Programs\Vs Code\Microsoft VS Code\bin
USERNAME=Pubudu
OS=Windows_NT
PROCESSOR_IDENTIFIER=Intel64 Family 6 Model 78 Stepping 3, GenuineIntel
TMP=C:\Users\Pubudu\AppData\Local\Temp
TEMP=C:\Users\Pubudu\AppData\Local\Temp



Periodic native trim disabled

JNI global refs:
JNI global refs: 24, weak refs: 2

JNI global refs memory usage: 843, weak refs: 841

OOME stack traces (most recent first):
Classloader memory used:
