#
# There is insufficient memory for the Java Runtime Environment to continue.
# Native memory allocation (malloc) failed to allocate 987776 bytes for Chunk::new
# Possible reasons:
#   The system is out of physical RAM or swap space
#   The process is running with CompressedOops enabled, and the Java Heap may be blocking the growth of the native heap
# Possible solutions:
#   Reduce memory load on the system
#   Increase physical memory or swap space
#   Check if swap backing store is full
#   Decrease Java heap size (-Xmx/-Xms)
#   Decrease number of Java threads
#   Decrease Java thread stack sizes (-Xss)
#   Set larger code cache with -XX:ReservedCodeCacheSize=
#   JVM is running with Unscaled Compressed Oops mode in which the Java heap is
#     placed in the first 4GB address space. The Java Heap base address is the
#     maximum limit for the native heap growth. Please use -XX:HeapBaseMinAddress
#     to set the Java Heap base and to place the Java Heap above 4GB virtual address.
# This output file may be truncated or incomplete.
#
#  Out of Memory Error (arena.cpp:191), pid=8704, tid=10120
#
# JRE version: OpenJDK Runtime Environment (17.0.10) (build 17.0.10+0--11572160)
# Java VM: OpenJDK 64-Bit Server VM (17.0.10+0--11572160, mixed mode, tiered, compressed oops, compressed class ptrs, g1 gc, windows-amd64)
# No core dump will be written. Minidumps are not enabled by default on client versions of Windows
#

---------------  S U M M A R Y ------------

Command Line: --add-opens=java.base/java.util=ALL-UNNAMED --add-opens=java.base/java.lang=ALL-UNNAMED --add-opens=java.base/java.lang.invoke=ALL-UNNAMED --add-opens=java.prefs/java.util.prefs=ALL-UNNAMED --add-opens=java.base/java.nio.charset=ALL-UNNAMED --add-opens=java.base/java.net=ALL-UNNAMED --add-opens=java.base/java.util.concurrent.atomic=ALL-UNNAMED -Xmx2048m -Dfile.encoding=UTF-8 -Duser.country=US -Duser.language=en -Duser.variant -javaagent:C:\Users\Pubudu\.gradle\wrapper\dists\gradle-8.6-bin\afr5mpiioh2wthjmwnkmdsd5w\gradle-8.6\lib\agents\gradle-instrumentation-agent-8.6.jar org.gradle.launcher.daemon.bootstrap.GradleDaemon 8.6

Host: Intel(R) Core(TM) i5-6200U CPU @ 2.30GHz, 4 cores, 7G,  Windows 10 , 64 bit Build 19041 (10.0.19041.3636)
Time: Wed Jun  5 09:13:53 2024 Sri Lanka Standard Time elapsed time: 17.286007 seconds (0d 0h 0m 17s)

---------------  T H R E A D  ---------------

Current thread (0x00000192353f9340):  JavaThread "C2 CompilerThread0" daemon [_thread_in_native, id=10120, stack(0x0000007119300000,0x0000007119400000)]


Current CompileTask:
C2:  17286 7202       4       org.objectweb.asm.MethodWriter::visitMethodInsn (191 bytes)

Stack: [0x0000007119300000,0x0000007119400000]
Native frames: (J=compiled Java code, j=interpreted, Vv=VM code, C=native code)
V  [jvm.dll+0x688e89]
V  [jvm.dll+0x84247a]
V  [jvm.dll+0x8440be]
V  [jvm.dll+0x844723]
V  [jvm.dll+0x24be0f]
V  [jvm.dll+0xac524]
V  [jvm.dll+0xacb6c]
V  [jvm.dll+0x2b342f]
V  [jvm.dll+0x5902b7]
V  [jvm.dll+0x226452]
V  [jvm.dll+0x22683f]
V  [jvm.dll+0x21f966]
V  [jvm.dll+0x21cdb1]
V  [jvm.dll+0x1a60ad]
V  [jvm.dll+0x22cd78]
V  [jvm.dll+0x22aeb0]
V  [jvm.dll+0x7f6917]
V  [jvm.dll+0x7f0d1a]
V  [jvm.dll+0x687d05]
C  [ucrtbase.dll+0x21bb2]
C  [KERNEL32.DLL+0x17344]
C  [ntdll.dll+0x526b1]


---------------  P R O C E S S  ---------------

Threads class SMR info:
_java_thread_list=0x000001923aabf830, length=46, elements={
0x0000019219d62300, 0x0000019235296620, 0x0000019235297570, 0x0000019235283090,
0x00000192353f5210, 0x00000192353f7be0, 0x00000192353f85a0, 0x00000192353f9340,
0x00000192353fc2d0, 0x000001923546a090, 0x00000192351fd150, 0x0000019235690860,
0x000001923b32d5b0, 0x000001923b568430, 0x000001923b7e5950, 0x000001923c091820,
0x000001923c5f5ca0, 0x000001923b439b90, 0x000001923b43a070, 0x000001923c66d900,
0x000001923c66bfb0, 0x000001923c66d3f0, 0x000001923c66de10, 0x000001923c66e320,
0x000001923c66ab70, 0x000001923c66cee0, 0x000001923c66b080, 0x000001923c66b590,
0x000001923c66baa0, 0x000001923c66c4c0, 0x000001923d321fc0, 0x000001923d31e300,
0x000001923d3224d0, 0x000001923d324840, 0x000001923d321ab0, 0x000001923d31ddf0,
0x000001923d3215a0, 0x000001923d322ef0, 0x000001923d324d50, 0x000001923d31e810,
0x000001923d320670, 0x000001923d320b80, 0x000001923d323910, 0x000001923d321090,
0x000001923d323e20, 0x000001923572b4b0
}

Java Threads: ( => current thread )
  0x0000019219d62300 JavaThread "main" [_thread_blocked, id=2264, stack(0x0000007118600000,0x0000007118700000)]
  0x0000019235296620 JavaThread "Reference Handler" daemon [_thread_blocked, id=12316, stack(0x0000007118d00000,0x0000007118e00000)]
  0x0000019235297570 JavaThread "Finalizer" daemon [_thread_blocked, id=5772, stack(0x0000007118e00000,0x0000007118f00000)]
  0x0000019235283090 JavaThread "Signal Dispatcher" daemon [_thread_blocked, id=15532, stack(0x0000007118f00000,0x0000007119000000)]
  0x00000192353f5210 JavaThread "Attach Listener" daemon [_thread_blocked, id=13280, stack(0x0000007119000000,0x0000007119100000)]
  0x00000192353f7be0 JavaThread "Service Thread" daemon [_thread_blocked, id=1668, stack(0x0000007119100000,0x0000007119200000)]
  0x00000192353f85a0 JavaThread "Monitor Deflation Thread" daemon [_thread_blocked, id=16952, stack(0x0000007119200000,0x0000007119300000)]
=>0x00000192353f9340 JavaThread "C2 CompilerThread0" daemon [_thread_in_native, id=10120, stack(0x0000007119300000,0x0000007119400000)]
  0x00000192353fc2d0 JavaThread "C1 CompilerThread0" daemon [_thread_blocked, id=7992, stack(0x0000007119400000,0x0000007119500000)]
  0x000001923546a090 JavaThread "Sweeper thread" daemon [_thread_blocked, id=16468, stack(0x0000007119500000,0x0000007119600000)]
  0x00000192351fd150 JavaThread "Common-Cleaner" daemon [_thread_blocked, id=3776, stack(0x0000007119600000,0x0000007119700000)]
  0x0000019235690860 JavaThread "Notification Thread" daemon [_thread_blocked, id=4116, stack(0x0000007119700000,0x0000007119800000)]
  0x000001923b32d5b0 JavaThread "Daemon health stats" [_thread_blocked, id=12416, stack(0x0000007119d00000,0x0000007119e00000)]
  0x000001923b568430 JavaThread "Incoming local TCP Connector on port 52794" [_thread_in_native, id=4708, stack(0x0000007119900000,0x0000007119a00000)]
  0x000001923b7e5950 JavaThread "Daemon periodic checks" [_thread_blocked, id=2744, stack(0x0000007119f00000,0x000000711a000000)]
  0x000001923c091820 JavaThread "Daemon" [_thread_blocked, id=1444, stack(0x000000711a000000,0x000000711a100000)]
  0x000001923c5f5ca0 JavaThread "Handler for socket connection from /127.0.0.1:52794 to /127.0.0.1:52795" [_thread_in_native, id=1864, stack(0x000000711a100000,0x000000711a200000)]
  0x000001923b439b90 JavaThread "Cancel handler" [_thread_blocked, id=3896, stack(0x000000711a200000,0x000000711a300000)]
  0x000001923b43a070 JavaThread "Daemon worker" [_thread_in_Java, id=3656, stack(0x000000711a300000,0x000000711a400000)]
  0x000001923c66d900 JavaThread "Asynchronous log dispatcher for DefaultDaemonConnection: socket connection from /127.0.0.1:52794 to /127.0.0.1:52795" [_thread_blocked, id=708, stack(0x000000711a400000,0x000000711a500000)]
  0x000001923c66bfb0 JavaThread "Stdin handler" [_thread_blocked, id=17108, stack(0x000000711a500000,0x000000711a600000)]
  0x000001923c66d3f0 JavaThread "Daemon client event forwarder" [_thread_blocked, id=9608, stack(0x000000711a600000,0x000000711a700000)]
  0x000001923c66de10 JavaThread "Cache worker for journal cache (C:\Users\Pubudu\.gradle\caches\journal-1)" [_thread_blocked, id=16168, stack(0x0000007119e00000,0x0000007119f00000)]
  0x000001923c66e320 JavaThread "File lock request listener" [_thread_in_native, id=9636, stack(0x000000711a700000,0x000000711a800000)]
  0x000001923c66ab70 JavaThread "Cache worker for file hash cache (C:\Users\Pubudu\.gradle\caches\8.6\fileHashes)" [_thread_blocked, id=9184, stack(0x000000711a800000,0x000000711a900000)]
  0x000001923c66cee0 JavaThread "File watcher server" daemon [_thread_in_native, id=2452, stack(0x000000711aa00000,0x000000711ab00000)]
  0x000001923c66b080 JavaThread "File watcher consumer" daemon [_thread_blocked, id=2700, stack(0x000000711ab00000,0x000000711ac00000)]
  0x000001923c66b590 JavaThread "jar transforms" [_thread_blocked, id=3204, stack(0x000000711ac00000,0x000000711ad00000)]
  0x000001923c66baa0 JavaThread "jar transforms Thread 2" [_thread_blocked, id=2664, stack(0x000000711ad00000,0x000000711ae00000)]
  0x000001923c66c4c0 JavaThread "jar transforms Thread 3" [_thread_blocked, id=4800, stack(0x000000711ae00000,0x000000711af00000)]
  0x000001923d321fc0 JavaThread "jar transforms Thread 4" [_thread_blocked, id=7428, stack(0x000000711af00000,0x000000711b000000)]
  0x000001923d31e300 JavaThread "Cache worker for checksums cache (C:\Users\Pubudu\AndroidStudioProjects\WeatherApp\.gradle\8.6\checksums)" [_thread_blocked, id=17228, stack(0x000000711b000000,0x000000711b100000)]
  0x000001923d3224d0 JavaThread "Cache worker for file hash cache (C:\Users\Pubudu\AndroidStudioProjects\WeatherApp\.gradle\8.6\fileHashes)" [_thread_blocked, id=10436, stack(0x000000711a900000,0x000000711aa00000)]
  0x000001923d324840 JavaThread "Cache worker for cache directory md-supplier (C:\Users\Pubudu\.gradle\caches\8.6\md-supplier)" [_thread_blocked, id=5268, stack(0x000000711b100000,0x000000711b200000)]
  0x000001923d321ab0 JavaThread "Cache worker for cache directory md-rule (C:\Users\Pubudu\.gradle\caches\8.6\md-rule)" [_thread_blocked, id=5896, stack(0x000000711b200000,0x000000711b300000)]
  0x000001923d31ddf0 JavaThread "Cache worker for file content cache (C:\Users\Pubudu\.gradle\caches\8.6\fileContent)" [_thread_blocked, id=12460, stack(0x000000711b300000,0x000000711b400000)]
  0x000001923d3215a0 JavaThread "Unconstrained build operations" [_thread_blocked, id=8632, stack(0x000000711b500000,0x000000711b600000)]
  0x000001923d322ef0 JavaThread "Unconstrained build operations Thread 2" [_thread_blocked, id=14748, stack(0x000000711b600000,0x000000711b700000)]
  0x000001923d324d50 JavaThread "Unconstrained build operations Thread 3" [_thread_blocked, id=13096, stack(0x000000711b700000,0x000000711b800000)]
  0x000001923d31e810 JavaThread "Unconstrained build operations Thread 4" [_thread_blocked, id=11556, stack(0x000000711b800000,0x000000711b900000)]
  0x000001923d320670 JavaThread "Unconstrained build operations Thread 5" [_thread_blocked, id=11312, stack(0x000000711b900000,0x000000711ba00000)]
  0x000001923d320b80 JavaThread "Cache worker for Build Output Cleanup Cache (C:\Users\Pubudu\AndroidStudioProjects\WeatherApp\.gradle\buildOutputCleanup)" [_thread_blocked, id=12028, stack(0x000000711ba00000,0x000000711bb00000)]
  0x000001923d323910 JavaThread "Unconstrained build operations Thread 6" [_thread_blocked, id=1752, stack(0x000000711bb00000,0x000000711bc00000)]
  0x000001923d321090 JavaThread "Unconstrained build operations Thread 7" [_thread_blocked, id=9808, stack(0x000000711bc00000,0x000000711bd00000)]
  0x000001923d323e20 JavaThread "Unconstrained build operations Thread 8" [_thread_blocked, id=14404, stack(0x000000711bd00000,0x000000711be00000)]
  0x000001923572b4b0 JavaThread "C2 CompilerThread1" daemon [_thread_blocked, id=7332, stack(0x000000711b400000,0x000000711b500000)]

Other Threads:
  0x0000019235271520 VMThread "VM Thread" [stack: 0x0000007118c00000,0x0000007118d00000] [id=9896]
  0x0000019219d632c0 WatcherThread [stack: 0x0000007119800000,0x0000007119900000] [id=7852]
  0x0000019219dc0970 GCTaskThread "GC Thread#0" [stack: 0x0000007118700000,0x0000007118800000] [id=11276]
  0x000001923a3099c0 GCTaskThread "GC Thread#1" [stack: 0x0000007119a00000,0x0000007119b00000] [id=12352]
  0x000001923a309c80 GCTaskThread "GC Thread#2" [stack: 0x0000007119b00000,0x0000007119c00000] [id=7068]
  0x000001923ae80880 GCTaskThread "GC Thread#3" [stack: 0x0000007119c00000,0x0000007119d00000] [id=11828]
  0x0000019219dd18c0 ConcurrentGCThread "G1 Main Marker" [stack: 0x0000007118800000,0x0000007118900000] [id=8572]
  0x0000019219dd22e0 ConcurrentGCThread "G1 Conc#0" [stack: 0x0000007118900000,0x0000007118a00000] [id=2924]
  0x00000192350ca4f0 ConcurrentGCThread "G1 Refine#0" [stack: 0x0000007118a00000,0x0000007118b00000] [id=9488]
  0x0000019219e1d0b0 ConcurrentGCThread "G1 Service" [stack: 0x0000007118b00000,0x0000007118c00000] [id=12668]

Threads with active compile tasks:
C2 CompilerThread0    17364 7202       4       org.objectweb.asm.MethodWriter::visitMethodInsn (191 bytes)

VM state: not at safepoint (normal execution)

VM Mutex/Monitor currently owned by a thread: None

Heap address: 0x0000000080000000, size: 2048 MB, Compressed Oops mode: 32-bit

CDS archive(s) not mapped
Compressed class space mapped at: 0x0000000100000000-0x0000000140000000, reserved size: 1073741824
Narrow klass base: 0x0000000000000000, Narrow klass shift: 3, Narrow klass range: 0x140000000

GC Precious Log:
 CPUs: 4 total, 4 available
 Memory: 8083M
 Large Page Support: Disabled
 NUMA Support: Disabled
 Compressed Oops: Enabled (32-bit)
 Heap Region Size: 1M
 Heap Min Capacity: 8M
 Heap Initial Capacity: 128M
 Heap Max Capacity: 2G
 Pre-touch: Disabled
 Parallel Workers: 4
 Concurrent Workers: 1
 Concurrent Refinement Workers: 4
 Periodic GC: Disabled

Heap:
 garbage-first heap   total 159744K, used 101685K [0x0000000080000000, 0x0000000100000000)
  region size 1024K, 19 young (19456K), 1 survivors (1024K)
 Metaspace       used 64534K, committed 65152K, reserved 1114112K
  class space    used 8805K, committed 9088K, reserved 1048576K

Heap Regions: E=young(eden), S=young(survivor), O=old, HS=humongous(starts), HC=humongous(continues), CS=collection set, F=free, OA=open archive, CA=closed archive, TAMS=top-at-mark-start (previous, next)
|   0|0x0000000080000000, 0x0000000080100000, 0x0000000080100000|100%| O|  |TAMS 0x0000000080100000, 0x0000000080000000| Untracked 
|   1|0x0000000080100000, 0x0000000080200000, 0x0000000080200000|100%| O|  |TAMS 0x0000000080200000, 0x0000000080100000| Untracked 
|   2|0x0000000080200000, 0x0000000080300000, 0x0000000080300000|100%|HS|  |TAMS 0x0000000080300000, 0x0000000080200000| Complete 
|   3|0x0000000080300000, 0x0000000080400000, 0x0000000080400000|100%|HC|  |TAMS 0x0000000080400000, 0x0000000080300000| Complete 
|   4|0x0000000080400000, 0x0000000080500000, 0x0000000080500000|100%|HC|  |TAMS 0x0000000080500000, 0x0000000080400000| Complete 
|   5|0x0000000080500000, 0x0000000080600000, 0x0000000080600000|100%|HC|  |TAMS 0x0000000080600000, 0x0000000080500000| Complete 
|   6|0x0000000080600000, 0x0000000080700000, 0x0000000080700000|100%| O|  |TAMS 0x0000000080700000, 0x0000000080600000| Untracked 
|   7|0x0000000080700000, 0x0000000080800000, 0x0000000080800000|100%| O|  |TAMS 0x0000000080800000, 0x0000000080700000| Untracked 
|   8|0x0000000080800000, 0x0000000080900000, 0x0000000080900000|100%| O|  |TAMS 0x0000000080900000, 0x0000000080800000| Untracked 
|   9|0x0000000080900000, 0x0000000080a00000, 0x0000000080a00000|100%| O|  |TAMS 0x0000000080a00000, 0x0000000080900000| Untracked 
|  10|0x0000000080a00000, 0x0000000080aa9c00, 0x0000000080b00000| 66%| O|  |TAMS 0x0000000080aa9c00, 0x0000000080a00000| Untracked 
|  11|0x0000000080b00000, 0x0000000080c00000, 0x0000000080c00000|100%| O|  |TAMS 0x0000000080c00000, 0x0000000080b00000| Untracked 
|  12|0x0000000080c00000, 0x0000000080d00000, 0x0000000080d00000|100%| O|  |TAMS 0x0000000080d00000, 0x0000000080c00000| Untracked 
|  13|0x0000000080d00000, 0x0000000080e00000, 0x0000000080e00000|100%| O|  |TAMS 0x0000000080e00000, 0x0000000080d00000| Untracked 
|  14|0x0000000080e00000, 0x0000000080f00000, 0x0000000080f00000|100%| O|  |TAMS 0x0000000080f00000, 0x0000000080e00000| Untracked 
|  15|0x0000000080f00000, 0x0000000081000000, 0x0000000081000000|100%| O|  |TAMS 0x0000000081000000, 0x0000000080f00000| Untracked 
|  16|0x0000000081000000, 0x0000000081100000, 0x0000000081100000|100%| O|  |TAMS 0x0000000081100000, 0x0000000081000000| Untracked 
|  17|0x0000000081100000, 0x0000000081200000, 0x0000000081200000|100%| O|  |TAMS 0x0000000081200000, 0x0000000081100000| Untracked 
|  18|0x0000000081200000, 0x0000000081300000, 0x0000000081300000|100%| O|  |TAMS 0x0000000081300000, 0x0000000081200000| Untracked 
|  19|0x0000000081300000, 0x0000000081400000, 0x0000000081400000|100%| O|  |TAMS 0x0000000081400000, 0x0000000081300000| Untracked 
|  20|0x0000000081400000, 0x0000000081500000, 0x0000000081500000|100%|HS|  |TAMS 0x0000000081500000, 0x0000000081400000| Complete 
|  21|0x0000000081500000, 0x0000000081600000, 0x0000000081600000|100%|HC|  |TAMS 0x0000000081600000, 0x0000000081500000| Complete 
|  22|0x0000000081600000, 0x0000000081700000, 0x0000000081700000|100%|HS|  |TAMS 0x0000000081700000, 0x0000000081600000| Complete 
|  23|0x0000000081700000, 0x0000000081800000, 0x0000000081800000|100%|HC|  |TAMS 0x0000000081800000, 0x0000000081700000| Complete 
|  24|0x0000000081800000, 0x0000000081900000, 0x0000000081900000|100%|HC|  |TAMS 0x0000000081900000, 0x0000000081800000| Complete 
|  25|0x0000000081900000, 0x0000000081a00000, 0x0000000081a00000|100%|HS|  |TAMS 0x0000000081a00000, 0x0000000081900000| Complete 
|  26|0x0000000081a00000, 0x0000000081b00000, 0x0000000081b00000|100%|HC|  |TAMS 0x0000000081b00000, 0x0000000081a00000| Complete 
|  27|0x0000000081b00000, 0x0000000081c00000, 0x0000000081c00000|100%|HC|  |TAMS 0x0000000081c00000, 0x0000000081b00000| Complete 
|  28|0x0000000081c00000, 0x0000000081d00000, 0x0000000081d00000|100%| O|  |TAMS 0x0000000081d00000, 0x0000000081c00000| Untracked 
|  29|0x0000000081d00000, 0x0000000081e00000, 0x0000000081e00000|100%| O|  |TAMS 0x0000000081e00000, 0x0000000081d00000| Untracked 
|  30|0x0000000081e00000, 0x0000000081f00000, 0x0000000081f00000|100%|HS|  |TAMS 0x0000000081f00000, 0x0000000081e00000| Complete 
|  31|0x0000000081f00000, 0x0000000082000000, 0x0000000082000000|100%|HC|  |TAMS 0x0000000082000000, 0x0000000081f00000| Complete 
|  32|0x0000000082000000, 0x0000000082100000, 0x0000000082100000|100%|HC|  |TAMS 0x0000000082100000, 0x0000000082000000| Complete 
|  33|0x0000000082100000, 0x0000000082200000, 0x0000000082200000|100%| O|  |TAMS 0x0000000082200000, 0x0000000082100000| Untracked 
|  34|0x0000000082200000, 0x0000000082300000, 0x0000000082300000|100%| O|  |TAMS 0x0000000082300000, 0x0000000082200000| Untracked 
|  35|0x0000000082300000, 0x0000000082400000, 0x0000000082400000|100%| O|  |TAMS 0x0000000082400000, 0x0000000082300000| Untracked 
|  36|0x0000000082400000, 0x0000000082500000, 0x0000000082500000|100%| O|  |TAMS 0x0000000082500000, 0x0000000082400000| Untracked 
|  37|0x0000000082500000, 0x0000000082600000, 0x0000000082600000|100%| O|  |TAMS 0x0000000082600000, 0x0000000082500000| Untracked 
|  38|0x0000000082600000, 0x0000000082700000, 0x0000000082700000|100%| O|  |TAMS 0x0000000082700000, 0x0000000082600000| Untracked 
|  39|0x0000000082700000, 0x0000000082800000, 0x0000000082800000|100%| O|  |TAMS 0x0000000082800000, 0x0000000082700000| Untracked 
|  40|0x0000000082800000, 0x0000000082900000, 0x0000000082900000|100%| O|  |TAMS 0x0000000082900000, 0x0000000082800000| Untracked 
|  41|0x0000000082900000, 0x0000000082a00000, 0x0000000082a00000|100%| O|  |TAMS 0x0000000082a00000, 0x0000000082900000| Untracked 
|  42|0x0000000082a00000, 0x0000000082b00000, 0x0000000082b00000|100%| O|  |TAMS 0x0000000082b00000, 0x0000000082a00000| Untracked 
|  43|0x0000000082b00000, 0x0000000082c00000, 0x0000000082c00000|100%|HS|  |TAMS 0x0000000082c00000, 0x0000000082b00000| Complete 
|  44|0x0000000082c00000, 0x0000000082d00000, 0x0000000082d00000|100%|HC|  |TAMS 0x0000000082d00000, 0x0000000082c00000| Complete 
|  45|0x0000000082d00000, 0x0000000082e00000, 0x0000000082e00000|100%|HC|  |TAMS 0x0000000082e00000, 0x0000000082d00000| Complete 
|  46|0x0000000082e00000, 0x0000000082f00000, 0x0000000082f00000|100%| O|  |TAMS 0x0000000082f00000, 0x0000000082e00000| Untracked 
|  47|0x0000000082f00000, 0x0000000083000000, 0x0000000083000000|100%| O|  |TAMS 0x0000000083000000, 0x0000000082f00000| Untracked 
|  48|0x0000000083000000, 0x0000000083100000, 0x0000000083100000|100%| O|  |TAMS 0x0000000083100000, 0x0000000083000000| Untracked 
|  49|0x0000000083100000, 0x0000000083200000, 0x0000000083200000|100%| O|  |TAMS 0x0000000083200000, 0x0000000083100000| Untracked 
|  50|0x0000000083200000, 0x0000000083300000, 0x0000000083300000|100%|HS|  |TAMS 0x0000000083300000, 0x0000000083200000| Complete 
|  51|0x0000000083300000, 0x0000000083400000, 0x0000000083400000|100%|HC|  |TAMS 0x0000000083400000, 0x0000000083300000| Complete 
|  52|0x0000000083400000, 0x0000000083500000, 0x0000000083500000|100%|HC|  |TAMS 0x0000000083500000, 0x0000000083400000| Complete 
|  53|0x0000000083500000, 0x0000000083600000, 0x0000000083600000|100%|HS|  |TAMS 0x0000000083600000, 0x0000000083500000| Complete 
|  54|0x0000000083600000, 0x0000000083700000, 0x0000000083700000|100%|HC|  |TAMS 0x0000000083700000, 0x0000000083600000| Complete 
|  55|0x0000000083700000, 0x0000000083800000, 0x0000000083800000|100%|HC|  |TAMS 0x0000000083800000, 0x0000000083700000| Complete 
|  56|0x0000000083800000, 0x0000000083900000, 0x0000000083900000|100%| O|  |TAMS 0x0000000083900000, 0x0000000083800000| Untracked 
|  57|0x0000000083900000, 0x0000000083a00000, 0x0000000083a00000|100%| O|  |TAMS 0x0000000083a00000, 0x0000000083900000| Untracked 
|  58|0x0000000083a00000, 0x0000000083b00000, 0x0000000083b00000|100%| O|  |TAMS 0x0000000083b00000, 0x0000000083a00000| Untracked 
|  59|0x0000000083b00000, 0x0000000083b00000, 0x0000000083c00000|  0%| F|  |TAMS 0x0000000083b00000, 0x0000000083b00000| Untracked 
|  60|0x0000000083c00000, 0x0000000083d00000, 0x0000000083d00000|100%| O|  |TAMS 0x0000000083d00000, 0x0000000083c00000| Untracked 
|  61|0x0000000083d00000, 0x0000000083e00000, 0x0000000083e00000|100%| O|  |TAMS 0x0000000083e00000, 0x0000000083d00000| Untracked 
|  62|0x0000000083e00000, 0x0000000083f00000, 0x0000000083f00000|100%| O|  |TAMS 0x0000000083f00000, 0x0000000083e00000| Untracked 
|  63|0x0000000083f00000, 0x0000000084000000, 0x0000000084000000|100%| O|  |TAMS 0x0000000084000000, 0x0000000083f00000| Untracked 
|  64|0x0000000084000000, 0x0000000084100000, 0x0000000084100000|100%| O|  |TAMS 0x0000000084100000, 0x0000000084000000| Untracked 
|  65|0x0000000084100000, 0x0000000084200000, 0x0000000084200000|100%| O|  |TAMS 0x00000000841b1400, 0x0000000084100000| Untracked 
|  66|0x0000000084200000, 0x0000000084300000, 0x0000000084300000|100%| O|  |TAMS 0x0000000084200000, 0x0000000084200000| Untracked 
|  67|0x0000000084300000, 0x0000000084400000, 0x0000000084400000|100%| O|  |TAMS 0x0000000084300000, 0x0000000084300000| Untracked 
|  68|0x0000000084400000, 0x0000000084500000, 0x0000000084500000|100%| O|  |TAMS 0x0000000084400000, 0x0000000084400000| Untracked 
|  69|0x0000000084500000, 0x0000000084600000, 0x0000000084600000|100%|HS|  |TAMS 0x0000000084500000, 0x0000000084500000| Complete 
|  70|0x0000000084600000, 0x0000000084700000, 0x0000000084700000|100%|HS|  |TAMS 0x0000000084600000, 0x0000000084600000| Complete 
|  71|0x0000000084700000, 0x0000000084800000, 0x0000000084800000|100%|HS|  |TAMS 0x0000000084700000, 0x0000000084700000| Complete 
|  72|0x0000000084800000, 0x0000000084900000, 0x0000000084900000|100%|HS|  |TAMS 0x0000000084800000, 0x0000000084800000| Complete 
|  73|0x0000000084900000, 0x0000000084a00000, 0x0000000084a00000|100%|HS|  |TAMS 0x0000000084900000, 0x0000000084900000| Complete 
|  74|0x0000000084a00000, 0x0000000084b00000, 0x0000000084b00000|100%| O|  |TAMS 0x0000000084a00000, 0x0000000084a00000| Untracked 
|  75|0x0000000084b00000, 0x0000000084c00000, 0x0000000084c00000|100%|HS|  |TAMS 0x0000000084b00000, 0x0000000084b00000| Complete 
|  76|0x0000000084c00000, 0x0000000084d00000, 0x0000000084d00000|100%| O|  |TAMS 0x0000000084c00000, 0x0000000084c00000| Untracked 
|  77|0x0000000084d00000, 0x0000000084e00000, 0x0000000084e00000|100%| O|  |TAMS 0x0000000084d00000, 0x0000000084d00000| Untracked 
|  78|0x0000000084e00000, 0x0000000084f00000, 0x0000000084f00000|100%| O|  |TAMS 0x0000000084e00000, 0x0000000084e00000| Untracked 
|  79|0x0000000084f00000, 0x0000000085000000, 0x0000000085000000|100%| O|  |TAMS 0x0000000084f00000, 0x0000000084f00000| Untracked 
|  80|0x0000000085000000, 0x0000000085100000, 0x0000000085100000|100%| O|  |TAMS 0x0000000085000000, 0x0000000085000000| Untracked 
|  81|0x0000000085100000, 0x0000000085200000, 0x0000000085200000|100%| O|  |TAMS 0x0000000085100000, 0x0000000085100000| Untracked 
|  82|0x0000000085200000, 0x0000000085300000, 0x0000000085300000|100%| O|  |TAMS 0x0000000085200000, 0x0000000085200000| Untracked 
|  83|0x0000000085300000, 0x000000008535ee00, 0x0000000085400000| 37%| O|  |TAMS 0x0000000085300000, 0x0000000085300000| Untracked 
|  84|0x0000000085400000, 0x0000000085400000, 0x0000000085500000|  0%| F|  |TAMS 0x0000000085400000, 0x0000000085400000| Untracked 
|  85|0x0000000085500000, 0x0000000085500000, 0x0000000085600000|  0%| F|  |TAMS 0x0000000085500000, 0x0000000085500000| Untracked 
|  86|0x0000000085600000, 0x0000000085600000, 0x0000000085700000|  0%| F|  |TAMS 0x0000000085600000, 0x0000000085600000| Untracked 
|  87|0x0000000085700000, 0x0000000085700000, 0x0000000085800000|  0%| F|  |TAMS 0x0000000085700000, 0x0000000085700000| Untracked 
|  88|0x0000000085800000, 0x0000000085800000, 0x0000000085900000|  0%| F|  |TAMS 0x0000000085800000, 0x0000000085800000| Untracked 
|  89|0x0000000085900000, 0x0000000085900000, 0x0000000085a00000|  0%| F|  |TAMS 0x0000000085900000, 0x0000000085900000| Untracked 
|  90|0x0000000085a00000, 0x0000000085a00000, 0x0000000085b00000|  0%| F|  |TAMS 0x0000000085a00000, 0x0000000085a00000| Untracked 
|  91|0x0000000085b00000, 0x0000000085b00000, 0x0000000085c00000|  0%| F|  |TAMS 0x0000000085b00000, 0x0000000085b00000| Untracked 
|  92|0x0000000085c00000, 0x0000000085c00000, 0x0000000085d00000|  0%| F|  |TAMS 0x0000000085c00000, 0x0000000085c00000| Untracked 
|  93|0x0000000085d00000, 0x0000000085d00000, 0x0000000085e00000|  0%| F|  |TAMS 0x0000000085d00000, 0x0000000085d00000| Untracked 
|  94|0x0000000085e00000, 0x0000000085e00000, 0x0000000085f00000|  0%| F|  |TAMS 0x0000000085e00000, 0x0000000085e00000| Untracked 
|  95|0x0000000085f00000, 0x0000000085f00000, 0x0000000086000000|  0%| F|  |TAMS 0x0000000085f00000, 0x0000000085f00000| Untracked 
|  96|0x0000000086000000, 0x0000000086000000, 0x0000000086100000|  0%| F|  |TAMS 0x0000000086000000, 0x0000000086000000| Untracked 
|  97|0x0000000086100000, 0x0000000086100000, 0x0000000086200000|  0%| F|  |TAMS 0x0000000086100000, 0x0000000086100000| Untracked 
|  98|0x0000000086200000, 0x0000000086200000, 0x0000000086300000|  0%| F|  |TAMS 0x0000000086200000, 0x0000000086200000| Untracked 
|  99|0x0000000086300000, 0x0000000086300000, 0x0000000086400000|  0%| F|  |TAMS 0x0000000086300000, 0x0000000086300000| Untracked 
| 100|0x0000000086400000, 0x0000000086400000, 0x0000000086500000|  0%| F|  |TAMS 0x0000000086400000, 0x0000000086400000| Untracked 
| 101|0x0000000086500000, 0x0000000086500000, 0x0000000086600000|  0%| F|  |TAMS 0x0000000086500000, 0x0000000086500000| Untracked 
| 102|0x0000000086600000, 0x0000000086600000, 0x0000000086700000|  0%| F|  |TAMS 0x0000000086600000, 0x0000000086600000| Untracked 
| 103|0x0000000086700000, 0x0000000086700000, 0x0000000086800000|  0%| F|  |TAMS 0x0000000086700000, 0x0000000086700000| Untracked 
| 104|0x0000000086800000, 0x0000000086800000, 0x0000000086900000|  0%| F|  |TAMS 0x0000000086800000, 0x0000000086800000| Untracked 
| 105|0x0000000086900000, 0x0000000086900000, 0x0000000086a00000|  0%| F|  |TAMS 0x0000000086900000, 0x0000000086900000| Untracked 
| 106|0x0000000086a00000, 0x0000000086a00000, 0x0000000086b00000|  0%| F|  |TAMS 0x0000000086a00000, 0x0000000086a00000| Untracked 
| 107|0x0000000086b00000, 0x0000000086b00000, 0x0000000086c00000|  0%| F|  |TAMS 0x0000000086b00000, 0x0000000086b00000| Untracked 
| 108|0x0000000086c00000, 0x0000000086c00000, 0x0000000086d00000|  0%| F|  |TAMS 0x0000000086c00000, 0x0000000086c00000| Untracked 
| 109|0x0000000086d00000, 0x0000000086d00000, 0x0000000086e00000|  0%| F|  |TAMS 0x0000000086d00000, 0x0000000086d00000| Untracked 
| 110|0x0000000086e00000, 0x0000000086e00000, 0x0000000086f00000|  0%| F|  |TAMS 0x0000000086e00000, 0x0000000086e00000| Untracked 
| 111|0x0000000086f00000, 0x0000000086f00000, 0x0000000087000000|  0%| F|  |TAMS 0x0000000086f00000, 0x0000000086f00000| Untracked 
| 112|0x0000000087000000, 0x0000000087000000, 0x0000000087100000|  0%| F|  |TAMS 0x0000000087000000, 0x0000000087000000| Untracked 
| 113|0x0000000087100000, 0x0000000087100000, 0x0000000087200000|  0%| F|  |TAMS 0x0000000087100000, 0x0000000087100000| Untracked 
| 114|0x0000000087200000, 0x0000000087200000, 0x0000000087300000|  0%| F|  |TAMS 0x0000000087200000, 0x0000000087200000| Untracked 
| 115|0x0000000087300000, 0x0000000087300000, 0x0000000087400000|  0%| F|  |TAMS 0x0000000087300000, 0x0000000087300000| Untracked 
| 116|0x0000000087400000, 0x0000000087400000, 0x0000000087500000|  0%| F|  |TAMS 0x0000000087400000, 0x0000000087400000| Untracked 
| 117|0x0000000087500000, 0x0000000087500000, 0x0000000087600000|  0%| F|  |TAMS 0x0000000087500000, 0x0000000087500000| Untracked 
| 118|0x0000000087600000, 0x0000000087600000, 0x0000000087700000|  0%| F|  |TAMS 0x0000000087600000, 0x0000000087600000| Untracked 
| 119|0x0000000087700000, 0x0000000087700000, 0x0000000087800000|  0%| F|  |TAMS 0x0000000087700000, 0x0000000087700000| Untracked 
| 120|0x0000000087800000, 0x0000000087800000, 0x0000000087900000|  0%| F|  |TAMS 0x0000000087800000, 0x0000000087800000| Untracked 
| 121|0x0000000087900000, 0x0000000087900000, 0x0000000087a00000|  0%| F|  |TAMS 0x0000000087900000, 0x0000000087900000| Untracked 
| 122|0x0000000087a00000, 0x0000000087a00000, 0x0000000087b00000|  0%| F|  |TAMS 0x0000000087a00000, 0x0000000087a00000| Untracked 
| 123|0x0000000087b00000, 0x0000000087b00000, 0x0000000087c00000|  0%| F|  |TAMS 0x0000000087b00000, 0x0000000087b00000| Untracked 
| 124|0x0000000087c00000, 0x0000000087c00000, 0x0000000087d00000|  0%| F|  |TAMS 0x0000000087c00000, 0x0000000087c00000| Untracked 
| 125|0x0000000087d00000, 0x0000000087d00000, 0x0000000087e00000|  0%| F|  |TAMS 0x0000000087d00000, 0x0000000087d00000| Untracked 
| 126|0x0000000087e00000, 0x0000000087e00000, 0x0000000087f00000|  0%| F|  |TAMS 0x0000000087e00000, 0x0000000087e00000| Untracked 
| 127|0x0000000087f00000, 0x0000000087f44c10, 0x0000000088000000| 26%| S|CS|TAMS 0x0000000087f00000, 0x0000000087f00000| Complete 
| 128|0x0000000088000000, 0x0000000088000000, 0x0000000088100000|  0%| F|  |TAMS 0x0000000088000000, 0x0000000088000000| Untracked 
| 129|0x0000000088100000, 0x0000000088100000, 0x0000000088200000|  0%| F|  |TAMS 0x0000000088100000, 0x0000000088100000| Untracked 
| 130|0x0000000088200000, 0x0000000088200000, 0x0000000088300000|  0%| F|  |TAMS 0x0000000088200000, 0x0000000088200000| Untracked 
| 131|0x0000000088300000, 0x0000000088300000, 0x0000000088400000|  0%| F|  |TAMS 0x0000000088300000, 0x0000000088300000| Untracked 
| 132|0x0000000088400000, 0x0000000088400000, 0x0000000088500000|  0%| F|  |TAMS 0x0000000088400000, 0x0000000088400000| Untracked 
| 133|0x0000000088500000, 0x0000000088500000, 0x0000000088600000|  0%| F|  |TAMS 0x0000000088500000, 0x0000000088500000| Untracked 
| 134|0x0000000088600000, 0x0000000088600000, 0x0000000088700000|  0%| F|  |TAMS 0x0000000088600000, 0x0000000088600000| Untracked 
| 135|0x0000000088700000, 0x0000000088700000, 0x0000000088800000|  0%| F|  |TAMS 0x0000000088700000, 0x0000000088700000| Untracked 
| 136|0x0000000088800000, 0x0000000088800000, 0x0000000088900000|  0%| F|  |TAMS 0x0000000088800000, 0x0000000088800000| Untracked 
| 137|0x0000000088900000, 0x0000000088900000, 0x0000000088a00000|  0%| F|  |TAMS 0x0000000088900000, 0x0000000088900000| Untracked 
| 138|0x0000000088a00000, 0x0000000088b00000, 0x0000000088b00000|100%| E|  |TAMS 0x0000000088a00000, 0x0000000088a00000| Complete 
| 139|0x0000000088b00000, 0x0000000088c00000, 0x0000000088c00000|100%| E|CS|TAMS 0x0000000088b00000, 0x0000000088b00000| Complete 
| 140|0x0000000088c00000, 0x0000000088d00000, 0x0000000088d00000|100%| E|CS|TAMS 0x0000000088c00000, 0x0000000088c00000| Complete 
| 141|0x0000000088d00000, 0x0000000088e00000, 0x0000000088e00000|100%| E|CS|TAMS 0x0000000088d00000, 0x0000000088d00000| Complete 
| 142|0x0000000088e00000, 0x0000000088f00000, 0x0000000088f00000|100%| E|CS|TAMS 0x0000000088e00000, 0x0000000088e00000| Complete 
| 143|0x0000000088f00000, 0x0000000089000000, 0x0000000089000000|100%| E|CS|TAMS 0x0000000088f00000, 0x0000000088f00000| Complete 
| 144|0x0000000089000000, 0x0000000089100000, 0x0000000089100000|100%| E|CS|TAMS 0x0000000089000000, 0x0000000089000000| Complete 
| 145|0x0000000089100000, 0x0000000089200000, 0x0000000089200000|100%| E|CS|TAMS 0x0000000089100000, 0x0000000089100000| Complete 
| 146|0x0000000089200000, 0x0000000089300000, 0x0000000089300000|100%| E|CS|TAMS 0x0000000089200000, 0x0000000089200000| Complete 
| 147|0x0000000089300000, 0x0000000089400000, 0x0000000089400000|100%| E|CS|TAMS 0x0000000089300000, 0x0000000089300000| Complete 
| 148|0x0000000089400000, 0x0000000089500000, 0x0000000089500000|100%| E|CS|TAMS 0x0000000089400000, 0x0000000089400000| Complete 
| 149|0x0000000089500000, 0x0000000089600000, 0x0000000089600000|100%| E|CS|TAMS 0x0000000089500000, 0x0000000089500000| Complete 
| 150|0x0000000089600000, 0x0000000089700000, 0x0000000089700000|100%| E|CS|TAMS 0x0000000089600000, 0x0000000089600000| Complete 
| 151|0x0000000089700000, 0x0000000089800000, 0x0000000089800000|100%| E|CS|TAMS 0x0000000089700000, 0x0000000089700000| Complete 
| 152|0x0000000089800000, 0x0000000089900000, 0x0000000089900000|100%| E|CS|TAMS 0x0000000089800000, 0x0000000089800000| Complete 
| 153|0x0000000089900000, 0x0000000089a00000, 0x0000000089a00000|100%| E|CS|TAMS 0x0000000089900000, 0x0000000089900000| Complete 
| 154|0x0000000089a00000, 0x0000000089b00000, 0x0000000089b00000|100%| E|CS|TAMS 0x0000000089a00000, 0x0000000089a00000| Complete 
| 155|0x0000000089b00000, 0x0000000089c00000, 0x0000000089c00000|100%| E|CS|TAMS 0x0000000089b00000, 0x0000000089b00000| Complete 

Card table byte_map: [0x000001922e460000,0x000001922e860000] _byte_map_base: 0x000001922e060000

Marking Bits (Prev, Next): (CMBitMap*) 0x0000019219dc0fd0, (CMBitMap*) 0x0000019219dc0f90
 Prev Bits: [0x0000019230c60000, 0x0000019232c60000)
 Next Bits: [0x000001922ec60000, 0x0000019230c60000)

Polling page: 0x0000019219bb0000

Metaspace:

Usage:
  Non-class:     54.45 MB used.
      Class:      8.60 MB used.
       Both:     63.05 MB used.

Virtual space:
  Non-class space:       64.00 MB reserved,      54.75 MB ( 86%) committed,  1 nodes.
      Class space:        1.00 GB reserved,       8.88 MB ( <1%) committed,  1 nodes.
             Both:        1.06 GB reserved,      63.62 MB (  6%) committed. 

Chunk freelists:
   Non-Class:  8.50 MB
       Class:  7.12 MB
        Both:  15.62 MB

MaxMetaspaceSize: unlimited
CompressedClassSpaceSize: 1.00 GB
Initial GC threshold: 21.00 MB
Current GC threshold: 101.81 MB
CDS: off
MetaspaceReclaimPolicy: balanced
 - commit_granule_bytes: 65536.
 - commit_granule_words: 8192.
 - virtual_space_node_default_size: 8388608.
 - enlarge_chunks_in_place: 1.
 - new_chunks_are_fully_committed: 0.
 - uncommit_free_chunks: 1.
 - use_allocation_guard: 0.
 - handle_deallocations: 1.


Internal statistics:

num_allocs_failed_limit: 3.
num_arena_births: 804.
num_arena_deaths: 4.
num_vsnodes_births: 2.
num_vsnodes_deaths: 0.
num_space_committed: 1018.
num_space_uncommitted: 0.
num_chunks_returned_to_freelist: 9.
num_chunks_taken_from_freelist: 3127.
num_chunk_merges: 3.
num_chunk_splits: 2023.
num_chunks_enlarged: 1331.
num_inconsistent_stats: 0.

CodeHeap 'non-profiled nmethods': size=120000Kb used=3291Kb max_used=3291Kb free=116708Kb
 bounds [0x0000019226510000, 0x0000019226850000, 0x000001922da40000]
CodeHeap 'profiled nmethods': size=120000Kb used=12127Kb max_used=12127Kb free=107872Kb
 bounds [0x000001921ea40000, 0x000001921f620000, 0x0000019225f70000]
CodeHeap 'non-nmethods': size=5760Kb used=2336Kb max_used=2401Kb free=3423Kb
 bounds [0x0000019225f70000, 0x00000192261e0000, 0x0000019226510000]
 total_blobs=7277 nmethods=6420 adapters=769
 compilation: enabled
              stopped_count=0, restarted_count=0
 full_count=0

Compilation events (20 events):
Event: 17.244 Thread 0x000001923572b4b0 7210       4       jdk.internal.org.objectweb.asm.ClassReader::readShort (27 bytes)
Event: 17.245 Thread 0x000001923572b4b0 nmethod 7210 0x00000192265ce510 code [0x00000192265ce680, 0x00000192265ce778]
Event: 17.258 Thread 0x00000192353fc2d0 7220       1       com.android.build.gradle.options.Stage::getStatus (5 bytes)
Event: 17.258 Thread 0x00000192353fc2d0 nmethod 7220 0x0000019226844d90 code [0x0000019226844f20, 0x0000019226844ff8]
Event: 17.262 Thread 0x00000192353fc2d0 7221       3       com.google.common.collect.CollectPreconditions::checkEntryNotNull (68 bytes)
Event: 17.262 Thread 0x00000192353fc2d0 nmethod 7221 0x000001921f616d90 code [0x000001921f616fe0, 0x000001921f6174e8]
Event: 17.262 Thread 0x00000192353fc2d0 7222       1       com.google.common.collect.ImmutableEntry::getKey (5 bytes)
Event: 17.263 Thread 0x00000192353fc2d0 nmethod 7222 0x0000019226845090 code [0x0000019226845220, 0x00000192268452f8]
Event: 17.263 Thread 0x00000192353fc2d0 7223       1       com.google.common.collect.ImmutableEntry::getValue (5 bytes)
Event: 17.263 Thread 0x00000192353fc2d0 nmethod 7223 0x0000019226845390 code [0x0000019226845520, 0x00000192268455f8]
Event: 17.266 Thread 0x00000192353fc2d0 7224       1       com.google.common.collect.ImmutableMapEntry::isReusable (2 bytes)
Event: 17.266 Thread 0x00000192353fc2d0 nmethod 7224 0x0000019226845690 code [0x0000019226845820, 0x00000192268458f8]
Event: 17.268 Thread 0x000001923572b4b0 7225       4       java.lang.StringConcatHelper::simpleConcat (94 bytes)
Event: 17.270 Thread 0x00000192353fc2d0 7226       3       com.google.common.collect.ImmutableMapEntry::<init> (12 bytes)
Event: 17.270 Thread 0x00000192353fc2d0 nmethod 7226 0x000001921f617790 code [0x000001921f617940, 0x000001921f617c48]
Event: 17.270 Thread 0x00000192353fc2d0 7227       3       com.google.common.collect.ImmutableEntry::<init> (15 bytes)
Event: 17.270 Thread 0x00000192353fc2d0 nmethod 7227 0x000001921f617d90 code [0x000001921f617f40, 0x000001921f6181b8]
Event: 17.270 Thread 0x00000192353fc2d0 7228       3       com.google.common.collect.Hashing::smear (19 bytes)
Event: 17.271 Thread 0x00000192353fc2d0 nmethod 7228 0x000001921f618290 code [0x000001921f618420, 0x000001921f618598]
Event: 17.280 Thread 0x000001923572b4b0 nmethod 7225 0x0000019226845990 code [0x0000019226845b40, 0x0000019226846198]

GC Heap History (20 events):
Event: 11.101 GC heap before
{Heap before GC invocations=22 (full 0):
 garbage-first heap   total 92160K, used 63584K [0x0000000080000000, 0x0000000100000000)
  region size 1024K, 14 young (14336K), 4 survivors (4096K)
 Metaspace       used 50639K, committed 51136K, reserved 1114112K
  class space    used 6837K, committed 7040K, reserved 1048576K
}
Event: 11.110 GC heap after
{Heap after GC invocations=23 (full 0):
 garbage-first heap   total 92160K, used 57947K [0x0000000080000000, 0x0000000100000000)
  region size 1024K, 4 young (4096K), 4 survivors (4096K)
 Metaspace       used 50639K, committed 51136K, reserved 1114112K
  class space    used 6837K, committed 7040K, reserved 1048576K
}
Event: 11.259 GC heap before
{Heap before GC invocations=24 (full 0):
 garbage-first heap   total 107520K, used 64091K [0x0000000080000000, 0x0000000100000000)
  region size 1024K, 9 young (9216K), 4 survivors (4096K)
 Metaspace       used 50987K, committed 51520K, reserved 1114112K
  class space    used 6862K, committed 7104K, reserved 1048576K
}
Event: 11.264 GC heap after
{Heap after GC invocations=25 (full 0):
 garbage-first heap   total 107520K, used 62641K [0x0000000080000000, 0x0000000100000000)
  region size 1024K, 2 young (2048K), 2 survivors (2048K)
 Metaspace       used 50987K, committed 51520K, reserved 1114112K
  class space    used 6862K, committed 7104K, reserved 1048576K
}
Event: 11.731 GC heap before
{Heap before GC invocations=26 (full 0):
 garbage-first heap   total 112640K, used 84145K [0x0000000080000000, 0x0000000100000000)
  region size 1024K, 21 young (21504K), 2 survivors (2048K)
 Metaspace       used 53178K, committed 53696K, reserved 1114112K
  class space    used 7091K, committed 7296K, reserved 1048576K
}
Event: 11.733 GC heap after
{Heap after GC invocations=27 (full 0):
 garbage-first heap   total 112640K, used 62708K [0x0000000080000000, 0x0000000100000000)
  region size 1024K, 2 young (2048K), 2 survivors (2048K)
 Metaspace       used 53178K, committed 53696K, reserved 1114112K
  class space    used 7091K, committed 7296K, reserved 1048576K
}
Event: 12.487 GC heap before
{Heap before GC invocations=27 (full 0):
 garbage-first heap   total 112640K, used 86260K [0x0000000080000000, 0x0000000100000000)
  region size 1024K, 26 young (26624K), 2 survivors (2048K)
 Metaspace       used 55113K, committed 55680K, reserved 1114112K
  class space    used 7425K, committed 7680K, reserved 1048576K
}
Event: 12.492 GC heap after
{Heap after GC invocations=28 (full 0):
 garbage-first heap   total 112640K, used 64020K [0x0000000080000000, 0x0000000100000000)
  region size 1024K, 3 young (3072K), 3 survivors (3072K)
 Metaspace       used 55113K, committed 55680K, reserved 1114112K
  class space    used 7425K, committed 7680K, reserved 1048576K
}
Event: 13.385 GC heap before
{Heap before GC invocations=29 (full 0):
 garbage-first heap   total 112640K, used 88596K [0x0000000080000000, 0x0000000100000000)
  region size 1024K, 28 young (28672K), 3 survivors (3072K)
 Metaspace       used 58057K, committed 58624K, reserved 1114112K
  class space    used 7906K, committed 8192K, reserved 1048576K
}
Event: 13.394 GC heap after
{Heap after GC invocations=30 (full 0):
 garbage-first heap   total 112640K, used 65975K [0x0000000080000000, 0x0000000100000000)
  region size 1024K, 4 young (4096K), 4 survivors (4096K)
 Metaspace       used 58057K, committed 58624K, reserved 1114112K
  class space    used 7906K, committed 8192K, reserved 1048576K
}
Event: 14.620 GC heap before
{Heap before GC invocations=30 (full 0):
 garbage-first heap   total 112640K, used 90551K [0x0000000080000000, 0x0000000100000000)
  region size 1024K, 28 young (28672K), 4 survivors (4096K)
 Metaspace       used 60709K, committed 61312K, reserved 1114112K
  class space    used 8341K, committed 8640K, reserved 1048576K
}
Event: 14.628 GC heap after
{Heap after GC invocations=31 (full 0):
 garbage-first heap   total 112640K, used 67138K [0x0000000080000000, 0x0000000100000000)
  region size 1024K, 4 young (4096K), 4 survivors (4096K)
 Metaspace       used 60709K, committed 61312K, reserved 1114112K
  class space    used 8341K, committed 8640K, reserved 1048576K
}
Event: 15.641 GC heap before
{Heap before GC invocations=32 (full 0):
 garbage-first heap   total 119808K, used 90690K [0x0000000080000000, 0x0000000100000000)
  region size 1024K, 27 young (27648K), 4 survivors (4096K)
 Metaspace       used 61523K, committed 62144K, reserved 1114112K
  class space    used 8417K, committed 8704K, reserved 1048576K
}
Event: 15.653 GC heap after
{Heap after GC invocations=33 (full 0):
 garbage-first heap   total 119808K, used 71020K [0x0000000080000000, 0x0000000100000000)
  region size 1024K, 4 young (4096K), 4 survivors (4096K)
 Metaspace       used 61523K, committed 62144K, reserved 1114112K
  class space    used 8417K, committed 8704K, reserved 1048576K
}
Event: 16.078 GC heap before
{Heap before GC invocations=33 (full 0):
 garbage-first heap   total 119808K, used 90476K [0x0000000080000000, 0x0000000100000000)
  region size 1024K, 24 young (24576K), 4 survivors (4096K)
 Metaspace       used 61813K, committed 62528K, reserved 1114112K
  class space    used 8435K, committed 8768K, reserved 1048576K
}
Event: 16.086 GC heap after
{Heap after GC invocations=34 (full 0):
 garbage-first heap   total 119808K, used 72990K [0x0000000080000000, 0x0000000100000000)
  region size 1024K, 3 young (3072K), 3 survivors (3072K)
 Metaspace       used 61813K, committed 62528K, reserved 1114112K
  class space    used 8435K, committed 8768K, reserved 1048576K
}
Event: 16.895 GC heap before
{Heap before GC invocations=35 (full 0):
 garbage-first heap   total 133120K, used 103710K [0x0000000080000000, 0x0000000100000000)
  region size 1024K, 27 young (27648K), 3 survivors (3072K)
 Metaspace       used 63019K, committed 63680K, reserved 1114112K
  class space    used 8593K, committed 8896K, reserved 1048576K
}
Event: 16.900 GC heap after
{Heap after GC invocations=36 (full 0):
 garbage-first heap   total 133120K, used 84647K [0x0000000080000000, 0x0000000100000000)
  region size 1024K, 4 young (4096K), 4 survivors (4096K)
 Metaspace       used 63019K, committed 63680K, reserved 1114112K
  class space    used 8593K, committed 8896K, reserved 1048576K
}
Event: 16.936 GC heap before
{Heap before GC invocations=36 (full 0):
 garbage-first heap   total 133120K, used 86695K [0x0000000080000000, 0x0000000100000000)
  region size 1024K, 6 young (6144K), 4 survivors (4096K)
 Metaspace       used 63122K, committed 63744K, reserved 1114112K
  class space    used 8614K, committed 8896K, reserved 1048576K
}
Event: 16.940 GC heap after
{Heap after GC invocations=37 (full 0):
 garbage-first heap   total 159744K, used 84277K [0x0000000080000000, 0x0000000100000000)
  region size 1024K, 1 young (1024K), 1 survivors (1024K)
 Metaspace       used 63122K, committed 63744K, reserved 1114112K
  class space    used 8614K, committed 8896K, reserved 1048576K
}

Dll operation events (3 events):
Event: 0.019 Loaded shared library C:\Program Files\Android\Android Studio\jbr\bin\java.dll
Event: 0.371 Loaded shared library C:\Program Files\Android\Android Studio\jbr\bin\zip.dll
Event: 1.106 Loaded shared library C:\Program Files\Android\Android Studio\jbr\bin\verify.dll

Deoptimization events (20 events):
Event: 16.125 Thread 0x000001923b43a070 Uncommon trap: trap_request=0xffffffc6 fr.pc=0x000001922666c624 relative=0x0000000000000064
Event: 16.125 Thread 0x000001923b43a070 Uncommon trap: reason=bimorphic_or_optimized_type_check action=maybe_recompile pc=0x000001922666c624 method=com.google.common.collect.ImmutableList.copyOf(Ljava/util/Collection;)Lcom/google/common/collect/ImmutableList; @ 16 c2
Event: 16.125 Thread 0x000001923b43a070 DEOPT PACKING pc=0x000001922666c624 sp=0x000000711a3f7f20
Event: 16.125 Thread 0x000001923b43a070 DEOPT UNPACKING pc=0x0000019225fc69a3 sp=0x000000711a3f7ec8 mode 2
Event: 16.126 Thread 0x000001923b43a070 Uncommon trap: trap_request=0xffffffc6 fr.pc=0x000001922666c624 relative=0x0000000000000064
Event: 16.126 Thread 0x000001923b43a070 Uncommon trap: reason=bimorphic_or_optimized_type_check action=maybe_recompile pc=0x000001922666c624 method=com.google.common.collect.ImmutableList.copyOf(Ljava/util/Collection;)Lcom/google/common/collect/ImmutableList; @ 16 c2
Event: 16.126 Thread 0x000001923b43a070 DEOPT PACKING pc=0x000001922666c624 sp=0x000000711a3f7830
Event: 16.126 Thread 0x000001923b43a070 DEOPT UNPACKING pc=0x0000019225fc69a3 sp=0x000000711a3f77d8 mode 2
Event: 16.550 Thread 0x000001923b43a070 Uncommon trap: trap_request=0xffffffde fr.pc=0x0000019226823910 relative=0x0000000000000830
Event: 16.550 Thread 0x000001923b43a070 Uncommon trap: reason=class_check action=maybe_recompile pc=0x0000019226823910 method=java.io.BufferedInputStream.read1([BII)I @ 39 c2
Event: 16.550 Thread 0x000001923b43a070 DEOPT PACKING pc=0x0000019226823910 sp=0x000000711a3f6240
Event: 16.550 Thread 0x000001923b43a070 DEOPT UNPACKING pc=0x0000019225fc69a3 sp=0x000000711a3f6158 mode 2
Event: 16.550 Thread 0x000001923b43a070 Uncommon trap: trap_request=0xffffffde fr.pc=0x0000019226823910 relative=0x0000000000000830
Event: 16.550 Thread 0x000001923b43a070 Uncommon trap: reason=class_check action=maybe_recompile pc=0x0000019226823910 method=java.io.BufferedInputStream.read1([BII)I @ 39 c2
Event: 16.550 Thread 0x000001923b43a070 DEOPT PACKING pc=0x0000019226823910 sp=0x000000711a3f6240
Event: 16.550 Thread 0x000001923b43a070 DEOPT UNPACKING pc=0x0000019225fc69a3 sp=0x000000711a3f6158 mode 2
Event: 16.551 Thread 0x000001923b43a070 Uncommon trap: trap_request=0xffffffde fr.pc=0x0000019226823910 relative=0x0000000000000830
Event: 16.551 Thread 0x000001923b43a070 Uncommon trap: reason=class_check action=maybe_recompile pc=0x0000019226823910 method=java.io.BufferedInputStream.read1([BII)I @ 39 c2
Event: 16.551 Thread 0x000001923b43a070 DEOPT PACKING pc=0x0000019226823910 sp=0x000000711a3f6240
Event: 16.551 Thread 0x000001923b43a070 DEOPT UNPACKING pc=0x0000019225fc69a3 sp=0x000000711a3f6158 mode 2

Classes unloaded (2 events):
Event: 12.584 Thread 0x0000019235271520 Unloading class 0x00000001006cc800 'java/lang/invoke/LambdaForm$DMH+0x00000001006cc800'
Event: 12.584 Thread 0x0000019235271520 Unloading class 0x00000001006cc400 'java/lang/invoke/LambdaForm$DMH+0x00000001006cc400'

Classes redefined (0 events):
No events

Internal exceptions (20 events):
Event: 13.777 Thread 0x000001923b43a070 Exception <a 'java/lang/NoSuchMethodError'{0x00000000864b4d90}: 'java.lang.Object java.lang.invoke.DirectMethodHandle$Holder.invokeSpecial(java.lang.Object, java.lang.Object, java.lang.Object, java.lang.Object, java.lang.Object, java.lang.Object, java.lang.Object, java.lang.Object, java.lang.Object, java.lang.Object, java.lang.Object, java.lang.Object, java.lang.Object, java.lang.Object, java.lang.Object, java.lang.Object, java.lang.Object, java.lang.Object, java.lang.Object, java.lang.Object, java.lang.Ob
Event: 13.778 Thread 0x000001923b43a070 Exception <a 'java/lang/NoSuchMethodError'{0x00000000864baea0}: 'java.lang.Object java.lang.invoke.DelegatingMethodHandle$Holder.reinvoke_L(java.lang.Object, java.lang.Object, java.lang.Object, java.lang.Object, java.lang.Object, java.lang.Object, java.lang.Object, java.lang.Object, java.lang.Object, java.lang.Object, java.lang.Object, java.lang.Object, java.lang.Object, java.lang.Object, java.lang.Object, java.lang.Object, java.lang.Object, java.lang.Object, java.lang.Object, java.lang.Object, java.lang.O
Event: 13.779 Thread 0x000001923b43a070 Exception <a 'java/lang/NoSuchMethodError'{0x00000000864c65b8}: 'java.lang.Object java.lang.invoke.Invokers$Holder.invoker(java.lang.Object, java.lang.Object, java.lang.Object, java.lang.Object, java.lang.Object, java.lang.Object, java.lang.Object, java.lang.Object, java.lang.Object, java.lang.Object, java.lang.Object, java.lang.Object, java.lang.Object, java.lang.Object, java.lang.Object, java.lang.Object, java.lang.Object, java.lang.Object, java.lang.Object, java.lang.Object, java.lang.Object, java.lang.
Event: 13.780 Thread 0x000001923b43a070 Exception <a 'java/lang/NoSuchMethodError'{0x00000000864cd018}: 'java.lang.Object java.lang.invoke.DelegatingMethodHandle$Holder.delegate(java.lang.Object, java.lang.Object, java.lang.Object, java.lang.Object, java.lang.Object, java.lang.Object, java.lang.Object, java.lang.Object, java.lang.Object, java.lang.Object, java.lang.Object, java.lang.Object, java.lang.Object, java.lang.Object, java.lang.Object, java.lang.Object, java.lang.Object, java.lang.Object, java.lang.Object, java.lang.Object, java.lang.Obj
Event: 13.799 Thread 0x000001923b43a070 Exception <a 'java/lang/NoSuchMethodError'{0x00000000863a34c8}: 'java.lang.Object java.lang.invoke.DirectMethodHandle$Holder.invokeStatic(java.lang.Object, java.lang.Object, java.lang.Object, java.lang.Object, java.lang.Object, java.lang.Object, java.lang.Object, java.lang.Object, java.lang.Object, java.lang.Object, java.lang.Object, java.lang.Object, java.lang.Object, java.lang.Object, java.lang.Object, java.lang.Object, java.lang.Object, java.lang.Object, java.lang.Object, java.lang.Object, java.lang.Obj
Event: 14.256 Thread 0x000001923b43a070 Exception <a 'java/lang/NoSuchMethodError'{0x0000000085e64158}: static Lorg/gradle/api/internal/catalog/DefaultVersionCatalog;.<clinit>()V> (0x0000000085e64158) 
thrown [s\src\hotspot\share\prims\jni.cpp, line 1108]
Event: 14.265 Thread 0x000001923b43a070 Exception <a 'java/lang/NoSuchMethodError'{0x0000000085eb63b8}: static [Ljava/lang/Object;.<clinit>()V> (0x0000000085eb63b8) 
thrown [s\src\hotspot\share\prims\jni.cpp, line 1108]
Event: 14.269 Thread 0x000001923b43a070 Exception <a 'java/lang/NoSuchMethodError'{0x0000000085eea4e0}: static Lorg/gradle/api/internal/catalog/DependencyModel;.<clinit>()V> (0x0000000085eea4e0) 
thrown [s\src\hotspot\share\prims\jni.cpp, line 1108]
Event: 14.269 Thread 0x000001923b43a070 Exception <a 'java/lang/NoSuchMethodError'{0x0000000085eee140}: static Lorg/gradle/api/internal/catalog/AbstractContextAwareModel;.<clinit>()V> (0x0000000085eee140) 
thrown [s\src\hotspot\share\prims\jni.cpp, line 1108]
Event: 14.272 Thread 0x000001923b43a070 Exception <a 'java/lang/NoSuchMethodError'{0x0000000085d07fb8}: static Lorg/gradle/api/internal/artifacts/dependencies/AbstractVersionConstraint;.<clinit>()V> (0x0000000085d07fb8) 
thrown [s\src\hotspot\share\prims\jni.cpp, line 1108]
Event: 14.310 Thread 0x000001923b43a070 Exception <a 'java/lang/NoSuchMethodError'{0x0000000085dbc4f0}: static Lorg/gradle/api/internal/catalog/PluginModel;.<clinit>()V> (0x0000000085dbc4f0) 
thrown [s\src\hotspot\share\prims\jni.cpp, line 1108]
Event: 14.313 Thread 0x000001923b43a070 Exception <a 'java/lang/NoSuchMethodError'{0x0000000085dd3860}: static Lorg/gradle/api/internal/catalog/VersionModel;.<clinit>()V> (0x0000000085dd3860) 
thrown [s\src\hotspot\share\prims\jni.cpp, line 1108]
Event: 14.467 Thread 0x000001923b43a070 Exception <a 'java/lang/NoSuchMethodError'{0x00000000859310d8}: 'int java.lang.invoke.DirectMethodHandle$Holder.invokeSpecialIFC(java.lang.Object, java.lang.Object, java.lang.Object)'> (0x00000000859310d8) 
thrown [s\src\hotspot\share\interpreter\linkResolver.cpp, line 771]
Event: 14.618 Thread 0x000001923b43a070 Exception <a 'java/lang/NoSuchMethodError'{0x00000000856f0ef0}: 'java.lang.Object java.lang.invoke.DirectMethodHandle$Holder.newInvokeSpecial(java.lang.Object, java.lang.Object, java.lang.Object, java.lang.Object, java.lang.Object, int)'> (0x00000000856f0ef0) 
thrown [s\src\hotspot\share\interpreter\linkResolver.cpp, line 771]
Event: 14.619 Thread 0x000001923b43a070 Exception <a 'java/lang/NoSuchMethodError'{0x00000000856f65f0}: 'java.lang.Object java.lang.invoke.DirectMethodHandle$Holder.invokeSpecial(java.lang.Object, java.lang.Object, java.lang.Object, java.lang.Object, java.lang.Object, java.lang.Object, int)'> (0x00000000856f65f0) 
thrown [s\src\hotspot\share\interpreter\linkResolver.cpp, line 771]
Event: 14.620 Thread 0x000001923b43a070 Exception <a 'java/lang/NoSuchMethodError'{0x00000000856fb678}: 'java.lang.Object java.lang.invoke.Invokers$Holder.linkToTargetMethod(java.lang.Object, java.lang.Object, java.lang.Object, java.lang.Object, int, java.lang.Object)'> (0x00000000856fb678) 
thrown [s\src\hotspot\share\interpreter\linkResolver.cpp, line 771]
Event: 14.634 Thread 0x000001923b43a070 Exception <a 'java/lang/NoSuchMethodError'{0x0000000087f2e960}: 'java.lang.Object java.lang.invoke.DirectMethodHandle$Holder.invokeSpecial(java.lang.Object, java.lang.Object, java.lang.Object, java.lang.Object, java.lang.Object, long)'> (0x0000000087f2e960) 
thrown [s\src\hotspot\share\interpreter\linkResolver.cpp, line 771]
Event: 14.637 Thread 0x000001923b43a070 Exception <a 'java/lang/NoSuchMethodError'{0x0000000087f50e78}: 'void java.lang.invoke.DirectMethodHandle$Holder.invokeStatic(java.lang.Object, java.lang.Object, java.lang.Object, int, java.lang.Object)'> (0x0000000087f50e78) 
thrown [s\src\hotspot\share\interpreter\linkResolver.cpp, line 771]
Event: 16.064 Thread 0x000001923b43a070 Implicit null exception at 0x000001922654ef92 to 0x000001922654f6b4
Event: 16.065 Thread 0x000001923b43a070 Implicit null exception at 0x0000019226550594 to 0x0000019226550c38

VM Operations (20 events):
Event: 14.788 Executing VM operation: G1PauseCleanup
Event: 14.788 Executing VM operation: G1PauseCleanup done
Event: 15.218 Executing VM operation: HandshakeAllThreads
Event: 15.218 Executing VM operation: HandshakeAllThreads done
Event: 15.299 Executing VM operation: ICBufferFull
Event: 15.300 Executing VM operation: ICBufferFull done
Event: 15.627 Executing VM operation: G1CollectForAllocation
Event: 15.655 Executing VM operation: G1CollectForAllocation done
Event: 15.980 Executing VM operation: ICBufferFull
Event: 15.980 Executing VM operation: ICBufferFull done
Event: 16.078 Executing VM operation: G1TryInitiateConcMark
Event: 16.086 Executing VM operation: G1TryInitiateConcMark done
Event: 16.180 Executing VM operation: G1PauseRemark
Event: 16.187 Executing VM operation: G1PauseRemark done
Event: 16.260 Executing VM operation: G1PauseCleanup
Event: 16.260 Executing VM operation: G1PauseCleanup done
Event: 16.895 Executing VM operation: G1CollectForAllocation
Event: 16.900 Executing VM operation: G1CollectForAllocation done
Event: 16.936 Executing VM operation: G1CollectForAllocation
Event: 16.940 Executing VM operation: G1CollectForAllocation done

Events (20 events):
Event: 14.251 loading class java/io/ObjectOutputStream$BlockDataOutputStream done
Event: 14.251 loading class java/io/ObjectOutputStream$HandleTable
Event: 14.252 loading class java/io/ObjectOutputStream$HandleTable done
Event: 14.252 loading class java/io/ObjectOutputStream$ReplaceTable
Event: 14.252 loading class java/io/ObjectOutputStream$ReplaceTable done
Event: 14.664 loading class java/util/LinkedList$LLSpliterator
Event: 14.664 loading class java/util/LinkedList$LLSpliterator done
Event: 15.110 loading class java/util/Collections$ReverseComparator
Event: 15.111 loading class java/util/Collections$ReverseComparator done
Event: 15.111 loading class java/util/Collections$ReverseComparator2
Event: 15.111 loading class java/util/Collections$ReverseComparator2 done
Event: 15.317 Thread 0x000001923d323910 Thread added: 0x000001923d323910
Event: 15.318 Thread 0x000001923d321090 Thread added: 0x000001923d321090
Event: 15.318 Thread 0x000001923d323e20 Thread added: 0x000001923d323e20
Event: 16.300 Thread 0x000001923c7c9050 Thread exited: 0x000001923c7c9050
Event: 16.481 Thread 0x000001923c6290d0 Thread added: 0x000001923c6290d0
Event: 16.736 Thread 0x000001923c6290d0 Thread exited: 0x000001923c6290d0
Event: 17.071 loading class java/util/regex/Pattern$1
Event: 17.071 loading class java/util/regex/Pattern$1 done
Event: 17.199 Thread 0x000001923572b4b0 Thread added: 0x000001923572b4b0


Dynamic libraries:
0x00007ff68bb90000 - 0x00007ff68bb9a000 	C:\Program Files\Android\Android Studio\jbr\bin\java.exe
0x00007ff9cd310000 - 0x00007ff9cd508000 	C:\WINDOWS\SYSTEM32\ntdll.dll
0x00007ff9c5130000 - 0x00007ff9c5149000 	C:\Program Files\Avast Software\Avast\aswhook.dll
0x00007ff9cbba0000 - 0x00007ff9cbc5d000 	C:\WINDOWS\System32\KERNEL32.DLL
0x00007ff9ca9c0000 - 0x00007ff9cacb6000 	C:\WINDOWS\System32\KERNELBASE.dll
0x00007ff9cb1a0000 - 0x00007ff9cb2a0000 	C:\WINDOWS\System32\ucrtbase.dll
0x00007ff9b5520000 - 0x00007ff9b5537000 	C:\Program Files\Android\Android Studio\jbr\bin\jli.dll
0x00007ff9c79c0000 - 0x00007ff9c79db000 	C:\Program Files\Android\Android Studio\jbr\bin\VCRUNTIME140.dll
0x00007ff9cb460000 - 0x00007ff9cb5ff000 	C:\WINDOWS\System32\USER32.dll
0x00007ff9b80c0000 - 0x00007ff9b835a000 	C:\WINDOWS\WinSxS\amd64_microsoft.windows.common-controls_6595b64144ccf1df_6.0.19041.4355_none_60b8b9eb71f62e16\COMCTL32.dll
0x00007ff9cb0d0000 - 0x00007ff9cb0f2000 	C:\WINDOWS\System32\win32u.dll
0x00007ff9cbc70000 - 0x00007ff9cbd0e000 	C:\WINDOWS\System32\msvcrt.dll
0x00007ff9cb820000 - 0x00007ff9cb84b000 	C:\WINDOWS\System32\GDI32.dll
0x00007ff9cacc0000 - 0x00007ff9cadd7000 	C:\WINDOWS\System32\gdi32full.dll
0x00007ff9cb100000 - 0x00007ff9cb19d000 	C:\WINDOWS\System32\msvcp_win.dll
0x00007ff9cb9e0000 - 0x00007ff9cba12000 	C:\WINDOWS\System32\IMM32.DLL
0x00007ff9c79b0000 - 0x00007ff9c79bc000 	C:\Program Files\Android\Android Studio\jbr\bin\vcruntime140_1.dll
0x00007ff9b10c0000 - 0x00007ff9b114d000 	C:\Program Files\Android\Android Studio\jbr\bin\msvcp140.dll
0x00007ff9429c0000 - 0x00007ff943643000 	C:\Program Files\Android\Android Studio\jbr\bin\server\jvm.dll
0x00007ff9cb770000 - 0x00007ff9cb820000 	C:\WINDOWS\System32\ADVAPI32.dll
0x00007ff9cb6d0000 - 0x00007ff9cb770000 	C:\WINDOWS\System32\sechost.dll
0x00007ff9cbd10000 - 0x00007ff9cbe33000 	C:\WINDOWS\System32\RPCRT4.dll
0x00007ff9cb310000 - 0x00007ff9cb337000 	C:\WINDOWS\System32\bcrypt.dll
0x00007ff9c9f40000 - 0x00007ff9c9f8b000 	C:\WINDOWS\SYSTEM32\POWRPROF.dll
0x00007ff9b6be0000 - 0x00007ff9b6be9000 	C:\WINDOWS\SYSTEM32\WSOCK32.dll
0x00007ff9cba20000 - 0x00007ff9cba8b000 	C:\WINDOWS\System32\WS2_32.dll
0x00007ff9a6710000 - 0x00007ff9a6737000 	C:\WINDOWS\SYSTEM32\WINMM.dll
0x00007ff9c5180000 - 0x00007ff9c518a000 	C:\WINDOWS\SYSTEM32\VERSION.dll
0x00007ff9c9db0000 - 0x00007ff9c9dc2000 	C:\WINDOWS\SYSTEM32\UMPDC.dll
0x00007ff9c8840000 - 0x00007ff9c8852000 	C:\WINDOWS\SYSTEM32\kernel.appcore.dll
0x00007ff9c0090000 - 0x00007ff9c009a000 	C:\Program Files\Android\Android Studio\jbr\bin\jimage.dll
0x00007ff9c1920000 - 0x00007ff9c1b04000 	C:\WINDOWS\SYSTEM32\DBGHELP.DLL
0x00007ff9c18e0000 - 0x00007ff9c1914000 	C:\WINDOWS\SYSTEM32\dbgcore.DLL
0x00007ff9cae30000 - 0x00007ff9caeb2000 	C:\WINDOWS\System32\bcryptPrimitives.dll
0x00007ff9b5540000 - 0x00007ff9b554e000 	C:\Program Files\Android\Android Studio\jbr\bin\instrument.dll
0x00007ff9b57d0000 - 0x00007ff9b57f5000 	C:\Program Files\Android\Android Studio\jbr\bin\java.dll
0x00007ff9bebf0000 - 0x00007ff9bec08000 	C:\Program Files\Android\Android Studio\jbr\bin\zip.dll
0x00007ff9cc050000 - 0x00007ff9cc7bb000 	C:\WINDOWS\System32\SHELL32.dll
0x00007ff9c8a40000 - 0x00007ff9c91dd000 	C:\WINDOWS\SYSTEM32\windows.storage.dll
0x00007ff9ccf70000 - 0x00007ff9cd2c3000 	C:\WINDOWS\System32\combase.dll
0x00007ff9ca3e0000 - 0x00007ff9ca40e000 	C:\WINDOWS\SYSTEM32\Wldp.dll
0x00007ff9cb600000 - 0x00007ff9cb6cd000 	C:\WINDOWS\System32\OLEAUT32.dll
0x00007ff9cb850000 - 0x00007ff9cb8fd000 	C:\WINDOWS\System32\SHCORE.dll
0x00007ff9cc980000 - 0x00007ff9cc9d5000 	C:\WINDOWS\System32\shlwapi.dll
0x00007ff9ca8f0000 - 0x00007ff9ca914000 	C:\WINDOWS\SYSTEM32\profapi.dll
0x00007ff9b8600000 - 0x00007ff9b8619000 	C:\Program Files\Android\Android Studio\jbr\bin\net.dll
0x00007ff9c1b80000 - 0x00007ff9c1c8a000 	C:\WINDOWS\SYSTEM32\WINHTTP.dll
0x00007ff9ca140000 - 0x00007ff9ca1aa000 	C:\WINDOWS\system32\mswsock.dll
0x00007ff9b56d0000 - 0x00007ff9b56e6000 	C:\Program Files\Android\Android Studio\jbr\bin\nio.dll
0x00007ff9bfde0000 - 0x00007ff9bfdf0000 	C:\Program Files\Android\Android Studio\jbr\bin\verify.dll
0x00007ff9c67e0000 - 0x00007ff9c6807000 	C:\Users\Pubudu\.gradle\native\c067742578af261105cb4f569cf0c3c89f3d7b1fecec35dd04571415982c5e48\windows-amd64\native-platform.dll
0x00007ff9af380000 - 0x00007ff9af4c4000 	C:\Users\Pubudu\.gradle\native\38dada09dfb8b06ba9b0570ebf7e218e3eb74d4ef43ca46872605cf95ebc2f47\windows-amd64\native-platform-file-events.dll
0x00007ff9b5ea0000 - 0x00007ff9b5ea9000 	C:\Program Files\Android\Android Studio\jbr\bin\management.dll
0x00007ff9b57c0000 - 0x00007ff9b57cb000 	C:\Program Files\Android\Android Studio\jbr\bin\management_ext.dll
0x00007ff9cb3f0000 - 0x00007ff9cb3f8000 	C:\WINDOWS\System32\PSAPI.DLL
0x00007ff9ca330000 - 0x00007ff9ca348000 	C:\WINDOWS\SYSTEM32\CRYPTSP.dll
0x00007ff9c99f0000 - 0x00007ff9c9a24000 	C:\WINDOWS\system32\rsaenh.dll
0x00007ff9ca8a0000 - 0x00007ff9ca8ce000 	C:\WINDOWS\SYSTEM32\USERENV.dll
0x00007ff9ca350000 - 0x00007ff9ca35c000 	C:\WINDOWS\SYSTEM32\CRYPTBASE.dll
0x00007ff9c9dd0000 - 0x00007ff9c9e0b000 	C:\WINDOWS\SYSTEM32\IPHLPAPI.DLL
0x00007ff9cc970000 - 0x00007ff9cc978000 	C:\WINDOWS\System32\NSI.dll
0x00007ff9c25a0000 - 0x00007ff9c25b7000 	C:\WINDOWS\SYSTEM32\dhcpcsvc6.DLL
0x00007ff9c4080000 - 0x00007ff9c409d000 	C:\WINDOWS\SYSTEM32\dhcpcsvc.DLL
0x00007ff9c9e20000 - 0x00007ff9c9eeb000 	C:\WINDOWS\SYSTEM32\DNSAPI.dll
0x00007ff9b6c90000 - 0x00007ff9b6c99000 	C:\Program Files\Android\Android Studio\jbr\bin\extnet.dll
0x00007ff997030000 - 0x00007ff997037000 	C:\WINDOWS\system32\wshunix.dll

dbghelp: loaded successfully - version: 4.0.5 - missing functions: none
symbol engine: initialized successfully - sym options: 0x614 - pdb path: .;C:\Program Files\Android\Android Studio\jbr\bin;C:\WINDOWS\SYSTEM32;C:\Program Files\Avast Software\Avast;C:\WINDOWS\WinSxS\amd64_microsoft.windows.common-controls_6595b64144ccf1df_6.0.19041.4355_none_60b8b9eb71f62e16;C:\Program Files\Android\Android Studio\jbr\bin\server;C:\Users\Pubudu\.gradle\native\c067742578af261105cb4f569cf0c3c89f3d7b1fecec35dd04571415982c5e48\windows-amd64;C:\Users\Pubudu\.gradle\native\38dada09dfb8b06ba9b0570ebf7e218e3eb74d4ef43ca46872605cf95ebc2f47\windows-amd64

VM Arguments:
jvm_args: --add-opens=java.base/java.util=ALL-UNNAMED --add-opens=java.base/java.lang=ALL-UNNAMED --add-opens=java.base/java.lang.invoke=ALL-UNNAMED --add-opens=java.prefs/java.util.prefs=ALL-UNNAMED --add-opens=java.base/java.nio.charset=ALL-UNNAMED --add-opens=java.base/java.net=ALL-UNNAMED --add-opens=java.base/java.util.concurrent.atomic=ALL-UNNAMED -Xmx2048m -Dfile.encoding=UTF-8 -Duser.country=US -Duser.language=en -Duser.variant -javaagent:C:\Users\Pubudu\.gradle\wrapper\dists\gradle-8.6-bin\afr5mpiioh2wthjmwnkmdsd5w\gradle-8.6\lib\agents\gradle-instrumentation-agent-8.6.jar 
java_command: org.gradle.launcher.daemon.bootstrap.GradleDaemon 8.6
java_class_path (initial): C:\Users\Pubudu\.gradle\wrapper\dists\gradle-8.6-bin\afr5mpiioh2wthjmwnkmdsd5w\gradle-8.6\lib\gradle-launcher-8.6.jar
Launcher Type: SUN_STANDARD

[Global flags]
     intx CICompilerCount                          = 3                                         {product} {ergonomic}
     uint ConcGCThreads                            = 1                                         {product} {ergonomic}
     uint G1ConcRefinementThreads                  = 4                                         {product} {ergonomic}
   size_t G1HeapRegionSize                         = 1048576                                   {product} {ergonomic}
    uintx GCDrainStackTargetSize                   = 64                                        {product} {ergonomic}
   size_t InitialHeapSize                          = 134217728                                 {product} {ergonomic}
   size_t MarkStackSize                            = 4194304                                   {product} {ergonomic}
   size_t MaxHeapSize                              = 2147483648                                {product} {command line}
   size_t MaxNewSize                               = 1287651328                                {product} {ergonomic}
   size_t MinHeapDeltaBytes                        = 1048576                                   {product} {ergonomic}
   size_t MinHeapSize                              = 8388608                                   {product} {ergonomic}
    uintx NonNMethodCodeHeapSize                   = 5832780                                {pd product} {ergonomic}
    uintx NonProfiledCodeHeapSize                  = 122912730                              {pd product} {ergonomic}
    uintx ProfiledCodeHeapSize                     = 122912730                              {pd product} {ergonomic}
    uintx ReservedCodeCacheSize                    = 251658240                              {pd product} {ergonomic}
     bool SegmentedCodeCache                       = true                                      {product} {ergonomic}
   size_t SoftMaxHeapSize                          = 2147483648                             {manageable} {ergonomic}
     bool UseCompressedClassPointers               = true                           {product lp64_product} {ergonomic}
     bool UseCompressedOops                        = true                           {product lp64_product} {ergonomic}
     bool UseG1GC                                  = true                                      {product} {ergonomic}
     bool UseLargePagesIndividualAllocation        = false                                  {pd product} {ergonomic}

Logging:
Log output configuration:
 #0: stdout all=warning uptime,level,tags
 #1: stderr all=off uptime,level,tags

Environment Variables:
JAVA_HOME=C:\Program Files\Java\jdk-20
PATH=C:\Program Files\Common Files\Oracle\Java\javapath;C:\Program Files (x86)\Common Files\Oracle\Java\java8path;C:\Program Files (x86)\Common Files\Oracle\Java\javapath;C:\xampp\php:C:\Program Files\Common Files\Oracle\Java\javapath;C:\WINDOWS\system32;C:\WINDOWS;C:\WINDOWS\System32\Wbem;C:\WINDOWS\System32\WindowsPowerShell\v1.0\;C:\WINDOWS\System32\OpenSSH\;C:\Program Files\Microsoft SQL Server\150\Tools\Binn\;C:\Program Files\Microsoft SQL Server\Client SDK\ODBC\170\Tools\Binn\;C:\Program Files\Common Files\Autodesk Shared\;C:\Program Files\Java\jdk-20\bin;C:\Program Files\dotnet\;C:\Program Files\nodejs\;C:\ProgramData\Microsoft\Windows\Start Menu\Programs\Node.js;C:\Users\Pubudu\AppData\Roaming;C:\Program Files\nodejs\node_modules\npm;C:\Program Files\Git\cmd;C:\Program Files (x86)\Microsoft SQL Server\160\DTS\Binn\;C:\Program Files (x86)\Microsoft SQL Server\160\Tools\Binn\;C:\Program Files\Microsoft SQL Server\160\Tools\Binn\;C:\Program Files\Microsoft SQL Server\160\DTS\Binn\;C:\Users\Pubudu\AppData\Local\Microsoft\WindowsApps;C:\Users\Pubudu\.dotnet\tools;C:\Users\Pubudu\AppData\Roaming\npm;C:\Program Files\nodejs;;C:\Program Files\Azure Data Studio\bin;C:\Users\Pubudu\AppData\Local\Programs\Vs Code\Microsoft VS Code\bin
USERNAME=Pubudu
OS=Windows_NT
PROCESSOR_IDENTIFIER=Intel64 Family 6 Model 78 Stepping 3, GenuineIntel
TMP=C:\Users\Pubudu\AppData\Local\Temp
TEMP=C:\Users\Pubudu\AppData\Local\Temp



Periodic native trim disabled

JNI global refs:
JNI global refs: 26, weak refs: 0

JNI global refs memory usage: 843, weak refs: 841

OOME stack traces (most recent first):
Classloader memory used:
Loader org.gradle.internal.classloader.VisitableURLClassLoader                         : 3864K
Loader bootstrap                                                                       : 2505K
Loader org.gradle.initialization.MixInLegacyTypesClassLoader                           : 1095K
Loader org.gradle.internal.classloader.VisitableURLClassLoader$InstrumentingVisitableURLClassLoader: 386K
Loader org.gradle.internal.classloader.VisitableURLClassLoader                         : 87080B
Loader jdk.internal.loader.ClassLoaders$PlatformClassLoader                            : 66705B
Loader jdk.internal.reflect.DelegatingClassLoader                                      : 36014B
Loader jdk.internal.loader.ClassLoaders$AppClassLoader                                 : 28729B
Loader org.gradle.groovy.scripts.internal.DefaultScriptCompilationHandler$ScriptClassLoader: 10775B
Loader org.codehaus.groovy.runtime.callsite.CallSiteClassLoader                        : 5997B

Classes loaded by more than one classloader:
Class Program                                                                         : loaded 4 times (x 72B)
Class org.gradle.internal.Cast                                                        : loaded 3 times (x 69B)
Class org.gradle.api.GradleException                                                  : loaded 3 times (x 80B)
Class com.google.common.collect.Iterators$MergingIterator                             : loaded 2 times (x 79B)
Class org.jetbrains.plugins.gradle.model.MavenRepositoryModel                         : loaded 2 times (x 68B)
Class [Lcom.google.common.collect.AbstractMapEntry;                                   : loaded 2 times (x 67B)
Class com.google.common.collect.SingletonImmutableList                                : loaded 2 times (x 167B)
Class org.gradle.internal.classpath.ClassPath                                         : loaded 2 times (x 68B)
Class org.gradle.api.internal.classpath.DefaultModuleRegistry                         : loaded 2 times (x 84B)
Class org.gradle.internal.exceptions.NonGradleCauseExceptionsHolder                   : loaded 2 times (x 68B)
Class Settings_gradle$1$1                                                             : loaded 2 times (x 72B)
Class com.google.common.collect.ListMultimap                                          : loaded 2 times (x 68B)
Class com.google.common.base.CharMatcher$JavaDigit                                    : loaded 2 times (x 109B)
Class com.google.common.base.CharMatcher$Digit                                        : loaded 2 times (x 110B)
Class com.google.common.collect.AbstractMultimap                                      : loaded 2 times (x 121B)
Class org.gradle.api.Action                                                           : loaded 2 times (x 68B)
Class org.jetbrains.kotlin.idea.gradleTooling.model.samWithReceiver.SamWithReceiverModel: loaded 2 times (x 68B)
Class com.google.common.collect.ImmutableEntry                                        : loaded 2 times (x 80B)
Class com.google.common.collect.Lists$StringAsImmutableList                           : loaded 2 times (x 167B)
Class org.jetbrains.plugins.gradle.model.ExternalProject                              : loaded 2 times (x 68B)
Class org.jetbrains.plugins.gradle.model.IntelliJSettings                             : loaded 2 times (x 68B)
Class com.google.common.base.CharMatcher                                              : loaded 2 times (x 109B)
Class com.google.common.base.CharMatcher$IsNot                                        : loaded 2 times (x 109B)
Class com.google.common.base.Splitter                                                 : loaded 2 times (x 70B)
Class com.google.common.collect.Iterators$ArrayItr                                    : loaded 2 times (x 95B)
Class org.jetbrains.kotlin.idea.gradleTooling.KotlinMPPGradleModel                    : loaded 2 times (x 68B)
Class org.gradle.api.internal.DefaultClassPathProvider                                : loaded 2 times (x 74B)
Class org.gradle.internal.installation.GradleInstallation$1                           : loaded 2 times (x 73B)
Class com.google.common.base.CharMatcher$BitSetMatcher                                : loaded 2 times (x 110B)
Class com.google.common.collect.ImmutableMap$IteratorBasedImmutableMap                : loaded 2 times (x 123B)
Class org.gradle.internal.exceptions.DefaultMultiCauseException                       : loaded 2 times (x 89B)
Class com.google.common.collect.ImmutableMap                                          : loaded 2 times (x 118B)
Class com.google.common.base.Converter                                                : loaded 2 times (x 88B)
Class org.gradle.tooling.model.UnsupportedMethodException                             : loaded 2 times (x 80B)
Class com.google.common.collect.ImmutableSet$EmptySetBuilderImpl                      : loaded 2 times (x 74B)
Class org.gradle.internal.time.MonotonicClock                                         : loaded 2 times (x 75B)
Class com.google.common.base.Predicate                                                : loaded 2 times (x 68B)
Class org.gradle.internal.classloader.FilteringClassLoader                            : loaded 2 times (x 103B)
Class com.google.common.collect.RegularImmutableSet                                   : loaded 2 times (x 146B)
Class org.gradle.tooling.model.Model                                                  : loaded 2 times (x 68B)
Class org.gradle.internal.classpath.DefaultClassPath$ImmutableUniqueList$Builder      : loaded 2 times (x 73B)
Class com.google.common.collect.Maps$8                                                : loaded 2 times (x 80B)
Class com.google.common.base.PatternCompiler                                          : loaded 2 times (x 68B)
Class com.google.common.base.CharMatcher$InRange                                      : loaded 2 times (x 109B)
Class org.jetbrains.kotlin.idea.gradleTooling.KotlinSourceSetContainer                : loaded 2 times (x 68B)
Class com.google.common.collect.BiMap                                                 : loaded 2 times (x 68B)
Class com.google.common.collect.Lists                                                 : loaded 2 times (x 69B)
Class com.google.common.math.IntMath$1                                                : loaded 2 times (x 69B)
Class org.gradle.internal.classloader.ClassLoaderVisitor                              : loaded 2 times (x 74B)
Class com.google.common.math.MathPreconditions                                        : loaded 2 times (x 69B)
Class org.gradle.internal.time.DefaultCountdownTimer                                  : loaded 2 times (x 86B)
Class org.gradle.internal.service.DefaultServiceLocator                               : loaded 2 times (x 81B)
Class org.gradle.internal.service.UnknownServiceException                             : loaded 2 times (x 81B)
Class com.google.common.collect.ArrayListMultimap                                     : loaded 2 times (x 170B)
Class com.google.common.base.Strings                                                  : loaded 2 times (x 69B)
Class org.jetbrains.plugins.gradle.model.DependencyAccessorsModel                     : loaded 2 times (x 68B)
Class org.gradle.internal.classloader.DefaultClassLoaderFactory                       : loaded 2 times (x 80B)
Class com.google.common.collect.UnmodifiableIterator                                  : loaded 2 times (x 78B)
Class com.google.common.base.Platform$JdkPatternCompiler                              : loaded 2 times (x 73B)
Class com.google.common.base.CharMatcher$SingleWidth                                  : loaded 2 times (x 110B)
Class com.google.common.collect.Hashing                                               : loaded 2 times (x 69B)
Class org.jetbrains.plugins.gradle.model.GradleExtensions                             : loaded 2 times (x 68B)
Class com.google.common.base.JdkPattern                                               : loaded 2 times (x 73B)
Class com.google.common.collect.Multimap                                              : loaded 2 times (x 68B)
Class org.jetbrains.plugins.gradle.model.VersionCatalogsModel                         : loaded 2 times (x 68B)
Class org.gradle.internal.classloader.VisitableURLClassLoader$Spec                    : loaded 2 times (x 72B)
Class org.gradle.tooling.model.ProjectModel                                           : loaded 2 times (x 68B)
Class ijInit1_124uwz88uutuua0uwlpl4512m                                               : loaded 2 times (x 177B)
Class com.google.common.base.CharMatcher$JavaLetterOrDigit                            : loaded 2 times (x 109B)
Class org.gradle.tooling.internal.gradle.DefaultProjectIdentifier                     : loaded 2 times (x 84B)
Class org.gradle.api.internal.classpath.ModuleRegistry                                : loaded 2 times (x 68B)
Class com.google.common.collect.ImmutableCollection                                   : loaded 2 times (x 123B)
Class org.jetbrains.plugins.gradle.model.RepositoriesModel                            : loaded 2 times (x 68B)
Class kotlin.jvm.internal.markers.KMappedMarker                                       : loaded 2 times (x 68B)
Class org.gradle.api.internal.ClassPathProvider                                       : loaded 2 times (x 68B)
Class com.google.common.collect.RegularImmutableMap$Values                            : loaded 2 times (x 167B)
Class org.gradle.internal.classloader.ClasspathUtil$1                                 : loaded 2 times (x 74B)
Class org.gradle.util.GradleVersion                                                   : loaded 2 times (x 81B)
Class com.google.common.collect.ImmutableList$ReverseImmutableList                    : loaded 2 times (x 168B)
Class org.gradle.internal.classloader.ClassLoaderFactory                              : loaded 2 times (x 68B)
Class com.google.common.collect.ObjectArrays                                          : loaded 2 times (x 69B)
Class com.google.common.collect.Iterators$10                                          : loaded 2 times (x 79B)
Class com.google.common.collect.ImmutableList                                         : loaded 2 times (x 166B)
Class org.gradle.api.internal.classpath.ManifestUtil                                  : loaded 2 times (x 69B)
Class org.gradle.api.specs.Spec                                                       : loaded 2 times (x 68B)
Class com.google.common.base.CharMatcher$Whitespace                                   : loaded 2 times (x 110B)
Class org.gradle.tooling.internal.gradle.GradleBuildIdentity                          : loaded 2 times (x 68B)
Class com.google.common.collect.Iterators$1                                           : loaded 2 times (x 79B)
Class com.google.common.collect.Iterators$4                                           : loaded 2 times (x 80B)
Class com.google.common.collect.RegularImmutableMap$BucketOverflowException           : loaded 2 times (x 80B)
Class com.google.common.collect.Iterators$5                                           : loaded 2 times (x 80B)
Class com.google.common.base.Preconditions                                            : loaded 2 times (x 69B)
Class com.google.common.base.Function                                                 : loaded 2 times (x 68B)
Class com.google.common.collect.Iterators$9                                           : loaded 2 times (x 79B)
Class org.gradle.internal.IoActions                                                   : loaded 2 times (x 69B)
Class com.google.common.collect.RegularImmutableMap$KeySet                            : loaded 2 times (x 148B)
Class com.google.common.collect.CollectPreconditions                                  : loaded 2 times (x 69B)
Class com.google.common.collect.Maps                                                  : loaded 2 times (x 69B)
Class com.google.common.collect.RegularImmutableMap                                   : loaded 2 times (x 119B)
Class com.google.common.collect.AbstractIndexedListIterator                           : loaded 2 times (x 94B)
Class com.google.common.base.CharMatcher$None                                         : loaded 2 times (x 110B)
Class org.gradle.api.internal.classpath.EffectiveClassPath                            : loaded 2 times (x 88B)
Class com.google.common.collect.UnmodifiableListIterator                              : loaded 2 times (x 93B)
Class kotlin.jvm.internal.DefaultConstructorMarker                                    : loaded 2 times (x 69B)
Class com.google.common.collect.ImmutableList$1                                       : loaded 2 times (x 95B)
Class com.google.common.base.Splitter$Strategy                                        : loaded 2 times (x 68B)
Class com.google.common.collect.ImmutableMapEntrySet$RegularEntrySet                  : loaded 2 times (x 149B)
Class [Lcom.google.common.collect.ImmutableMapEntry;                                  : loaded 2 times (x 67B)
Class org.jetbrains.kotlin.idea.gradleTooling.model.annotation.AnnotationBasedPluginModel: loaded 2 times (x 68B)
Class org.jetbrains.kotlin.idea.gradleTooling.model.assignment.AssignmentModel        : loaded 2 times (x 68B)
Class org.gradle.internal.installation.CurrentGradleInstallation                      : loaded 2 times (x 71B)
Class org.gradle.internal.agents.InstrumentingClassLoader                             : loaded 2 times (x 68B)
Class org.gradle.internal.installation.CurrentGradleInstallationLocator               : loaded 2 times (x 69B)
Class org.gradle.api.internal.classpath.Module                                        : loaded 2 times (x 68B)
Class com.google.common.base.Splitter$1$1                                             : loaded 2 times (x 84B)
Class com.google.common.collect.ImmutableSet$JdkBackedSetBuilderImpl                  : loaded 2 times (x 74B)
Class com.google.common.collect.ImmutableSet$RegularSetBuilderImpl                    : loaded 2 times (x 75B)
Class org.gradle.internal.service.CachingServiceLocator                               : loaded 2 times (x 80B)
Class org.gradle.internal.time.Timer                                                  : loaded 2 times (x 68B)
Class [Lcom.google.common.collect.ImmutableEntry;                                     : loaded 2 times (x 67B)
Class org.jetbrains.plugins.gradle.model.tests.ExternalTestsModel                     : loaded 2 times (x 68B)
Class org.jetbrains.kotlin.idea.gradleTooling.KotlinDslScriptAdditionalTask           : loaded 2 times (x 68B)
Class org.gradle.internal.classpath.DefaultClassPath                                  : loaded 2 times (x 88B)
Class sync_studio_tooling2037_e41gd47qvdh8201naj4zq5q6m                               : loaded 2 times (x 177B)
Class sync_studio_tooling2037_e41gd47qvdh8201naj4zq5q6m$_run_closure1                 : loaded 2 times (x 137B)
Class com.google.common.base.Splitter$SplittingIterator                               : loaded 2 times (x 82B)
Class com.intellij.openapi.externalSystem.model.project.dependencies.ProjectDependencies: loaded 2 times (x 68B)
Class Build_gradle$1                                                                  : loaded 2 times (x 76B)
Class org.jetbrains.kotlin.idea.gradleTooling.PrepareKotlinIdeImportTaskModel         : loaded 2 times (x 68B)
Class org.gradle.internal.impldep.com.google.common.base.Preconditions                : loaded 2 times (x 69B)
Class kotlin.jvm.functions.Function1                                                  : loaded 2 times (x 68B)
Class com.google.common.base.CharMatcher$Is                                           : loaded 2 times (x 109B)
Class com.google.common.base.Platform                                                 : loaded 2 times (x 69B)
Class com.google.common.collect.RegularImmutableAsList                                : loaded 2 times (x 176B)
Class com.google.common.collect.PeekingIterator                                       : loaded 2 times (x 68B)
Class org.gradle.internal.time.Time                                                   : loaded 2 times (x 69B)
Class org.gradle.internal.time.TimeSource$1                                           : loaded 2 times (x 75B)
Class com.google.common.collect.ImmutableMapEntrySet                                  : loaded 2 times (x 149B)
Class com.google.common.collect.ImmutableBiMapFauxverideShim                          : loaded 2 times (x 118B)
Class org.gradle.internal.classloader.SystemClassLoaderSpec                           : loaded 2 times (x 69B)
Class com.google.common.collect.SingletonImmutableSet                                 : loaded 2 times (x 144B)
Class [Lcom.google.common.base.AbstractIterator$State;                                : loaded 2 times (x 67B)
Class com.google.common.collect.ImmutableMap$Builder                                  : loaded 2 times (x 80B)
Class com.google.common.base.AbstractIterator                                         : loaded 2 times (x 78B)
Class com.google.common.base.AbstractIterator$1                                       : loaded 2 times (x 69B)
Class kotlin.Function                                                                 : loaded 2 times (x 68B)
Class com.google.common.collect.Iterators                                             : loaded 2 times (x 69B)
Class com.google.common.base.CharMatcher$1                                            : loaded 2 times (x 111B)
Class com.google.common.base.CharMatcher$Ascii                                        : loaded 2 times (x 110B)
Class org.gradle.api.UncheckedIOException                                             : loaded 2 times (x 80B)
Class com.google.common.base.CharMatcher$And                                          : loaded 2 times (x 110B)
Class com.google.common.collect.IndexedImmutableSet                                   : loaded 2 times (x 148B)
Class com.google.common.collect.AbstractListMultimap                                  : loaded 2 times (x 170B)
Class com.google.common.base.CharMatcher$Any                                          : loaded 2 times (x 110B)
Class com.google.common.collect.ImmutableEnumMap                                      : loaded 2 times (x 123B)
Class com.google.common.collect.ArrayListMultimapGwtSerializationDependencies         : loaded 2 times (x 170B)
Class com.google.common.base.CharMatcher$RangesMatcher                                : loaded 2 times (x 110B)
Class org.gradle.tooling.internal.gradle.GradleProjectIdentity                        : loaded 2 times (x 68B)
Class com.google.common.collect.ImmutableList$SubList                                 : loaded 2 times (x 168B)
Class org.gradle.internal.time.CountdownTimer                                         : loaded 2 times (x 68B)
Class org.gradle.internal.time.Clock                                                  : loaded 2 times (x 68B)
Class org.gradle.internal.classloader.ClasspathUtil                                   : loaded 2 times (x 69B)
Class org.gradle.tooling.model.BuildIdentifier                                        : loaded 2 times (x 68B)
Class com.google.common.base.Splitter$1                                               : loaded 2 times (x 75B)
Class com.google.common.collect.Maps$BiMapConverter                                   : loaded 2 times (x 88B)
Class org.gradle.api.internal.DefaultClassPathRegistry                                : loaded 2 times (x 74B)
Class com.google.common.collect.ImmutableSet$SetBuilderImpl                           : loaded 2 times (x 74B)
Class org.gradle.api.internal.classpath.DefaultModuleRegistry$DefaultModule           : loaded 2 times (x 84B)
Class com.google.common.base.CharMatcher$JavaIsoControl                               : loaded 2 times (x 110B)
Class com.google.common.collect.ImmutableMap$1                                        : loaded 2 times (x 79B)
Class com.google.common.base.CharMatcher$Or                                           : loaded 2 times (x 110B)
Class org.gradle.kotlin.dsl.VersionCatalogAccessorsKt                                 : loaded 2 times (x 69B)
Class org.gradle.internal.time.TimeSource                                             : loaded 2 times (x 68B)
Class com.google.common.collect.Iterables                                             : loaded 2 times (x 69B)
Class org.jetbrains.kotlin.android.synthetic.idea.AndroidExtensionsGradleModel        : loaded 2 times (x 68B)
Class com.google.common.base.CharMatcher$JavaLowerCase                                : loaded 2 times (x 109B)
Class org.gradle.api.internal.classpath.UnknownModuleException                        : loaded 2 times (x 80B)
Class com.google.common.collect.Maps$EntryTransformer                                 : loaded 2 times (x 68B)
Class com.google.common.collect.ImmutableCollection$Builder                           : loaded 2 times (x 74B)
Class com.google.common.base.CommonPattern                                            : loaded 2 times (x 72B)
Class org.jetbrains.plugins.gradle.model.IntelliJProjectSettings                      : loaded 2 times (x 68B)
Class org.gradle.internal.service.ServiceLookupException                              : loaded 2 times (x 80B)
Class org.gradle.cache.GlobalCache                                                    : loaded 2 times (x 68B)
Class org.jetbrains.kotlin.idea.gradleTooling.model.lombok.LombokModel                : loaded 2 times (x 68B)
Class org.gradle.tooling.model.ProjectIdentifier                                      : loaded 2 times (x 68B)
Class com.google.common.base.CharMatcher$NegatedFastMatcher                           : loaded 2 times (x 111B)
Class [Lorg.gradle.api.internal.ClassPathProvider;                                    : loaded 2 times (x 67B)
Class org.gradle.internal.operations.MultipleBuildOperationFailures                   : loaded 2 times (x 89B)
Class org.gradle.util.internal.GUtil                                                  : loaded 2 times (x 69B)
Class org.jetbrains.plugins.gradle.model.AnnotationProcessingModel                    : loaded 2 times (x 68B)
Class com.google.common.math.IntMath                                                  : loaded 2 times (x 69B)
Class com.google.common.collect.AbstractIterator                                      : loaded 2 times (x 80B)
Class org.gradle.internal.classloader.ClassLoaderSpec                                 : loaded 2 times (x 69B)
Class com.google.common.base.NullnessCasts                                            : loaded 2 times (x 69B)
Class com.google.common.collect.AbstractMapEntry                                      : loaded 2 times (x 79B)
Class com.google.common.base.CharMatcher$Negated                                      : loaded 2 times (x 111B)
Class org.jetbrains.plugins.gradle.model.BuildScriptClasspathModel                    : loaded 2 times (x 68B)
Class com.google.common.collect.ImmutableSet$Builder                                  : loaded 2 times (x 83B)
Class com.google.common.base.CharMatcher$ForPredicate                                 : loaded 2 times (x 110B)
Class com.google.common.collect.ImmutableMap$MapViewOfValuesAsSingletonSets           : loaded 2 times (x 123B)
Class com.google.common.collect.SortedMapDifference                                   : loaded 2 times (x 68B)
Class org.gradle.internal.classloader.VisitableURLClassLoader                         : loaded 2 times (x 115B)
Class com.google.common.collect.ImmutableBiMap                                        : loaded 2 times (x 141B)
Class org.gradle.internal.installation.GradleInstallation                             : loaded 2 times (x 73B)
Class Build_gradle                                                                    : loaded 2 times (x 70B)
Class org.gradle.api.internal.ClassPathRegistry                                       : loaded 2 times (x 68B)
Class com.google.common.collect.ImmutableSet                                          : loaded 2 times (x 143B)
Class org.gradle.internal.classloader.VisitableURLClassLoader$InstrumentingVisitableURLClassLoader: loaded 2 times (x 121B)
Class org.gradle.internal.classloader.ClassLoaderHierarchy                            : loaded 2 times (x 68B)
Class org.gradle.internal.exceptions.MultiCauseException                              : loaded 2 times (x 68B)
Class org.jetbrains.kotlin.idea.gradleTooling.model.parcelize.ParcelizeGradleModel    : loaded 2 times (x 68B)
Class com.google.common.base.AbstractIterator$State                                   : loaded 2 times (x 77B)
Class com.google.common.base.CharMatcher$NamedFastMatcher                             : loaded 2 times (x 110B)
Class org.gradle.internal.InternalTransformer                                         : loaded 2 times (x 68B)
Class org.jetbrains.kotlin.idea.gradleTooling.model.noarg.NoArgModel                  : loaded 2 times (x 68B)
Class org.jetbrains.kotlin.idea.gradleTooling.KotlinGradleModel                       : loaded 2 times (x 68B)
Class org.gradle.tooling.internal.gradle.DefaultBuildIdentifier                       : loaded 2 times (x 77B)
Class org.gradle.internal.service.ServiceLocator                                      : loaded 2 times (x 68B)
Class Settings_gradle$1                                                               : loaded 2 times (x 72B)
Class com.google.common.collect.ImmutableMapEntry                                     : loaded 2 times (x 83B)
Class org.jetbrains.kotlin.idea.gradleTooling.model.allopen.AllOpenModel              : loaded 2 times (x 68B)
Class com.google.common.base.CharMatcher$Invisible                                    : loaded 2 times (x 110B)
Class com.google.common.base.CharMatcher$FastMatcher                                  : loaded 2 times (x 109B)
Class org.gradle.internal.classpath.DefaultClassPath$ImmutableUniqueList              : loaded 2 times (x 159B)
Class org.gradle.internal.time.DefaultTimer                                           : loaded 2 times (x 78B)
Class com.google.common.base.CharMatcher$JavaLetter                                   : loaded 2 times (x 109B)
Class org.gradle.internal.classpath.TransformedClassPath                              : loaded 2 times (x 94B)
Class com.google.common.collect.MapDifference                                         : loaded 2 times (x 68B)
Class Settings_gradle                                                                 : loaded 2 times (x 126B)
Class com.google.common.collect.Platform                                              : loaded 2 times (x 69B)
Class com.google.common.collect.ImmutableAsList                                       : loaded 2 times (x 169B)
Class com.google.common.base.CharMatcher$AnyOf                                        : loaded 2 times (x 110B)
Class com.google.common.base.CharMatcher$IsEither                                     : loaded 2 times (x 109B)
Class com.google.common.collect.RegularImmutableList                                  : loaded 2 times (x 172B)
Class com.google.common.base.CharMatcher$JavaUpperCase                                : loaded 2 times (x 109B)
Class com.google.common.collect.Multiset                                              : loaded 2 times (x 68B)
Class com.google.common.collect.ImmutableSet$CachingAsList                            : loaded 2 times (x 145B)
Class com.google.common.collect.ImmutableMapEntry$NonTerminalImmutableMapEntry        : loaded 2 times (x 83B)
Class com.google.common.collect.AbstractMapBasedMultimap                              : loaded 2 times (x 137B)


---------------  S Y S T E M  ---------------

OS:
 Windows 10 , 64 bit Build 19041 (10.0.19041.3636)
OS uptime: 0 days 17:20 hours

CPU: total 4 (initial active 4) (2 cores per cpu, 2 threads per core) family 6 model 78 stepping 3 microcode 0xf0, cx8, cmov, fxsr, ht, mmx, 3dnowpref, sse, sse2, sse3, ssse3, sse4.1, sse4.2, popcnt, lzcnt, tsc, tscinvbit, avx, avx2, aes, erms, clmul, bmi1, bmi2, adx, fma, vzeroupper, clflush, clflushopt
Processor Information for processor 0
  Max Mhz: 2400, Current Mhz: 2300, Mhz Limit: 2280
Processor Information for processor 1
  Max Mhz: 2400, Current Mhz: 2300, Mhz Limit: 2280
Processor Information for processor 2
  Max Mhz: 2400, Current Mhz: 1500, Mhz Limit: 2280
Processor Information for processor 3
  Max Mhz: 2400, Current Mhz: 2300, Mhz Limit: 2280

Memory: 4k page, system-wide physical 8083M (432M free)
TotalPageFile size 8083M (AvailPageFile size 5M)
current process WorkingSet (physical memory assigned to process): 329M, peak: 329M
current process commit charge ("private bytes"): 365M, peak: 367M

vm_info: OpenJDK 64-Bit Server VM (17.0.10+0--11572160) for windows-amd64 JRE (17.0.10+0--11572160), built on Mar 13 2024 23:56:38 by "androidbuild" with MS VC++ 16.10 / 16.11 (VS2019)

END.
